Change Component DesignItemId : Designator=J1 Old DesignItemId= New DesignItemId=D Connector 9
Change Component DesignItemId : Designator=J2 Old DesignItemId= New DesignItemId=D Connector 9
Change Component Comment : Designator=J1 Old Comment=Comment New Comment=D Connector 9
Change Component Comment : Designator=J2 Old Comment=Comment New Comment=D Connector 9
Change Component Description : Designator=J1 Old Description= New Description=Receptacle Assembly, 9 Position, Right Angle
Change Component Description : Designator=J2 Old Description= New Description=Receptacle Assembly, 9 Position, Right Angle
Change Component Library : Designator=J1 Old Library= New Library=Miscellaneous Connectors.IntLib
Change Component Library : Designator=J2 Old Library= New Library=Miscellaneous Connectors.IntLib
Added Pin To Net: NetName=3V3_BATT Pin=J1-1
Added Net: Name=3V3_BATT
Added Pin To Net: NetName=GND_TELEM_BATT Pin=J1-2
Added Net: Name=GND_TELEM_BATT
Added Pin To Net: NetName=GND Pin=J1-7
Added Pin To Net: NetName=GND Pin=J1-8
Added Net: Name=GND
Added Pin To Net: NetName=SCL_TELEM_BATT Pin=J2-5
Added Net: Name=SCL_TELEM_BATT
Added Pin To Net: NetName=SDA_TELEM_BATT Pin=J2-9
Added Net: Name=SDA_TELEM_BATT
Added Pin To Net: NetName=VBATT Pin=J1-6
Added Pin To Net: NetName=VBATT Pin=J1-9
Added Net: Name=VBATT
Added Class: Name=Tray3
