Added Component: Designator=C1(0805 Cap)
Added Component: Designator=C2(0805 Cap)
Added Component: Designator=C3(0805 Cap)
Added Component: Designator=C4(0805 Cap)
Added Component: Designator=C5(0805 Cap)
Added Component: Designator=C6(0805 Cap)
Added Component: Designator=C6(0805 Cap)
Added Component: Designator=C7(0805 Cap)
Added Component: Designator=C8(0805 Cap)
Added Component: Designator=D1(NXP-SOT323-3_L)
Added Component: Designator=JP1(SOLDER_JUMPER_3_A)
Added Component: Designator=JP2(SOLDER_JUMPER_3_A)
Added Component: Designator=P1(HDR1X2)
Added Component: Designator=Q1(DMP2004KDITR-ND)
Added Component: Designator=R1(0805 Resistor)
Added Component: Designator=R2(0805 Resistor)
Added Component: Designator=R3(0805 Resistor)
Added Component: Designator=R4(0805 Resistor)
Added Component: Designator=R5(0805 Resistor)
Added Component: Designator=R6(0805 Resistor)
Added Component: Designator=R7(0805 Resistor)
Added Component: Designator=R8(0805 Resistor)
Added Component: Designator=R9(0805 Resistor)
Added Component: Designator=R10(0805 Resistor)
Added Component: Designator=R11(0805 Resistor)
Added Component: Designator=R12(0805 Resistor)
Added Component: Designator=R13(0805 Resistor)
Added Component: Designator=R14(0805 Resistor)
Added Component: Designator=R15(0805 Resistor)
Added Component: Designator=R16(0805 Resistor)
Added Component: Designator=R17(0805 Resistor)
Added Component: Designator=R18(0805 Resistor)
Added Component: Designator=R19(0805 Resistor)
Added Component: Designator=R20(0805 Resistor)
Added Component: Designator=R21(0805 Resistor)
Added Component: Designator=R22(0805 Resistor)
Added Component: Designator=R23(0805 Resistor)
Added Component: Designator=R24(0805 Resistor)
Added Component: Designator=R25(0805 Resistor)
Added Component: Designator=R26(0805 Resistor)
Added Component: Designator=U1(DS2482-100)
Added Component: Designator=U2(DS18S20)
Added Component: Designator=U3(SOIC8 - LT1120A)
Added Component: Designator=U4(SOIC8 - LT1120A)
Added Component: Designator=U5(M14A_L)
Added Pin To Net: NetName=GND Pin=C1-1
Added Pin To Net: NetName=3V3_TELEM_RX Pin=C1-2
Added Pin To Net: NetName=GND Pin=C2-1
Added Pin To Net: NetName=8V0_RX2 Pin=C2-2
Added Pin To Net: NetName=NetC3_1 Pin=C3-1
Added Pin To Net: NetName=8V0_RX2 Pin=C3-2
Added Pin To Net: NetName=NetC4_1 Pin=C4-1
Added Pin To Net: NetName=8V0_RX1 Pin=C4-2
Added Pin To Net: NetName=GND Pin=C5-1
Added Pin To Net: NetName=8V0_RX1 Pin=C5-2
Added Pin To Net: NetName=GND Pin=C6-1
Added Pin To Net: NetName=GND Pin=C6-1
Added Pin To Net: NetName=NetC6_2 Pin=C6-2
Added Pin To Net: NetName=NetC7_1 Pin=C7-1
Added Pin To Net: NetName=AF_RX1 Pin=C7-2
Added Pin To Net: NetName=NetC8_1 Pin=C8-1
Added Pin To Net: NetName=AF_RX2 Pin=C8-2
Added Pin To Net: NetName=9V1_RX1 Pin=D1-1
Added Pin To Net: NetName=9V1_RX2 Pin=D1-2
Added Pin To Net: NetName=VCC_OP Pin=D1-3
Added Pin To Net: NetName=3V3_TELEM_RX Pin=JP1-1
Added Pin To Net: NetName=NetJP1_2 Pin=JP1-2
Added Pin To Net: NetName=GND Pin=JP1-3
Added Pin To Net: NetName=3V3_TELEM_RX Pin=JP2-1
Added Pin To Net: NetName=NetJP2_2 Pin=JP2-2
Added Pin To Net: NetName=GND Pin=JP2-3
Added Pin To Net: NetName=GND Pin=P1-1
Added Pin To Net: NetName=ONEWIRE Pin=P1-2
Added Pin To Net: NetName=ONEWIRE Pin=Q1-1
Added Pin To Net: NetName=NetQ1_2 Pin=Q1-2
Added Pin To Net: NetName=NetQ1_3 Pin=Q1-3
Added Pin To Net: NetName=SDA_TELEM_RX Pin=R1-1
Added Pin To Net: NetName=3V3_TELEM_RX Pin=R1-2
Added Pin To Net: NetName=SCL_TELEM_RX Pin=R2-1
Added Pin To Net: NetName=3V3_TELEM_RX Pin=R2-2
Added Pin To Net: NetName=NetQ1_2 Pin=R3-1
Added Pin To Net: NetName=3V3_TELEM_RX Pin=R3-2
Added Pin To Net: NetName=ONEWIRE Pin=R4-1
Added Pin To Net: NetName=3V3_TELEM_RX Pin=R4-2
Added Pin To Net: NetName=NetR5_1 Pin=R5-1
Added Pin To Net: NetName=GND Pin=R5-2
Added Pin To Net: NetName=NetC3_1 Pin=R6-1
Added Pin To Net: NetName=8V0_RX2 Pin=R6-2
Added Pin To Net: NetName=GND Pin=R7-1
Added Pin To Net: NetName=NetR7_2 Pin=R7-2
Added Pin To Net: NetName=GND Pin=R8-1
Added Pin To Net: NetName=NetC3_1 Pin=R8-2
Added Pin To Net: NetName=NetR9_1 Pin=R9-1
Added Pin To Net: NetName=GND Pin=R9-2
Added Pin To Net: NetName=NetC4_1 Pin=R10-1
Added Pin To Net: NetName=8V0_RX1 Pin=R10-2
Added Pin To Net: NetName=GND Pin=R11-1
Added Pin To Net: NetName=NetR11_2 Pin=R11-2
Added Pin To Net: NetName=GND Pin=R12-1
Added Pin To Net: NetName=NetC4_1 Pin=R12-2
Added Pin To Net: NetName=NetC7_1 Pin=R13-1
Added Pin To Net: NetName=NetR13_2 Pin=R13-2
Added Pin To Net: NetName=NetC6_2 Pin=R14-1
Added Pin To Net: NetName=VCC_OP Pin=R14-2
Added Pin To Net: NetName=VCC_OP Pin=R15-2
Added Pin To Net: NetName=NetR13_2 Pin=R16-1
Added Pin To Net: NetName=AF_RX1_IN Pin=R16-2
Added Pin To Net: NetName=GND Pin=R17-1
Added Pin To Net: NetName=NetC6_2 Pin=R17-2
Added Pin To Net: NetName=GND Pin=R18-1
Added Pin To Net: NetName=VGND_OUT Pin=R19-1
Added Pin To Net: NetName=AF_RX1 Pin=R19-2
Added Pin To Net: NetName=NetC8_1 Pin=R20-1
Added Pin To Net: NetName=NetR20_2 Pin=R20-2
Added Pin To Net: NetName=COS_RX2 Pin=R21-1
Added Pin To Net: NetName=COS_RX2_IN Pin=R21-2
Added Pin To Net: NetName=COS_RX1 Pin=R22-1
Added Pin To Net: NetName=COS_RX1_IN Pin=R22-2
Added Pin To Net: NetName=NetR20_2 Pin=R23-1
Added Pin To Net: NetName=AF_RX2_IN Pin=R23-2
Added Pin To Net: NetName=GND Pin=R24-1
Added Pin To Net: NetName=COS_RX2 Pin=R24-2
Added Pin To Net: NetName=GND Pin=R25-1
Added Pin To Net: NetName=COS_RX1 Pin=R25-2
Added Pin To Net: NetName=VGND_OUT Pin=R26-1
Added Pin To Net: NetName=AF_RX2 Pin=R26-2
Added Pin To Net: NetName=3V3_TELEM_RX Pin=U1-1
Added Pin To Net: NetName=ONEWIRE Pin=U1-2
Added Pin To Net: NetName=GND Pin=U1-3
Added Pin To Net: NetName=SCL_TELEM_RX Pin=U1-4
Added Pin To Net: NetName=SDA_TELEM_RX Pin=U1-5
Added Pin To Net: NetName=NetQ1_3 Pin=U1-6
Added Pin To Net: NetName=NetJP2_2 Pin=U1-7
Added Pin To Net: NetName=NetJP1_2 Pin=U1-8
Added Pin To Net: NetName=GND Pin=U2-3
Added Pin To Net: NetName=ONEWIRE Pin=U2-4
Added Pin To Net: NetName=GND Pin=U2-5
Added Pin To Net: NetName=GND Pin=U3-1
Added Pin To Net: NetName=NetC3_1 Pin=U3-2
Added Pin To Net: NetName=NetR5_1 Pin=U3-3
Added Pin To Net: NetName=8V0_RX2 Pin=U3-4
Added Pin To Net: NetName=9V1_RX2 Pin=U3-5
Added Pin To Net: NetName=GND Pin=U3-7
Added Pin To Net: NetName=NetR7_2 Pin=U3-8
Added Pin To Net: NetName=GND Pin=U4-1
Added Pin To Net: NetName=NetC4_1 Pin=U4-2
Added Pin To Net: NetName=NetR9_1 Pin=U4-3
Added Pin To Net: NetName=8V0_RX1 Pin=U4-4
Added Pin To Net: NetName=9V1_RX1 Pin=U4-5
Added Pin To Net: NetName=GND Pin=U4-7
Added Pin To Net: NetName=NetR11_2 Pin=U4-8
Added Pin To Net: NetName=VGND Pin=U5-1
Added Pin To Net: NetName=VGND Pin=U5-2
Added Pin To Net: NetName=NetC6_2 Pin=U5-3
Added Pin To Net: NetName=VCC_OP Pin=U5-4
Added Pin To Net: NetName=VGND_OUT Pin=U5-6
Added Pin To Net: NetName=VGND_OUT Pin=U5-7
Added Pin To Net: NetName=NetC7_1 Pin=U5-8
Added Pin To Net: NetName=NetR13_2 Pin=U5-9
Added Pin To Net: NetName=VGND Pin=U5-10
Added Pin To Net: NetName=GND Pin=U5-11
Added Pin To Net: NetName=VGND Pin=U5-12
Added Pin To Net: NetName=NetR20_2 Pin=U5-13
Added Pin To Net: NetName=NetC8_1 Pin=U5-14
Added Member To Class: ClassName=Designator Member=Component C1 0805 Cap
Added Member To Class: ClassName=Tray5 Member=Component C2 0805 Cap
Added Member To Class: ClassName=Tray5 Member=Component C3 0805 Cap
Added Member To Class: ClassName=Tray5 Member=Component C4 0805 Cap
Added Member To Class: ClassName=Tray5 Member=Component C5 0805 Cap
Added Member To Class: ClassName=Tray5 Member=Component C6 0805 Cap
Added Member To Class: ClassName=Tray5 Member=Component C7 0805 Cap
Added Member To Class: ClassName=Tray5 Member=Component C8 0805 Cap
Added Member To Class: ClassName=Tray5 Member=Component D1 BAT54CW
Added Member To Class: ClassName=Designator Member=Component JP1 Jumper Select
Added Member To Class: ClassName=Designator Member=Component JP2 Jumper Select
Added Member To Class: ClassName=Designator Member=Component P1 Header 2
Added Member To Class: ClassName=Designator Member=Component Q1 DMP2004K
Added Member To Class: ClassName=Designator Member=Component R1 0805 Resistor
Added Member To Class: ClassName=Designator Member=Component R2 0805 Resistor
Added Member To Class: ClassName=Designator Member=Component R3 0603 Resistor
Added Member To Class: ClassName=Designator Member=Component R4 0603 Resistor
Added Member To Class: ClassName=Tray5 Member=Component R5 0805 Resistor
Added Member To Class: ClassName=Tray5 Member=Component R6 0805 Resistor
Added Member To Class: ClassName=Tray5 Member=Component R7 0805 Resistor
Added Member To Class: ClassName=Tray5 Member=Component R8 0805 Resistor
Added Member To Class: ClassName=Tray5 Member=Component R9 0805 Resistor
Added Member To Class: ClassName=Tray5 Member=Component R10 0805 Resistor
Added Member To Class: ClassName=Tray5 Member=Component R11 0805 Resistor
Added Member To Class: ClassName=Tray5 Member=Component R12 0805 Resistor
Added Member To Class: ClassName=Tray5 Member=Component R13 0805 Resistor
Added Member To Class: ClassName=Tray5 Member=Component R14 0805 Resistor
Added Member To Class: ClassName=Tray5 Member=Component R15 0805 Resistor
Added Member To Class: ClassName=Tray5 Member=Component R16 0805 Resistor
Added Member To Class: ClassName=Tray5 Member=Component R17 0805 Resistor
Added Member To Class: ClassName=Tray5 Member=Component R18 0805 Resistor
Added Member To Class: ClassName=Tray5 Member=Component R19 0805 Resistor
Added Member To Class: ClassName=Tray5 Member=Component R20 0805 Resistor
Added Member To Class: ClassName=Tray5 Member=Component R21 0805 Resistor
Added Member To Class: ClassName=Tray5 Member=Component R22 0805 Resistor
Added Member To Class: ClassName=Tray5 Member=Component R23 0805 Resistor
Added Member To Class: ClassName=Tray5 Member=Component R24 0805 Resistor
Added Member To Class: ClassName=Tray5 Member=Component R25 0805 Resistor
Added Member To Class: ClassName=Tray5 Member=Component R26 0805 Resistor
Added Member To Class: ClassName=Designator Member=Component U1 DS24820Z+_ND
Added Member To Class: ClassName=Designator Member=Component U2 TO-92
Added Member To Class: ClassName=Tray5 Member=Component U3 LT1120A
Added Member To Class: ClassName=Tray5 Member=Component U4 LT1120A
Added Member To Class: ClassName=Tray5 Member=Component U5 LM6134AIM/NOPB
Added Room: Name=Designator
Added Room: Name=Designator
Added Room: Name=TRAY5
