Removed Pin From Net: NetName=VGND_OUT Pin=R?-1
Removed Pin From Net: NetName=VCC_OP Pin=R?-2
Removed Pin From Net: NetName=VGND Pin=U?-5
Removed Pin From Net: NetName=NetR?_1 Pin=U?-6
Removed Pin From Net: NetName=NetC8_1 Pin=U?-7
Removed Pin From Net: NetName=VGND Pin=U?-8
Removed Pin From Net: NetName=VGND Pin=U?-9
Removed Pin From Net: NetName=NetC6_2 Pin=U?-10
Removed Pin From Net: NetName=VGND_OUT Pin=U?-13
Removed Pin From Net: NetName=VGND_OUT Pin=U?-14
Added Pin To Net: NetName=GND Pin=C6-1
Added Pin To Net: NetName=COS_RX1 Pin=R?-1
Added Pin To Net: NetName=COS_RX2 Pin=R?-1
Added Pin To Net: NetName=GND Pin=R?-1
Added Pin To Net: NetName=GND Pin=R?-1
Added Pin To Net: NetName=GND Pin=R?-1
Added Pin To Net: NetName=GND Pin=R?-1
Added Pin To Net: NetName=NetC6_2 Pin=R?-1
Added Pin To Net: NetName=NetC7_1 Pin=R?-1
Added Pin To Net: NetName=NetC8_1 Pin=R?-1
Added Pin To Net: NetName=NetR?_1 Pin=R?-1
Added Pin To Net: NetName=VGND_OUT Pin=R?-1
Added Pin To Net: NetName=VGND_OUT Pin=R?-1
Added Pin To Net: NetName=AF_RX1_IN Pin=R?-2
Added Pin To Net: NetName=AF_RX1 Pin=R?-2
Added Pin To Net: NetName=AF_RX2_IN Pin=R?-2
Added Pin To Net: NetName=AF_RX2 Pin=R?-2
Added Pin To Net: NetName=COS_RX1_IN Pin=R?-2
Added Pin To Net: NetName=COS_RX1 Pin=R?-2
Added Pin To Net: NetName=COS_RX2_IN Pin=R?-2
Added Pin To Net: NetName=COS_RX2 Pin=R?-2
Added Pin To Net: NetName=NetC6_2 Pin=R?-2
Added Pin To Net: NetName=NetR?_1 Pin=R?-2
Added Pin To Net: NetName=VCC_OP Pin=R?-2
Added Pin To Net: NetName=VCC_OP Pin=R?-2
Added Pin To Net: NetName=VCC_OP Pin=U?-4
Added Pin To Net: NetName=VCC_OP Pin=U?-4
Added Pin To Net: NetName=VCC_OP Pin=U?-4
Added Pin To Net: NetName=VGND Pin=U?-5
Added Pin To Net: NetName=NetR?_1 Pin=U?-6
Added Pin To Net: NetName=NetC8_1 Pin=U?-7
Added Pin To Net: NetName=VGND Pin=U?-8
Added Pin To Net: NetName=VGND Pin=U?-9
Added Pin To Net: NetName=NetC6_2 Pin=U?-10
Added Pin To Net: NetName=GND Pin=U?-11
Added Pin To Net: NetName=GND Pin=U?-11
Added Pin To Net: NetName=GND Pin=U?-11
Added Pin To Net: NetName=VGND_OUT Pin=U?-13
Added Pin To Net: NetName=VGND_OUT Pin=U?-14
