Removed Pin From Net: NetName=VGND_OUT Pin=R?-1
Removed Pin From Net: NetName=VCC_OP Pin=R?-2
Removed Pin From Net: NetName=NetR?_1 Pin=U?-2
Removed Pin From Net: NetName=VGND Pin=U?-5
Removed Pin From Net: NetName=NetC8_1 Pin=U?-7
Removed Pin From Net: NetName=VGND Pin=U?-8
Removed Pin From Net: NetName=VGND Pin=U?-9
Removed Pin From Net: NetName=NetC6_2 Pin=U?-12
Removed Pin From Net: NetName=VGND_OUT Pin=U?-13
Removed Pin From Net: NetName=VGND_OUT Pin=U?-14
Removed Member From Class: ClassName=Designator Member=U2
Added Component: Designator=R3(0805 Resistor)
Added Pin To Net: NetName=GND Pin=C6-1
Added Pin To Net: NetName=NetQ1_2 Pin=R3-1
Added Pin To Net: NetName=3V3_TELEM_RX Pin=R3-2
Added Pin To Net: NetName=COS_RX1 Pin=R?-1
Added Pin To Net: NetName=COS_RX2 Pin=R?-1
Added Pin To Net: NetName=GND Pin=R?-1
Added Pin To Net: NetName=GND Pin=R?-1
Added Pin To Net: NetName=GND Pin=R?-1
Added Pin To Net: NetName=GND Pin=R?-1
Added Pin To Net: NetName=NetC6_2 Pin=R?-1
Added Pin To Net: NetName=NetC7_1 Pin=R?-1
Added Pin To Net: NetName=NetC8_1 Pin=R?-1
Added Pin To Net: NetName=NetR?_1 Pin=R?-1
Added Pin To Net: NetName=VGND_OUT Pin=R?-1
Added Pin To Net: NetName=VGND_OUT Pin=R?-1
Added Pin To Net: NetName=AF_RX1_IN Pin=R?-2
Added Pin To Net: NetName=AF_RX1 Pin=R?-2
Added Pin To Net: NetName=AF_RX2_IN Pin=R?-2
Added Pin To Net: NetName=AF_RX2 Pin=R?-2
Added Pin To Net: NetName=COS_RX1_IN Pin=R?-2
Added Pin To Net: NetName=COS_RX1 Pin=R?-2
Added Pin To Net: NetName=COS_RX2_IN Pin=R?-2
Added Pin To Net: NetName=COS_RX2 Pin=R?-2
Added Pin To Net: NetName=NetC6_2 Pin=R?-2
Added Pin To Net: NetName=NetR?_1 Pin=R?-2
Added Pin To Net: NetName=VCC_OP Pin=R?-2
Added Pin To Net: NetName=VCC_OP Pin=R?-2
Added Pin To Net: NetName=VCC_OP Pin=U?-4
Added Pin To Net: NetName=VCC_OP Pin=U?-4
Added Pin To Net: NetName=VCC_OP Pin=U?-4
Added Pin To Net: NetName=VGND Pin=U?-5
Added Pin To Net: NetName=NetR?_1 Pin=U?-6
Added Pin To Net: NetName=NetC8_1 Pin=U?-7
Added Pin To Net: NetName=VGND Pin=U?-8
Added Pin To Net: NetName=VGND Pin=U?-9
Added Pin To Net: NetName=NetC6_2 Pin=U?-10
Added Pin To Net: NetName=GND Pin=U?-11
Added Pin To Net: NetName=GND Pin=U?-11
Added Pin To Net: NetName=GND Pin=U?-11
Added Pin To Net: NetName=VGND_OUT Pin=U?-13
Added Pin To Net: NetName=VGND_OUT Pin=U?-14
Added Member To Class: ClassName=Designator Member=Component R3 0603 Resistor
Change Room Name: Old Name=Designator_1 New Name=Designator
