Added Component: Designator=BT1(CR2032 CLIP)
Added Component: Designator=C1(RB7.6-15)
Added Component: Designator=C2(RAD-0.3)
Added Component: Designator=D1(LED)
Added Component: Designator=D2(LED)
Added Component: Designator=D3(LED)
Added Component: Designator=D4(LED)
Added Component: Designator=D5(LED)
Added Component: Designator=D6(LED)
Added Component: Designator=D7(LED)
Added Component: Designator=Q1(PNP)
Added Component: Designator=Q2(PNP)
Added Component: Designator=Q3(NPN)
Added Component: Designator=Q4(NPN)
Added Component: Designator=Q5(NPN)
Added Component: Designator=R1(AXIAL-0.5)
Added Component: Designator=R2(AXIAL-0.5)
Added Component: Designator=R3(AXIAL-0.5)
Added Component: Designator=R4(AXIAL-0.5)
Added Component: Designator=R5(AXIAL-0.5)
Added Component: Designator=R6(AXIAL-0.5)
Added Component: Designator=R7(AXIAL-0.5)
Added Component: Designator=R8(AXIAL-0.5)
Added Component: Designator=R9(AXIAL-0.5)
Added Component: Designator=R10(AXIAL-0.5)
Added Component: Designator=R11(AXIAL-0.5)
Added Component: Designator=T1(PCBComponent_1)
Added Component: Designator=U1(555)
Added Component: Designator=U2(CD4017)
Added Pin To Net: NetName=VCC Pin=BT1-1
Added Pin To Net: NetName=VCC Pin=BT1-1
Added Pin To Net: NetName=GND Pin=BT1-2
Added Pin To Net: NetName=VCC Pin=C1-1
Added Pin To Net: NetName=NetC1_2 Pin=C1-2
Added Pin To Net: NetName=GND Pin=C2-1
Added Pin To Net: NetName=NetC2_2 Pin=C2-2
Added Pin To Net: NetName=VCC Pin=Q1-1
Added Pin To Net: NetName=NetQ1_2 Pin=Q1-2
Added Pin To Net: NetName=NetQ1_3 Pin=Q1-3
Added Pin To Net: NetName=VCC Pin=Q2-1
Added Pin To Net: NetName=GND Pin=Q3-3
Added Pin To Net: NetName=GND Pin=Q4-3
Added Pin To Net: NetName=GND Pin=Q5-3
Added Pin To Net: NetName=NetQ1_2 Pin=R1-1
Added Pin To Net: NetName=VCC Pin=R1-2
Added Pin To Net: NetName=NetC1_2 Pin=R2-1
Added Pin To Net: NetName=NetQ1_2 Pin=R2-2
Added Pin To Net: NetName=NetC2_2 Pin=R3-1
Added Pin To Net: NetName=NetQ1_3 Pin=R3-2
Added Pin To Net: NetName=DICE1 Pin=R4-1
Added Pin To Net: NetName=DICE4 Pin=R5-1
Added Pin To Net: NetName=DICE1 Pin=R6-1
Added Pin To Net: NetName=DICE5 Pin=R7-1
Added Pin To Net: NetName=DICE3 Pin=R8-1
Added Pin To Net: NetName=DICE6 Pin=R9-1
Added Pin To Net: NetName=DICE6 Pin=R10-1
Added Pin To Net: NetName=DICE5 Pin=R11-1
Added Pin To Net: NetName=GND Pin=U1-1
Added Pin To Net: NetName=NetC2_2 Pin=U1-2
Added Pin To Net: NetName=NetU1_3 Pin=U1-3
Added Pin To Net: NetName=VCC Pin=U1-4
Added Pin To Net: NetName=NetC2_2 Pin=U1-6
Added Pin To Net: NetName=NetQ1_3 Pin=U1-7
Added Pin To Net: NetName=VCC Pin=U1-8
Added Pin To Net: NetName=DICE4 Pin=U2-1
Added Pin To Net: NetName=DICE5 Pin=U2-2
Added Pin To Net: NetName=DICE1 Pin=U2-3
Added Pin To Net: NetName=DICE3 Pin=U2-4
Added Pin To Net: NetName=NetU2_5 Pin=U2-5
Added Pin To Net: NetName=DICE2 Pin=U2-7
Added Pin To Net: NetName=GND Pin=U2-8
Added Pin To Net: NetName=DICE6 Pin=U2-10
Added Pin To Net: NetName=GND Pin=U2-13
Added Pin To Net: NetName=NetU1_3 Pin=U2-14
Added Pin To Net: NetName=NetU2_5 Pin=U2-15
Added Pin To Net: NetName=VCC Pin=U2-16
Added Pin To Net: NetName=NetD1_1 Pin=Q2-3
Added Net: Name=NetD1_1
Added Pin To Net: NetName=NetD2_2 Pin=Q3-1
Added Net: Name=NetD2_2
Added Pin To Net: NetName=NetD3_2 Pin=Q4-1
Added Net: Name=NetD3_2
Added Pin To Net: NetName=NetD4_2 Pin=Q5-1
Added Net: Name=NetD4_2
Added Pin To Net: NetName=NetQ2_2 Pin=Q2-2
Added Pin To Net: NetName=NetQ2_2 Pin=R4-2
Added Net: Name=NetQ2_2
Added Pin To Net: NetName=NetQ3_2 Pin=Q3-2
Added Pin To Net: NetName=NetQ3_2 Pin=R5-2
Added Pin To Net: NetName=NetQ3_2 Pin=R7-2
Added Pin To Net: NetName=NetQ3_2 Pin=R9-2
Added Net: Name=NetQ3_2
Added Pin To Net: NetName=NetQ4_2 Pin=Q4-2
Added Pin To Net: NetName=NetQ4_2 Pin=R10-2
Added Net: Name=NetQ4_2
Added Pin To Net: NetName=NetQ5_2 Pin=Q5-2
Added Pin To Net: NetName=NetQ5_2 Pin=R6-2
Added Pin To Net: NetName=NetQ5_2 Pin=R8-2
Added Pin To Net: NetName=NetQ5_2 Pin=R11-2
Added Net: Name=NetQ5_2
Added Member To Class: ClassName=Sheet1 Member=Component BT1 Battery
Added Member To Class: ClassName=Sheet1 Member=Component C1 Cap Pol2
Added Member To Class: ClassName=Sheet1 Member=Component C2 Cap
Added Member To Class: ClassName=Sheet1 Member=Component D1 LED
Added Member To Class: ClassName=Sheet1 Member=Component D2 LED
Added Member To Class: ClassName=Sheet1 Member=Component D3 LED
Added Member To Class: ClassName=Sheet1 Member=Component D4 LED
Added Member To Class: ClassName=Sheet1 Member=Component D5 LED
Added Member To Class: ClassName=Sheet1 Member=Component D6 LED
Added Member To Class: ClassName=Sheet1 Member=Component D7 LED
Added Member To Class: ClassName=Sheet1 Member=Component Q1 BC557
Added Member To Class: ClassName=Sheet1 Member=Component Q2 BC557
Added Member To Class: ClassName=Sheet1 Member=Component Q3 BC547
Added Member To Class: ClassName=Sheet1 Member=Component Q4 BC547
Added Member To Class: ClassName=Sheet1 Member=Component Q5 BC547
Added Member To Class: ClassName=Sheet1 Member=Component R1 Res1
Added Member To Class: ClassName=Sheet1 Member=Component R2 Res1
Added Member To Class: ClassName=Sheet1 Member=Component R3 Res1
Added Member To Class: ClassName=Sheet1 Member=Component R4 Res1
Added Member To Class: ClassName=Sheet1 Member=Component R5 Res1
Added Member To Class: ClassName=Sheet1 Member=Component R6 Res1
Added Member To Class: ClassName=Sheet1 Member=Component R7 Res1
Added Member To Class: ClassName=Sheet1 Member=Component R8 Res1
Added Member To Class: ClassName=Sheet1 Member=Component R9 Res1
Added Member To Class: ClassName=Sheet1 Member=Component R10 Res1
Added Member To Class: ClassName=Sheet1 Member=Component R11 Res1
Added Member To Class: ClassName=Sheet1 Member=Component T1 TOUCH
Added Member To Class: ClassName=Sheet1 Member=Component U1 555
Added Member To Class: ClassName=Sheet1 Member=Component U2 CD4017
Added Room: Name=Sheet1
