Added Component: Designator=C1A(R1210M)
Added Component: Designator=C1B(R1210M)
Added Component: Designator=C1C(R1210M)
Added Component: Designator=C1D(R1210M)
Added Component: Designator=C1E(R1210M)
Added Component: Designator=C2A(R0805M)
Added Component: Designator=C2B(R0805M)
Added Component: Designator=C2C(R0805M)
Added Component: Designator=C2D(R0805M)
Added Component: Designator=C2E(R0805M)
Added Component: Designator=C3A(R0805M)
Added Component: Designator=C3B(R0805M)
Added Component: Designator=C3C(R0805M)
Added Component: Designator=C3D(R0805M)
Added Component: Designator=C3E(R0805M)
Added Component: Designator=C4A(R0805M)
Added Component: Designator=C4B(R0805M)
Added Component: Designator=C4C(R0805M)
Added Component: Designator=C4D(R0805M)
Added Component: Designator=C4E(R0805M)
Added Component: Designator=C5A(R0805M)
Added Component: Designator=C5B(R0805M)
Added Component: Designator=C5C(R0805M)
Added Component: Designator=C5D(R0805M)
Added Component: Designator=C5E(R0805M)
Added Component: Designator=C6A(R0805M)
Added Component: Designator=C6B(R0805M)
Added Component: Designator=C6C(R0805M)
Added Component: Designator=C6D(R0805M)
Added Component: Designator=C6E(R0805M)
Added Component: Designator=C7A(R0805M)
Added Component: Designator=C7B(R0805M)
Added Component: Designator=C7C(R0805M)
Added Component: Designator=C7D(R0805M)
Added Component: Designator=C7E(R0805M)
Added Component: Designator=C8A(R0805M)
Added Component: Designator=C8B(R0805M)
Added Component: Designator=C8C(R0805M)
Added Component: Designator=C8D(R0805M)
Added Component: Designator=C8E(R0805M)
Added Component: Designator=C9A(R1210M)
Added Component: Designator=C9B(R1210M)
Added Component: Designator=C9C(R1210M)
Added Component: Designator=C9D(R1210M)
Added Component: Designator=C9E(R1210M)
Added Component: Designator=C10A(R0805M)
Added Component: Designator=C10B(R0805M)
Added Component: Designator=C10C(R0805M)
Added Component: Designator=C10D(R0805M)
Added Component: Designator=C10E(R0805M)
Added Component: Designator=C11A(R1210M)
Added Component: Designator=C11B(R1210M)
Added Component: Designator=C11C(R1210M)
Added Component: Designator=C11D(R1210M)
Added Component: Designator=C11E(R1210M)
Added Component: Designator=C12A(R0805M)
Added Component: Designator=C12B(R0805M)
Added Component: Designator=C12C(R0805M)
Added Component: Designator=C12D(R0805M)
Added Component: Designator=C12E(R0805M)
Added Component: Designator=C13A(R1210M)
Added Component: Designator=C13B(R1210M)
Added Component: Designator=C13C(R1210M)
Added Component: Designator=C13D(R1210M)
Added Component: Designator=C13E(R1210M)
Added Component: Designator=C14A(R0805M)
Added Component: Designator=C14B(R0805M)
Added Component: Designator=C14C(R0805M)
Added Component: Designator=C14D(R0805M)
Added Component: Designator=C14E(R0805M)
Added Component: Designator=C15A(R0805M)
Added Component: Designator=C15B(R0805M)
Added Component: Designator=C15C(R0805M)
Added Component: Designator=C15D(R0805M)
Added Component: Designator=C15E(R0805M)
Added Component: Designator=C16A(R0805M)
Added Component: Designator=C16B(R0805M)
Added Component: Designator=C16C(R0805M)
Added Component: Designator=C16D(R0805M)
Added Component: Designator=C16E(R0805M)
Added Component: Designator=C17A(R1210M)
Added Component: Designator=C17B(R1210M)
Added Component: Designator=C17C(R1210M)
Added Component: Designator=C17D(R1210M)
Added Component: Designator=C17E(R1210M)
Added Component: Designator=C18A(R0805M)
Added Component: Designator=C18B(R0805M)
Added Component: Designator=C18C(R0805M)
Added Component: Designator=C18D(R0805M)
Added Component: Designator=C18E(R0805M)
Added Component: Designator=C19A(R1210M)
Added Component: Designator=C19B(R1210M)
Added Component: Designator=C19C(R1210M)
Added Component: Designator=C19D(R1210M)
Added Component: Designator=C19E(R1210M)
Added Component: Designator=C20(R0805M)
Added Component: Designator=C21(R0805M)
Added Component: Designator=C22(R0805M)
Added Component: Designator=D1(R0805M)
Added Component: Designator=D2(R0805M)
Added Component: Designator=FB1A(R0805M)
Added Component: Designator=FB1B(R0805M)
Added Component: Designator=FB1C(R0805M)
Added Component: Designator=FB1D(R0805M)
Added Component: Designator=FB1E(R0805M)
Added Component: Designator=FB2A(R0805M)
Added Component: Designator=FB2B(R0805M)
Added Component: Designator=FB2C(R0805M)
Added Component: Designator=FB2D(R0805M)
Added Component: Designator=FB2E(R0805M)
Added Component: Designator=P1(HDR1X2)
Added Component: Designator=P2(HDR1X2)
Added Component: Designator=P3(HDR1X2)
Added Component: Designator=P4(HDR1X2)
Added Component: Designator=P5(HDR1X2)
Added Component: Designator=P6(200MIL TERMINAL)
Added Component: Designator=P7(HDR1X2)
Added Component: Designator=P8(200MIL TERMINAL)
Added Component: Designator=P9(HDR1X3)
Added Component: Designator=P10(HDR1X2)
Added Component: Designator=P11(HDR1X2)
Added Component: Designator=P12(HDR1X2)
Added Component: Designator=P13(HDR1X4)
Added Component: Designator=P14(HDR1X2)
Added Component: Designator=P15(HDR1X2)
Added Component: Designator=P16(HDR1X2)
Added Component: Designator=Q1A(TSSOP8)
Added Component: Designator=Q1B(TSSOP8)
Added Component: Designator=Q1C(TSSOP8)
Added Component: Designator=Q1D(TSSOP8)
Added Component: Designator=Q1E(TSSOP8)
Added Component: Designator=Q2A(TSSOP8)
Added Component: Designator=Q2B(TSSOP8)
Added Component: Designator=Q2C(TSSOP8)
Added Component: Designator=Q2D(TSSOP8)
Added Component: Designator=Q2E(TSSOP8)
Added Component: Designator=R1A(R0805M)
Added Component: Designator=R1B(R0805M)
Added Component: Designator=R1C(R0805M)
Added Component: Designator=R1D(R0805M)
Added Component: Designator=R1E(R0805M)
Added Component: Designator=R2A(R0805M)
Added Component: Designator=R2B(R0805M)
Added Component: Designator=R2C(R0805M)
Added Component: Designator=R2D(R0805M)
Added Component: Designator=R2E(R0805M)
Added Component: Designator=R3A(R0805M)
Added Component: Designator=R3B(R0805M)
Added Component: Designator=R3C(R0805M)
Added Component: Designator=R3D(R0805M)
Added Component: Designator=R3E(R0805M)
Added Component: Designator=R4A(R0805M)
Added Component: Designator=R4B(R0805M)
Added Component: Designator=R4C(R0805M)
Added Component: Designator=R4D(R0805M)
Added Component: Designator=R4E(R0805M)
Added Component: Designator=R5A(R0805M)
Added Component: Designator=R5B(R0805M)
Added Component: Designator=R5C(R0805M)
Added Component: Designator=R5D(R0805M)
Added Component: Designator=R5E(R0805M)
Added Component: Designator=R6A(R0805M)
Added Component: Designator=R6B(R0805M)
Added Component: Designator=R6C(R0805M)
Added Component: Designator=R6D(R0805M)
Added Component: Designator=R6E(R0805M)
Added Component: Designator=R7A(R0805M)
Added Component: Designator=R7B(R0805M)
Added Component: Designator=R7C(R0805M)
Added Component: Designator=R7D(R0805M)
Added Component: Designator=R7E(R0805M)
Added Component: Designator=R8A(R0805M)
Added Component: Designator=R8B(R0805M)
Added Component: Designator=R8C(R0805M)
Added Component: Designator=R8D(R0805M)
Added Component: Designator=R8E(R0805M)
Added Component: Designator=R9A(R0805M)
Added Component: Designator=R9B(R0805M)
Added Component: Designator=R9C(R0805M)
Added Component: Designator=R9D(R0805M)
Added Component: Designator=R9E(R0805M)
Added Component: Designator=R10A(R0805M)
Added Component: Designator=R10B(R0805M)
Added Component: Designator=R10C(R0805M)
Added Component: Designator=R10D(R0805M)
Added Component: Designator=R10E(R0805M)
Added Component: Designator=R11A(R0805M)
Added Component: Designator=R11B(R0805M)
Added Component: Designator=R11C(R0805M)
Added Component: Designator=R11D(R0805M)
Added Component: Designator=R11E(R0805M)
Added Component: Designator=R12A(R0805M)
Added Component: Designator=R12B(R0805M)
Added Component: Designator=R12C(R0805M)
Added Component: Designator=R12D(R0805M)
Added Component: Designator=R12E(R0805M)
Added Component: Designator=R13A(R0805M)
Added Component: Designator=R13B(R0805M)
Added Component: Designator=R13C(R0805M)
Added Component: Designator=R13D(R0805M)
Added Component: Designator=R13E(R0805M)
Added Component: Designator=R14A(R0805M)
Added Component: Designator=R14B(R0805M)
Added Component: Designator=R14C(R0805M)
Added Component: Designator=R14D(R0805M)
Added Component: Designator=R14E(R0805M)
Added Component: Designator=R15A(R0805M)
Added Component: Designator=R15B(R0805M)
Added Component: Designator=R15C(R0805M)
Added Component: Designator=R15D(R0805M)
Added Component: Designator=R15E(R0805M)
Added Component: Designator=R16A(R0805M)
Added Component: Designator=R16B(R0805M)
Added Component: Designator=R16C(R0805M)
Added Component: Designator=R16D(R0805M)
Added Component: Designator=R16E(R0805M)
Added Component: Designator=R17A(R0805M)
Added Component: Designator=R17B(R0805M)
Added Component: Designator=R17C(R0805M)
Added Component: Designator=R17D(R0805M)
Added Component: Designator=R17E(R0805M)
Added Component: Designator=R18A(R0805M)
Added Component: Designator=R18B(R0805M)
Added Component: Designator=R18C(R0805M)
Added Component: Designator=R18D(R0805M)
Added Component: Designator=R18E(R0805M)
Added Component: Designator=R19(R0805M)
Added Component: Designator=R20(R0805M)
Added Component: Designator=R21(R0805M)
Added Component: Designator=R22(R0805M)
Added Component: Designator=R23(R0805M)
Added Component: Designator=R24(R0805M)
Added Component: Designator=R25(R0805M)
Added Component: Designator=R26(R0805M)
Added Component: Designator=R27(R0805M)
Added Component: Designator=R28(R0805M)
Added Component: Designator=R29(R0805M)
Added Component: Designator=R30(R0805M)
Added Component: Designator=R31(R0805M)
Added Component: Designator=R32(R0805M)
Added Component: Designator=R33(R0805M)
Added Component: Designator=R34(R0805M)
Added Component: Designator=R35(R0805M)
Added Component: Designator=R36(R0805M)
Added Component: Designator=R37(R0805M)
Added Component: Designator=R38(R0805M)
Added Component: Designator=R39(R0805M)
Added Component: Designator=R40(R0805M)
Added Component: Designator=R41(R0805M)
Added Component: Designator=R42(R0805M)
Added Component: Designator=R43(R0805M)
Added Component: Designator=R44A(R0805M)
Added Component: Designator=R44B(R0805M)
Added Component: Designator=R44C(R0805M)
Added Component: Designator=R44D(R0805M)
Added Component: Designator=R44E(R0805M)
Added Component: Designator=R45A(R0805M)
Added Component: Designator=R45B(R0805M)
Added Component: Designator=R45C(R0805M)
Added Component: Designator=R45D(R0805M)
Added Component: Designator=R45E(R0805M)
Added Component: Designator=U1A(TO-PMOD-7)
Added Component: Designator=U1B(TO-PMOD-7)
Added Component: Designator=U1C(TO-PMOD-7)
Added Component: Designator=U1D(TO-PMOD-7)
Added Component: Designator=U1E(TO-PMOD-7)
Added Component: Designator=U2A(SSOP24)
Added Component: Designator=U2B(SSOP24)
Added Component: Designator=U2C(SSOP24)
Added Component: Designator=U2D(SSOP24)
Added Component: Designator=U2E(SSOP24)
Added Component: Designator=U3A(TO-PMOD-7)
Added Component: Designator=U3B(TO-PMOD-7)
Added Component: Designator=U3C(TO-PMOD-7)
Added Component: Designator=U3D(TO-PMOD-7)
Added Component: Designator=U3E(TO-PMOD-7)
Added Component: Designator=U4(SSO24)
Added Component: Designator=U5(SSO24)
Added Component: Designator=U6(SSO24)
Added Component: Designator=U7(SSO24)
Added Component: Designator=U8(SSOP28)
Added Component: Designator=U9(SSOP28)
Added Component: Designator=U10(SO8)
Added Component: Designator=U11(SO8)
Added Component: Designator=U12(SSOP20)
Added Pin To Net: NetName=3V3_EXT Pin=P8-2
Added Pin To Net: NetName=3V3_EXT Pin=P9-3
Added Net: Name=3V3_EXT
Added Pin To Net: NetName=3V3_FAULT1 Pin=U2A-21
Added Pin To Net: NetName=3V3_FAULT1 Pin=U9-21
Added Net: Name=3V3_FAULT1
Added Pin To Net: NetName=3V3_FAULT2 Pin=U2A-16
Added Pin To Net: NetName=3V3_FAULT2 Pin=U9-22
Added Net: Name=3V3_FAULT2
Added Pin To Net: NetName=3V3_PAYLOAD Pin=P14-2
Added Pin To Net: NetName=3V3_PAYLOAD Pin=U11-1
Added Pin To Net: NetName=3V3_PAYLOAD Pin=U11-8
Added Net: Name=3V3_PAYLOAD
Added Pin To Net: NetName=3V3_PWRGD1 Pin=U2A-22
Added Pin To Net: NetName=3V3_PWRGD1 Pin=U9-23
Added Net: Name=3V3_PWRGD1
Added Pin To Net: NetName=3V3_PWRGD2 Pin=U2A-15
Added Pin To Net: NetName=3V3_PWRGD2 Pin=U9-24
Added Net: Name=3V3_PWRGD2
Added Pin To Net: NetName=3V3_PWR Pin=C20-1
Added Pin To Net: NetName=3V3_PWR Pin=C21-1
Added Pin To Net: NetName=3V3_PWR Pin=C22-1
Added Pin To Net: NetName=3V3_PWR Pin=P9-2
Added Pin To Net: NetName=3V3_PWR Pin=P13-4
Added Pin To Net: NetName=3V3_PWR Pin=R31-1
Added Pin To Net: NetName=3V3_PWR Pin=R32-1
Added Pin To Net: NetName=3V3_PWR Pin=R43-1
Added Pin To Net: NetName=3V3_PWR Pin=U8-9
Added Pin To Net: NetName=3V3_PWR Pin=U9-9
Added Pin To Net: NetName=3V3_PWR Pin=U12-1
Added Net: Name=3V3_PWR
Added Pin To Net: NetName=3V3 Pin=C1A-2
Added Pin To Net: NetName=3V3 Pin=P9-1
Added Pin To Net: NetName=3V3 Pin=P16-2
Added Pin To Net: NetName=3V3 Pin=Q1A-S2
Added Pin To Net: NetName=3V3 Pin=Q1A-S2
Added Pin To Net: NetName=3V3 Pin=Q2A-S2
Added Pin To Net: NetName=3V3 Pin=Q2A-S2
Added Pin To Net: NetName=3V3 Pin=U2A-14
Added Pin To Net: NetName=3V3 Pin=U2A-23
Added Pin To Net: NetName=3V3 Pin=U11-2
Added Pin To Net: NetName=3V3 Pin=U11-3
Added Pin To Net: NetName=3V3 Pin=U11-6
Added Pin To Net: NetName=3V3 Pin=U11-7
Added Net: Name=3V3
Added Pin To Net: NetName=5V0_FAULT1 Pin=U2B-21
Added Pin To Net: NetName=5V0_FAULT1 Pin=U8-5
Added Net: Name=5V0_FAULT1
Added Pin To Net: NetName=5V0_FAULT2 Pin=U2B-16
Added Pin To Net: NetName=5V0_FAULT2 Pin=U8-6
Added Net: Name=5V0_FAULT2
Added Pin To Net: NetName=5V0_PAYLOAD_EN Pin=U9-25
Added Pin To Net: NetName=5V0_PAYLOAD_EN Pin=U10-4
Added Net: Name=5V0_PAYLOAD_EN
Added Pin To Net: NetName=5V0_PAYLOAD Pin=P12-2
Added Pin To Net: NetName=5V0_PAYLOAD Pin=U10-1
Added Pin To Net: NetName=5V0_PAYLOAD Pin=U10-8
Added Net: Name=5V0_PAYLOAD
Added Pin To Net: NetName=5V0_PWRGD1 Pin=U2B-22
Added Pin To Net: NetName=5V0_PWRGD1 Pin=U8-7
Added Net: Name=5V0_PWRGD1
Added Pin To Net: NetName=5V0_PWRGD2 Pin=U2B-15
Added Pin To Net: NetName=5V0_PWRGD2 Pin=U8-8
Added Net: Name=5V0_PWRGD2
Added Pin To Net: NetName=5V0 Pin=C1B-2
Added Pin To Net: NetName=5V0 Pin=P15-2
Added Pin To Net: NetName=5V0 Pin=Q1B-S2
Added Pin To Net: NetName=5V0 Pin=Q1B-S2
Added Pin To Net: NetName=5V0 Pin=Q2B-S2
Added Pin To Net: NetName=5V0 Pin=Q2B-S2
Added Pin To Net: NetName=5V0 Pin=U2B-14
Added Pin To Net: NetName=5V0 Pin=U2B-23
Added Pin To Net: NetName=5V0 Pin=U10-2
Added Pin To Net: NetName=5V0 Pin=U10-3
Added Pin To Net: NetName=5V0 Pin=U10-6
Added Pin To Net: NetName=5V0 Pin=U10-7
Added Net: Name=5V0
Added Pin To Net: NetName=9V1_EN1 Pin=R6C-2
Added Pin To Net: NetName=9V1_EN1 Pin=R9C-1
Added Pin To Net: NetName=9V1_EN1 Pin=U1C-3
Added Pin To Net: NetName=9V1_EN1 Pin=U8-3
Added Net: Name=9V1_EN1
Added Pin To Net: NetName=9V1_EN2 Pin=R15C-2
Added Pin To Net: NetName=9V1_EN2 Pin=R18C-1
Added Pin To Net: NetName=9V1_EN2 Pin=U3C-3
Added Pin To Net: NetName=9V1_EN2 Pin=U8-4
Added Net: Name=9V1_EN2
Added Pin To Net: NetName=9V1_FAULT1 Pin=U2C-21
Added Pin To Net: NetName=9V1_FAULT1 Pin=U8-27
Added Net: Name=9V1_FAULT1
Added Pin To Net: NetName=9V1_FAULT2 Pin=U2C-16
Added Pin To Net: NetName=9V1_FAULT2 Pin=U8-28
Added Net: Name=9V1_FAULT2
Added Pin To Net: NetName=9V1_PWRGD1 Pin=U2C-22
Added Pin To Net: NetName=9V1_PWRGD1 Pin=U8-1
Added Net: Name=9V1_PWRGD1
Added Pin To Net: NetName=9V1_PWRGD2 Pin=U2C-15
Added Pin To Net: NetName=9V1_PWRGD2 Pin=U8-2
Added Net: Name=9V1_PWRGD2
Added Pin To Net: NetName=9V1_RX1_EN Pin=U7-IN1
Added Pin To Net: NetName=9V1_RX1_EN Pin=U9-7
Added Net: Name=9V1_RX1_EN
Added Pin To Net: NetName=9V1_RX1 Pin=P4-2
Added Pin To Net: NetName=9V1_RX1 Pin=U7-OUT1
Added Pin To Net: NetName=9V1_RX1 Pin=U7-OUT1
Added Pin To Net: NetName=9V1_RX1 Pin=U7-OUT1
Added Pin To Net: NetName=9V1_RX1 Pin=U7-OUT1
Added Pin To Net: NetName=9V1_RX1 Pin=U7-OUT1
Added Pin To Net: NetName=9V1_RX1 Pin=U7-OUT1
Added Net: Name=9V1_RX1
Added Pin To Net: NetName=9V1_RX2_EN Pin=U7-IN2
Added Pin To Net: NetName=9V1_RX2_EN Pin=U9-8
Added Net: Name=9V1_RX2_EN
Added Pin To Net: NetName=9V1_RX2 Pin=P11-2
Added Pin To Net: NetName=9V1_RX2 Pin=U7-OUT2
Added Pin To Net: NetName=9V1_RX2 Pin=U7-OUT2
Added Pin To Net: NetName=9V1_RX2 Pin=U7-OUT2
Added Pin To Net: NetName=9V1_RX2 Pin=U7-OUT2
Added Pin To Net: NetName=9V1_RX2 Pin=U7-OUT2
Added Pin To Net: NetName=9V1_RX2 Pin=U7-OUT2
Added Net: Name=9V1_RX2
Added Pin To Net: NetName=9V1_TX1_EN Pin=U6-IN1
Added Pin To Net: NetName=9V1_TX1_EN Pin=U9-5
Added Net: Name=9V1_TX1_EN
Added Pin To Net: NetName=9V1_TX1 Pin=P3-2
Added Pin To Net: NetName=9V1_TX1 Pin=U6-OUT1
Added Pin To Net: NetName=9V1_TX1 Pin=U6-OUT1
Added Pin To Net: NetName=9V1_TX1 Pin=U6-OUT1
Added Pin To Net: NetName=9V1_TX1 Pin=U6-OUT1
Added Pin To Net: NetName=9V1_TX1 Pin=U6-OUT1
Added Pin To Net: NetName=9V1_TX1 Pin=U6-OUT1
Added Net: Name=9V1_TX1
Added Pin To Net: NetName=9V1_TX2_EN Pin=U6-IN2
Added Pin To Net: NetName=9V1_TX2_EN Pin=U9-6
Added Net: Name=9V1_TX2_EN
Added Pin To Net: NetName=9V1_TX2 Pin=P10-2
Added Pin To Net: NetName=9V1_TX2 Pin=U6-OUT2
Added Pin To Net: NetName=9V1_TX2 Pin=U6-OUT2
Added Pin To Net: NetName=9V1_TX2 Pin=U6-OUT2
Added Pin To Net: NetName=9V1_TX2 Pin=U6-OUT2
Added Pin To Net: NetName=9V1_TX2 Pin=U6-OUT2
Added Pin To Net: NetName=9V1_TX2 Pin=U6-OUT2
Added Net: Name=9V1_TX2
Added Pin To Net: NetName=9V1 Pin=C1C-2
Added Pin To Net: NetName=9V1 Pin=Q1C-S2
Added Pin To Net: NetName=9V1 Pin=Q1C-S2
Added Pin To Net: NetName=9V1 Pin=Q2C-S2
Added Pin To Net: NetName=9V1 Pin=Q2C-S2
Added Pin To Net: NetName=9V1 Pin=R25-1
Added Pin To Net: NetName=9V1 Pin=R26-1
Added Pin To Net: NetName=9V1 Pin=U2C-14
Added Pin To Net: NetName=9V1 Pin=U2C-23
Added Pin To Net: NetName=9V1 Pin=U6-VCC
Added Pin To Net: NetName=9V1 Pin=U6-VCC
Added Pin To Net: NetName=9V1 Pin=U6-VCC
Added Pin To Net: NetName=9V1 Pin=U7-VCC
Added Pin To Net: NetName=9V1 Pin=U7-VCC
Added Pin To Net: NetName=9V1 Pin=U7-VCC
Added Net: Name=9V1
Added Pin To Net: NetName=13V6_EN1 Pin=R6D-2
Added Pin To Net: NetName=13V6_EN1 Pin=R9D-1
Added Pin To Net: NetName=13V6_EN1 Pin=U1D-3
Added Pin To Net: NetName=13V6_EN1 Pin=U8-25
Added Net: Name=13V6_EN1
Added Pin To Net: NetName=13V6_EN2 Pin=R15D-2
Added Pin To Net: NetName=13V6_EN2 Pin=R18D-1
Added Pin To Net: NetName=13V6_EN2 Pin=U3D-3
Added Pin To Net: NetName=13V6_EN2 Pin=U8-26
Added Net: Name=13V6_EN2
Added Pin To Net: NetName=13V6_FAULT1 Pin=U2D-21
Added Pin To Net: NetName=13V6_FAULT1 Pin=U8-21
Added Net: Name=13V6_FAULT1
Added Pin To Net: NetName=13V6_FAULT2 Pin=U2D-16
Added Pin To Net: NetName=13V6_FAULT2 Pin=U8-22
Added Net: Name=13V6_FAULT2
Added Pin To Net: NetName=13V6_PWRGD1 Pin=U2D-22
Added Pin To Net: NetName=13V6_PWRGD1 Pin=U8-23
Added Net: Name=13V6_PWRGD1
Added Pin To Net: NetName=13V6_PWRGD2 Pin=U2D-15
Added Pin To Net: NetName=13V6_PWRGD2 Pin=U8-24
Added Net: Name=13V6_PWRGD2
Added Pin To Net: NetName=13V6_TX1_EN Pin=U5-IN1
Added Pin To Net: NetName=13V6_TX1_EN Pin=U9-3
Added Net: Name=13V6_TX1_EN
Added Pin To Net: NetName=13V6_TX1 Pin=P2-2
Added Pin To Net: NetName=13V6_TX1 Pin=U5-OUT1
Added Pin To Net: NetName=13V6_TX1 Pin=U5-OUT1
Added Pin To Net: NetName=13V6_TX1 Pin=U5-OUT1
Added Pin To Net: NetName=13V6_TX1 Pin=U5-OUT1
Added Pin To Net: NetName=13V6_TX1 Pin=U5-OUT1
Added Pin To Net: NetName=13V6_TX1 Pin=U5-OUT1
Added Net: Name=13V6_TX1
Added Pin To Net: NetName=13V6_TX2_EN Pin=U5-IN2
Added Pin To Net: NetName=13V6_TX2_EN Pin=U9-4
Added Net: Name=13V6_TX2_EN
Added Pin To Net: NetName=13V6_TX2 Pin=P7-2
Added Pin To Net: NetName=13V6_TX2 Pin=U5-OUT2
Added Pin To Net: NetName=13V6_TX2 Pin=U5-OUT2
Added Pin To Net: NetName=13V6_TX2 Pin=U5-OUT2
Added Pin To Net: NetName=13V6_TX2 Pin=U5-OUT2
Added Pin To Net: NetName=13V6_TX2 Pin=U5-OUT2
Added Pin To Net: NetName=13V6_TX2 Pin=U5-OUT2
Added Net: Name=13V6_TX2
Added Pin To Net: NetName=13V6 Pin=C1D-2
Added Pin To Net: NetName=13V6 Pin=Q1D-S2
Added Pin To Net: NetName=13V6 Pin=Q1D-S2
Added Pin To Net: NetName=13V6 Pin=Q2D-S2
Added Pin To Net: NetName=13V6 Pin=Q2D-S2
Added Pin To Net: NetName=13V6 Pin=R20-1
Added Pin To Net: NetName=13V6 Pin=U2D-14
Added Pin To Net: NetName=13V6 Pin=U2D-23
Added Pin To Net: NetName=13V6 Pin=U5-VCC
Added Pin To Net: NetName=13V6 Pin=U5-VCC
Added Pin To Net: NetName=13V6 Pin=U5-VCC
Added Net: Name=13V6
Added Pin To Net: NetName=DEBUG1 Pin=R33-1
Added Pin To Net: NetName=DEBUG1 Pin=U9-28
Added Net: Name=DEBUG1
Added Pin To Net: NetName=DEBUG2 Pin=R34-1
Added Pin To Net: NetName=DEBUG2 Pin=U9-27
Added Net: Name=DEBUG2
Added Pin To Net: NetName=GND Pin=C1A-1
Added Pin To Net: NetName=GND Pin=C1B-1
Added Pin To Net: NetName=GND Pin=C1C-1
Added Pin To Net: NetName=GND Pin=C1D-1
Added Pin To Net: NetName=GND Pin=C1E-1
Added Pin To Net: NetName=GND Pin=C3A-2
Added Pin To Net: NetName=GND Pin=C3B-2
Added Pin To Net: NetName=GND Pin=C3C-2
Added Pin To Net: NetName=GND Pin=C3D-2
Added Pin To Net: NetName=GND Pin=C3E-2
Added Pin To Net: NetName=GND Pin=C4A-1
Added Pin To Net: NetName=GND Pin=C4B-1
Added Pin To Net: NetName=GND Pin=C4C-1
Added Pin To Net: NetName=GND Pin=C4D-1
Added Pin To Net: NetName=GND Pin=C4E-1
Added Pin To Net: NetName=GND Pin=C6A-1
Added Pin To Net: NetName=GND Pin=C6B-1
Added Pin To Net: NetName=GND Pin=C6C-1
Added Pin To Net: NetName=GND Pin=C6D-1
Added Pin To Net: NetName=GND Pin=C6E-1
Added Pin To Net: NetName=GND Pin=C7A-1
Added Pin To Net: NetName=GND Pin=C7B-1
Added Pin To Net: NetName=GND Pin=C7C-1
Added Pin To Net: NetName=GND Pin=C7D-1
Added Pin To Net: NetName=GND Pin=C7E-1
Added Pin To Net: NetName=GND Pin=C8A-1
Added Pin To Net: NetName=GND Pin=C8B-1
Added Pin To Net: NetName=GND Pin=C8C-1
Added Pin To Net: NetName=GND Pin=C8D-1
Added Pin To Net: NetName=GND Pin=C8E-1
Added Pin To Net: NetName=GND Pin=C9A-2
Added Pin To Net: NetName=GND Pin=C9B-2
Added Pin To Net: NetName=GND Pin=C9C-2
Added Pin To Net: NetName=GND Pin=C9D-2
Added Pin To Net: NetName=GND Pin=C9E-2
Added Pin To Net: NetName=GND Pin=C10A-2
Added Pin To Net: NetName=GND Pin=C10B-2
Added Pin To Net: NetName=GND Pin=C10C-2
Added Pin To Net: NetName=GND Pin=C10D-2
Added Pin To Net: NetName=GND Pin=C10E-2
Added Pin To Net: NetName=GND Pin=C11A-1
Added Pin To Net: NetName=GND Pin=C11B-1
Added Pin To Net: NetName=GND Pin=C11C-1
Added Pin To Net: NetName=GND Pin=C11D-1
Added Pin To Net: NetName=GND Pin=C11E-1
Added Pin To Net: NetName=GND Pin=C13A-2
Added Pin To Net: NetName=GND Pin=C13B-2
Added Pin To Net: NetName=GND Pin=C13C-2
Added Pin To Net: NetName=GND Pin=C13D-2
Added Pin To Net: NetName=GND Pin=C13E-2
Added Pin To Net: NetName=GND Pin=C15A-1
Added Pin To Net: NetName=GND Pin=C15B-1
Added Pin To Net: NetName=GND Pin=C15C-1
Added Pin To Net: NetName=GND Pin=C15D-1
Added Pin To Net: NetName=GND Pin=C15E-1
Added Pin To Net: NetName=GND Pin=C16A-1
Added Pin To Net: NetName=GND Pin=C16B-1
Added Pin To Net: NetName=GND Pin=C16C-1
Added Pin To Net: NetName=GND Pin=C16D-1
Added Pin To Net: NetName=GND Pin=C16E-1
Added Pin To Net: NetName=GND Pin=C17A-2
Added Pin To Net: NetName=GND Pin=C17B-2
Added Pin To Net: NetName=GND Pin=C17C-2
Added Pin To Net: NetName=GND Pin=C17D-2
Added Pin To Net: NetName=GND Pin=C17E-2
Added Pin To Net: NetName=GND Pin=C18A-2
Added Pin To Net: NetName=GND Pin=C18B-2
Added Pin To Net: NetName=GND Pin=C18C-2
Added Pin To Net: NetName=GND Pin=C18D-2
Added Pin To Net: NetName=GND Pin=C18E-2
Added Pin To Net: NetName=GND Pin=C19A-1
Added Pin To Net: NetName=GND Pin=C19B-1
Added Pin To Net: NetName=GND Pin=C19C-1
Added Pin To Net: NetName=GND Pin=C19D-1
Added Pin To Net: NetName=GND Pin=C19E-1
Added Pin To Net: NetName=GND Pin=C20-2
Added Pin To Net: NetName=GND Pin=C21-2
Added Pin To Net: NetName=GND Pin=C22-2
Added Pin To Net: NetName=GND Pin=D1-2
Added Pin To Net: NetName=GND Pin=D2-2
Added Pin To Net: NetName=GND Pin=P1-1
Added Pin To Net: NetName=GND Pin=P2-1
Added Pin To Net: NetName=GND Pin=P3-1
Added Pin To Net: NetName=GND Pin=P4-1
Added Pin To Net: NetName=GND Pin=P5-1
Added Pin To Net: NetName=GND Pin=P6-1
Added Pin To Net: NetName=GND Pin=P7-1
Added Pin To Net: NetName=GND Pin=P8-1
Added Pin To Net: NetName=GND Pin=P10-1
Added Pin To Net: NetName=GND Pin=P11-1
Added Pin To Net: NetName=GND Pin=P12-1
Added Pin To Net: NetName=GND Pin=P13-1
Added Pin To Net: NetName=GND Pin=P14-1
Added Pin To Net: NetName=GND Pin=P15-1
Added Pin To Net: NetName=GND Pin=P16-1
Added Pin To Net: NetName=GND Pin=R3A-1
Added Pin To Net: NetName=GND Pin=R3B-1
Added Pin To Net: NetName=GND Pin=R3C-1
Added Pin To Net: NetName=GND Pin=R3D-1
Added Pin To Net: NetName=GND Pin=R3E-1
Added Pin To Net: NetName=GND Pin=R7A-1
Added Pin To Net: NetName=GND Pin=R7B-1
Added Pin To Net: NetName=GND Pin=R7C-1
Added Pin To Net: NetName=GND Pin=R7D-1
Added Pin To Net: NetName=GND Pin=R7E-1
Added Pin To Net: NetName=GND Pin=R8A-1
Added Pin To Net: NetName=GND Pin=R8B-1
Added Pin To Net: NetName=GND Pin=R8C-1
Added Pin To Net: NetName=GND Pin=R8D-1
Added Pin To Net: NetName=GND Pin=R8E-1
Added Pin To Net: NetName=GND Pin=R9A-2
Added Pin To Net: NetName=GND Pin=R9B-2
Added Pin To Net: NetName=GND Pin=R9C-2
Added Pin To Net: NetName=GND Pin=R9D-2
Added Pin To Net: NetName=GND Pin=R9E-2
Added Pin To Net: NetName=GND Pin=R10A-1
Added Pin To Net: NetName=GND Pin=R10B-1
Added Pin To Net: NetName=GND Pin=R10C-1
Added Pin To Net: NetName=GND Pin=R10D-1
Added Pin To Net: NetName=GND Pin=R10E-1
Added Pin To Net: NetName=GND Pin=R16A-1
Added Pin To Net: NetName=GND Pin=R16B-1
Added Pin To Net: NetName=GND Pin=R16C-1
Added Pin To Net: NetName=GND Pin=R16D-1
Added Pin To Net: NetName=GND Pin=R16E-1
Added Pin To Net: NetName=GND Pin=R17A-1
Added Pin To Net: NetName=GND Pin=R17B-1
Added Pin To Net: NetName=GND Pin=R17C-1
Added Pin To Net: NetName=GND Pin=R17D-1
Added Pin To Net: NetName=GND Pin=R17E-1
Added Pin To Net: NetName=GND Pin=R18A-2
Added Pin To Net: NetName=GND Pin=R18B-2
Added Pin To Net: NetName=GND Pin=R18C-2
Added Pin To Net: NetName=GND Pin=R18D-2
Added Pin To Net: NetName=GND Pin=R18E-2
Added Pin To Net: NetName=GND Pin=R21-2
Added Pin To Net: NetName=GND Pin=R22-2
Added Pin To Net: NetName=GND Pin=R23-2
Added Pin To Net: NetName=GND Pin=R24-2
Added Pin To Net: NetName=GND Pin=R27-2
Added Pin To Net: NetName=GND Pin=R28-2
Added Pin To Net: NetName=GND Pin=R29-2
Added Pin To Net: NetName=GND Pin=R30-2
Added Pin To Net: NetName=GND Pin=R44A-2
Added Pin To Net: NetName=GND Pin=R44B-2
Added Pin To Net: NetName=GND Pin=R44C-2
Added Pin To Net: NetName=GND Pin=R44D-2
Added Pin To Net: NetName=GND Pin=R44E-2
Added Pin To Net: NetName=GND Pin=R45A-2
Added Pin To Net: NetName=GND Pin=R45B-2
Added Pin To Net: NetName=GND Pin=R45C-2
Added Pin To Net: NetName=GND Pin=R45D-2
Added Pin To Net: NetName=GND Pin=R45E-2
Added Pin To Net: NetName=GND Pin=U1A-4
Added Pin To Net: NetName=GND Pin=U1A-4
Added Pin To Net: NetName=GND Pin=U1B-4
Added Pin To Net: NetName=GND Pin=U1B-4
Added Pin To Net: NetName=GND Pin=U1C-4
Added Pin To Net: NetName=GND Pin=U1C-4
Added Pin To Net: NetName=GND Pin=U1D-4
Added Pin To Net: NetName=GND Pin=U1D-4
Added Pin To Net: NetName=GND Pin=U1E-4
Added Pin To Net: NetName=GND Pin=U1E-4
Added Pin To Net: NetName=GND Pin=U2A-7
Added Pin To Net: NetName=GND Pin=U2B-7
Added Pin To Net: NetName=GND Pin=U2C-7
Added Pin To Net: NetName=GND Pin=U2D-7
Added Pin To Net: NetName=GND Pin=U2E-7
Added Pin To Net: NetName=GND Pin=U3A-4
Added Pin To Net: NetName=GND Pin=U3A-4
Added Pin To Net: NetName=GND Pin=U3B-4
Added Pin To Net: NetName=GND Pin=U3B-4
Added Pin To Net: NetName=GND Pin=U3C-4
Added Pin To Net: NetName=GND Pin=U3C-4
Added Pin To Net: NetName=GND Pin=U3D-4
Added Pin To Net: NetName=GND Pin=U3D-4
Added Pin To Net: NetName=GND Pin=U3E-4
Added Pin To Net: NetName=GND Pin=U3E-4
Added Pin To Net: NetName=GND Pin=U4-GND
Added Pin To Net: NetName=GND Pin=U5-GND
Added Pin To Net: NetName=GND Pin=U6-GND
Added Pin To Net: NetName=GND Pin=U7-GND
Added Pin To Net: NetName=GND Pin=U8-10
Added Pin To Net: NetName=GND Pin=U9-10
Added Pin To Net: NetName=GND Pin=U10-5
Added Pin To Net: NetName=GND Pin=U11-5
Added Pin To Net: NetName=GND Pin=U12-20
Added Net: Name=GND
Added Pin To Net: NetName=NetC2A_2 Pin=C2A-2
Added Pin To Net: NetName=NetC2A_2 Pin=U2A-1
Added Net: Name=NetC2A_2
Added Pin To Net: NetName=NetC2B_2 Pin=C2B-2
Added Pin To Net: NetName=NetC2B_2 Pin=U2B-1
Added Net: Name=NetC2B_2
Added Pin To Net: NetName=NetC2C_2 Pin=C2C-2
Added Pin To Net: NetName=NetC2C_2 Pin=U2C-1
Added Net: Name=NetC2C_2
Added Pin To Net: NetName=NetC2D_2 Pin=C2D-2
Added Pin To Net: NetName=NetC2D_2 Pin=U2D-1
Added Net: Name=NetC2D_2
Added Pin To Net: NetName=NetC2E_2 Pin=C2E-2
Added Pin To Net: NetName=NetC2E_2 Pin=U2E-1
Added Net: Name=NetC2E_2
Added Pin To Net: NetName=NetC3A_1 Pin=C3A-1
Added Pin To Net: NetName=NetC3A_1 Pin=U2A-6
Added Net: Name=NetC3A_1
Added Pin To Net: NetName=NetC3B_1 Pin=C3B-1
Added Pin To Net: NetName=NetC3B_1 Pin=U2B-6
Added Net: Name=NetC3B_1
Added Pin To Net: NetName=NetC3C_1 Pin=C3C-1
Added Pin To Net: NetName=NetC3C_1 Pin=U2C-6
Added Net: Name=NetC3C_1
Added Pin To Net: NetName=NetC3D_1 Pin=C3D-1
Added Pin To Net: NetName=NetC3D_1 Pin=U2D-6
Added Net: Name=NetC3D_1
Added Pin To Net: NetName=NetC3E_1 Pin=C3E-1
Added Pin To Net: NetName=NetC3E_1 Pin=U2E-6
Added Net: Name=NetC3E_1
Added Pin To Net: NetName=NetC4A_2 Pin=C4A-2
Added Pin To Net: NetName=NetC4A_2 Pin=U2A-19
Added Net: Name=NetC4A_2
Added Pin To Net: NetName=NetC4B_2 Pin=C4B-2
Added Pin To Net: NetName=NetC4B_2 Pin=U2B-19
Added Net: Name=NetC4B_2
Added Pin To Net: NetName=NetC4C_2 Pin=C4C-2
Added Pin To Net: NetName=NetC4C_2 Pin=U2C-19
Added Net: Name=NetC4C_2
Added Pin To Net: NetName=NetC4D_2 Pin=C4D-2
Added Pin To Net: NetName=NetC4D_2 Pin=U2D-19
Added Net: Name=NetC4D_2
Added Pin To Net: NetName=NetC4E_2 Pin=C4E-2
Added Pin To Net: NetName=NetC4E_2 Pin=U2E-19
Added Net: Name=NetC4E_2
Added Pin To Net: NetName=NetC6A_2 Pin=C6A-2
Added Pin To Net: NetName=NetC6A_2 Pin=U2A-18
Added Net: Name=NetC6A_2
Added Pin To Net: NetName=NetC6B_2 Pin=C6B-2
Added Pin To Net: NetName=NetC6B_2 Pin=U2B-18
Added Net: Name=NetC6B_2
Added Pin To Net: NetName=NetC6C_2 Pin=C6C-2
Added Pin To Net: NetName=NetC6C_2 Pin=U2C-18
Added Net: Name=NetC6C_2
Added Pin To Net: NetName=NetC6D_2 Pin=C6D-2
Added Pin To Net: NetName=NetC6D_2 Pin=U2D-18
Added Net: Name=NetC6D_2
Added Pin To Net: NetName=NetC6E_2 Pin=C6E-2
Added Pin To Net: NetName=NetC6E_2 Pin=U2E-18
Added Net: Name=NetC6E_2
Added Pin To Net: NetName=NetC7A_2 Pin=C7A-2
Added Pin To Net: NetName=NetC7A_2 Pin=C8A-2
Added Pin To Net: NetName=NetC7A_2 Pin=C9A-1
Added Pin To Net: NetName=NetC7A_2 Pin=FB1A-1
Added Pin To Net: NetName=NetC7A_2 Pin=R4A-2
Added Pin To Net: NetName=NetC7A_2 Pin=R6A-1
Added Pin To Net: NetName=NetC7A_2 Pin=U1A-1
Added Net: Name=NetC7A_2
Added Pin To Net: NetName=NetC7B_2 Pin=C7B-2
Added Pin To Net: NetName=NetC7B_2 Pin=C8B-2
Added Pin To Net: NetName=NetC7B_2 Pin=C9B-1
Added Pin To Net: NetName=NetC7B_2 Pin=FB1B-1
Added Pin To Net: NetName=NetC7B_2 Pin=R4B-2
Added Pin To Net: NetName=NetC7B_2 Pin=R6B-1
Added Pin To Net: NetName=NetC7B_2 Pin=U1B-1
Added Net: Name=NetC7B_2
Added Pin To Net: NetName=NetC7C_2 Pin=C7C-2
Added Pin To Net: NetName=NetC7C_2 Pin=C8C-2
Added Pin To Net: NetName=NetC7C_2 Pin=C9C-1
Added Pin To Net: NetName=NetC7C_2 Pin=FB1C-1
Added Pin To Net: NetName=NetC7C_2 Pin=R4C-2
Added Pin To Net: NetName=NetC7C_2 Pin=R6C-1
Added Pin To Net: NetName=NetC7C_2 Pin=U1C-1
Added Net: Name=NetC7C_2
Added Pin To Net: NetName=NetC7D_2 Pin=C7D-2
Added Pin To Net: NetName=NetC7D_2 Pin=C8D-2
Added Pin To Net: NetName=NetC7D_2 Pin=C9D-1
Added Pin To Net: NetName=NetC7D_2 Pin=FB1D-1
Added Pin To Net: NetName=NetC7D_2 Pin=R4D-2
Added Pin To Net: NetName=NetC7D_2 Pin=R6D-1
Added Pin To Net: NetName=NetC7D_2 Pin=U1D-1
Added Net: Name=NetC7D_2
Added Pin To Net: NetName=NetC7E_2 Pin=C7E-2
Added Pin To Net: NetName=NetC7E_2 Pin=C8E-2
Added Pin To Net: NetName=NetC7E_2 Pin=C9E-1
Added Pin To Net: NetName=NetC7E_2 Pin=FB1E-1
Added Pin To Net: NetName=NetC7E_2 Pin=R4E-2
Added Pin To Net: NetName=NetC7E_2 Pin=R6E-1
Added Pin To Net: NetName=NetC7E_2 Pin=U1E-1
Added Net: Name=NetC7E_2
Added Pin To Net: NetName=NetC10A_1 Pin=C10A-1
Added Pin To Net: NetName=NetC10A_1 Pin=U1A-5
Added Net: Name=NetC10A_1
Added Pin To Net: NetName=NetC10B_1 Pin=C10B-1
Added Pin To Net: NetName=NetC10B_1 Pin=U1B-5
Added Net: Name=NetC10B_1
Added Pin To Net: NetName=NetC10C_1 Pin=C10C-1
Added Pin To Net: NetName=NetC10C_1 Pin=U1C-5
Added Net: Name=NetC10C_1
Added Pin To Net: NetName=NetC10D_1 Pin=C10D-1
Added Pin To Net: NetName=NetC10D_1 Pin=U1D-5
Added Net: Name=NetC10D_1
Added Pin To Net: NetName=NetC10E_1 Pin=C10E-1
Added Pin To Net: NetName=NetC10E_1 Pin=U1E-5
Added Net: Name=NetC10E_1
Added Pin To Net: NetName=NetC12A_1 Pin=C12A-1
Added Pin To Net: NetName=NetC12A_1 Pin=U2A-12
Added Net: Name=NetC12A_1
Added Pin To Net: NetName=NetC12B_1 Pin=C12B-1
Added Pin To Net: NetName=NetC12B_1 Pin=U2B-12
Added Net: Name=NetC12B_1
Added Pin To Net: NetName=NetC12C_1 Pin=C12C-1
Added Pin To Net: NetName=NetC12C_1 Pin=U2C-12
Added Net: Name=NetC12C_1
Added Pin To Net: NetName=NetC12D_1 Pin=C12D-1
Added Pin To Net: NetName=NetC12D_1 Pin=U2D-12
Added Net: Name=NetC12D_1
Added Pin To Net: NetName=NetC12E_1 Pin=C12E-1
Added Pin To Net: NetName=NetC12E_1 Pin=U2E-12
Added Net: Name=NetC12E_1
Added Pin To Net: NetName=NetC15A_2 Pin=C15A-2
Added Pin To Net: NetName=NetC15A_2 Pin=C16A-2
Added Pin To Net: NetName=NetC15A_2 Pin=C17A-1
Added Pin To Net: NetName=NetC15A_2 Pin=FB2A-1
Added Pin To Net: NetName=NetC15A_2 Pin=R13A-2
Added Pin To Net: NetName=NetC15A_2 Pin=R15A-1
Added Pin To Net: NetName=NetC15A_2 Pin=U3A-1
Added Net: Name=NetC15A_2
Added Pin To Net: NetName=NetC15B_2 Pin=C15B-2
Added Pin To Net: NetName=NetC15B_2 Pin=C16B-2
Added Pin To Net: NetName=NetC15B_2 Pin=C17B-1
Added Pin To Net: NetName=NetC15B_2 Pin=FB2B-1
Added Pin To Net: NetName=NetC15B_2 Pin=R13B-2
Added Pin To Net: NetName=NetC15B_2 Pin=R15B-1
Added Pin To Net: NetName=NetC15B_2 Pin=U3B-1
Added Net: Name=NetC15B_2
Added Pin To Net: NetName=NetC15C_2 Pin=C15C-2
Added Pin To Net: NetName=NetC15C_2 Pin=C16C-2
Added Pin To Net: NetName=NetC15C_2 Pin=C17C-1
Added Pin To Net: NetName=NetC15C_2 Pin=FB2C-1
Added Pin To Net: NetName=NetC15C_2 Pin=R13C-2
Added Pin To Net: NetName=NetC15C_2 Pin=R15C-1
Added Pin To Net: NetName=NetC15C_2 Pin=U3C-1
Added Net: Name=NetC15C_2
Added Pin To Net: NetName=NetC15D_2 Pin=C15D-2
Added Pin To Net: NetName=NetC15D_2 Pin=C16D-2
Added Pin To Net: NetName=NetC15D_2 Pin=C17D-1
Added Pin To Net: NetName=NetC15D_2 Pin=FB2D-1
Added Pin To Net: NetName=NetC15D_2 Pin=R13D-2
Added Pin To Net: NetName=NetC15D_2 Pin=R15D-1
Added Pin To Net: NetName=NetC15D_2 Pin=U3D-1
Added Net: Name=NetC15D_2
Added Pin To Net: NetName=NetC15E_2 Pin=C15E-2
Added Pin To Net: NetName=NetC15E_2 Pin=C16E-2
Added Pin To Net: NetName=NetC15E_2 Pin=C17E-1
Added Pin To Net: NetName=NetC15E_2 Pin=FB2E-1
Added Pin To Net: NetName=NetC15E_2 Pin=R13E-2
Added Pin To Net: NetName=NetC15E_2 Pin=R15E-1
Added Pin To Net: NetName=NetC15E_2 Pin=U3E-1
Added Net: Name=NetC15E_2
Added Pin To Net: NetName=NetC18A_1 Pin=C18A-1
Added Pin To Net: NetName=NetC18A_1 Pin=U3A-5
Added Net: Name=NetC18A_1
Added Pin To Net: NetName=NetC18B_1 Pin=C18B-1
Added Pin To Net: NetName=NetC18B_1 Pin=U3B-5
Added Net: Name=NetC18B_1
Added Pin To Net: NetName=NetC18C_1 Pin=C18C-1
Added Pin To Net: NetName=NetC18C_1 Pin=U3C-5
Added Net: Name=NetC18C_1
Added Pin To Net: NetName=NetC18D_1 Pin=C18D-1
Added Pin To Net: NetName=NetC18D_1 Pin=U3D-5
Added Net: Name=NetC18D_1
Added Pin To Net: NetName=NetC18E_1 Pin=C18E-1
Added Pin To Net: NetName=NetC18E_1 Pin=U3E-5
Added Net: Name=NetC18E_1
Added Pin To Net: NetName=NetD1_1 Pin=D1-1
Added Pin To Net: NetName=NetD1_1 Pin=R33-2
Added Net: Name=NetD1_1
Added Pin To Net: NetName=NetD2_1 Pin=D2-1
Added Pin To Net: NetName=NetD2_1 Pin=R34-2
Added Net: Name=NetD2_1
Added Pin To Net: NetName=NetJ1_2 Pin=U8-15
Added Net: Name=NetJ1_2
Added Pin To Net: NetName=NetJ2_2 Pin=U8-16
Added Net: Name=NetJ2_2
Added Pin To Net: NetName=NetJ3_2 Pin=U8-17
Added Net: Name=NetJ3_2
Added Pin To Net: NetName=NetJ4_2 Pin=U9-15
Added Net: Name=NetJ4_2
Added Pin To Net: NetName=NetJ5_2 Pin=U9-16
Added Net: Name=NetJ5_2
Added Pin To Net: NetName=NetJ6_2 Pin=U9-17
Added Net: Name=NetJ6_2
Added Pin To Net: NetName=NetJ7_2 Pin=U12-5
Added Net: Name=NetJ7_2
Added Pin To Net: NetName=NetQ1A_D1 Pin=Q1A-D1
Added Pin To Net: NetName=NetQ1A_D1 Pin=Q1A-D2
Added Net: Name=NetQ1A_D1
Added Pin To Net: NetName=NetQ1A_G1 Pin=Q1A-G1
Added Pin To Net: NetName=NetQ1A_G1 Pin=U2A-2
Added Net: Name=NetQ1A_G1
Added Pin To Net: NetName=NetQ1A_G2 Pin=Q1A-G2
Added Pin To Net: NetName=NetQ1A_G2 Pin=U2A-24
Added Net: Name=NetQ1A_G2
Added Pin To Net: NetName=NetQ1A_S1 Pin=Q1A-S1
Added Pin To Net: NetName=NetQ1A_S1 Pin=Q1A-S1
Added Pin To Net: NetName=NetQ1A_S1 Pin=R1A-2
Added Pin To Net: NetName=NetQ1A_S1 Pin=U2A-3
Added Net: Name=NetQ1A_S1
Added Pin To Net: NetName=NetQ1B_D1 Pin=Q1B-D1
Added Pin To Net: NetName=NetQ1B_D1 Pin=Q1B-D2
Added Net: Name=NetQ1B_D1
Added Pin To Net: NetName=NetQ1B_G1 Pin=Q1B-G1
Added Pin To Net: NetName=NetQ1B_G1 Pin=U2B-2
Added Net: Name=NetQ1B_G1
Added Pin To Net: NetName=NetQ1B_G2 Pin=Q1B-G2
Added Pin To Net: NetName=NetQ1B_G2 Pin=U2B-24
Added Net: Name=NetQ1B_G2
Added Pin To Net: NetName=NetQ1B_S1 Pin=Q1B-S1
Added Pin To Net: NetName=NetQ1B_S1 Pin=Q1B-S1
Added Pin To Net: NetName=NetQ1B_S1 Pin=R1B-2
Added Pin To Net: NetName=NetQ1B_S1 Pin=U2B-3
Added Net: Name=NetQ1B_S1
Added Pin To Net: NetName=NetQ1C_D1 Pin=Q1C-D1
Added Pin To Net: NetName=NetQ1C_D1 Pin=Q1C-D2
Added Net: Name=NetQ1C_D1
Added Pin To Net: NetName=NetQ1C_G1 Pin=Q1C-G1
Added Pin To Net: NetName=NetQ1C_G1 Pin=U2C-2
Added Net: Name=NetQ1C_G1
Added Pin To Net: NetName=NetQ1C_G2 Pin=Q1C-G2
Added Pin To Net: NetName=NetQ1C_G2 Pin=U2C-24
Added Net: Name=NetQ1C_G2
Added Pin To Net: NetName=NetQ1C_S1 Pin=Q1C-S1
Added Pin To Net: NetName=NetQ1C_S1 Pin=Q1C-S1
Added Pin To Net: NetName=NetQ1C_S1 Pin=R1C-2
Added Pin To Net: NetName=NetQ1C_S1 Pin=U2C-3
Added Net: Name=NetQ1C_S1
Added Pin To Net: NetName=NetQ1D_D1 Pin=Q1D-D1
Added Pin To Net: NetName=NetQ1D_D1 Pin=Q1D-D2
Added Net: Name=NetQ1D_D1
Added Pin To Net: NetName=NetQ1D_G1 Pin=Q1D-G1
Added Pin To Net: NetName=NetQ1D_G1 Pin=U2D-2
Added Net: Name=NetQ1D_G1
Added Pin To Net: NetName=NetQ1D_G2 Pin=Q1D-G2
Added Pin To Net: NetName=NetQ1D_G2 Pin=U2D-24
Added Net: Name=NetQ1D_G2
Added Pin To Net: NetName=NetQ1D_S1 Pin=Q1D-S1
Added Pin To Net: NetName=NetQ1D_S1 Pin=Q1D-S1
Added Pin To Net: NetName=NetQ1D_S1 Pin=R1D-2
Added Pin To Net: NetName=NetQ1D_S1 Pin=U2D-3
Added Net: Name=NetQ1D_S1
Added Pin To Net: NetName=NetQ1E_D1 Pin=Q1E-D1
Added Pin To Net: NetName=NetQ1E_D1 Pin=Q1E-D2
Added Net: Name=NetQ1E_D1
Added Pin To Net: NetName=NetQ1E_G1 Pin=Q1E-G1
Added Pin To Net: NetName=NetQ1E_G1 Pin=U2E-2
Added Net: Name=NetQ1E_G1
Added Pin To Net: NetName=NetQ1E_G2 Pin=Q1E-G2
Added Pin To Net: NetName=NetQ1E_G2 Pin=U2E-24
Added Net: Name=NetQ1E_G2
Added Pin To Net: NetName=NetQ1E_S1 Pin=Q1E-S1
Added Pin To Net: NetName=NetQ1E_S1 Pin=Q1E-S1
Added Pin To Net: NetName=NetQ1E_S1 Pin=R1E-2
Added Pin To Net: NetName=NetQ1E_S1 Pin=U2E-3
Added Net: Name=NetQ1E_S1
Added Pin To Net: NetName=NetQ2A_D1 Pin=Q2A-D1
Added Pin To Net: NetName=NetQ2A_D1 Pin=Q2A-D2
Added Net: Name=NetQ2A_D1
Added Pin To Net: NetName=NetQ2A_G1 Pin=Q2A-G1
Added Pin To Net: NetName=NetQ2A_G1 Pin=U2A-11
Added Net: Name=NetQ2A_G1
Added Pin To Net: NetName=NetQ2A_G2 Pin=Q2A-G2
Added Pin To Net: NetName=NetQ2A_G2 Pin=U2A-13
Added Net: Name=NetQ2A_G2
Added Pin To Net: NetName=NetQ2A_S1 Pin=Q2A-S1
Added Pin To Net: NetName=NetQ2A_S1 Pin=Q2A-S1
Added Pin To Net: NetName=NetQ2A_S1 Pin=R12A-2
Added Pin To Net: NetName=NetQ2A_S1 Pin=U2A-10
Added Net: Name=NetQ2A_S1
Added Pin To Net: NetName=NetQ2B_D1 Pin=Q2B-D1
Added Pin To Net: NetName=NetQ2B_D1 Pin=Q2B-D2
Added Net: Name=NetQ2B_D1
Added Pin To Net: NetName=NetQ2B_G1 Pin=Q2B-G1
Added Pin To Net: NetName=NetQ2B_G1 Pin=U2B-11
Added Net: Name=NetQ2B_G1
Added Pin To Net: NetName=NetQ2B_G2 Pin=Q2B-G2
Added Pin To Net: NetName=NetQ2B_G2 Pin=U2B-13
Added Net: Name=NetQ2B_G2
Added Pin To Net: NetName=NetQ2B_S1 Pin=Q2B-S1
Added Pin To Net: NetName=NetQ2B_S1 Pin=Q2B-S1
Added Pin To Net: NetName=NetQ2B_S1 Pin=R12B-2
Added Pin To Net: NetName=NetQ2B_S1 Pin=U2B-10
Added Net: Name=NetQ2B_S1
Added Pin To Net: NetName=NetQ2C_D1 Pin=Q2C-D1
Added Pin To Net: NetName=NetQ2C_D1 Pin=Q2C-D2
Added Net: Name=NetQ2C_D1
Added Pin To Net: NetName=NetQ2C_G1 Pin=Q2C-G1
Added Pin To Net: NetName=NetQ2C_G1 Pin=U2C-11
Added Net: Name=NetQ2C_G1
Added Pin To Net: NetName=NetQ2C_G2 Pin=Q2C-G2
Added Pin To Net: NetName=NetQ2C_G2 Pin=U2C-13
Added Net: Name=NetQ2C_G2
Added Pin To Net: NetName=NetQ2C_S1 Pin=Q2C-S1
Added Pin To Net: NetName=NetQ2C_S1 Pin=Q2C-S1
Added Pin To Net: NetName=NetQ2C_S1 Pin=R12C-2
Added Pin To Net: NetName=NetQ2C_S1 Pin=U2C-10
Added Net: Name=NetQ2C_S1
Added Pin To Net: NetName=NetQ2D_D1 Pin=Q2D-D1
Added Pin To Net: NetName=NetQ2D_D1 Pin=Q2D-D2
Added Net: Name=NetQ2D_D1
Added Pin To Net: NetName=NetQ2D_G1 Pin=Q2D-G1
Added Pin To Net: NetName=NetQ2D_G1 Pin=U2D-11
Added Net: Name=NetQ2D_G1
Added Pin To Net: NetName=NetQ2D_G2 Pin=Q2D-G2
Added Pin To Net: NetName=NetQ2D_G2 Pin=U2D-13
Added Net: Name=NetQ2D_G2
Added Pin To Net: NetName=NetQ2D_S1 Pin=Q2D-S1
Added Pin To Net: NetName=NetQ2D_S1 Pin=Q2D-S1
Added Pin To Net: NetName=NetQ2D_S1 Pin=R12D-2
Added Pin To Net: NetName=NetQ2D_S1 Pin=U2D-10
Added Net: Name=NetQ2D_S1
Added Pin To Net: NetName=NetQ2E_D1 Pin=Q2E-D1
Added Pin To Net: NetName=NetQ2E_D1 Pin=Q2E-D2
Added Net: Name=NetQ2E_D1
Added Pin To Net: NetName=NetQ2E_G1 Pin=Q2E-G1
Added Pin To Net: NetName=NetQ2E_G1 Pin=U2E-11
Added Net: Name=NetQ2E_G1
Added Pin To Net: NetName=NetQ2E_G2 Pin=Q2E-G2
Added Pin To Net: NetName=NetQ2E_G2 Pin=U2E-13
Added Net: Name=NetQ2E_G2
Added Pin To Net: NetName=NetQ2E_S1 Pin=Q2E-S1
Added Pin To Net: NetName=NetQ2E_S1 Pin=Q2E-S1
Added Pin To Net: NetName=NetQ2E_S1 Pin=R12E-2
Added Pin To Net: NetName=NetQ2E_S1 Pin=U2E-10
Added Net: Name=NetQ2E_S1
Added Pin To Net: NetName=NetR2A_2 Pin=R2A-2
Added Pin To Net: NetName=NetR2A_2 Pin=R3A-2
Added Pin To Net: NetName=NetR2A_2 Pin=U2A-5
Added Net: Name=NetR2A_2
Added Pin To Net: NetName=NetR2B_2 Pin=R2B-2
Added Pin To Net: NetName=NetR2B_2 Pin=R3B-2
Added Pin To Net: NetName=NetR2B_2 Pin=U2B-5
Added Net: Name=NetR2B_2
Added Pin To Net: NetName=NetR2C_2 Pin=R2C-2
Added Pin To Net: NetName=NetR2C_2 Pin=R3C-2
Added Pin To Net: NetName=NetR2C_2 Pin=U2C-5
Added Net: Name=NetR2C_2
Added Pin To Net: NetName=NetR2D_2 Pin=R2D-2
Added Pin To Net: NetName=NetR2D_2 Pin=R3D-2
Added Pin To Net: NetName=NetR2D_2 Pin=U2D-5
Added Net: Name=NetR2D_2
Added Pin To Net: NetName=NetR2E_2 Pin=R2E-2
Added Pin To Net: NetName=NetR2E_2 Pin=R3E-2
Added Pin To Net: NetName=NetR2E_2 Pin=U2E-5
Added Net: Name=NetR2E_2
Added Pin To Net: NetName=NetR4A_1 Pin=R4A-1
Added Pin To Net: NetName=NetR4A_1 Pin=U1A-2
Added Net: Name=NetR4A_1
Added Pin To Net: NetName=NetR4B_1 Pin=R4B-1
Added Pin To Net: NetName=NetR4B_1 Pin=U1B-2
Added Net: Name=NetR4B_1
Added Pin To Net: NetName=NetR4C_1 Pin=R4C-1
Added Pin To Net: NetName=NetR4C_1 Pin=U1C-2
Added Net: Name=NetR4C_1
Added Pin To Net: NetName=NetR4D_1 Pin=R4D-1
Added Pin To Net: NetName=NetR4D_1 Pin=U1D-2
Added Net: Name=NetR4D_1
Added Pin To Net: NetName=NetR4E_1 Pin=R4E-1
Added Pin To Net: NetName=NetR4E_1 Pin=U1E-2
Added Net: Name=NetR4E_1
Added Pin To Net: NetName=NetR10A_2 Pin=R10A-2
Added Pin To Net: NetName=NetR10A_2 Pin=R11A-2
Added Pin To Net: NetName=NetR10A_2 Pin=U2A-8
Added Net: Name=NetR10A_2
Added Pin To Net: NetName=NetR10B_2 Pin=R10B-2
Added Pin To Net: NetName=NetR10B_2 Pin=R11B-2
Added Pin To Net: NetName=NetR10B_2 Pin=U2B-8
Added Net: Name=NetR10B_2
Added Pin To Net: NetName=NetR10C_2 Pin=R10C-2
Added Pin To Net: NetName=NetR10C_2 Pin=R11C-2
Added Pin To Net: NetName=NetR10C_2 Pin=U2C-8
Added Net: Name=NetR10C_2
Added Pin To Net: NetName=NetR10D_2 Pin=R10D-2
Added Pin To Net: NetName=NetR10D_2 Pin=R11D-2
Added Pin To Net: NetName=NetR10D_2 Pin=U2D-8
Added Net: Name=NetR10D_2
Added Pin To Net: NetName=NetR10E_2 Pin=R10E-2
Added Pin To Net: NetName=NetR10E_2 Pin=R11E-2
Added Pin To Net: NetName=NetR10E_2 Pin=U2E-8
Added Net: Name=NetR10E_2
Added Pin To Net: NetName=NetR13A_1 Pin=R13A-1
Added Pin To Net: NetName=NetR13A_1 Pin=U3A-2
Added Net: Name=NetR13A_1
Added Pin To Net: NetName=NetR13B_1 Pin=R13B-1
Added Pin To Net: NetName=NetR13B_1 Pin=U3B-2
Added Net: Name=NetR13B_1
Added Pin To Net: NetName=NetR13C_1 Pin=R13C-1
Added Pin To Net: NetName=NetR13C_1 Pin=U3C-2
Added Net: Name=NetR13C_1
Added Pin To Net: NetName=NetR13D_1 Pin=R13D-1
Added Pin To Net: NetName=NetR13D_1 Pin=U3D-2
Added Net: Name=NetR13D_1
Added Pin To Net: NetName=NetR13E_1 Pin=R13E-1
Added Pin To Net: NetName=NetR13E_1 Pin=U3E-2
Added Net: Name=NetR13E_1
Added Pin To Net: NetName=NetR19_2 Pin=R19-2
Added Pin To Net: NetName=NetR19_2 Pin=U4-CS_DIS
Added Net: Name=NetR19_2
Added Pin To Net: NetName=NetR20_2 Pin=R20-2
Added Pin To Net: NetName=NetR20_2 Pin=U5-CS_DIS
Added Net: Name=NetR20_2
Added Pin To Net: NetName=NetR21_1 Pin=R21-1
Added Pin To Net: NetName=NetR21_1 Pin=U4-CS2
Added Net: Name=NetR21_1
Added Pin To Net: NetName=NetR22_1 Pin=R22-1
Added Pin To Net: NetName=NetR22_1 Pin=U4-CS1
Added Net: Name=NetR22_1
Added Pin To Net: NetName=NetR23_1 Pin=R23-1
Added Pin To Net: NetName=NetR23_1 Pin=U5-CS2
Added Net: Name=NetR23_1
Added Pin To Net: NetName=NetR24_1 Pin=R24-1
Added Pin To Net: NetName=NetR24_1 Pin=U5-CS1
Added Net: Name=NetR24_1
Added Pin To Net: NetName=NetR25_2 Pin=R25-2
Added Pin To Net: NetName=NetR25_2 Pin=U6-CS_DIS
Added Net: Name=NetR25_2
Added Pin To Net: NetName=NetR26_2 Pin=R26-2
Added Pin To Net: NetName=NetR26_2 Pin=U7-CS_DIS
Added Net: Name=NetR26_2
Added Pin To Net: NetName=NetR27_1 Pin=R27-1
Added Pin To Net: NetName=NetR27_1 Pin=U6-CS2
Added Net: Name=NetR27_1
Added Pin To Net: NetName=NetR28_1 Pin=R28-1
Added Pin To Net: NetName=NetR28_1 Pin=U6-CS1
Added Net: Name=NetR28_1
Added Pin To Net: NetName=NetR29_1 Pin=R29-1
Added Pin To Net: NetName=NetR29_1 Pin=U7-CS2
Added Net: Name=NetR29_1
Added Pin To Net: NetName=NetR30_1 Pin=R30-1
Added Pin To Net: NetName=NetR30_1 Pin=U7-CS1
Added Net: Name=NetR30_1
Added Pin To Net: NetName=NetR31_2 Pin=R31-2
Added Pin To Net: NetName=NetR31_2 Pin=U8-18
Added Net: Name=NetR31_2
Added Pin To Net: NetName=NetR32_2 Pin=R32-2
Added Pin To Net: NetName=NetR32_2 Pin=U9-18
Added Net: Name=NetR32_2
Added Pin To Net: NetName=NetR35_1 Pin=R35-1
Added Pin To Net: NetName=NetR35_1 Pin=U12-8
Added Net: Name=NetR35_1
Added Pin To Net: NetName=NetR36_1 Pin=R36-1
Added Pin To Net: NetName=NetR36_1 Pin=U12-9
Added Net: Name=NetR36_1
Added Pin To Net: NetName=NetR37_1 Pin=R37-1
Added Pin To Net: NetName=NetR37_1 Pin=U12-12
Added Net: Name=NetR37_1
Added Pin To Net: NetName=NetR38_1 Pin=R38-1
Added Pin To Net: NetName=NetR38_1 Pin=U12-13
Added Net: Name=NetR38_1
Added Pin To Net: NetName=NetR39_1 Pin=R39-1
Added Pin To Net: NetName=NetR39_1 Pin=U12-14
Added Net: Name=NetR39_1
Added Pin To Net: NetName=NetR40_1 Pin=R40-1
Added Pin To Net: NetName=NetR40_1 Pin=U12-15
Added Net: Name=NetR40_1
Added Pin To Net: NetName=NetR41_1 Pin=R41-1
Added Pin To Net: NetName=NetR41_1 Pin=U12-16
Added Net: Name=NetR41_1
Added Pin To Net: NetName=NetR42_1 Pin=R42-1
Added Pin To Net: NetName=NetR42_1 Pin=U12-17
Added Net: Name=NetR42_1
Added Pin To Net: NetName=NetR43_2 Pin=R43-2
Added Pin To Net: NetName=NetR43_2 Pin=U12-6
Added Net: Name=NetR43_2
Added Pin To Net: NetName=NetR44A_1 Pin=R44A-1
Added Pin To Net: NetName=NetR44A_1 Pin=U2A-20
Added Net: Name=NetR44A_1
Added Pin To Net: NetName=NetR44B_1 Pin=R44B-1
Added Pin To Net: NetName=NetR44B_1 Pin=U2B-20
Added Net: Name=NetR44B_1
Added Pin To Net: NetName=NetR44C_1 Pin=R44C-1
Added Pin To Net: NetName=NetR44C_1 Pin=U2C-20
Added Net: Name=NetR44C_1
Added Pin To Net: NetName=NetR44D_1 Pin=R44D-1
Added Pin To Net: NetName=NetR44D_1 Pin=U2D-20
Added Net: Name=NetR44D_1
Added Pin To Net: NetName=NetR44E_1 Pin=R44E-1
Added Pin To Net: NetName=NetR44E_1 Pin=U2E-20
Added Net: Name=NetR44E_1
Added Pin To Net: NetName=NetR45A_1 Pin=R45A-1
Added Pin To Net: NetName=NetR45A_1 Pin=U2A-17
Added Net: Name=NetR45A_1
Added Pin To Net: NetName=NetR45B_1 Pin=R45B-1
Added Pin To Net: NetName=NetR45B_1 Pin=U2B-17
Added Net: Name=NetR45B_1
Added Pin To Net: NetName=NetR45C_1 Pin=R45C-1
Added Pin To Net: NetName=NetR45C_1 Pin=U2C-17
Added Net: Name=NetR45C_1
Added Pin To Net: NetName=NetR45D_1 Pin=R45D-1
Added Pin To Net: NetName=NetR45D_1 Pin=U2D-17
Added Net: Name=NetR45D_1
Added Pin To Net: NetName=NetR45E_1 Pin=R45E-1
Added Pin To Net: NetName=NetR45E_1 Pin=U2E-17
Added Net: Name=NetR45E_1
Added Pin To Net: NetName=PAYLOAD_3V0_EN Pin=U9-26
Added Pin To Net: NetName=PAYLOAD_3V0_EN Pin=U11-4
Added Net: Name=PAYLOAD_3V0_EN
Added Pin To Net: NetName=REG1_ENA Pin=R6A-2
Added Pin To Net: NetName=REG1_ENA Pin=R9A-1
Added Pin To Net: NetName=REG1_ENA Pin=U1A-3
Added Net: Name=REG1_ENA
Added Pin To Net: NetName=REG1_ENB Pin=R6B-2
Added Pin To Net: NetName=REG1_ENB Pin=R9B-1
Added Pin To Net: NetName=REG1_ENB Pin=U1B-3
Added Net: Name=REG1_ENB
Added Pin To Net: NetName=REG1_ENE Pin=R6E-2
Added Pin To Net: NetName=REG1_ENE Pin=R9E-1
Added Pin To Net: NetName=REG1_ENE Pin=U1E-3
Added Net: Name=REG1_ENE
Added Pin To Net: NetName=REG1_FBA Pin=C5A-1
Added Pin To Net: NetName=REG1_FBA Pin=R5A-1
Added Pin To Net: NetName=REG1_FBA Pin=R7A-2
Added Pin To Net: NetName=REG1_FBA Pin=R8A-2
Added Pin To Net: NetName=REG1_FBA Pin=U1A-6
Added Net: Name=REG1_FBA
Added Pin To Net: NetName=REG1_FBB Pin=C5B-1
Added Pin To Net: NetName=REG1_FBB Pin=R5B-1
Added Pin To Net: NetName=REG1_FBB Pin=R7B-2
Added Pin To Net: NetName=REG1_FBB Pin=R8B-2
Added Pin To Net: NetName=REG1_FBB Pin=U1B-6
Added Net: Name=REG1_FBB
Added Pin To Net: NetName=REG1_FBC Pin=C5C-1
Added Pin To Net: NetName=REG1_FBC Pin=R5C-1
Added Pin To Net: NetName=REG1_FBC Pin=R7C-2
Added Pin To Net: NetName=REG1_FBC Pin=R8C-2
Added Pin To Net: NetName=REG1_FBC Pin=U1C-6
Added Net: Name=REG1_FBC
Added Pin To Net: NetName=REG1_FBD Pin=C5D-1
Added Pin To Net: NetName=REG1_FBD Pin=R5D-1
Added Pin To Net: NetName=REG1_FBD Pin=R7D-2
Added Pin To Net: NetName=REG1_FBD Pin=R8D-2
Added Pin To Net: NetName=REG1_FBD Pin=U1D-6
Added Net: Name=REG1_FBD
Added Pin To Net: NetName=REG1_FBE Pin=C5E-1
Added Pin To Net: NetName=REG1_FBE Pin=R5E-1
Added Pin To Net: NetName=REG1_FBE Pin=R7E-2
Added Pin To Net: NetName=REG1_FBE Pin=R8E-2
Added Pin To Net: NetName=REG1_FBE Pin=R35-2
Added Pin To Net: NetName=REG1_FBE Pin=R36-2
Added Pin To Net: NetName=REG1_FBE Pin=R37-2
Added Pin To Net: NetName=REG1_FBE Pin=R38-2
Added Pin To Net: NetName=REG1_FBE Pin=U1E-6
Added Net: Name=REG1_FBE
Added Pin To Net: NetName=REG2_ENA Pin=R15A-2
Added Pin To Net: NetName=REG2_ENA Pin=R18A-1
Added Pin To Net: NetName=REG2_ENA Pin=U3A-3
Added Net: Name=REG2_ENA
Added Pin To Net: NetName=REG2_ENB Pin=R15B-2
Added Pin To Net: NetName=REG2_ENB Pin=R18B-1
Added Pin To Net: NetName=REG2_ENB Pin=U3B-3
Added Net: Name=REG2_ENB
Added Pin To Net: NetName=REG2_ENE Pin=R15E-2
Added Pin To Net: NetName=REG2_ENE Pin=R18E-1
Added Pin To Net: NetName=REG2_ENE Pin=U3E-3
Added Net: Name=REG2_ENE
Added Pin To Net: NetName=REG2_FBA Pin=C14A-1
Added Pin To Net: NetName=REG2_FBA Pin=R14A-1
Added Pin To Net: NetName=REG2_FBA Pin=R16A-2
Added Pin To Net: NetName=REG2_FBA Pin=R17A-2
Added Pin To Net: NetName=REG2_FBA Pin=U3A-6
Added Net: Name=REG2_FBA
Added Pin To Net: NetName=REG2_FBB Pin=C14B-1
Added Pin To Net: NetName=REG2_FBB Pin=R14B-1
Added Pin To Net: NetName=REG2_FBB Pin=R16B-2
Added Pin To Net: NetName=REG2_FBB Pin=R17B-2
Added Pin To Net: NetName=REG2_FBB Pin=U3B-6
Added Net: Name=REG2_FBB
Added Pin To Net: NetName=REG2_FBC Pin=C14C-1
Added Pin To Net: NetName=REG2_FBC Pin=R14C-1
Added Pin To Net: NetName=REG2_FBC Pin=R16C-2
Added Pin To Net: NetName=REG2_FBC Pin=R17C-2
Added Pin To Net: NetName=REG2_FBC Pin=U3C-6
Added Net: Name=REG2_FBC
Added Pin To Net: NetName=REG2_FBD Pin=C14D-1
Added Pin To Net: NetName=REG2_FBD Pin=R14D-1
Added Pin To Net: NetName=REG2_FBD Pin=R16D-2
Added Pin To Net: NetName=REG2_FBD Pin=R17D-2
Added Pin To Net: NetName=REG2_FBD Pin=U3D-6
Added Net: Name=REG2_FBD
Added Pin To Net: NetName=REG2_FBE Pin=C14E-1
Added Pin To Net: NetName=REG2_FBE Pin=R14E-1
Added Pin To Net: NetName=REG2_FBE Pin=R16E-2
Added Pin To Net: NetName=REG2_FBE Pin=R17E-2
Added Pin To Net: NetName=REG2_FBE Pin=R39-2
Added Pin To Net: NetName=REG2_FBE Pin=R40-2
Added Pin To Net: NetName=REG2_FBE Pin=R41-2
Added Pin To Net: NetName=REG2_FBE Pin=R42-2
Added Pin To Net: NetName=REG2_FBE Pin=U3E-6
Added Net: Name=REG2_FBE
Added Pin To Net: NetName=REG2A Pin=C12A-2
Added Pin To Net: NetName=REG2A Pin=R11A-1
Added Pin To Net: NetName=REG2A Pin=R12A-1
Added Pin To Net: NetName=REG2A Pin=U2A-9
Added Net: Name=REG2A
Added Pin To Net: NetName=REG2B Pin=C12B-2
Added Pin To Net: NetName=REG2B Pin=R11B-1
Added Pin To Net: NetName=REG2B Pin=R12B-1
Added Pin To Net: NetName=REG2B Pin=U2B-9
Added Net: Name=REG2B
Added Pin To Net: NetName=REG2C Pin=C12C-2
Added Pin To Net: NetName=REG2C Pin=R11C-1
Added Pin To Net: NetName=REG2C Pin=R12C-1
Added Pin To Net: NetName=REG2C Pin=U2C-9
Added Net: Name=REG2C
Added Pin To Net: NetName=REG2D Pin=C12D-2
Added Pin To Net: NetName=REG2D Pin=R11D-1
Added Pin To Net: NetName=REG2D Pin=R12D-1
Added Pin To Net: NetName=REG2D Pin=U2D-9
Added Net: Name=REG2D
Added Pin To Net: NetName=REG2E Pin=C12E-2
Added Pin To Net: NetName=REG2E Pin=R11E-1
Added Pin To Net: NetName=REG2E Pin=R12E-1
Added Pin To Net: NetName=REG2E Pin=U2E-9
Added Net: Name=REG2E
Added Pin To Net: NetName=SCL Pin=P13-2
Added Pin To Net: NetName=SCL Pin=U8-12
Added Pin To Net: NetName=SCL Pin=U9-12
Added Pin To Net: NetName=SCL Pin=U12-3
Added Net: Name=SCL
Added Pin To Net: NetName=SDA Pin=P13-3
Added Pin To Net: NetName=SDA Pin=U8-13
Added Pin To Net: NetName=SDA Pin=U9-13
Added Pin To Net: NetName=SDA Pin=U12-4
Added Net: Name=SDA
Added Pin To Net: NetName=VBATT Pin=C13A-1
Added Pin To Net: NetName=VBATT Pin=C13B-1
Added Pin To Net: NetName=VBATT Pin=C13C-1
Added Pin To Net: NetName=VBATT Pin=C13D-1
Added Pin To Net: NetName=VBATT Pin=C13E-1
Added Pin To Net: NetName=VBATT Pin=FB1A-2
Added Pin To Net: NetName=VBATT Pin=FB1B-2
Added Pin To Net: NetName=VBATT Pin=FB1C-2
Added Pin To Net: NetName=VBATT Pin=FB1D-2
Added Pin To Net: NetName=VBATT Pin=FB1E-2
Added Pin To Net: NetName=VBATT Pin=FB2A-2
Added Pin To Net: NetName=VBATT Pin=FB2B-2
Added Pin To Net: NetName=VBATT Pin=FB2C-2
Added Pin To Net: NetName=VBATT Pin=FB2D-2
Added Pin To Net: NetName=VBATT Pin=FB2E-2
Added Pin To Net: NetName=VBATT Pin=P6-2
Added Net: Name=VBATT
Added Pin To Net: NetName=VOUTE Pin=C1E-2
Added Pin To Net: NetName=VOUTE Pin=Q1E-S2
Added Pin To Net: NetName=VOUTE Pin=Q1E-S2
Added Pin To Net: NetName=VOUTE Pin=Q2E-S2
Added Pin To Net: NetName=VOUTE Pin=Q2E-S2
Added Pin To Net: NetName=VOUTE Pin=R19-1
Added Pin To Net: NetName=VOUTE Pin=U2E-14
Added Pin To Net: NetName=VOUTE Pin=U2E-23
Added Pin To Net: NetName=VOUTE Pin=U4-VCC
Added Pin To Net: NetName=VOUTE Pin=U4-VCC
Added Pin To Net: NetName=VOUTE Pin=U4-VCC
Added Net: Name=VOUTE
Added Pin To Net: NetName=VREG1A Pin=C2A-1
Added Pin To Net: NetName=VREG1A Pin=C5A-2
Added Pin To Net: NetName=VREG1A Pin=C11A-2
Added Pin To Net: NetName=VREG1A Pin=R1A-1
Added Pin To Net: NetName=VREG1A Pin=R2A-1
Added Pin To Net: NetName=VREG1A Pin=R5A-2
Added Pin To Net: NetName=VREG1A Pin=U1A-7
Added Pin To Net: NetName=VREG1A Pin=U2A-4
Added Net: Name=VREG1A
Added Pin To Net: NetName=VREG1B Pin=C2B-1
Added Pin To Net: NetName=VREG1B Pin=C5B-2
Added Pin To Net: NetName=VREG1B Pin=C11B-2
Added Pin To Net: NetName=VREG1B Pin=R1B-1
Added Pin To Net: NetName=VREG1B Pin=R2B-1
Added Pin To Net: NetName=VREG1B Pin=R5B-2
Added Pin To Net: NetName=VREG1B Pin=U1B-7
Added Pin To Net: NetName=VREG1B Pin=U2B-4
Added Net: Name=VREG1B
Added Pin To Net: NetName=VREG1C Pin=C2C-1
Added Pin To Net: NetName=VREG1C Pin=C5C-2
Added Pin To Net: NetName=VREG1C Pin=C11C-2
Added Pin To Net: NetName=VREG1C Pin=R1C-1
Added Pin To Net: NetName=VREG1C Pin=R2C-1
Added Pin To Net: NetName=VREG1C Pin=R5C-2
Added Pin To Net: NetName=VREG1C Pin=U1C-7
Added Pin To Net: NetName=VREG1C Pin=U2C-4
Added Net: Name=VREG1C
Added Pin To Net: NetName=VREG1D Pin=C2D-1
Added Pin To Net: NetName=VREG1D Pin=C5D-2
Added Pin To Net: NetName=VREG1D Pin=C11D-2
Added Pin To Net: NetName=VREG1D Pin=R1D-1
Added Pin To Net: NetName=VREG1D Pin=R2D-1
Added Pin To Net: NetName=VREG1D Pin=R5D-2
Added Pin To Net: NetName=VREG1D Pin=U1D-7
Added Pin To Net: NetName=VREG1D Pin=U2D-4
Added Net: Name=VREG1D
Added Pin To Net: NetName=VREG1E Pin=C2E-1
Added Pin To Net: NetName=VREG1E Pin=C5E-2
Added Pin To Net: NetName=VREG1E Pin=C11E-2
Added Pin To Net: NetName=VREG1E Pin=R1E-1
Added Pin To Net: NetName=VREG1E Pin=R2E-1
Added Pin To Net: NetName=VREG1E Pin=R5E-2
Added Pin To Net: NetName=VREG1E Pin=U1E-7
Added Pin To Net: NetName=VREG1E Pin=U2E-4
Added Net: Name=VREG1E
Added Pin To Net: NetName=VREG2A Pin=C14A-2
Added Pin To Net: NetName=VREG2A Pin=C19A-2
Added Pin To Net: NetName=VREG2A Pin=R14A-2
Added Pin To Net: NetName=VREG2A Pin=U3A-7
Added Net: Name=VREG2A
Added Pin To Net: NetName=VREG2B Pin=C14B-2
Added Pin To Net: NetName=VREG2B Pin=C19B-2
Added Pin To Net: NetName=VREG2B Pin=R14B-2
Added Pin To Net: NetName=VREG2B Pin=U3B-7
Added Net: Name=VREG2B
Added Pin To Net: NetName=VREG2C Pin=C14C-2
Added Pin To Net: NetName=VREG2C Pin=C19C-2
Added Pin To Net: NetName=VREG2C Pin=R14C-2
Added Pin To Net: NetName=VREG2C Pin=U3C-7
Added Net: Name=VREG2C
Added Pin To Net: NetName=VREG2D Pin=C14D-2
Added Pin To Net: NetName=VREG2D Pin=C19D-2
Added Pin To Net: NetName=VREG2D Pin=R14D-2
Added Pin To Net: NetName=VREG2D Pin=U3D-7
Added Net: Name=VREG2D
Added Pin To Net: NetName=VREG2E Pin=C14E-2
Added Pin To Net: NetName=VREG2E Pin=C19E-2
Added Pin To Net: NetName=VREG2E Pin=R14E-2
Added Pin To Net: NetName=VREG2E Pin=U3E-7
Added Net: Name=VREG2E
Added Pin To Net: NetName=VVAR_FAULT1 Pin=U2E-21
Added Net: Name=VVAR_FAULT1
Added Pin To Net: NetName=VVAR_FAULT2 Pin=U2E-16
Added Net: Name=VVAR_FAULT2
Added Pin To Net: NetName=VVAR_PWRGD1 Pin=U2E-22
Added Net: Name=VVAR_PWRGD1
Added Pin To Net: NetName=VVAR_PWRGD2 Pin=U2E-15
Added Net: Name=VVAR_PWRGD2
Added Pin To Net: NetName=VVAR_TX1_EN Pin=U4-IN1
Added Pin To Net: NetName=VVAR_TX1_EN Pin=U9-1
Added Net: Name=VVAR_TX1_EN
Added Pin To Net: NetName=VVAR_TX1 Pin=P1-2
Added Pin To Net: NetName=VVAR_TX1 Pin=U4-OUT1
Added Pin To Net: NetName=VVAR_TX1 Pin=U4-OUT1
Added Pin To Net: NetName=VVAR_TX1 Pin=U4-OUT1
Added Pin To Net: NetName=VVAR_TX1 Pin=U4-OUT1
Added Pin To Net: NetName=VVAR_TX1 Pin=U4-OUT1
Added Pin To Net: NetName=VVAR_TX1 Pin=U4-OUT1
Added Net: Name=VVAR_TX1
Added Pin To Net: NetName=VVAR_TX2_EN Pin=U4-IN2
Added Pin To Net: NetName=VVAR_TX2_EN Pin=U9-2
Added Net: Name=VVAR_TX2_EN
Added Pin To Net: NetName=VVAR_TX2 Pin=P5-2
Added Pin To Net: NetName=VVAR_TX2 Pin=U4-OUT2
Added Pin To Net: NetName=VVAR_TX2 Pin=U4-OUT2
Added Pin To Net: NetName=VVAR_TX2 Pin=U4-OUT2
Added Pin To Net: NetName=VVAR_TX2 Pin=U4-OUT2
Added Pin To Net: NetName=VVAR_TX2 Pin=U4-OUT2
Added Pin To Net: NetName=VVAR_TX2 Pin=U4-OUT2
Added Net: Name=VVAR_TX2
Added Class: Name=3V3
Added Class: Name=5V0
Added Class: Name=9V1
Added Class: Name=13V6
Added Class: Name=PowerBoard
Added Class: Name=Regulation
Added Class: Name=VVAR
Added Class: Name=RedundantReg
Added Room: Name=3V3
Added Room: Name=5V0
Added Room: Name=9V1
Added Room: Name=13V6
Added Room: Name=PowerBoard
Added Room: Name=Regulation
Added Room: Name=VVAR
