Removed Pin From Net: NetName=DTMF_RX Pin=C11_D1-2
Removed Pin From Net: NetName=DTMF_RX Pin=C11_D2-2
Removed Pin From Net: NetName=BCN Pin=R1-1
Removed Pin From Net: NetName=COUNTER_CLK Pin=R2-2
Removed Pin From Net: NetName=AFSK1_RX Pin=R4_A1-1
Removed Pin From Net: NetName=AFSK2_RX Pin=R4_A2-1
Removed Pin From Net: NetName=ADDRESS7 Pin=U1-3
Removed Pin From Net: NetName=ADDRESS6 Pin=U1-4
Removed Pin From Net: NetName=ADDRESS5 Pin=U1-5
Removed Pin From Net: NetName=ADDRESS4 Pin=U1-6
Removed Pin From Net: NetName=ADDRESS3 Pin=U1-7
Removed Pin From Net: NetName=ADDRESS2 Pin=U1-8
Removed Pin From Net: NetName=ADDRESS1 Pin=U1-9
Removed Pin From Net: NetName=ADDRESS0 Pin=U1-10
Removed Pin From Net: NetName=TONE_ON Pin=U1-11
Removed Pin From Net: NetName=RESET Pin=U1-12
Removed Member From Class: ClassName=Beacon Member=C6
Removed Member From Class: ClassName=A1 Member=C11_A1
Removed Member From Class: ClassName=A2 Member=C11_A2
Removed Member From Class: ClassName=A1 Member=R5_A1
Removed Member From Class: ClassName=A2 Member=R5_A2
Change Component DesignItemId : Designator=U1 Old DesignItemId=AT27LV256 New DesignItemId=MIC5200
Change Component DesignItemId : Designator=C1 Old DesignItemId=CAP0603 New DesignItemId=Cap 0402
Change Component DesignItemId : Designator=C3 Old DesignItemId=CAP0603 New DesignItemId=Cap 0402
Change Component DesignItemId : Designator=C4 Old DesignItemId=CAP0603 New DesignItemId=Cap 0402
Change Component DesignItemId : Designator=R1 Old DesignItemId=RES0603 New DesignItemId=Res3
Change Component Footprint: Designator=C1 Old Footprint=CAP0603 New Footprint=CAPC1005X06L
Change Component Footprint: Designator=C3 Old Footprint=CAP0603 New Footprint=CAPC1005X06L
Change Component Footprint: Designator=C4 Old Footprint=CAP0603 New Footprint=CAPC1005X06L
Change Component Footprint: Designator=U1 Old Footprint=PLCC32 New Footprint=SOT230P710X170-4L
Change Component Footprint: Designator=R1 Old Footprint=RES0603 New Footprint=RESC1005X06L
Change Component Comment : Designator=U1 Old Comment=AT27LV256 New Comment=MIC5200
Change Component Comment : Designator=C1 Old Comment=Capacitor, ceramic New Comment=Cap 0402
Change Component Comment : Designator=C3 Old Comment=Capacitor, ceramic New Comment=Cap 0402
Change Component Comment : Designator=C4 Old Comment=Capacitor, ceramic New Comment=Cap 0402
Change Component Comment : Designator=U5_A1 Old Comment=MX614DW New Comment=MX614TN
Change Component Comment : Designator=U5_A2 Old Comment=MX614DW New Comment=MX614TN
Change Component Comment : Designator=R1 Old Comment=Res1 New Comment=Res3
Change Component Designator: OldDesignator=U2 NewDesignator=U202
Change Component Designator: OldDesignator=U3 NewDesignator=U203
Change Component Designator: OldDesignator=U4 NewDesignator=U204
Change Component Designator: OldDesignator=U5_A1 NewDesignator=U211A
Change Component Designator: OldDesignator=U5_A2 NewDesignator=U211B
Change Component Designator: OldDesignator=U6_D1 NewDesignator=U221A
Change Component Designator: OldDesignator=U6_D2 NewDesignator=U221B
Change Component Designator: OldDesignator=X1_A1 NewDesignator=X211A
Change Component Designator: OldDesignator=X1_A2 NewDesignator=X211B
Change Component Designator: OldDesignator=X2_D1 NewDesignator=X221A
Change Component Designator: OldDesignator=X2_D2 NewDesignator=X221B
Added Component: Designator=C2(CAPC1005X06L)
Added Component: Designator=C101(CAPC1005X06L)
Added Component: Designator=C102(CAPC1005X06L)
Added Component: Designator=C103(CAPC1005X06L)
Added Component: Designator=C104(CAPC1005X06L)
Added Component: Designator=C105(CAPC1005X06L)
Added Component: Designator=C106(CAPC1005X06L)
Added Component: Designator=C107(CAPC1005X06L)
Added Component: Designator=C108(CAPC1005X06L)
Added Component: Designator=C109(CAPC1005X06L)
Added Component: Designator=C110(CAPC1005X06L)
Added Component: Designator=C111(CAPC1005X06L)
Added Component: Designator=C112(CAPC1005X06L)
Added Component: Designator=C113(CAPC1005X06L)
Added Component: Designator=C114(CAPC1005X06L)
Added Component: Designator=C115(CAPC1005X06L)
Added Component: Designator=C116(CAPC1005X06L)
Added Component: Designator=C117(CAPC1005X06L)
Added Component: Designator=C118(CAPC1005X06L)
Added Component: Designator=C119(CAPC1005X06L)
Added Component: Designator=C120(CAPC1005X06L)
Added Component: Designator=C121(CAPC1005X06L)
Added Component: Designator=C122(CAPC1005X06L)
Added Component: Designator=C123(CAPC1005X06L)
Added Component: Designator=C201(CAPC1005X06L)
Added Component: Designator=C202(CAPC1005X06L)
Added Component: Designator=C203(CAPC1005X06L)
Added Component: Designator=C204(CAPC1005X06L)
Added Component: Designator=C205(CAPC1005X06L)
Added Component: Designator=C206(CAPC1005X06L)
Added Component: Designator=C211A(CAPC1005X06L)
Added Component: Designator=C211B(CAPC1005X06L)
Added Component: Designator=C212A(CAPC1005X06L)
Added Component: Designator=C212B(CAPC1005X06L)
Added Component: Designator=C213A(CAPC1005X06L)
Added Component: Designator=C213B(CAPC1005X06L)
Added Component: Designator=C214A(CAPC1005X06L)
Added Component: Designator=C214B(CAPC1005X06L)
Added Component: Designator=C221A(CAPC1005X06L)
Added Component: Designator=C221B(CAPC1005X06L)
Added Component: Designator=C222A(CAPC1005X06L)
Added Component: Designator=C222B(CAPC1005X06L)
Added Component: Designator=C223A(CAPC1005X06L)
Added Component: Designator=C223B(CAPC1005X06L)
Added Component: Designator=C224A(CAPC1005X06L)
Added Component: Designator=C224B(CAPC1005X06L)
Added Component: Designator=C231(CAPC1005X06L)
Added Component: Designator=C232(CAPC1005X06L)
Added Component: Designator=C233(CAPC1005X06L)
Added Component: Designator=FB101(INDC1005X06L)
Added Component: Designator=P1(FTDI BASIC)
Added Component: Designator=P2(HDR1X3)
Added Component: Designator=P3(HDR1X3)
Added Component: Designator=P4(FTSH-105-01-L-DV-TR)
Added Component: Designator=Q101(7M)
Added Component: Designator=Q102(9H T10)
Added Component: Designator=R101(RESC1005X06L)
Added Component: Designator=R102(RESC1005X06L)
Added Component: Designator=R201(RESC1005X06L)
Added Component: Designator=R202(RESC1005X06L)
Added Component: Designator=R211A(RESC1005X06L)
Added Component: Designator=R211B(RESC1005X06L)
Added Component: Designator=R212A(RESC1005X06L)
Added Component: Designator=R212B(RESC1005X06L)
Added Component: Designator=R221A(RESC1005X06L)
Added Component: Designator=R221B(RESC1005X06L)
Added Component: Designator=R222A(RESC1005X06L)
Added Component: Designator=R222B(RESC1005X06L)
Added Component: Designator=R223A(RESC1005X06L)
Added Component: Designator=R223B(RESC1005X06L)
Added Component: Designator=R231(RESC1005X06L)
Added Component: Designator=R232(RESC1005X06L)
Added Component: Designator=R233(RESC1005X06L)
Added Component: Designator=R234(RESC1005X06L)
Added Component: Designator=U101(TSQFP50P3000X3000X160-208L)
Added Component: Designator=U102(TSSOP50P2000X120-48L)
Added Component: Designator=U103(TSOP80P1180X120-44L)
Added Component: Designator=U201(PLCC32)
Added Component: Designator=U231(TSSOP16)
Added Component: Designator=U231(TSSOP16)
Added Component: Designator=U232(TSSOP16)
Added Component: Designator=U233(TSSOP16)
Added Pin To Net: NetName=DTMF_RX Pin=C221A-2
Added Pin To Net: NetName=DTMF_RX Pin=C221B-2
Added Pin To Net: NetName=BCN Pin=R201-1
Added Pin To Net: NetName=COUNTER_CLK Pin=R202-1
Added Pin To Net: NetName=AFSK1_RX Pin=R211A-2
Added Pin To Net: NetName=AFSK2_RX Pin=R211B-2
Added Pin To Net: NetName=ADDRESS7 Pin=U201-3
Added Pin To Net: NetName=ADDRESS6 Pin=U201-4
Added Pin To Net: NetName=ADDRESS5 Pin=U201-5
Added Pin To Net: NetName=ADDRESS4 Pin=U201-6
Added Pin To Net: NetName=ADDRESS3 Pin=U201-7
Added Pin To Net: NetName=ADDRESS2 Pin=U201-8
Added Pin To Net: NetName=ADDRESS1 Pin=U201-9
Added Pin To Net: NetName=ADDRESS0 Pin=U201-10
Added Pin To Net: NetName=TONE_ON Pin=U201-11
Added Pin To Net: NetName=RESET Pin=U201-12
Added Pin To Net: NetName=GMSK2_RX Pin=U231-1
Added Pin To Net: NetName=GMSK1_RX Pin=U231-2
Added Pin To Net: NetName=AFSK2_RX Pin=U231-3
Added Pin To Net: NetName=AFSK1_RX Pin=U231-5
Added Pin To Net: NetName=SWC1 Pin=U231-9
Added Pin To Net: NetName=SWC0 Pin=U231-10
Added Pin To Net: NetName=SWC5 Pin=U231-11
Added Pin To Net: NetName=DTMF_RX Pin=U231-14
Added Pin To Net: NetName=GMSK2_TX Pin=U232-1
Added Pin To Net: NetName=SWC2 Pin=U232-9
Added Pin To Net: NetName=SWC3 Pin=U232-10
Added Pin To Net: NetName=SWC4 Pin=U232-11
Added Pin To Net: NetName=GMSK1_TX Pin=U232-12
Added Pin To Net: NetName=BCN Pin=U232-13
Added Pin To Net: NetName=AFSK1_TX Pin=U232-14
Added Pin To Net: NetName=AFSK2_TX Pin=U232-15
Added Pin To Net: NetName=TX2 Pin=U233-3
Added Pin To Net: NetName=TX1 Pin=U233-5
Added Pin To Net: NetName=SWC7 Pin=U233-9
Added Pin To Net: NetName=SWC5 Pin=U233-10
Added Pin To Net: NetName=SWC6 Pin=U233-11
Added Pin To Net: NetName=RX1 Pin=U233-12
Added Pin To Net: NetName=RX2 Pin=U233-13
Added Pin To Net: NetName=DTMF_RX Pin=U233-14
Change Net Name : Old Net Name=DTMF1_Q1 New Net Name=DTMF1_Q2
Change Net Name : Old Net Name=DTMF1_Q2 New Net Name=DTMF1_Q3
Change Net Name : Old Net Name=DTMF1_Q3 New Net Name=DTMF1_Q4
Change Net Name : Old Net Name=DTMF1_Q4 New Net Name=DTMF1_STD
Change Net Name : Old Net Name=DTMF2_Q1 New Net Name=DTMF2_Q2
Change Net Name : Old Net Name=DTMF2_Q2 New Net Name=DTMF2_Q3
Change Net Name : Old Net Name=DTMF2_Q3 New Net Name=DTMF2_Q4
Change Net Name : Old Net Name=DTMF2_Q4 New Net Name=DTMF2_STD
Change Net Name : Old Net Name=NetU5_A1_2 New Net Name=NetU211A_2
Change Net Name : Old Net Name=NetU5_A2_2 New Net Name=NetU211B_2
Change Net Name : Old Net Name=NetU6_D1_1 New Net Name=NetU221A_1
Change Net Name : Old Net Name=NetU6_D2_1 New Net Name=NetU221B_1
Added Pin To Net: NetName=3V3 Pin=C1-2
Added Pin To Net: NetName=3V3 Pin=C2-2
Added Pin To Net: NetName=3V3 Pin=C101-2
Added Pin To Net: NetName=3V3 Pin=C102-2
Added Pin To Net: NetName=3V3 Pin=C103-2
Added Pin To Net: NetName=3V3 Pin=C104-2
Added Pin To Net: NetName=3V3 Pin=C105-2
Added Pin To Net: NetName=3V3 Pin=C106-2
Added Pin To Net: NetName=3V3 Pin=C107-2
Added Pin To Net: NetName=3V3 Pin=C108-2
Added Pin To Net: NetName=3V3 Pin=C109-2
Added Pin To Net: NetName=3V3 Pin=C110-2
Added Pin To Net: NetName=3V3 Pin=C111-2
Added Pin To Net: NetName=3V3 Pin=C112-2
Added Pin To Net: NetName=3V3 Pin=C113-2
Added Pin To Net: NetName=3V3 Pin=C116-2
Added Pin To Net: NetName=3V3 Pin=C117-2
Added Pin To Net: NetName=3V3 Pin=C118-2
Added Pin To Net: NetName=3V3 Pin=C119-2
Added Pin To Net: NetName=3V3 Pin=C201-1
Added Pin To Net: NetName=3V3 Pin=C202-1
Added Pin To Net: NetName=3V3 Pin=C203-1
Added Pin To Net: NetName=3V3 Pin=C204-2
Added Pin To Net: NetName=3V3 Pin=C231-2
Added Pin To Net: NetName=3V3 Pin=C232-2
Added Pin To Net: NetName=3V3 Pin=C233-2
Added Pin To Net: NetName=3V3 Pin=FB101-1
Added Pin To Net: NetName=3V3 Pin=P2-1
Added Pin To Net: NetName=3V3 Pin=P3-1
Added Pin To Net: NetName=3V3 Pin=P4-1
Added Pin To Net: NetName=3V3 Pin=R102-2
Added Pin To Net: NetName=3V3 Pin=U1-3
Added Pin To Net: NetName=3V3 Pin=U101-15
Added Pin To Net: NetName=3V3 Pin=U101-20
Added Pin To Net: NetName=3V3 Pin=U101-26
Added Pin To Net: NetName=3V3 Pin=U101-60
Added Pin To Net: NetName=3V3 Pin=U101-71
Added Pin To Net: NetName=3V3 Pin=U101-86
Added Pin To Net: NetName=3V3 Pin=U101-89
Added Pin To Net: NetName=3V3 Pin=U101-112
Added Pin To Net: NetName=3V3 Pin=U101-125
Added Pin To Net: NetName=3V3 Pin=U101-146
Added Pin To Net: NetName=3V3 Pin=U101-165
Added Pin To Net: NetName=3V3 Pin=U101-174
Added Pin To Net: NetName=3V3 Pin=U101-181
Added Pin To Net: NetName=3V3 Pin=U101-198
Added Pin To Net: NetName=3V3 Pin=U102-37
Added Pin To Net: NetName=3V3 Pin=U102-47
Added Pin To Net: NetName=3V3 Pin=U103-11
Added Pin To Net: NetName=3V3 Pin=U103-33
Added Pin To Net: NetName=3V3 Pin=U201-1
Added Pin To Net: NetName=3V3 Pin=U201-28
Added Pin To Net: NetName=3V3 Pin=U203-16
Added Pin To Net: NetName=3V3 Pin=U204-3
Added Pin To Net: NetName=3V3 Pin=U204-4
Added Pin To Net: NetName=3V3 Pin=U231-16
Added Pin To Net: NetName=3V3 Pin=U231-16
Added Pin To Net: NetName=3V3 Pin=U232-16
Added Net: Name=3V3
Added Pin To Net: NetName=A0 Pin=U101-79
Added Pin To Net: NetName=A0 Pin=U102-25
Added Pin To Net: NetName=A0 Pin=U103-5
Added Net: Name=A0
Added Pin To Net: NetName=A1 Pin=U101-83
Added Pin To Net: NetName=A1 Pin=U102-24
Added Pin To Net: NetName=A1 Pin=U103-4
Added Net: Name=A1
Added Pin To Net: NetName=A2 Pin=U101-97
Added Pin To Net: NetName=A2 Pin=U102-23
Added Pin To Net: NetName=A2 Pin=U103-3
Added Net: Name=A2
Added Pin To Net: NetName=A3 Pin=U101-103
Added Pin To Net: NetName=A3 Pin=U102-22
Added Pin To Net: NetName=A3 Pin=U103-2
Added Net: Name=A3
Added Pin To Net: NetName=A4 Pin=U101-107
Added Pin To Net: NetName=A4 Pin=U102-21
Added Pin To Net: NetName=A4 Pin=U103-1
Added Net: Name=A4
Added Pin To Net: NetName=A5 Pin=U101-113
Added Pin To Net: NetName=A5 Pin=U102-20
Added Pin To Net: NetName=A5 Pin=U103-44
Added Net: Name=A5
Added Pin To Net: NetName=A6 Pin=U101-121
Added Pin To Net: NetName=A6 Pin=U102-19
Added Pin To Net: NetName=A6 Pin=U103-43
Added Net: Name=A6
Added Pin To Net: NetName=A7 Pin=U101-127
Added Pin To Net: NetName=A7 Pin=U102-18
Added Pin To Net: NetName=A7 Pin=U103-42
Added Net: Name=A7
Added Pin To Net: NetName=A8 Pin=U101-131
Added Pin To Net: NetName=A8 Pin=U102-8
Added Pin To Net: NetName=A8 Pin=U103-27
Added Net: Name=A8
Added Pin To Net: NetName=A9 Pin=U101-135
Added Pin To Net: NetName=A9 Pin=U102-7
Added Pin To Net: NetName=A9 Pin=U103-26
Added Net: Name=A9
Added Pin To Net: NetName=A10 Pin=U101-145
Added Pin To Net: NetName=A10 Pin=U102-6
Added Pin To Net: NetName=A10 Pin=U103-25
Added Net: Name=A10
Added Pin To Net: NetName=A11 Pin=U101-149
Added Pin To Net: NetName=A11 Pin=U102-5
Added Pin To Net: NetName=A11 Pin=U103-24
Added Net: Name=A11
Added Pin To Net: NetName=A12 Pin=U101-155
Added Pin To Net: NetName=A12 Pin=U102-4
Added Pin To Net: NetName=A12 Pin=U103-23
Added Net: Name=A12
Added Pin To Net: NetName=A13 Pin=U101-159
Added Pin To Net: NetName=A13 Pin=U102-3
Added Pin To Net: NetName=A13 Pin=U103-22
Added Net: Name=A13
Added Pin To Net: NetName=A14 Pin=U101-173
Added Pin To Net: NetName=A14 Pin=U102-2
Added Pin To Net: NetName=A14 Pin=U103-21
Added Net: Name=A14
Added Pin To Net: NetName=A15 Pin=U101-101
Added Pin To Net: NetName=A15 Pin=U102-1
Added Pin To Net: NetName=A15 Pin=U103-20
Added Net: Name=A15
Added Pin To Net: NetName=A16 Pin=U101-104
Added Pin To Net: NetName=A16 Pin=U102-48
Added Pin To Net: NetName=A16 Pin=U103-19
Added Net: Name=A16
Added Pin To Net: NetName=A17 Pin=U101-105
Added Pin To Net: NetName=A17 Pin=U102-17
Added Pin To Net: NetName=A17 Pin=U103-18
Added Net: Name=A17
Added Pin To Net: NetName=A18 Pin=U101-111
Added Pin To Net: NetName=A18 Pin=U102-16
Added Net: Name=A18
Added Pin To Net: NetName=A19 Pin=U101-109
Added Pin To Net: NetName=A19 Pin=U102-9
Added Net: Name=A19
Added Pin To Net: NetName=BLS0 Pin=U101-119
Added Pin To Net: NetName=BLS0 Pin=U102-15
Added Pin To Net: NetName=BLS0 Pin=U103-39
Added Net: Name=BLS0
Added Pin To Net: NetName=BLS1 Pin=U101-139
Added Pin To Net: NetName=BLS1 Pin=U102-14
Added Pin To Net: NetName=BLS1 Pin=U103-40
Added Net: Name=BLS1
Added Pin To Net: NetName=CS0 Pin=U101-187
Added Pin To Net: NetName=CS0 Pin=U102-26
Added Net: Name=CS0
Added Pin To Net: NetName=CS1 Pin=U101-193
Added Pin To Net: NetName=CS1 Pin=U103-6
Added Net: Name=CS1
Added Pin To Net: NetName=D0 Pin=U101-197
Added Pin To Net: NetName=D0 Pin=U102-29
Added Pin To Net: NetName=D0 Pin=U103-7
Added Net: Name=D0
Added Pin To Net: NetName=D1 Pin=U101-201
Added Pin To Net: NetName=D1 Pin=U102-31
Added Pin To Net: NetName=D1 Pin=U103-8
Added Net: Name=D1
Added Pin To Net: NetName=D2 Pin=U101-207
Added Pin To Net: NetName=D2 Pin=U102-33
Added Pin To Net: NetName=D2 Pin=U103-9
Added Net: Name=D2
Added Pin To Net: NetName=D3 Pin=U101-3
Added Pin To Net: NetName=D3 Pin=U102-35
Added Pin To Net: NetName=D3 Pin=U103-10
Added Net: Name=D3
Added Pin To Net: NetName=D4 Pin=U101-13
Added Pin To Net: NetName=D4 Pin=U102-38
Added Pin To Net: NetName=D4 Pin=U103-13
Added Net: Name=D4
Added Pin To Net: NetName=D5 Pin=U101-17
Added Pin To Net: NetName=D5 Pin=U102-40
Added Pin To Net: NetName=D5 Pin=U103-14
Added Net: Name=D5
Added Pin To Net: NetName=D6 Pin=U101-23
Added Pin To Net: NetName=D6 Pin=U102-42
Added Pin To Net: NetName=D6 Pin=U103-15
Added Net: Name=D6
Added Pin To Net: NetName=D7 Pin=U101-27
Added Pin To Net: NetName=D7 Pin=U102-44
Added Pin To Net: NetName=D7 Pin=U103-16
Added Net: Name=D7
Added Pin To Net: NetName=D8 Pin=U101-191
Added Pin To Net: NetName=D8 Pin=U102-30
Added Pin To Net: NetName=D8 Pin=U103-29
Added Net: Name=D8
Added Pin To Net: NetName=D9 Pin=U101-199
Added Pin To Net: NetName=D9 Pin=U102-32
Added Pin To Net: NetName=D9 Pin=U103-30
Added Net: Name=D9
Added Pin To Net: NetName=D10 Pin=U101-205
Added Pin To Net: NetName=D10 Pin=U102-34
Added Pin To Net: NetName=D10 Pin=U103-31
Added Net: Name=D10
Added Pin To Net: NetName=D11 Pin=U101-208
Added Pin To Net: NetName=D11 Pin=U102-36
Added Pin To Net: NetName=D11 Pin=U103-32
Added Net: Name=D11
Added Pin To Net: NetName=D12 Pin=U101-1
Added Pin To Net: NetName=D12 Pin=U102-39
Added Pin To Net: NetName=D12 Pin=U103-35
Added Net: Name=D12
Added Pin To Net: NetName=D13 Pin=U101-7
Added Pin To Net: NetName=D13 Pin=U102-41
Added Pin To Net: NetName=D13 Pin=U103-36
Added Net: Name=D13
Added Pin To Net: NetName=D14 Pin=U101-21
Added Pin To Net: NetName=D14 Pin=U102-43
Added Pin To Net: NetName=D14 Pin=U103-37
Added Net: Name=D14
Added Pin To Net: NetName=D15 Pin=U101-28
Added Pin To Net: NetName=D15 Pin=U102-45
Added Pin To Net: NetName=D15 Pin=U103-38
Added Net: Name=D15
Added Pin To Net: NetName=DTMF1_Q1 Pin=U221A-11
Added Net: Name=DTMF1_Q1
Added Pin To Net: NetName=DTMF2_Q1 Pin=U221B-11
Added Net: Name=DTMF2_Q1
Added Pin To Net: NetName=EXT1-2 Pin=U101-50
Added Net: Name=EXT1-2
Added Pin To Net: NetName=EXT1-3 Pin=U101-48
Added Net: Name=EXT1-3
Added Pin To Net: NetName=EXT1-4 Pin=U101-74
Added Net: Name=EXT1-4
Added Pin To Net: NetName=EXT1-5 Pin=U101-76
Added Net: Name=EXT1-5
Added Pin To Net: NetName=EXT1-6 Pin=U101-78
Added Net: Name=EXT1-6
Added Pin To Net: NetName=EXT1-7 Pin=U101-80
Added Net: Name=EXT1-7
Added Pin To Net: NetName=EXT1-8 Pin=U101-82
Added Net: Name=EXT1-8
Added Pin To Net: NetName=EXT1-9 Pin=U101-88
Added Net: Name=EXT1-9
Added Pin To Net: NetName=EXT1-10 Pin=U101-142
Added Net: Name=EXT1-10
Added Pin To Net: NetName=EXT1-11 Pin=U101-90
Added Net: Name=EXT1-11
Added Pin To Net: NetName=EXT1-12 Pin=U101-92
Added Net: Name=EXT1-12
Added Pin To Net: NetName=EXT1-13 Pin=U101-42
Added Net: Name=EXT1-13
Added Pin To Net: NetName=EXT1-14 Pin=U101-40
Added Net: Name=EXT1-14
Added Pin To Net: NetName=EXT1-15 Pin=U101-140
Added Net: Name=EXT1-15
Added Pin To Net: NetName=EXT1-16 Pin=U101-94
Added Net: Name=EXT1-16
Added Pin To Net: NetName=EXT1-17 Pin=U101-96
Added Net: Name=EXT1-17
Added Pin To Net: NetName=EXT1-18 Pin=U101-100
Added Net: Name=EXT1-18
Added Pin To Net: NetName=EXT1-19 Pin=U101-41
Added Net: Name=EXT1-19
Added Pin To Net: NetName=EXT1-20 Pin=U101-45
Added Net: Name=EXT1-20
Added Pin To Net: NetName=EXT1-21 Pin=U101-69
Added Net: Name=EXT1-21
Added Pin To Net: NetName=EXT1-22 Pin=U101-128
Added Net: Name=EXT1-22
Added Pin To Net: NetName=EXT1-23 Pin=U101-130
Added Net: Name=EXT1-23
Added Pin To Net: NetName=EXT1-24 Pin=U101-126
Added Net: Name=EXT1-24
Added Pin To Net: NetName=EXT1-26 Pin=U101-124
Added Net: Name=EXT1-26
Added Pin To Net: NetName=EXT1-27 Pin=U101-122
Added Net: Name=EXT1-27
Added Pin To Net: NetName=EXT1-28 Pin=U101-120
Added Net: Name=EXT1-28
Added Pin To Net: NetName=EXT1-29 Pin=U101-118
Added Net: Name=EXT1-29
Added Pin To Net: NetName=EXT1-30 Pin=U101-116
Added Net: Name=EXT1-30
Added Pin To Net: NetName=EXT1-31 Pin=U101-18
Added Net: Name=EXT1-31
Added Pin To Net: NetName=EXT1-32 Pin=U101-16
Added Net: Name=EXT1-32
Added Pin To Net: NetName=EXT1-33 Pin=U101-108
Added Net: Name=EXT1-33
Added Pin To Net: NetName=EXT1-34 Pin=U101-138
Added Net: Name=EXT1-34
Added Pin To Net: NetName=EXT1-35 Pin=U101-136
Added Net: Name=EXT1-35
Added Pin To Net: NetName=EXT1-36 Pin=U101-134
Added Net: Name=EXT1-36
Added Pin To Net: NetName=EXT1-37 Pin=U101-132
Added Net: Name=EXT1-37
Added Pin To Net: NetName=EXT1-38 Pin=U101-123
Added Net: Name=EXT1-38
Added Pin To Net: NetName=EXT1-39 Pin=U101-129
Added Net: Name=EXT1-39
Added Pin To Net: NetName=EXT2-2 Pin=U101-158
Added Net: Name=EXT2-2
Added Pin To Net: NetName=EXT2-3 Pin=U101-98
Added Net: Name=EXT2-3
Added Pin To Net: NetName=EXT2-4 Pin=U101-154
Added Net: Name=EXT2-4
Added Pin To Net: NetName=EXT2-5 Pin=U101-152
Added Net: Name=EXT2-5
Added Pin To Net: NetName=EXT2-6 Pin=U101-150
Added Net: Name=EXT2-6
Added Pin To Net: NetName=EXT2-7 Pin=U101-144
Added Net: Name=EXT2-7
Added Pin To Net: NetName=EXT2-8 Pin=U101-137
Added Net: Name=EXT2-8
Added Pin To Net: NetName=EXT2-9 Pin=U101-143
Added Net: Name=EXT2-9
Added Pin To Net: NetName=EXT2-10 Pin=U101-151
Added Net: Name=EXT2-10
Added Pin To Net: NetName=EXT2-11 Pin=U101-161
Added Net: Name=EXT2-11
Added Pin To Net: NetName=EXT2-12 Pin=U101-167
Added Net: Name=EXT2-12
Added Pin To Net: NetName=EXT2-13 Pin=U101-175
Added Net: Name=EXT2-13
Added Pin To Net: NetName=EXT2-14 Pin=U101-195
Added Net: Name=EXT2-14
Added Pin To Net: NetName=EXT2-15 Pin=U101-168
Added Net: Name=EXT2-15
Added Pin To Net: NetName=EXT2-16 Pin=U101-166
Added Net: Name=EXT2-16
Added Pin To Net: NetName=EXT2-17 Pin=U101-164
Added Net: Name=EXT2-17
Added Pin To Net: NetName=EXT2-18 Pin=U101-162
Added Net: Name=EXT2-18
Added Pin To Net: NetName=EXT2-19 Pin=U101-160
Added Net: Name=EXT2-19
Added Pin To Net: NetName=EXT2-20 Pin=U101-190
Added Net: Name=EXT2-20
Added Pin To Net: NetName=EXT2-21 Pin=U101-188
Added Net: Name=EXT2-21
Added Pin To Net: NetName=EXT2-22 Pin=U101-186
Added Net: Name=EXT2-22
Added Pin To Net: NetName=EXT2-23 Pin=U101-163
Added Net: Name=EXT2-23
Added Pin To Net: NetName=EXT2-24 Pin=U101-157
Added Net: Name=EXT2-24
Added Pin To Net: NetName=EXT2-25 Pin=U101-147
Added Net: Name=EXT2-25
Added Pin To Net: NetName=EXT2-26 Pin=U101-184
Added Net: Name=EXT2-26
Added Pin To Net: NetName=EXT2-27 Pin=U101-182
Added Net: Name=EXT2-27
Added Pin To Net: NetName=EXT2-28 Pin=U101-180
Added Net: Name=EXT2-28
Added Pin To Net: NetName=EXT2-29 Pin=U101-178
Added Net: Name=EXT2-29
Added Pin To Net: NetName=EXT2-30 Pin=U101-196
Added Net: Name=EXT2-30
Added Pin To Net: NetName=EXT2-31 Pin=U101-194
Added Net: Name=EXT2-31
Added Pin To Net: NetName=EXT2-32 Pin=U101-185
Added Net: Name=EXT2-32
Added Pin To Net: NetName=EXT2-33 Pin=U101-177
Added Net: Name=EXT2-33
Added Pin To Net: NetName=EXT2-34 Pin=U101-192
Added Net: Name=EXT2-34
Added Pin To Net: NetName=EXT2-35 Pin=U101-156
Added Net: Name=EXT2-35
Added Pin To Net: NetName=EXT2-36 Pin=U101-171
Added Net: Name=EXT2-36
Added Pin To Net: NetName=EXT2-37 Pin=U101-153
Added Net: Name=EXT2-37
Added Pin To Net: NetName=EXT2-38 Pin=P1-3
Added Pin To Net: NetName=EXT2-38 Pin=U101-202
Added Net: Name=EXT2-38
Added Pin To Net: NetName=EXT2-39 Pin=P1-2
Added Pin To Net: NetName=EXT2-39 Pin=U101-204
Added Net: Name=EXT2-39
Added Pin To Net: NetName=EXT3-2 Pin=U101-106
Added Net: Name=EXT3-2
Added Pin To Net: NetName=EXT3-3 Pin=U101-102
Added Net: Name=EXT3-3
Added Pin To Net: NetName=EXT3-4 Pin=U101-87
Added Net: Name=EXT3-4
Added Pin To Net: NetName=EXT3-5 Pin=U101-95
Added Net: Name=EXT3-5
Added Pin To Net: NetName=EXT3-6 Pin=U101-59
Added Net: Name=EXT3-6
Added Pin To Net: NetName=EXT3-7 Pin=U101-67
Added Net: Name=EXT3-7
Added Pin To Net: NetName=EXT3-8 Pin=U101-73
Added Net: Name=EXT3-8
Added Pin To Net: NetName=EXT3-9 Pin=U101-81
Added Net: Name=EXT3-9
Added Pin To Net: NetName=EXT3-10 Pin=U101-85
Added Net: Name=EXT3-10
Added Pin To Net: NetName=EXT3-11 Pin=U101-64
Added Net: Name=EXT3-11
Added Pin To Net: NetName=EXT3-12 Pin=U101-53
Added Net: Name=EXT3-12
Added Pin To Net: NetName=EXT3-13 Pin=U101-54
Added Net: Name=EXT3-13
Added Pin To Net: NetName=EXT3-14 Pin=U101-57
Added Net: Name=EXT3-14
Added Pin To Net: NetName=EXT3-15 Pin=U101-47
Added Net: Name=EXT3-15
Added Pin To Net: NetName=EXT3-16 Pin=U101-49
Added Net: Name=EXT3-16
Added Pin To Net: NetName=EXT3-17 Pin=U101-43
Added Net: Name=EXT3-17
Added Pin To Net: NetName=EXT3-18 Pin=U101-31
Added Net: Name=EXT3-18
Added Pin To Net: NetName=EXT3-19 Pin=U101-39
Added Net: Name=EXT3-19
Added Pin To Net: NetName=EXT3-20 Pin=U101-170
Added Net: Name=EXT3-20
Added Pin To Net: NetName=EXT3-21 Pin=U101-176
Added Net: Name=EXT3-21
Added Pin To Net: NetName=EXT3-22 Pin=U101-65
Added Net: Name=EXT3-22
Added Pin To Net: NetName=EXT3-23 Pin=U101-58
Added Net: Name=EXT3-23
Added Pin To Net: NetName=EXT3-24 Pin=U101-56
Added Net: Name=EXT3-24
Added Pin To Net: NetName=EXT3-25 Pin=U101-55
Added Net: Name=EXT3-25
Added Pin To Net: NetName=EXT3-26 Pin=U101-203
Added Net: Name=EXT3-26
Added Pin To Net: NetName=EXT3-27 Pin=U101-5
Added Net: Name=EXT3-27
Added Pin To Net: NetName=EXT3-28 Pin=U101-11
Added Net: Name=EXT3-28
Added Pin To Net: NetName=EXT3-29 Pin=U101-19
Added Net: Name=EXT3-29
Added Pin To Net: NetName=EXT3-30 Pin=U101-25
Added Net: Name=EXT3-30
Added Pin To Net: NetName=EXT3-31 Pin=U101-66
Added Net: Name=EXT3-31
Added Pin To Net: NetName=EXT3-32 Pin=U101-68
Added Net: Name=EXT3-32
Added Pin To Net: NetName=EXT3-33 Pin=U101-70
Added Net: Name=EXT3-33
Added Pin To Net: NetName=EXT3-34 Pin=U101-72
Added Net: Name=EXT3-34
Added Pin To Net: NetName=EXT3-35 Pin=U101-14
Added Net: Name=EXT3-35
Added Pin To Net: NetName=EXT3-36 Pin=U101-12
Added Net: Name=EXT3-36
Added Pin To Net: NetName=EXT3-37 Pin=U101-61
Added Net: Name=EXT3-37
Added Pin To Net: NetName=EXT3-38 Pin=U101-62
Added Net: Name=EXT3-38
Added Pin To Net: NetName=EXT3-39 Pin=U101-51
Added Net: Name=EXT3-39
Added Pin To Net: NetName=GNDA Pin=C1-1
Added Pin To Net: NetName=GNDA Pin=C2-1
Added Pin To Net: NetName=GNDA Pin=C3-1
Added Pin To Net: NetName=GNDA Pin=C4-1
Added Pin To Net: NetName=GNDA Pin=C101-1
Added Pin To Net: NetName=GNDA Pin=C102-1
Added Pin To Net: NetName=GNDA Pin=C103-1
Added Pin To Net: NetName=GNDA Pin=C104-1
Added Pin To Net: NetName=GNDA Pin=C105-1
Added Pin To Net: NetName=GNDA Pin=C106-1
Added Pin To Net: NetName=GNDA Pin=C107-1
Added Pin To Net: NetName=GNDA Pin=C108-1
Added Pin To Net: NetName=GNDA Pin=C109-1
Added Pin To Net: NetName=GNDA Pin=C110-1
Added Pin To Net: NetName=GNDA Pin=C111-1
Added Pin To Net: NetName=GNDA Pin=C112-1
Added Pin To Net: NetName=GNDA Pin=C113-1
Added Pin To Net: NetName=GNDA Pin=C114-1
Added Pin To Net: NetName=GNDA Pin=C115-1
Added Pin To Net: NetName=GNDA Pin=C116-1
Added Pin To Net: NetName=GNDA Pin=C117-1
Added Pin To Net: NetName=GNDA Pin=C118-1
Added Pin To Net: NetName=GNDA Pin=C119-1
Added Pin To Net: NetName=GNDA Pin=C120-2
Added Pin To Net: NetName=GNDA Pin=C121-1
Added Pin To Net: NetName=GNDA Pin=C122-2
Added Pin To Net: NetName=GNDA Pin=C123-1
Added Pin To Net: NetName=GNDA Pin=C201-2
Added Pin To Net: NetName=GNDA Pin=C202-2
Added Pin To Net: NetName=GNDA Pin=C203-2
Added Pin To Net: NetName=GNDA Pin=C204-1
Added Pin To Net: NetName=GNDA Pin=C205-1
Added Pin To Net: NetName=GNDA Pin=C206-1
Added Pin To Net: NetName=GNDA Pin=C211A-1
Added Pin To Net: NetName=GNDA Pin=C211B-1
Added Pin To Net: NetName=GNDA Pin=C212A-1
Added Pin To Net: NetName=GNDA Pin=C212B-1
Added Pin To Net: NetName=GNDA Pin=C214A-1
Added Pin To Net: NetName=GNDA Pin=C214B-1
Added Pin To Net: NetName=GNDA Pin=C222A-1
Added Pin To Net: NetName=GNDA Pin=C222B-1
Added Pin To Net: NetName=GNDA Pin=C224A-2
Added Pin To Net: NetName=GNDA Pin=C224B-2
Added Pin To Net: NetName=GNDA Pin=C231-1
Added Pin To Net: NetName=GNDA Pin=C232-1
Added Pin To Net: NetName=GNDA Pin=C233-1
Added Pin To Net: NetName=GNDA Pin=P1-6
Added Pin To Net: NetName=GNDA Pin=P2-3
Added Pin To Net: NetName=GNDA Pin=P3-3
Added Pin To Net: NetName=GNDA Pin=P4-3
Added Pin To Net: NetName=GNDA Pin=P4-5
Added Pin To Net: NetName=GNDA Pin=P4-9
Added Pin To Net: NetName=GNDA Pin=Q101-3
Added Pin To Net: NetName=GNDA Pin=Q101-3
Added Pin To Net: NetName=GNDA Pin=R101-2
Added Pin To Net: NetName=GNDA Pin=R231-2
Added Pin To Net: NetName=GNDA Pin=R232-2
Added Pin To Net: NetName=GNDA Pin=R233-2
Added Pin To Net: NetName=GNDA Pin=R234-1
Added Pin To Net: NetName=GNDA Pin=U1-2
Added Pin To Net: NetName=GNDA Pin=U101-9
Added Pin To Net: NetName=GNDA Pin=U101-22
Added Pin To Net: NetName=GNDA Pin=U101-32
Added Pin To Net: NetName=GNDA Pin=U101-33
Added Pin To Net: NetName=GNDA Pin=U101-63
Added Pin To Net: NetName=GNDA Pin=U101-77
Added Pin To Net: NetName=GNDA Pin=U101-84
Added Pin To Net: NetName=GNDA Pin=U101-93
Added Pin To Net: NetName=GNDA Pin=U101-114
Added Pin To Net: NetName=GNDA Pin=U101-133
Added Pin To Net: NetName=GNDA Pin=U101-148
Added Pin To Net: NetName=GNDA Pin=U101-169
Added Pin To Net: NetName=GNDA Pin=U101-172
Added Pin To Net: NetName=GNDA Pin=U101-189
Added Pin To Net: NetName=GNDA Pin=U101-200
Added Pin To Net: NetName=GNDA Pin=U102-27
Added Pin To Net: NetName=GNDA Pin=U102-46
Added Pin To Net: NetName=GNDA Pin=U103-12
Added Pin To Net: NetName=GNDA Pin=U103-34
Added Pin To Net: NetName=GNDA Pin=U201-2
Added Pin To Net: NetName=GNDA Pin=U201-14
Added Pin To Net: NetName=GNDA Pin=U201-20
Added Pin To Net: NetName=GNDA Pin=U201-21
Added Pin To Net: NetName=GNDA Pin=U201-22
Added Pin To Net: NetName=GNDA Pin=U201-23
Added Pin To Net: NetName=GNDA Pin=U201-24
Added Pin To Net: NetName=GNDA Pin=U201-25
Added Pin To Net: NetName=GNDA Pin=U201-26
Added Pin To Net: NetName=GNDA Pin=U201-27
Added Pin To Net: NetName=GNDA Pin=U202-2
Added Pin To Net: NetName=GNDA Pin=U203-1
Added Pin To Net: NetName=GNDA Pin=U203-8
Added Pin To Net: NetName=GNDA Pin=U203-9
Added Pin To Net: NetName=GNDA Pin=U204-2
Added Pin To Net: NetName=GNDA Pin=U211A-8
Added Pin To Net: NetName=GNDA Pin=U211B-8
Added Pin To Net: NetName=GNDA Pin=U221A-5
Added Pin To Net: NetName=GNDA Pin=U221A-6
Added Pin To Net: NetName=GNDA Pin=U221A-9
Added Pin To Net: NetName=GNDA Pin=U221B-5
Added Pin To Net: NetName=GNDA Pin=U221B-6
Added Pin To Net: NetName=GNDA Pin=U221B-9
Added Pin To Net: NetName=GNDA Pin=U231-7
Added Pin To Net: NetName=GNDA Pin=U231-7
Added Pin To Net: NetName=GNDA Pin=U231-8
Added Pin To Net: NetName=GNDA Pin=U231-8
Added Pin To Net: NetName=GNDA Pin=U232-7
Added Pin To Net: NetName=GNDA Pin=U232-8
Added Pin To Net: NetName=GNDA Pin=X211A-2
Added Pin To Net: NetName=GNDA Pin=X211B-2
Added Pin To Net: NetName=GNDA Pin=X221A-2
Added Pin To Net: NetName=GNDA Pin=X221B-2
Added Net: Name=GNDA
Added Pin To Net: NetName=NetC3_2 Pin=C3-2
Added Pin To Net: NetName=NetC3_2 Pin=C4-2
Added Pin To Net: NetName=NetC3_2 Pin=P1-4
Added Pin To Net: NetName=NetC3_2 Pin=U1-1
Added Net: Name=NetC3_2
Added Pin To Net: NetName=NetC114_2 Pin=C114-2
Added Pin To Net: NetName=NetC114_2 Pin=C115-2
Added Pin To Net: NetName=NetC114_2 Pin=FB101-2
Added Pin To Net: NetName=NetC114_2 Pin=U101-38
Added Net: Name=NetC114_2
Added Pin To Net: NetName=NetC120_1 Pin=C120-1
Added Pin To Net: NetName=NetC120_1 Pin=Q101-1
Added Pin To Net: NetName=NetC120_1 Pin=U101-44
Added Net: Name=NetC120_1
Added Pin To Net: NetName=NetC121_2 Pin=C121-2
Added Pin To Net: NetName=NetC121_2 Pin=Q101-2
Added Pin To Net: NetName=NetC121_2 Pin=U101-46
Added Net: Name=NetC121_2
Added Pin To Net: NetName=NetC122_1 Pin=C122-1
Added Pin To Net: NetName=NetC122_1 Pin=Q102-2
Added Pin To Net: NetName=NetC122_1 Pin=U101-34
Added Net: Name=NetC122_1
Added Pin To Net: NetName=NetC123_2 Pin=C123-2
Added Pin To Net: NetName=NetC123_2 Pin=Q102-1
Added Pin To Net: NetName=NetC123_2 Pin=U101-36
Added Net: Name=NetC123_2
Added Pin To Net: NetName=NetC205_2 Pin=C205-2
Added Pin To Net: NetName=NetC205_2 Pin=R201-2
Added Pin To Net: NetName=NetC205_2 Pin=U202-1
Added Net: Name=NetC205_2
Added Pin To Net: NetName=NetC206_2 Pin=C206-2
Added Pin To Net: NetName=NetC206_2 Pin=R202-2
Added Pin To Net: NetName=NetC206_2 Pin=U204-1
Added Net: Name=NetC206_2
Added Pin To Net: NetName=NetC213A_1 Pin=C213A-1
Added Pin To Net: NetName=NetC213A_1 Pin=R212A-2
Added Pin To Net: NetName=NetC213A_1 Pin=U211A-5
Added Net: Name=NetC213A_1
Added Pin To Net: NetName=NetC213A_2 Pin=C213A-2
Added Pin To Net: NetName=NetC213A_2 Pin=R211A-1
Added Pin To Net: NetName=NetC213A_2 Pin=R212A-1
Added Pin To Net: NetName=NetC213A_2 Pin=U211A-6
Added Net: Name=NetC213A_2
Added Pin To Net: NetName=NetC213B_1 Pin=C213B-1
Added Pin To Net: NetName=NetC213B_1 Pin=R212B-2
Added Pin To Net: NetName=NetC213B_1 Pin=U211B-5
Added Net: Name=NetC213B_1
Added Pin To Net: NetName=NetC213B_2 Pin=C213B-2
Added Pin To Net: NetName=NetC213B_2 Pin=R211B-1
Added Pin To Net: NetName=NetC213B_2 Pin=R212B-1
Added Pin To Net: NetName=NetC213B_2 Pin=U211B-6
Added Net: Name=NetC213B_2
Added Pin To Net: NetName=NetC214A_2 Pin=C214A-2
Added Pin To Net: NetName=NetC214A_2 Pin=U211A-9
Added Net: Name=NetC214A_2
Added Pin To Net: NetName=NetC214B_2 Pin=C214B-2
Added Pin To Net: NetName=NetC214B_2 Pin=U211B-9
Added Net: Name=NetC214B_2
Added Pin To Net: NetName=NetC221A_1 Pin=C221A-1
Added Pin To Net: NetName=NetC221A_1 Pin=R221A-1
Added Net: Name=NetC221A_1
Added Pin To Net: NetName=NetC221B_1 Pin=C221B-1
Added Pin To Net: NetName=NetC221B_1 Pin=R221B-1
Added Net: Name=NetC221B_1
Added Pin To Net: NetName=NetC223A_2 Pin=C223A-2
Added Pin To Net: NetName=NetC223A_2 Pin=R222A-1
Added Pin To Net: NetName=NetC223A_2 Pin=U221A-17
Added Net: Name=NetC223A_2
Added Pin To Net: NetName=NetC223B_2 Pin=C223B-2
Added Pin To Net: NetName=NetC223B_2 Pin=R222B-1
Added Pin To Net: NetName=NetC223B_2 Pin=U221B-17
Added Net: Name=NetC223B_2
Added Pin To Net: NetName=NetP2_2 Pin=P2-2
Added Pin To Net: NetName=NetP2_2 Pin=U101-110
Added Net: Name=NetP2_2
Added Pin To Net: NetName=NetP3_2 Pin=P3-2
Added Pin To Net: NetName=NetP3_2 Pin=R102-1
Added Pin To Net: NetName=NetP3_2 Pin=U101-35
Added Net: Name=NetP3_2
Added Pin To Net: NetName=NetP4_2 Pin=P4-2
Added Pin To Net: NetName=NetP4_2 Pin=U101-6
Added Net: Name=NetP4_2
Added Pin To Net: NetName=NetP4_4 Pin=P4-4
Added Pin To Net: NetName=NetP4_4 Pin=U101-10
Added Net: Name=NetP4_4
Added Pin To Net: NetName=NetP4_6 Pin=P4-6
Added Pin To Net: NetName=NetP4_6 Pin=U101-2
Added Net: Name=NetP4_6
Added Pin To Net: NetName=NetP4_7 Pin=P4-7
Added Pin To Net: NetName=NetP4_7 Pin=R1-1
Added Net: Name=NetP4_7
Added Pin To Net: NetName=NetP4_8 Pin=P4-8
Added Pin To Net: NetName=NetP4_8 Pin=U101-4
Added Net: Name=NetP4_8
Added Pin To Net: NetName=NetP4_10 Pin=P4-10
Added Pin To Net: NetName=NetP4_10 Pin=U101-8
Added Net: Name=NetP4_10
Added Pin To Net: NetName=NetR1_2 Pin=R1-2
Added Pin To Net: NetName=NetR1_2 Pin=U101-206
Added Net: Name=NetR1_2
Added Pin To Net: NetName=NetR101_1 Pin=R101-1
Added Pin To Net: NetName=NetR101_1 Pin=U101-29
Added Net: Name=NetR101_1
Added Pin To Net: NetName=NetR221A_2 Pin=R221A-2
Added Pin To Net: NetName=NetR221A_2 Pin=R223A-1
Added Pin To Net: NetName=NetR221A_2 Pin=U221A-2
Added Net: Name=NetR221A_2
Added Pin To Net: NetName=NetR221B_2 Pin=R221B-2
Added Pin To Net: NetName=NetR221B_2 Pin=R223B-1
Added Pin To Net: NetName=NetR221B_2 Pin=U221B-2
Added Net: Name=NetR221B_2
Added Pin To Net: NetName=NetR222A_2 Pin=R222A-2
Added Pin To Net: NetName=NetR222A_2 Pin=U221A-16
Added Net: Name=NetR222A_2
Added Pin To Net: NetName=NetR222B_2 Pin=R222B-2
Added Pin To Net: NetName=NetR222B_2 Pin=U221B-16
Added Net: Name=NetR222B_2
Added Pin To Net: NetName=NetR223A_2 Pin=R223A-2
Added Pin To Net: NetName=NetR223A_2 Pin=U221A-3
Added Net: Name=NetR223A_2
Added Pin To Net: NetName=NetR223B_2 Pin=R223B-2
Added Pin To Net: NetName=NetR223B_2 Pin=U221B-3
Added Net: Name=NetR223B_2
Added Pin To Net: NetName=NetR231_1 Pin=R231-1
Added Pin To Net: NetName=NetR231_1 Pin=U231-6
Added Net: Name=NetR231_1
Added Pin To Net: NetName=NetR232_1 Pin=R232-1
Added Pin To Net: NetName=NetR232_1 Pin=U231-6
Added Net: Name=NetR232_1
Added Pin To Net: NetName=NetR233_1 Pin=R233-1
Added Pin To Net: NetName=NetR233_1 Pin=U232-6
Added Net: Name=NetR233_1
Added Pin To Net: NetName=NetR234_2 Pin=R234-2
Added Pin To Net: NetName=NetR234_2 Pin=U232-2
Added Pin To Net: NetName=NetR234_2 Pin=U232-4
Added Pin To Net: NetName=NetR234_2 Pin=U232-5
Added Net: Name=NetR234_2
Added Pin To Net: NetName=NetU221A_7 Pin=U221A-7
Added Pin To Net: NetName=NetU221A_7 Pin=X221A-3
Added Net: Name=NetU221A_7
Added Pin To Net: NetName=NetU221B_7 Pin=U221B-7
Added Pin To Net: NetName=NetU221B_7 Pin=X221B-3
Added Net: Name=NetU221B_7
Added Pin To Net: NetName=NetU231_4 Pin=U231-4
Added Pin To Net: NetName=NetU231_4 Pin=U231-12
Added Pin To Net: NetName=NetU231_4 Pin=U231-15
Added Net: Name=NetU231_4
Added Pin To Net: NetName=NetU233_4 Pin=U233-4
Added Pin To Net: NetName=NetU233_4 Pin=U233-15
Added Net: Name=NetU233_4
Added Pin To Net: NetName=OE Pin=U101-183
Added Pin To Net: NetName=OE Pin=U102-28
Added Pin To Net: NetName=OE Pin=U103-41
Added Net: Name=OE
Added Pin To Net: NetName=PS Pin=U101-115
Added Pin To Net: NetName=PS Pin=U102-12
Added Pin To Net: NetName=PS Pin=U103-28
Added Net: Name=PS
Added Pin To Net: NetName=REPEATER Pin=U231-13
Added Pin To Net: NetName=REPEATER Pin=U233-2
Added Net: Name=REPEATER
Added Pin To Net: NetName=TX_DEVICE Pin=U232-3
Added Pin To Net: NetName=TX_DEVICE Pin=U233-1
Added Net: Name=TX_DEVICE
Added Pin To Net: NetName=VCCA Pin=C211A-2
Added Pin To Net: NetName=VCCA Pin=C211B-2
Added Pin To Net: NetName=VCCA Pin=C212A-2
Added Pin To Net: NetName=VCCA Pin=C212B-2
Added Pin To Net: NetName=VCCA Pin=C222A-2
Added Pin To Net: NetName=VCCA Pin=C222B-2
Added Pin To Net: NetName=VCCA Pin=C223A-1
Added Pin To Net: NetName=VCCA Pin=C223B-1
Added Pin To Net: NetName=VCCA Pin=C224A-1
Added Pin To Net: NetName=VCCA Pin=C224B-1
Added Pin To Net: NetName=VCCA Pin=U202-4
Added Pin To Net: NetName=VCCA Pin=U211A-10
Added Pin To Net: NetName=VCCA Pin=U211A-12
Added Pin To Net: NetName=VCCA Pin=U211A-16
Added Pin To Net: NetName=VCCA Pin=U211B-10
Added Pin To Net: NetName=VCCA Pin=U211B-12
Added Pin To Net: NetName=VCCA Pin=U211B-16
Added Pin To Net: NetName=VCCA Pin=U221A-10
Added Pin To Net: NetName=VCCA Pin=U221A-18
Added Pin To Net: NetName=VCCA Pin=U221B-10
Added Pin To Net: NetName=VCCA Pin=U221B-18
Added Pin To Net: NetName=VCCA Pin=X211A-1
Added Pin To Net: NetName=VCCA Pin=X211A-4
Added Pin To Net: NetName=VCCA Pin=X211B-1
Added Pin To Net: NetName=VCCA Pin=X211B-4
Added Pin To Net: NetName=VCCA Pin=X221A-1
Added Pin To Net: NetName=VCCA Pin=X221A-4
Added Pin To Net: NetName=VCCA Pin=X221B-1
Added Pin To Net: NetName=VCCA Pin=X221B-4
Added Net: Name=VCCA
Added Pin To Net: NetName=WE Pin=U101-179
Added Pin To Net: NetName=WE Pin=U102-11
Added Pin To Net: NetName=WE Pin=U103-17
Added Net: Name=WE
Change Class Name : Old Net Name=ADDRESS[7..0] New Net Name=ADDRESS[0..7]
Added Class: Name=CRSC0001
Added Class: Name=CRSC0002
Added Class: Name=U_SwC_Main
Added Class: Name=A[0..19]
Added Class: Name=D[0..15]
Added Class: Name=DTMF1_Q[1..4]
Added Class: Name=DTMF2_Q[1..4]
Added Class: Name=EXT1-[2..39]
Added Class: Name=EXT2-[2..39]
Added Class: Name=EXT3-[2..39]
Added Member To Class: ClassName=Beacon Member=Component C201 Cap 0402
Added Member To Class: ClassName=Beacon Member=Component C202 Cap 0402
Added Member To Class: ClassName=Beacon Member=Component C203 Cap 0402
Added Member To Class: ClassName=Beacon Member=Component C204 Cap 0402
Added Member To Class: ClassName=Beacon Member=Component C205 Cap 0402
Added Member To Class: ClassName=Beacon Member=Component C206 Cap 0402
Added Member To Class: ClassName=A1 Member=Component C211A (C211) Cap 0402
Added Member To Class: ClassName=A2 Member=Component C211B (C211) Cap 0402
Added Member To Class: ClassName=A1 Member=Component C212A (C212) Cap 0402
Added Member To Class: ClassName=A2 Member=Component C212B (C212) Cap 0402
Added Member To Class: ClassName=A1 Member=Component C213A (C213) Cap 0402
Added Member To Class: ClassName=A2 Member=Component C213B (C213) Cap 0402
Added Member To Class: ClassName=A1 Member=Component C214A (C214) Cap 0402
Added Member To Class: ClassName=A2 Member=Component C214B (C214) Cap 0402
Added Member To Class: ClassName=D1 Member=Component C221A (C221) Cap 0402
Added Member To Class: ClassName=D2 Member=Component C221B (C221) Cap 0402
Added Member To Class: ClassName=D1 Member=Component C222A (C222) Cap 0402
Added Member To Class: ClassName=D2 Member=Component C222B (C222) Cap 0402
Added Member To Class: ClassName=D1 Member=Component C223A (C223) Cap 0402
Added Member To Class: ClassName=D2 Member=Component C223B (C223) Cap 0402
Added Member To Class: ClassName=D1 Member=Component C224A (C224) Cap 0402
Added Member To Class: ClassName=D2 Member=Component C224B (C224) Cap 0402
Added Member To Class: ClassName=Beacon Member=Component R201 Res3
Added Member To Class: ClassName=Beacon Member=Component R202 Res3
Added Member To Class: ClassName=A1 Member=Component R211A (R211) Res3
Added Member To Class: ClassName=A2 Member=Component R211B (R211) Res3
Added Member To Class: ClassName=A1 Member=Component R212A (R212) Res3
Added Member To Class: ClassName=A2 Member=Component R212B (R212) Res3
Added Member To Class: ClassName=D1 Member=Component R221A (R221) Res3
Added Member To Class: ClassName=D2 Member=Component R221B (R221) Res3
Added Member To Class: ClassName=D1 Member=Component R222A (R222) Res3
Added Member To Class: ClassName=D2 Member=Component R222B (R222) Res3
Added Member To Class: ClassName=D1 Member=Component R223A (R223) Res3
Added Member To Class: ClassName=D2 Member=Component R223B (R223) Res3
Added Member To Class: ClassName=Beacon Member=Component U201 AT27LV256
Added Member To Class: ClassName=Beacon Member=Component U202 IttyBitty Timer
Added Member To Class: ClassName=Beacon Member=Component U203 CD4520BPW
Added Member To Class: ClassName=Beacon Member=Component U204 IttyBitty Timer
Added Member To Class: ClassName=A1 Member=Component U211A (U211) MX614TN
Added Member To Class: ClassName=A2 Member=Component U211B (U211) MX614TN
Added Member To Class: ClassName=D1 Member=Component U221A (U221) MT88L70AN
Added Member To Class: ClassName=D2 Member=Component U221B (U221) MT88L70AN
Added Member To Class: ClassName=A1 Member=Component X211A (X211) ECS-2025-035
Added Member To Class: ClassName=A2 Member=Component X211B (X211) ECS-2025-035
Added Member To Class: ClassName=D1 Member=Component X221A (X221) ECS-2025-035
Added Member To Class: ClassName=D2 Member=Component X221B (X221) ECS-2025-035
Added Room: Name=A1
Added Room: Name=A2
Added Room: Name=Beacon
Added Room: Name=CRSC0001
Added Room: Name=CRSC0002
Added Room: Name=D1
Added Room: Name=D2
Added Room: Name=U_SwC_Main
