Change Component Designator: Old Designator=242 New Designator=231
Change Component Part ID : Designator=231 Old Part ID =3 New Part ID =1
Change Component Designator: Old Designator=C241 New Designator=C231
Change Component Designator: Old Designator=C242 New Designator=C232
Change Component Designator: Old Designator=C243 New Designator=C233
Change Component Designator: Old Designator=R241 New Designator=R231
Change Component Designator: Old Designator=R241 New Designator=R234
Change Component Designator: Old Designator=R242 New Designator=R232
Change Component Designator: Old Designator=R243 New Designator=R233
Change Component Designator: Old Designator=U241 New Designator=U232
Change Component Part ID : Designator=U232 Old Part ID =1 New Part ID =2
Change Component Designator: Old Designator=U241 New Designator=U232
Change Component Part ID : Designator=U232 Old Part ID =2 New Part ID =1
Change Component Designator: Old Designator=U242 New Designator=U233
Change Component Part ID : Designator=U233 Old Part ID =1 New Part ID =3
Change Component Designator: Old Designator=U242 New Designator=U233
Change Component Designator: Old Designator=U242 New Designator=U231
Change Component Part ID : Designator=U231 Old Part ID =4 New Part ID =2
Change Component Designator: Old Designator=U243 New Designator=U231
Change Component Part ID : Designator=U231 Old Part ID =1 New Part ID =4
Change Component Designator: Old Designator=U243 New Designator=U233
Change Component Part ID : Designator=U233 Old Part ID =2 New Part ID =1
Change Component Designator: Old Designator=U243 New Designator=U231
Change Component Designator: Old Designator=U243 New Designator=U231
Change Component Part ID : Designator=U231 Old Part ID =4 New Part ID =1
