Replace Part C101 Cap 0402 in H:\bluesatSVN\B Bus\B4 Command Control and Data\CRSC0002.SchDoc with Cap 0402 from CSC.schlib
Replace Part C102 Cap 0402 in H:\bluesatSVN\B Bus\B4 Command Control and Data\CRSC0002.SchDoc with Cap 0402 from CSC.schlib
Replace Part C103 Cap 0402 in H:\bluesatSVN\B Bus\B4 Command Control and Data\CRSC0002.SchDoc with Cap 0402 from CSC.schlib
Replace Part C104 Cap 0402 in H:\bluesatSVN\B Bus\B4 Command Control and Data\CRSC0002.SchDoc with Cap 0402 from CSC.schlib
Replace Part C105 Cap 0402 in H:\bluesatSVN\B Bus\B4 Command Control and Data\CRSC0002.SchDoc with Cap 0402 from CSC.schlib
Replace Part C106 Cap 0402 in H:\bluesatSVN\B Bus\B4 Command Control and Data\CRSC0002.SchDoc with Cap 0402 from CSC.schlib
Replace Part C107 Cap 0402 in H:\bluesatSVN\B Bus\B4 Command Control and Data\CRSC0002.SchDoc with Cap 0402 from CSC.schlib
Replace Part C108 Cap 0402 in H:\bluesatSVN\B Bus\B4 Command Control and Data\CRSC0002.SchDoc with Cap 0402 from CSC.schlib
Replace Part C109 Cap 0402 in H:\bluesatSVN\B Bus\B4 Command Control and Data\CRSC0002.SchDoc with Cap 0402 from CSC.schlib
Replace Part C110 Cap 0402 in H:\bluesatSVN\B Bus\B4 Command Control and Data\CRSC0002.SchDoc with Cap 0402 from CSC.schlib
Replace Part C111 Cap 0402 in H:\bluesatSVN\B Bus\B4 Command Control and Data\CRSC0002.SchDoc with Cap 0402 from CSC.schlib
Replace Part C112 Cap 0402 in H:\bluesatSVN\B Bus\B4 Command Control and Data\CRSC0002.SchDoc with Cap 0402 from CSC.schlib
Replace Part C113 Cap 0402 in H:\bluesatSVN\B Bus\B4 Command Control and Data\CRSC0002.SchDoc with Cap 0402 from CSC.schlib
Replace Part C114 Cap 0402 in H:\bluesatSVN\B Bus\B4 Command Control and Data\CRSC0002.SchDoc with Cap 0402 from CSC.schlib
Replace Part C115 Cap 0402 in H:\bluesatSVN\B Bus\B4 Command Control and Data\CRSC0002.SchDoc with Cap 0402 from CSC.schlib
Replace Part C116 Cap 0402 in H:\bluesatSVN\B Bus\B4 Command Control and Data\CRSC0002.SchDoc with Cap 0402 from CSC.schlib
Replace Part C117 Cap 0402 in H:\bluesatSVN\B Bus\B4 Command Control and Data\CRSC0002.SchDoc with Cap 0402 from CSC.schlib
Replace Part C118 Cap 0402 in H:\bluesatSVN\B Bus\B4 Command Control and Data\CRSC0002.SchDoc with Cap 0402 from CSC.schlib
Replace Part C119 Cap 0402 in H:\bluesatSVN\B Bus\B4 Command Control and Data\CRSC0002.SchDoc with Cap 0402 from CSC.schlib
Replace Part C120 Cap 0402 in H:\bluesatSVN\B Bus\B4 Command Control and Data\CRSC0002.SchDoc with Cap 0402 from CSC.schlib
Replace Part C121 Cap 0402 in H:\bluesatSVN\B Bus\B4 Command Control and Data\CRSC0002.SchDoc with Cap 0402 from CSC.schlib
Replace Part C122 Cap 0402 in H:\bluesatSVN\B Bus\B4 Command Control and Data\CRSC0002.SchDoc with Cap 0402 from CSC.schlib
Replace Part C123 Cap 0402 in H:\bluesatSVN\B Bus\B4 Command Control and Data\CRSC0002.SchDoc with Cap 0402 from CSC.schlib
Replace Part FB101 FB_0402 in H:\bluesatSVN\B Bus\B4 Command Control and Data\CRSC0002.SchDoc with FB_0402 from CSC.schlib
Replace Part Q101 C.O. 4pins in H:\bluesatSVN\B Bus\B4 Command Control and Data\CRSC0002.SchDoc with C.O. 4pins from CSC.schlib
Replace Part Q102 C.O. 2pins in H:\bluesatSVN\B Bus\B4 Command Control and Data\CRSC0002.SchDoc with C.O. 2pins from CSC.schlib
Replace Part R101 Res3 in H:\bluesatSVN\B Bus\B4 Command Control and Data\CRSC0002.SchDoc with Res3 from CSC.schlib
Replace Part R102 Res3 in H:\bluesatSVN\B Bus\B4 Command Control and Data\CRSC0002.SchDoc with Res3 from CSC.schlib
Replace Part U101 LPC2468FBD208 in H:\bluesatSVN\B Bus\B4 Command Control and Data\CRSC0002.SchDoc with LPC2468FBD208 from CSC.schlib
Replace Part U101 LPC2468FBD208 in H:\bluesatSVN\B Bus\B4 Command Control and Data\CRSC0002.SchDoc with LPC2468FBD208 from CSC.schlib
Replace Part U101 LPC2468FBD208 in H:\bluesatSVN\B Bus\B4 Command Control and Data\CRSC0002.SchDoc with LPC2468FBD208 from CSC.schlib
Replace Part U101 LPC2468FBD208 in H:\bluesatSVN\B Bus\B4 Command Control and Data\CRSC0002.SchDoc with LPC2468FBD208 from CSC.schlib
Replace Part U101 LPC2468FBD208 in H:\bluesatSVN\B Bus\B4 Command Control and Data\CRSC0002.SchDoc with LPC2468FBD208 from CSC.schlib
Replace Part U101 LPC2468FBD208 in H:\bluesatSVN\B Bus\B4 Command Control and Data\CRSC0002.SchDoc with LPC2468FBD208 from CSC.schlib
Replace Part U101 LPC2468FBD208 in H:\bluesatSVN\B Bus\B4 Command Control and Data\CRSC0002.SchDoc with LPC2468FBD208 from CSC.schlib
Replace Part U101 LPC2468FBD208 in H:\bluesatSVN\B Bus\B4 Command Control and Data\CRSC0002.SchDoc with LPC2468FBD208 from CSC.schlib
Replace Part U101 LPC2468FBD208 in H:\bluesatSVN\B Bus\B4 Command Control and Data\CRSC0002.SchDoc with LPC2468FBD208 from CSC.schlib
Replace Part U102 CY62167DV30LL in H:\bluesatSVN\B Bus\B4 Command Control and Data\CRSC0002.SchDoc with CY62167DV30LL from CSC.schlib
Replace Part U103 FM22L16-55-TG in H:\bluesatSVN\B Bus\B4 Command Control and Data\CRSC0002.SchDoc with FM22L16-55-TG from CSC.schlib
