Removed Pin From Net: NetName=REPEATER Pin=242-3
Removed Pin From Net: NetName=DTMF_RX Pin=242-4
Removed Pin From Net: NetName=SWC5 Pin=242-9
Removed Pin From Net: NetName=NetC205_2 Pin=C205-2
Removed Pin From Net: NetName=NetC205_2 Pin=R202-2
Removed Pin From Net: NetName=SWC1 Pin=U242-11
Removed Pin From Net: NetName=AFSK1_RX Pin=U242-12
Removed Pin From Net: NetName=AFSK2_RX Pin=U242-13
Removed Pin From Net: NetName=RX2 Pin=U243-1
Removed Pin From Net: NetName=RX1 Pin=U243-2
Removed Pin From Net: NetName=TX_DEVICE Pin=U243-3
Removed Pin From Net: NetName=REPEATER Pin=U243-5
Removed Pin From Net: NetName=SWC5 Pin=U243-9
Removed Pin From Net: NetName=SWC6 Pin=U243-10
Removed Pin From Net: NetName=SWC7 Pin=U243-11
Removed Pin From Net: NetName=TX1 Pin=U243-12
Removed Pin From Net: NetName=TX2 Pin=U243-13
Removed Pin From Net: NetName=DTMF_RX Pin=U243-15
Removed Member From Class: ClassName=U_SwC_Main Member=242
Removed Member From Class: ClassName=U_SwC_Main Member=U242
Change Component Designator: OldDesignator=C201 NewDesignator=C202
Change Component Designator: OldDesignator=C202 NewDesignator=C203
Change Component Designator: OldDesignator=C203 NewDesignator=C204
Change Component Designator: OldDesignator=C204 NewDesignator=C205
Change Component Designator: OldDesignator=C205 NewDesignator=C206
Change Component Designator: OldDesignator=U241 NewDesignator=U232
Change Component Designator: OldDesignator=U242 NewDesignator=U231
Change Component Designator: OldDesignator=U243 NewDesignator=U231
Added Component: Designator=C231(CAPC1005X06L)
Added Component: Designator=C232(CAPC1005X06L)
Added Component: Designator=C233(CAPC1005X06L)
Added Component: Designator=R231(RESC1005X06L)
Added Component: Designator=R232(RESC1005X06L)
Added Component: Designator=R233(RESC1005X06L)
Added Component: Designator=R234(RESC1005X06L)
Added Component: Designator=U233(TSSOP16)
Added Pin To Net: NetName=3V3 Pin=C201-1
Added Pin To Net: NetName=GND_D1 Pin=C201-2
Added Pin To Net: NetName=NetC205_2 Pin=C205-2
Added Pin To Net: NetName=GND_D1 Pin=C231-1
Added Pin To Net: NetName=3V3 Pin=C231-2
Added Pin To Net: NetName=GND_D1 Pin=C232-1
Added Pin To Net: NetName=3V3 Pin=C232-2
Added Pin To Net: NetName=GND_D1 Pin=C233-1
Added Pin To Net: NetName=3V3 Pin=C233-2
Added Pin To Net: NetName=NetC205_2 Pin=R201-2
Added Pin To Net: NetName=GND_D1 Pin=R231-2
Added Pin To Net: NetName=GND_D1 Pin=R232-2
Added Pin To Net: NetName=GND_D1 Pin=R233-2
Added Pin To Net: NetName=GND_D1 Pin=R234-1
Added Pin To Net: NetName=NetR252_2 Pin=R234-2
Added Pin To Net: NetName=AFSK2_RX Pin=U231-3
Added Pin To Net: NetName=AFSK1_RX Pin=U231-5
Added Pin To Net: NetName=SWC1 Pin=U231-9
Added Pin To Net: NetName=SWC5 Pin=U231-11
Added Pin To Net: NetName=REPEATER Pin=U231-13
Added Pin To Net: NetName=DTMF_RX Pin=U231-14
Added Pin To Net: NetName=TX_DEVICE Pin=U233-1
Added Pin To Net: NetName=REPEATER Pin=U233-2
Added Pin To Net: NetName=TX2 Pin=U233-3
Added Pin To Net: NetName=TX1 Pin=U233-5
Added Pin To Net: NetName=SWC7 Pin=U233-9
Added Pin To Net: NetName=SWC5 Pin=U233-10
Added Pin To Net: NetName=SWC6 Pin=U233-11
Added Pin To Net: NetName=RX1 Pin=U233-12
Added Pin To Net: NetName=RX2 Pin=U233-13
Added Pin To Net: NetName=DTMF_RX Pin=U233-14
Change Net Name : Old Net Name=NetR252_2 New Net Name=NetR234_2
Added Pin To Net: NetName=NetC206_2 Pin=C206-2
Added Pin To Net: NetName=NetC206_2 Pin=R202-2
Added Net: Name=NetC206_2
Added Pin To Net: NetName=NetR231_1 Pin=R231-1
Added Pin To Net: NetName=NetR231_1 Pin=U231-6
Added Net: Name=NetR231_1
Added Pin To Net: NetName=NetR232_1 Pin=R232-1
Added Pin To Net: NetName=NetR232_1 Pin=U231-6
Added Net: Name=NetR232_1
Added Pin To Net: NetName=NetR233_1 Pin=R233-1
Added Pin To Net: NetName=NetR233_1 Pin=U232-6
Added Net: Name=NetR233_1
Added Pin To Net: NetName=NetU231_4 Pin=U231-4
Added Pin To Net: NetName=NetU231_4 Pin=U231-12
Added Pin To Net: NetName=NetU231_4 Pin=U231-15
Added Net: Name=NetU231_4
Added Pin To Net: NetName=NetU233_4 Pin=U233-4
Added Pin To Net: NetName=NetU233_4 Pin=U233-15
Added Net: Name=NetU233_4
Added Member To Class: ClassName=Beacon Member=Component C206 Cap 0402
Added Member To Class: ClassName=U_SwC_Main Member=Component C231 Cap 0402
Added Member To Class: ClassName=U_SwC_Main Member=Component C232 Cap 0402
Added Member To Class: ClassName=U_SwC_Main Member=Component C233 Cap 0402
Added Member To Class: ClassName=U_SwC_Main Member=Component R231 Res3
Added Member To Class: ClassName=U_SwC_Main Member=Component R232 Res3
Added Member To Class: ClassName=U_SwC_Main Member=Component R233 Res3
Added Member To Class: ClassName=U_SwC_Main Member=Component R234 Res3
Added Member To Class: ClassName=U_SwC_Main Member=Component U233 CD4053BCM
