Added Component: Designator=242(TSSOP16)
Added Component: Designator=U241(TSSOP16)
Added Component: Designator=U242(TSSOP16)
Added Component: Designator=U243(TSSOP16)
Added Pin To Net: NetName=REPEATER Pin=242-3
Added Pin To Net: NetName=DTMF_RX Pin=242-4
Added Pin To Net: NetName=Net242_5 Pin=242-5
Added Pin To Net: NetName=SWC5 Pin=242-9
Added Pin To Net: NetName=3V3 Pin=C201-1
Added Pin To Net: NetName=GND_D1 Pin=C201-2
Added Pin To Net: NetName=GMSK2_TX Pin=U241-1
Added Pin To Net: NetName=NetR252_2 Pin=U241-2
Added Pin To Net: NetName=TX_DEVICE Pin=U241-3
Added Pin To Net: NetName=NetR252_2 Pin=U241-4
Added Pin To Net: NetName=NetR252_2 Pin=U241-5
Added Pin To Net: NetName=NetR251_2 Pin=U241-6
Added Pin To Net: NetName=GND_D1 Pin=U241-7
Added Pin To Net: NetName=GND_D1 Pin=U241-8
Added Pin To Net: NetName=SWC2 Pin=U241-9
Added Pin To Net: NetName=SWC3 Pin=U241-10
Added Pin To Net: NetName=SWC4 Pin=U241-11
Added Pin To Net: NetName=GMSK1_TX Pin=U241-12
Added Pin To Net: NetName=BCN Pin=U241-13
Added Pin To Net: NetName=AFSK1_TX Pin=U241-14
Added Pin To Net: NetName=AFSK2_TX Pin=U241-15
Added Pin To Net: NetName=3V3 Pin=U241-16
Added Pin To Net: NetName=GMSK2_RX Pin=U242-1
Added Pin To Net: NetName=GMSK1_RX Pin=U242-2
Added Pin To Net: NetName=NetR241_1 Pin=U242-6
Added Pin To Net: NetName=GND_D1 Pin=U242-7
Added Pin To Net: NetName=GND_D1 Pin=U242-8
Added Pin To Net: NetName=SWC0 Pin=U242-10
Added Pin To Net: NetName=SWC1 Pin=U242-11
Added Pin To Net: NetName=AFSK1_RX Pin=U242-12
Added Pin To Net: NetName=AFSK2_RX Pin=U242-13
Added Pin To Net: NetName=Net242_5 Pin=U242-14
Added Pin To Net: NetName=Net242_5 Pin=U242-15
Added Pin To Net: NetName=3V3 Pin=U242-16
Added Pin To Net: NetName=RX2 Pin=U243-1
Added Pin To Net: NetName=RX1 Pin=U243-2
Added Pin To Net: NetName=TX_DEVICE Pin=U243-3
Added Pin To Net: NetName=NetU243_4 Pin=U243-4
Added Pin To Net: NetName=REPEATER Pin=U243-5
Added Pin To Net: NetName=NetR261_2 Pin=U243-6
Added Pin To Net: NetName=GND_D1 Pin=U243-7
Added Pin To Net: NetName=GND_D1 Pin=U243-8
Added Pin To Net: NetName=SWC5 Pin=U243-9
Added Pin To Net: NetName=SWC6 Pin=U243-10
Added Pin To Net: NetName=SWC7 Pin=U243-11
Added Pin To Net: NetName=TX1 Pin=U243-12
Added Pin To Net: NetName=TX2 Pin=U243-13
Added Pin To Net: NetName=NetU243_4 Pin=U243-14
Added Pin To Net: NetName=DTMF_RX Pin=U243-15
Added Pin To Net: NetName=3V3 Pin=U243-16
Added Member To Class: ClassName=U_SwC_Main Member=Component 242 CD4053BCM
Added Member To Class: ClassName=U_SwC_Main Member=Component U241 CD4051BCM
Added Member To Class: ClassName=U_SwC_Main Member=Component U242 CD4053BCM
Added Member To Class: ClassName=U_SwC_Main Member=Component U243 CD4053BCM
Added Room: Name=A1
Added Room: Name=A2
Added Room: Name=CRSC0001
Added Room: Name=CRSC0002
Added Room: Name=D1
Added Room: Name=D2
Added Room: Name=U_SwC_Main
