Removed Pin From Net: NetName=NetU221A_7 Pin=U221A-7
Removed Pin From Net: NetName=GND Pin=U221A-9
Removed Pin From Net: NetName=3V3 Pin=U221A-10
Removed Pin From Net: NetName=DTMF1_Q1 Pin=U221A-11
Removed Pin From Net: NetName=NetR222A_2 Pin=U221A-16
Removed Pin From Net: NetName=NetC223A_2 Pin=U221A-17
Removed Pin From Net: NetName=3V3 Pin=U221A-18
Removed Pin From Net: NetName=NetU221B_7 Pin=U221B-7
Removed Pin From Net: NetName=GND Pin=U221B-9
Removed Pin From Net: NetName=3V3 Pin=U221B-10
Removed Pin From Net: NetName=DTMF2_Q1 Pin=U221B-11
Removed Pin From Net: NetName=NetR222B_2 Pin=U221B-16
Removed Pin From Net: NetName=NetC223B_2 Pin=U221B-17
Removed Pin From Net: NetName=3V3 Pin=U221B-18
Added Pin To Net: NetName=NetU221A_7 Pin=U221A-8
Added Pin To Net: NetName=GND Pin=U221A-10
Added Pin To Net: NetName=3V3 Pin=U221A-11
Added Pin To Net: NetName=DTMF1_Q1 Pin=U221A-17
Added Pin To Net: NetName=NetR222A_2 Pin=U221A-18
Added Pin To Net: NetName=NetC223A_2 Pin=U221A-19
Added Pin To Net: NetName=3V3 Pin=U221A-20
Added Pin To Net: NetName=NetU221B_7 Pin=U221B-8
Added Pin To Net: NetName=GND Pin=U221B-10
Added Pin To Net: NetName=3V3 Pin=U221B-11
Added Pin To Net: NetName=DTMF2_Q1 Pin=U221B-17
Added Pin To Net: NetName=NetR222B_2 Pin=U221B-18
Added Pin To Net: NetName=NetC223B_2 Pin=U221B-19
Added Pin To Net: NetName=3V3 Pin=U221B-20
Change Net Name : Old Net Name=DTMF1_Q1 New Net Name=DTMF1_STD
Change Net Name : Old Net Name=DTMF1_Q2 New Net Name=DTMF1_Q1
Change Net Name : Old Net Name=DTMF1_Q3 New Net Name=DTMF1_Q2
Change Net Name : Old Net Name=DTMF1_Q4 New Net Name=DTMF1_Q3
Change Net Name : Old Net Name=DTMF1_STD New Net Name=DTMF1_Q4
Change Net Name : Old Net Name=DTMF2_Q1 New Net Name=DTMF2_STD
Change Net Name : Old Net Name=DTMF2_Q2 New Net Name=DTMF2_Q1
Change Net Name : Old Net Name=DTMF2_Q3 New Net Name=DTMF2_Q2
Change Net Name : Old Net Name=DTMF2_Q4 New Net Name=DTMF2_Q3
Change Net Name : Old Net Name=DTMF2_STD New Net Name=DTMF2_Q4
Change Net Name : Old Net Name=NetU221A_7 New Net Name=NetU221A_8
Change Net Name : Old Net Name=NetU221B_7 New Net Name=NetU221B_8
