Change Component Designator: OldDesignator=C211_A1 NewDesignator=C211A
Change Component Designator: OldDesignator=C211_A2 NewDesignator=C211B
Change Component Designator: OldDesignator=C212_A1 NewDesignator=C212A
Change Component Designator: OldDesignator=C212_A2 NewDesignator=C212B
Change Component Designator: OldDesignator=C213_A1 NewDesignator=C213A
Change Component Designator: OldDesignator=C213_A2 NewDesignator=C213B
Change Component Designator: OldDesignator=C214_A1 NewDesignator=C214A
Change Component Designator: OldDesignator=C214_A2 NewDesignator=C214B
Change Component Designator: OldDesignator=C221_D1 NewDesignator=C221A
Change Component Designator: OldDesignator=C221_D2 NewDesignator=C221B
Change Component Designator: OldDesignator=C222_D1 NewDesignator=C222A
Change Component Designator: OldDesignator=C222_D2 NewDesignator=C222B
Change Component Designator: OldDesignator=C223_D1 NewDesignator=C223A
Change Component Designator: OldDesignator=C223_D2 NewDesignator=C223B
Change Component Designator: OldDesignator=C224_D1 NewDesignator=C224A
Change Component Designator: OldDesignator=C224_D2 NewDesignator=C224B
Change Component Designator: OldDesignator=R211_A1 NewDesignator=R211A
Change Component Designator: OldDesignator=R211_A2 NewDesignator=R211B
Change Component Designator: OldDesignator=R212_A1 NewDesignator=R212A
Change Component Designator: OldDesignator=R212_A2 NewDesignator=R212B
Change Component Designator: OldDesignator=R221_D1 NewDesignator=R221A
Change Component Designator: OldDesignator=R221_D2 NewDesignator=R221B
Change Component Designator: OldDesignator=R222_D1 NewDesignator=R222A
Change Component Designator: OldDesignator=R222_D2 NewDesignator=R222B
Change Component Designator: OldDesignator=R223_D1 NewDesignator=R223A
Change Component Designator: OldDesignator=R223_D2 NewDesignator=R223B
Change Component Designator: OldDesignator=U211_A1 NewDesignator=U211A
Change Component Designator: OldDesignator=U211_A2 NewDesignator=U211B
Change Component Designator: OldDesignator=U221_D1 NewDesignator=U221A
Change Component Designator: OldDesignator=U221_D2 NewDesignator=U221B
Change Component Designator: OldDesignator=X211_A1 NewDesignator=X211A
Change Component Designator: OldDesignator=X211_A2 NewDesignator=X211B
Change Component Designator: OldDesignator=X221_D1 NewDesignator=X221A
Change Component Designator: OldDesignator=X221_D2 NewDesignator=X221B
Added Pin To Net: NetName=3V3 Pin=C211A-2
Added Pin To Net: NetName=3V3 Pin=C211B-2
Added Pin To Net: NetName=3V3 Pin=C212A-2
Added Pin To Net: NetName=3V3 Pin=C212B-2
Added Pin To Net: NetName=3V3 Pin=C222A-2
Added Pin To Net: NetName=3V3 Pin=C222B-2
Added Pin To Net: NetName=3V3 Pin=C223A-1
Added Pin To Net: NetName=3V3 Pin=C223B-1
Added Pin To Net: NetName=3V3 Pin=C224A-1
Added Pin To Net: NetName=3V3 Pin=C224B-1
Added Pin To Net: NetName=3V3 Pin=U202-4
Added Pin To Net: NetName=3V3 Pin=U211A-10
Added Pin To Net: NetName=3V3 Pin=U211A-12
Added Pin To Net: NetName=3V3 Pin=U211A-16
Added Pin To Net: NetName=3V3 Pin=U211B-10
Added Pin To Net: NetName=3V3 Pin=U211B-12
Added Pin To Net: NetName=3V3 Pin=U211B-16
Added Pin To Net: NetName=3V3 Pin=U221A-10
Added Pin To Net: NetName=3V3 Pin=U221A-18
Added Pin To Net: NetName=3V3 Pin=U221B-10
Added Pin To Net: NetName=3V3 Pin=U221B-18
Added Pin To Net: NetName=NetR231_1 Pin=U231-6
Added Pin To Net: NetName=GND_D1 Pin=U231-7
Added Pin To Net: NetName=GND_D1 Pin=U231-8
Added Pin To Net: NetName=3V3 Pin=U231-16
Added Pin To Net: NetName=3V3 Pin=X211A-1
Added Pin To Net: NetName=3V3 Pin=X211A-4
Added Pin To Net: NetName=3V3 Pin=X211B-1
Added Pin To Net: NetName=3V3 Pin=X211B-4
Added Pin To Net: NetName=3V3 Pin=X221A-1
Added Pin To Net: NetName=3V3 Pin=X221A-4
Added Pin To Net: NetName=3V3 Pin=X221B-1
Added Pin To Net: NetName=3V3 Pin=X221B-4
Change Net Name : Old Net Name=GND_D1 New Net Name=GND
Change Net Name : Old Net Name=NetC213_A1_1 New Net Name=NetC213A_1
Change Net Name : Old Net Name=NetC213_A1_2 New Net Name=NetC213A_2
Change Net Name : Old Net Name=NetC213_A2_1 New Net Name=NetC213B_1
Change Net Name : Old Net Name=NetC213_A2_2 New Net Name=NetC213B_2
Change Net Name : Old Net Name=NetC214_A1_2 New Net Name=NetC214A_2
Change Net Name : Old Net Name=NetC214_A2_2 New Net Name=NetC214B_2
Change Net Name : Old Net Name=NetC221_D1_1 New Net Name=NetC221A_1
Change Net Name : Old Net Name=NetC221_D2_1 New Net Name=NetC221B_1
Change Net Name : Old Net Name=NetC223_D1_2 New Net Name=NetC223A_2
Change Net Name : Old Net Name=NetC223_D2_2 New Net Name=NetC223B_2
Change Net Name : Old Net Name=NetR221_D1_2 New Net Name=NetR221A_2
Change Net Name : Old Net Name=NetR221_D2_2 New Net Name=NetR221B_2
Change Net Name : Old Net Name=NetR222_D1_2 New Net Name=NetR222A_2
Change Net Name : Old Net Name=NetR222_D2_2 New Net Name=NetR222B_2
Change Net Name : Old Net Name=NetR223_D1_2 New Net Name=NetR223A_2
Change Net Name : Old Net Name=NetR223_D2_2 New Net Name=NetR223B_2
Change Net Name : Old Net Name=NetU211_A1_2 New Net Name=NetU211A_2
Change Net Name : Old Net Name=NetU211_A2_2 New Net Name=NetU211B_2
Change Net Name : Old Net Name=NetU221_D1_1 New Net Name=NetU221A_1
Change Net Name : Old Net Name=NetU221_D1_7 New Net Name=NetU221A_7
Change Net Name : Old Net Name=NetU221_D2_1 New Net Name=NetU221B_1
Change Net Name : Old Net Name=NetU221_D2_7 New Net Name=NetU221B_7
Added Room: Name=CRSC0001
Added Room: Name=CRSC0002
