Removed Pin From Net: NetName=NetC3_2 Pin=P1-4
Removed Pin From Net: NetName=GMSK2_RX Pin=U231-1
Removed Pin From Net: NetName=GMSK1_RX Pin=U231-2
Removed Pin From Net: NetName=RX2 Pin=U231-3
Removed Pin From Net: NetName=RX1 Pin=U231-5
Removed Pin From Net: NetName=GND Pin=U231-7
Removed Pin From Net: NetName=GND Pin=U231-8
Removed Pin From Net: NetName=DTMF_RX Pin=U231-14
Removed Pin From Net: NetName=3V3 Pin=U231-16
Removed Pin From Net: NetName=TX2 Pin=U232-1
Removed Pin From Net: NetName=TX1 Pin=U232-2
Removed Pin From Net: NetName=GND Pin=U232-7
Removed Pin From Net: NetName=GND Pin=U232-8
Removed Pin From Net: NetName=AFSK2_RX Pin=U232-13
Removed Pin From Net: NetName=3V3 Pin=U232-16
Removed Pin From Net: NetName=GMSK2_TX Pin=U233-1
Removed Pin From Net: NetName=GMSK1_TX Pin=U233-2
Removed Pin From Net: NetName=GND Pin=U233-7
Removed Pin From Net: NetName=GND Pin=U233-8
Removed Pin From Net: NetName=BCN Pin=U233-13
Removed Pin From Net: NetName=AFSK1_TX Pin=U233-14
Removed Pin From Net: NetName=AFSK2_TX Pin=U233-15
Removed Pin From Net: NetName=3V3 Pin=U233-16
Removed Member From Class: ClassName=DTMF1_Q[1..4] Member=DTMF1_Q1
Removed Member From Class: ClassName=DTMF1_Q[1..4] Member=DTMF1_Q2
Removed Member From Class: ClassName=DTMF1_Q[1..4] Member=DTMF1_Q3
Removed Member From Class: ClassName=DTMF1_Q[1..4] Member=DTMF1_Q4
Removed Member From Class: ClassName=DTMF2_Q[1..4] Member=DTMF2_Q1
Removed Member From Class: ClassName=DTMF2_Q[1..4] Member=DTMF2_Q2
Removed Member From Class: ClassName=DTMF2_Q[1..4] Member=DTMF2_Q3
Removed Member From Class: ClassName=DTMF2_Q[1..4] Member=DTMF2_Q4
Removed Member From Class: ClassName=SWC[7..0] Member=SWC0
Removed Member From Class: ClassName=SWC[7..0] Member=SWC1
Removed Member From Class: ClassName=SWC[7..0] Member=SWC2
Removed Member From Class: ClassName=SWC[7..0] Member=SWC3
Removed Member From Class: ClassName=SWC[7..0] Member=SWC4
Removed Member From Class: ClassName=SWC[7..0] Member=SWC5
Removed Member From Class: ClassName=SWC[7..0] Member=SWC6
Removed Member From Class: ClassName=SWC[7..0] Member=SWC7
Change Component DesignItemId : Designator=P1 Old DesignItemId=FTDI Basic New DesignItemId=Header 8X2
Change Component Footprint: Designator=P1 Old Footprint=FTDI BASIC New Footprint=HDR2X8
Change Component Comment : Designator=P1 Old Comment=FTDI Basic New Comment=Header 8X2
Added Component: Designator=D1(ASMT-Rx45)
Added Component: Designator=D2(ASMT-Rx45)
Added Component: Designator=D3(ASMT-Rx45)
Added Component: Designator=D4(ASMT-Rx45)
Added Component: Designator=D5(ASMT-Rx45)
Added Component: Designator=D6(ASMT-Rx45)
Added Component: Designator=D7(ASMT-Rx45)
Added Component: Designator=D8(ASMT-Rx45)
Added Component: Designator=D9(ASMT-Rx45)
Added Component: Designator=P2(HDR2X12)
Added Component: Designator=P3(FTDI BASIC)
Added Component: Designator=R1(RESC1005X06L)
Added Component: Designator=R2(RESC1005X06L)
Added Component: Designator=R3(RESC1005X06L)
Added Component: Designator=R4(RESC1005X06L)
Added Component: Designator=R5(RESC1005X06L)
Added Component: Designator=R6(RESC1005X06L)
Added Component: Designator=R7(RESC1005X06L)
Added Component: Designator=R8(RESC1005X06L)
Added Component: Designator=R9(RESC1005X06L)
Added Component: Designator=R10(RESC1005X06L)
Added Component: Designator=R11(RESC1005X06L)
Added Component: Designator=R12(RESC1005X06L)
Added Component: Designator=R13(RESC1005X06L)
Added Component: Designator=R14(RESC1005X06L)
Added Component: Designator=S1(MILL1300S)
Added Component: Designator=S2(PCBComponent_1)
Added Component: Designator=S3(K5A2)
Added Pin To Net: NetName=3V3 Pin=D9-1
Added Pin To Net: NetName=TX1 Pin=P1-1
Added Pin To Net: NetName=GND Pin=P1-2
Added Pin To Net: NetName=TX2 Pin=P1-3
Added Pin To Net: NetName=GND Pin=P1-4
Added Pin To Net: NetName=RX1 Pin=P1-5
Added Pin To Net: NetName=RX2 Pin=P1-7
Added Pin To Net: NetName=GND Pin=P1-8
Added Pin To Net: NetName=GMSK1_TX Pin=P1-9
Added Pin To Net: NetName=GND Pin=P1-10
Added Pin To Net: NetName=GMSK2_TX Pin=P1-11
Added Pin To Net: NetName=GND Pin=P1-12
Added Pin To Net: NetName=GMSK1_RX Pin=P1-13
Added Pin To Net: NetName=GND Pin=P1-14
Added Pin To Net: NetName=GMSK2_RX Pin=P1-15
Added Pin To Net: NetName=GND Pin=P1-16
Added Pin To Net: NetName=3V3 Pin=P2-1
Added Pin To Net: NetName=3V3 Pin=P2-2
Added Pin To Net: NetName=GND Pin=P2-7
Added Pin To Net: NetName=3V3 Pin=P2-9
Added Pin To Net: NetName=GND Pin=P2-15
Added Pin To Net: NetName=3V3 Pin=P2-17
Added Pin To Net: NetName=GND Pin=P2-23
Added Pin To Net: NetName=GND Pin=P2-24
Added Pin To Net: NetName=NetC3_2 Pin=P3-4
Added Pin To Net: NetName=GND Pin=P3-6
Added Pin To Net: NetName=3V3 Pin=R1-1
Added Pin To Net: NetName=3V3 Pin=R2-1
Added Pin To Net: NetName=3V3 Pin=R3-1
Added Pin To Net: NetName=3V3 Pin=R4-1
Added Pin To Net: NetName=3V3 Pin=R5-1
Added Pin To Net: NetName=GND Pin=R6-2
Added Pin To Net: NetName=GND Pin=R7-2
Added Pin To Net: NetName=GND Pin=R8-2
Added Pin To Net: NetName=GND Pin=R9-2
Added Pin To Net: NetName=GND Pin=R10-2
Added Pin To Net: NetName=GND Pin=R11-2
Added Pin To Net: NetName=GND Pin=R12-2
Added Pin To Net: NetName=GND Pin=R13-2
Added Pin To Net: NetName=GND Pin=R14-2
Added Pin To Net: NetName=3V3 Pin=S1-1
Added Pin To Net: NetName=GND Pin=S1-4
Added Pin To Net: NetName=GND Pin=S2-1
Added Pin To Net: NetName=GND Pin=S2-2
Added Pin To Net: NetName=GND Pin=S2-3
Added Pin To Net: NetName=GND Pin=S2-4
Added Pin To Net: NetName=GND Pin=S3-1
Added Pin To Net: NetName=GND Pin=S3-3
Added Pin To Net: NetName=GND Pin=S3-4
Added Pin To Net: NetName=GND Pin=S3-6
Added Pin To Net: NetName=AFSK2_M1 Pin=U101-116
Added Pin To Net: NetName=AFSK2_M0 Pin=U101-118
Added Pin To Net: NetName=AFSK2_DET Pin=U101-120
Added Pin To Net: NetName=AFSK1_M1 Pin=U101-122
Added Pin To Net: NetName=AFSK2_TXD Pin=U101-123
Added Pin To Net: NetName=AFSK1_M0 Pin=U101-124
Added Pin To Net: NetName=AFSK1_DET Pin=U101-126
Added Pin To Net: NetName=AFSK1_TXD Pin=U101-128
Added Pin To Net: NetName=AFSK2_RXD Pin=U101-129
Added Pin To Net: NetName=AFSK1_RXD Pin=U101-130
Added Pin To Net: NetName=DTMF2_STD Pin=U101-140
Added Pin To Net: NetName=DTMF1_STD Pin=U101-154
Added Pin To Net: NetName=RX1 Pin=U231-3
Added Pin To Net: NetName=RX2 Pin=U231-5
Added Pin To Net: NetName=DTMF_RX Pin=U231-15
Added Pin To Net: NetName=TX2 Pin=U232-3
Added Pin To Net: NetName=TX1 Pin=U232-5
Added Pin To Net: NetName=AFSK1_TX Pin=U233-7
Added Pin To Net: NetName=GMSK1_TX Pin=U233-16
Change Net Name : Old Net Name=AFSK1_DET New Net Name=COMS.AFSK1.DET
Change Net Name : Old Net Name=AFSK1_M0 New Net Name=COMS.AFSK1.M0
Change Net Name : Old Net Name=AFSK1_M1 New Net Name=COMS.AFSK1.M1
Change Net Name : Old Net Name=AFSK1_RXD New Net Name=COMS.AFSK1.RXD
Change Net Name : Old Net Name=AFSK1_TXD New Net Name=COMS.AFSK1.TXD
Change Net Name : Old Net Name=AFSK2_DET New Net Name=COMS.AFSK2.DET
Change Net Name : Old Net Name=AFSK2_M0 New Net Name=COMS.AFSK2.M0
Change Net Name : Old Net Name=AFSK2_M1 New Net Name=COMS.AFSK2.M1
Change Net Name : Old Net Name=AFSK2_RXD New Net Name=COMS.AFSK2.RXD
Change Net Name : Old Net Name=AFSK2_TXD New Net Name=COMS.AFSK2.TXD
Change Net Name : Old Net Name=DTMF1_Q1 New Net Name=COMS.DTMF1.Q1
Change Net Name : Old Net Name=DTMF1_Q2 New Net Name=COMS.DTMF1.Q2
Change Net Name : Old Net Name=DTMF1_Q3 New Net Name=COMS.DTMF1.Q3
Change Net Name : Old Net Name=DTMF1_Q4 New Net Name=COMS.DTMF1.Q4
Change Net Name : Old Net Name=DTMF1_STD New Net Name=COMS.DTMF1.STD
Change Net Name : Old Net Name=DTMF2_Q1 New Net Name=COMS.DTMF2.Q1
Change Net Name : Old Net Name=DTMF2_Q2 New Net Name=COMS.DTMF2.Q2
Change Net Name : Old Net Name=DTMF2_Q3 New Net Name=COMS.DTMF2.Q3
Change Net Name : Old Net Name=DTMF2_Q4 New Net Name=COMS.DTMF2.Q4
Change Net Name : Old Net Name=DTMF2_STD New Net Name=COMS.DTMF2.STD
Change Net Name : Old Net Name=EXT1-8 New Net Name=COMS.SWC2
Change Net Name : Old Net Name=EXT3-3 New Net Name=COMS.SWC5
Change Net Name : Old Net Name=EXT3-5 New Net Name=COMS.SWC3
Change Net Name : Old Net Name=EXT3-9 New Net Name=COMS.SWC1
Change Net Name : Old Net Name=NetP4_7 New Net Name=FTDI.RTCK
Change Net Name : Old Net Name=NetR1_2 New Net Name=NetU101_206
Change Net Name : Old Net Name=RX1 New Net Name=RADIOS.RX1
Change Net Name : Old Net Name=RX2 New Net Name=RADIOS.RX2
Change Net Name : Old Net Name=TX1 New Net Name=RADIOS.TX1
Change Net Name : Old Net Name=TX2 New Net Name=RADIOS.TX2
Added Pin To Net: NetName=COMS.SWC0 Pin=U101-80
Added Pin To Net: NetName=COMS.SWC0 Pin=U101-108
Added Net: Name=COMS.SWC0
Added Pin To Net: NetName=COMS.SWC4 Pin=U101-99
Added Net: Name=COMS.SWC4
Added Pin To Net: NetName=COMS.SWC6 Pin=U101-106
Added Pin To Net: NetName=COMS.SWC6 Pin=U231-9
Added Net: Name=COMS.SWC6
Added Pin To Net: NetName=D1Q1 Pin=U101-138
Added Pin To Net: NetName=D1Q1 Pin=U101-152
Added Net: Name=D1Q1
Added Pin To Net: NetName=D1Q2 Pin=U101-136
Added Pin To Net: NetName=D1Q2 Pin=U101-150
Added Net: Name=D1Q2
Added Pin To Net: NetName=D1Q3 Pin=U101-134
Added Pin To Net: NetName=D1Q3 Pin=U101-144
Added Net: Name=D1Q3
Added Pin To Net: NetName=D1Q4 Pin=U101-132
Added Pin To Net: NetName=D1Q4 Pin=U101-142
Added Net: Name=D1Q4
Added Pin To Net: NetName=EXT0 Pin=P2-22
Added Pin To Net: NetName=EXT0 Pin=R1-2
Added Pin To Net: NetName=EXT0 Pin=S2-8
Added Pin To Net: NetName=EXT0 Pin=U101-78
Added Net: Name=EXT0
Added Pin To Net: NetName=EXT1 Pin=P2-20
Added Pin To Net: NetName=EXT1 Pin=R2-2
Added Pin To Net: NetName=EXT1 Pin=S2-7
Added Pin To Net: NetName=EXT1 Pin=U101-76
Added Net: Name=EXT1
Added Pin To Net: NetName=EXT2 Pin=P2-18
Added Pin To Net: NetName=EXT2 Pin=R3-2
Added Pin To Net: NetName=EXT2 Pin=S2-6
Added Pin To Net: NetName=EXT2 Pin=U101-74
Added Net: Name=EXT2
Added Pin To Net: NetName=EXT3 Pin=P2-16
Added Pin To Net: NetName=EXT3 Pin=R4-2
Added Pin To Net: NetName=EXT3 Pin=S2-5
Added Pin To Net: NetName=EXT3 Pin=U101-73
Added Net: Name=EXT3
Added Pin To Net: NetName=EXT4 Pin=P2-14
Added Pin To Net: NetName=EXT4 Pin=U101-72
Added Net: Name=EXT4
Added Pin To Net: NetName=EXT5 Pin=P2-12
Added Pin To Net: NetName=EXT5 Pin=U101-70
Added Net: Name=EXT5
Added Pin To Net: NetName=EXT6 Pin=P2-10
Added Pin To Net: NetName=EXT6 Pin=U101-69
Added Net: Name=EXT6
Added Pin To Net: NetName=EXT7 Pin=P2-8
Added Pin To Net: NetName=EXT7 Pin=U101-68
Added Net: Name=EXT7
Added Pin To Net: NetName=EXT8 Pin=P2-6
Added Pin To Net: NetName=EXT8 Pin=U101-67
Added Net: Name=EXT8
Added Pin To Net: NetName=EXT9 Pin=P2-4
Added Pin To Net: NetName=EXT9 Pin=U101-66
Added Net: Name=EXT9
Added Pin To Net: NetName=FTDI.T\R\S\T\ Pin=P4-10
Added Net: Name=FTDI.T\R\S\T\
Added Pin To Net: NetName=FTDI.TCK Pin=P4-8
Added Net: Name=FTDI.TCK
Added Pin To Net: NetName=FTDI.TDI Pin=P4-6
Added Net: Name=FTDI.TDI
Added Pin To Net: NetName=FTDI.TDO Pin=P4-4
Added Net: Name=FTDI.TDO
Added Pin To Net: NetName=FTDI.TMS Pin=P4-2
Added Net: Name=FTDI.TMS
Added Pin To Net: NetName=I2C0.SCL Pin=P2-19
Added Pin To Net: NetName=I2C0.SCL Pin=U101-48
Added Net: Name=I2C0.SCL
Added Pin To Net: NetName=I2C0.SDA Pin=P2-21
Added Pin To Net: NetName=I2C0.SDA Pin=U101-50
Added Net: Name=I2C0.SDA
Added Pin To Net: NetName=I2C1.SCL Pin=P2-11
Added Pin To Net: NetName=I2C1.SCL Pin=U101-96
Added Net: Name=I2C1.SCL
Added Pin To Net: NetName=I2C1.SDA Pin=P2-13
Added Pin To Net: NetName=I2C1.SDA Pin=U101-94
Added Net: Name=I2C1.SDA
Added Pin To Net: NetName=I2C2.SCL Pin=P2-3
Added Pin To Net: NetName=I2C2.SCL Pin=U101-100
Added Net: Name=I2C2.SCL
Added Pin To Net: NetName=I2C2.SDA Pin=P2-5
Added Pin To Net: NetName=I2C2.SDA Pin=U101-98
Added Net: Name=I2C2.SDA
Added Pin To Net: NetName=JTAG.CTS Pin=P3-5
Added Net: Name=JTAG.CTS
Added Pin To Net: NetName=JTAG.DTR Pin=P3-1
Added Net: Name=JTAG.DTR
Added Pin To Net: NetName=JTAG.RXI Pin=P3-2
Added Net: Name=JTAG.RXI
Added Pin To Net: NetName=JTAG.TXO Pin=P3-3
Added Net: Name=JTAG.TXO
Added Pin To Net: NetName=LED0 Pin=D1-1
Added Pin To Net: NetName=LED0 Pin=U101-65
Added Net: Name=LED0
Added Pin To Net: NetName=LED1 Pin=D2-1
Added Pin To Net: NetName=LED1 Pin=U101-64
Added Net: Name=LED1
Added Pin To Net: NetName=LED2 Pin=D3-1
Added Pin To Net: NetName=LED2 Pin=U101-59
Added Net: Name=LED2
Added Pin To Net: NetName=LED3 Pin=D4-1
Added Pin To Net: NetName=LED3 Pin=U101-58
Added Net: Name=LED3
Added Pin To Net: NetName=LED4 Pin=D5-1
Added Pin To Net: NetName=LED4 Pin=U101-57
Added Net: Name=LED4
Added Pin To Net: NetName=LED5 Pin=D6-1
Added Pin To Net: NetName=LED5 Pin=U101-56
Added Net: Name=LED5
Added Pin To Net: NetName=LED6 Pin=D7-1
Added Pin To Net: NetName=LED6 Pin=U101-55
Added Net: Name=LED6
Added Pin To Net: NetName=LED7 Pin=D8-1
Added Pin To Net: NetName=LED7 Pin=U101-54
Added Net: Name=LED7
Added Pin To Net: NetName=NetD1_2 Pin=D1-2
Added Pin To Net: NetName=NetD1_2 Pin=R6-1
Added Net: Name=NetD1_2
Added Pin To Net: NetName=NetD2_2 Pin=D2-2
Added Pin To Net: NetName=NetD2_2 Pin=R7-1
Added Net: Name=NetD2_2
Added Pin To Net: NetName=NetD3_2 Pin=D3-2
Added Pin To Net: NetName=NetD3_2 Pin=R8-1
Added Net: Name=NetD3_2
Added Pin To Net: NetName=NetD4_2 Pin=D4-2
Added Pin To Net: NetName=NetD4_2 Pin=R9-1
Added Net: Name=NetD4_2
Added Pin To Net: NetName=NetD5_2 Pin=D5-2
Added Pin To Net: NetName=NetD5_2 Pin=R10-1
Added Net: Name=NetD5_2
Added Pin To Net: NetName=NetD6_2 Pin=D6-2
Added Pin To Net: NetName=NetD6_2 Pin=R11-1
Added Net: Name=NetD6_2
Added Pin To Net: NetName=NetD7_2 Pin=D7-2
Added Pin To Net: NetName=NetD7_2 Pin=R12-1
Added Net: Name=NetD7_2
Added Pin To Net: NetName=NetD8_2 Pin=D8-2
Added Pin To Net: NetName=NetD8_2 Pin=R13-1
Added Net: Name=NetD8_2
Added Pin To Net: NetName=NetD9_2 Pin=D9-2
Added Pin To Net: NetName=NetD9_2 Pin=R14-1
Added Net: Name=NetD9_2
Added Pin To Net: NetName=NetR5_2 Pin=R5-2
Added Pin To Net: NetName=NetR5_2 Pin=R102-1
Added Pin To Net: NetName=NetR5_2 Pin=S3-5
Added Pin To Net: NetName=NetR5_2 Pin=U101-35
Added Net: Name=NetR5_2
Added Pin To Net: NetName=NetS1_3 Pin=S1-3
Added Pin To Net: NetName=NetS1_3 Pin=U101-110
Added Net: Name=NetS1_3
Added Pin To Net: NetName=NetU101_2 Pin=U101-2
Added Net: Name=NetU101_2
Added Pin To Net: NetName=NetU101_4 Pin=U101-4
Added Net: Name=NetU101_4
Added Pin To Net: NetName=NetU101_6 Pin=U101-6
Added Net: Name=NetU101_6
Added Pin To Net: NetName=NetU101_8 Pin=U101-8
Added Net: Name=NetU101_8
Added Pin To Net: NetName=NetU101_10 Pin=U101-10
Added Net: Name=NetU101_10
Added Pin To Net: NetName=NetU101_202 Pin=U101-202
Added Net: Name=NetU101_202
Added Pin To Net: NetName=NetU101_204 Pin=U101-204
Added Net: Name=NetU101_204
Added Pin To Net: NetName=NetU231_8 Pin=U231-8
Added Pin To Net: NetName=NetU231_8 Pin=U232-8
Added Net: Name=NetU231_8
Added Pin To Net: NetName=RXINA Pin=R211A-2
Added Net: Name=RXINA
Change Class Name : Old Net Name=DTMF1_Q[1..4] New Net Name=COMS.DTMF1.Q[1..4]
Change Class Name : Old Net Name=DTMF2_Q[1..4] New Net Name=COMS.DTMF2.Q[1..4]
Change Class Name : Old Net Name=SWC[7..0] New Net Name=COMS.SWC[7..0]
Added Class: Name=Connectors
Added Class: Name=EXT[0..9]
Added Class: Name=LED[0..7]
Added Member To Class: ClassName=COMS.DTMF1.Q[1..4] Member=Element[1]: COMS.DTMF1.Q
Added Member To Class: ClassName=COMS.DTMF1.Q[1..4] Member=Element[2]: COMS.DTMF1.Q
Added Member To Class: ClassName=COMS.DTMF1.Q[1..4] Member=Element[3]: COMS.DTMF1.Q
Added Member To Class: ClassName=COMS.DTMF1.Q[1..4] Member=Element[4]: COMS.DTMF1.Q
Added Member To Class: ClassName=COMS.DTMF2.Q[1..4] Member=Element[1]: COMS.DTMF2.Q
Added Member To Class: ClassName=COMS.DTMF2.Q[1..4] Member=Element[2]: COMS.DTMF2.Q
Added Member To Class: ClassName=COMS.DTMF2.Q[1..4] Member=Element[3]: COMS.DTMF2.Q
Added Member To Class: ClassName=COMS.DTMF2.Q[1..4] Member=Element[4]: COMS.DTMF2.Q
Added Member To Class: ClassName=COMS.SWC[7..0] Member=Element[0]: COMS.SWC
Added Member To Class: ClassName=COMS.SWC[7..0] Member=Element[1]: COMS.SWC
Added Member To Class: ClassName=COMS.SWC[7..0] Member=Element[2]: COMS.SWC
Added Member To Class: ClassName=COMS.SWC[7..0] Member=Element[3]: COMS.SWC
Added Member To Class: ClassName=COMS.SWC[7..0] Member=Element[4]: COMS.SWC
Added Member To Class: ClassName=COMS.SWC[7..0] Member=Element[5]: COMS.SWC
Added Member To Class: ClassName=COMS.SWC[7..0] Member=Element[6]: COMS.SWC
Added Room: Name=Connectors
Added Room: Name=CRSC0002
