Change Net Name : Old Net Name=JTAG.CTS New Net Name=FTDI.CTS
Change Net Name : Old Net Name=JTAG.DTR New Net Name=FTDI.DTR
Added Pin To Net: NetName=FTDI.RXI Pin=P3-2
Added Pin To Net: NetName=FTDI.RXI Pin=U101-202
Added Net: Name=FTDI.RXI
Added Pin To Net: NetName=FTDI.TXO Pin=P3-3
Added Pin To Net: NetName=FTDI.TXO Pin=U101-204
Added Net: Name=FTDI.TXO
Added Pin To Net: NetName=JTAG.RTCK Pin=P4-7
Added Pin To Net: NetName=JTAG.RTCK Pin=U101-206
Added Net: Name=JTAG.RTCK
Added Pin To Net: NetName=JTAG.T\R\S\T\ Pin=P4-10
Added Pin To Net: NetName=JTAG.T\R\S\T\ Pin=U101-8
Added Net: Name=JTAG.T\R\S\T\
Added Pin To Net: NetName=JTAG.TCK Pin=P4-8
Added Pin To Net: NetName=JTAG.TCK Pin=U101-10
Added Net: Name=JTAG.TCK
Added Pin To Net: NetName=JTAG.TDI Pin=P4-6
Added Pin To Net: NetName=JTAG.TDI Pin=U101-4
Added Net: Name=JTAG.TDI
Added Pin To Net: NetName=JTAG.TDO Pin=P4-4
Added Pin To Net: NetName=JTAG.TDO Pin=U101-2
Added Net: Name=JTAG.TDO
Added Pin To Net: NetName=JTAG.TMS Pin=P4-2
Added Pin To Net: NetName=JTAG.TMS Pin=U101-6
Added Net: Name=JTAG.TMS
