Removed Pin From Net: NetName=AFSK1_M0 Pin=U211_A1-5
Removed Pin From Net: NetName=AFSK1_M1 Pin=U211_A1-6
Removed Pin From Net: NetName=NetC213_A1_1 Pin=U211_A1-7
Removed Pin From Net: NetName=NetC213_A1_2 Pin=U211_A1-8
Removed Pin From Net: NetName=AFSK1_TX Pin=U211_A1-11
Removed Pin From Net: NetName=GND_D1 Pin=U211_A1-12
Removed Pin From Net: NetName=NetC214_A1_2 Pin=U211_A1-13
Removed Pin From Net: NetName=VCC_A1 Pin=U211_A1-14
Removed Pin From Net: NetName=AFSK1_TXD Pin=U211_A1-17
Removed Pin From Net: NetName=VCC_A1 Pin=U211_A1-18
Removed Pin From Net: NetName=AFSK1_RXD Pin=U211_A1-19
Removed Pin From Net: NetName=AFSK1_DET Pin=U211_A1-20
Removed Pin From Net: NetName=VCC_A1 Pin=U211_A1-24
Removed Pin From Net: NetName=AFSK2_M0 Pin=U211_A2-5
Removed Pin From Net: NetName=AFSK2_M1 Pin=U211_A2-6
Removed Pin From Net: NetName=NetC213_A2_1 Pin=U211_A2-7
Removed Pin From Net: NetName=NetC213_A2_2 Pin=U211_A2-8
Removed Pin From Net: NetName=AFSK2_TX Pin=U211_A2-11
Removed Pin From Net: NetName=GND_D1 Pin=U211_A2-12
Removed Pin From Net: NetName=NetC214_A2_2 Pin=U211_A2-13
Removed Pin From Net: NetName=VCC_A1 Pin=U211_A2-14
Removed Pin From Net: NetName=AFSK2_TXD Pin=U211_A2-17
Removed Pin From Net: NetName=VCC_A1 Pin=U211_A2-18
Removed Pin From Net: NetName=AFSK2_RXD Pin=U211_A2-19
Removed Pin From Net: NetName=AFSK2_DET Pin=U211_A2-20
Removed Pin From Net: NetName=VCC_A1 Pin=U211_A2-24
Removed Pin From Net: NetName=NetR231_1 Pin=U231-6
Change Component Footprint: Designator=U211_A1 Old Footprint=TSSOP24 New Footprint=SOIC16
Change Component Footprint: Designator=U211_A2 Old Footprint=TSSOP24 New Footprint=SOIC16
Added Pin To Net: NetName=AFSK1_M0 Pin=U211_A1-3
Added Pin To Net: NetName=AFSK1_M1 Pin=U211_A1-4
Added Pin To Net: NetName=NetC213_A1_1 Pin=U211_A1-5
Added Pin To Net: NetName=NetC213_A1_2 Pin=U211_A1-6
Added Pin To Net: NetName=AFSK1_TX Pin=U211_A1-7
Added Pin To Net: NetName=GND_D1 Pin=U211_A1-8
Added Pin To Net: NetName=NetC214_A1_2 Pin=U211_A1-9
Added Pin To Net: NetName=VCC_A1 Pin=U211_A1-10
Added Pin To Net: NetName=AFSK1_TXD Pin=U211_A1-11
Added Pin To Net: NetName=VCC_A1 Pin=U211_A1-12
Added Pin To Net: NetName=AFSK1_RXD Pin=U211_A1-13
Added Pin To Net: NetName=AFSK1_DET Pin=U211_A1-14
Added Pin To Net: NetName=VCC_A1 Pin=U211_A1-16
Added Pin To Net: NetName=AFSK2_M0 Pin=U211_A2-3
Added Pin To Net: NetName=AFSK2_M1 Pin=U211_A2-4
Added Pin To Net: NetName=NetC213_A2_1 Pin=U211_A2-5
Added Pin To Net: NetName=NetC213_A2_2 Pin=U211_A2-6
Added Pin To Net: NetName=AFSK2_TX Pin=U211_A2-7
Added Pin To Net: NetName=GND_D1 Pin=U211_A2-8
Added Pin To Net: NetName=NetC214_A2_2 Pin=U211_A2-9
Added Pin To Net: NetName=VCC_A1 Pin=U211_A2-10
Added Pin To Net: NetName=AFSK2_TXD Pin=U211_A2-11
Added Pin To Net: NetName=VCC_A1 Pin=U211_A2-12
Added Pin To Net: NetName=AFSK2_RXD Pin=U211_A2-13
Added Pin To Net: NetName=AFSK2_DET Pin=U211_A2-14
Added Pin To Net: NetName=VCC_A1 Pin=U211_A2-16
Added Pin To Net: NetName=NetR231_1 Pin=U231-6
Added Pin To Net: NetName=NetR232_1 Pin=U231-6
Added Pin To Net: NetName=GND_D1 Pin=U231-7
Added Pin To Net: NetName=GND_D1 Pin=U231-8
Added Pin To Net: NetName=3V3 Pin=U231-16
Added Room: Name=CRSC0001
Added Room: Name=CRSC0002
