Removed Pin From Net: NetName=AFSK2_RX Pin=U231-3
Removed Pin From Net: NetName=NetU231_4 Pin=U231-4
Removed Pin From Net: NetName=AFSK1_RX Pin=U231-5
Removed Pin From Net: NetName=NetR232_1 Pin=U231-6
Removed Pin From Net: NetName=SWC1 Pin=U231-9
Removed Pin From Net: NetName=SWC5 Pin=U231-11
Removed Pin From Net: NetName=NetU231_4 Pin=U231-12
Removed Pin From Net: NetName=REPEATER Pin=U231-13
Removed Pin From Net: NetName=DTMF_RX Pin=U231-14
Removed Pin From Net: NetName=NetU231_4 Pin=U231-15
Added Component: Designator=U201(PLCC32)
Added Component: Designator=U202(SOT23-5)
Added Component: Designator=U203(TSSOP16)
Added Component: Designator=U204(SOT23-5)
Added Component: Designator=U211_A1(TSSOP24)
Added Component: Designator=U211_A2(TSSOP24)
Added Component: Designator=U221_D1(TSSOP20)
Added Component: Designator=U221_D2(TSSOP20)
Added Component: Designator=X211_A1(ECS-2025)
Added Component: Designator=X211_A2(ECS-2025)
Added Component: Designator=X221_D1(ECS-2025)
Added Component: Designator=X221_D2(ECS-2025)
Added Pin To Net: NetName=3V3 Pin=U201-1
Added Pin To Net: NetName=GND_D1 Pin=U201-2
Added Pin To Net: NetName=ADDRESS7 Pin=U201-3
Added Pin To Net: NetName=ADDRESS6 Pin=U201-4
Added Pin To Net: NetName=ADDRESS5 Pin=U201-5
Added Pin To Net: NetName=ADDRESS4 Pin=U201-6
Added Pin To Net: NetName=ADDRESS3 Pin=U201-7
Added Pin To Net: NetName=ADDRESS2 Pin=U201-8
Added Pin To Net: NetName=ADDRESS1 Pin=U201-9
Added Pin To Net: NetName=ADDRESS0 Pin=U201-10
Added Pin To Net: NetName=TONE_ON Pin=U201-11
Added Pin To Net: NetName=RESET Pin=U201-12
Added Pin To Net: NetName=GND_D1 Pin=U201-14
Added Pin To Net: NetName=GND_D1 Pin=U201-20
Added Pin To Net: NetName=GND_D1 Pin=U201-21
Added Pin To Net: NetName=GND_D1 Pin=U201-22
Added Pin To Net: NetName=GND_D1 Pin=U201-23
Added Pin To Net: NetName=GND_D1 Pin=U201-24
Added Pin To Net: NetName=GND_D1 Pin=U201-25
Added Pin To Net: NetName=GND_D1 Pin=U201-26
Added Pin To Net: NetName=GND_D1 Pin=U201-27
Added Pin To Net: NetName=3V3 Pin=U201-28
Added Pin To Net: NetName=NetC205_2 Pin=U202-1
Added Pin To Net: NetName=GND_D1 Pin=U202-2
Added Pin To Net: NetName=TONE_ON Pin=U202-3
Added Pin To Net: NetName=VCC_A1 Pin=U202-4
Added Pin To Net: NetName=BCN Pin=U202-5
Added Pin To Net: NetName=GND_D1 Pin=U203-1
Added Pin To Net: NetName=COUNTER_CLK Pin=U203-2
Added Pin To Net: NetName=ADDRESS0 Pin=U203-3
Added Pin To Net: NetName=ADDRESS1 Pin=U203-4
Added Pin To Net: NetName=ADDRESS2 Pin=U203-5
Added Pin To Net: NetName=ADDRESS3 Pin=U203-6
Added Pin To Net: NetName=RESET Pin=U203-7
Added Pin To Net: NetName=GND_D1 Pin=U203-8
Added Pin To Net: NetName=GND_D1 Pin=U203-9
Added Pin To Net: NetName=ADDRESS3 Pin=U203-10
Added Pin To Net: NetName=ADDRESS4 Pin=U203-11
Added Pin To Net: NetName=ADDRESS5 Pin=U203-12
Added Pin To Net: NetName=ADDRESS6 Pin=U203-13
Added Pin To Net: NetName=ADDRESS7 Pin=U203-14
Added Pin To Net: NetName=RESET Pin=U203-15
Added Pin To Net: NetName=3V3 Pin=U203-16
Added Pin To Net: NetName=NetC206_2 Pin=U204-1
Added Pin To Net: NetName=GND_D1 Pin=U204-2
Added Pin To Net: NetName=3V3 Pin=U204-3
Added Pin To Net: NetName=3V3 Pin=U204-4
Added Pin To Net: NetName=COUNTER_CLK Pin=U204-5
Added Pin To Net: NetName=NetU211_A1_2 Pin=U211_A1-2
Added Pin To Net: NetName=AFSK1_M0 Pin=U211_A1-3
Added Pin To Net: NetName=AFSK1_M1 Pin=U211_A1-4
Added Pin To Net: NetName=NetC213_A1_1 Pin=U211_A1-5
Added Pin To Net: NetName=NetC213_A1_2 Pin=U211_A1-6
Added Pin To Net: NetName=AFSK1_TX Pin=U211_A1-7
Added Pin To Net: NetName=GND_D1 Pin=U211_A1-8
Added Pin To Net: NetName=NetC214_A1_2 Pin=U211_A1-9
Added Pin To Net: NetName=VCC_A1 Pin=U211_A1-10
Added Pin To Net: NetName=AFSK1_TXD Pin=U211_A1-11
Added Pin To Net: NetName=VCC_A1 Pin=U211_A1-12
Added Pin To Net: NetName=AFSK1_RXD Pin=U211_A1-13
Added Pin To Net: NetName=AFSK1_DET Pin=U211_A1-14
Added Pin To Net: NetName=VCC_A1 Pin=U211_A1-16
Added Pin To Net: NetName=NetU211_A2_2 Pin=U211_A2-2
Added Pin To Net: NetName=AFSK2_M0 Pin=U211_A2-3
Added Pin To Net: NetName=AFSK2_M1 Pin=U211_A2-4
Added Pin To Net: NetName=NetC213_A2_1 Pin=U211_A2-5
Added Pin To Net: NetName=NetC213_A2_2 Pin=U211_A2-6
Added Pin To Net: NetName=AFSK2_TX Pin=U211_A2-7
Added Pin To Net: NetName=GND_D1 Pin=U211_A2-8
Added Pin To Net: NetName=NetC214_A2_2 Pin=U211_A2-9
Added Pin To Net: NetName=VCC_A1 Pin=U211_A2-10
Added Pin To Net: NetName=AFSK2_TXD Pin=U211_A2-11
Added Pin To Net: NetName=VCC_A1 Pin=U211_A2-12
Added Pin To Net: NetName=AFSK2_RXD Pin=U211_A2-13
Added Pin To Net: NetName=AFSK2_DET Pin=U211_A2-14
Added Pin To Net: NetName=VCC_A1 Pin=U211_A2-16
Added Pin To Net: NetName=NetU221_D1_1 Pin=U221_D1-1
Added Pin To Net: NetName=NetR221_D1_2 Pin=U221_D1-2
Added Pin To Net: NetName=NetR223_D1_2 Pin=U221_D1-3
Added Pin To Net: NetName=NetU221_D1_1 Pin=U221_D1-4
Added Pin To Net: NetName=GND_D1 Pin=U221_D1-5
Added Pin To Net: NetName=GND_D1 Pin=U221_D1-6
Added Pin To Net: NetName=NetU221_D1_8 Pin=U221_D1-8
Added Pin To Net: NetName=GND_D1 Pin=U221_D1-10
Added Pin To Net: NetName=VCC_A1 Pin=U221_D1-11
Added Pin To Net: NetName=DTMF1_Q1 Pin=U221_D1-12
Added Pin To Net: NetName=DTMF1_Q2 Pin=U221_D1-13
Added Pin To Net: NetName=DTMF1_Q3 Pin=U221_D1-14
Added Pin To Net: NetName=DTMF1_Q4 Pin=U221_D1-15
Added Pin To Net: NetName=DTMF1_STD Pin=U221_D1-17
Added Pin To Net: NetName=NetR222_D1_2 Pin=U221_D1-18
Added Pin To Net: NetName=NetC223_D1_2 Pin=U221_D1-19
Added Pin To Net: NetName=VCC_A1 Pin=U221_D1-20
Added Pin To Net: NetName=NetU221_D2_1 Pin=U221_D2-1
Added Pin To Net: NetName=NetR221_D2_2 Pin=U221_D2-2
Added Pin To Net: NetName=NetR223_D2_2 Pin=U221_D2-3
Added Pin To Net: NetName=NetU221_D2_1 Pin=U221_D2-4
Added Pin To Net: NetName=GND_D1 Pin=U221_D2-5
Added Pin To Net: NetName=GND_D1 Pin=U221_D2-6
Added Pin To Net: NetName=NetU221_D2_8 Pin=U221_D2-8
Added Pin To Net: NetName=GND_D1 Pin=U221_D2-10
Added Pin To Net: NetName=VCC_A1 Pin=U221_D2-11
Added Pin To Net: NetName=DTMF2_Q1 Pin=U221_D2-12
Added Pin To Net: NetName=DTMF2_Q2 Pin=U221_D2-13
Added Pin To Net: NetName=DTMF2_Q3 Pin=U221_D2-14
Added Pin To Net: NetName=DTMF2_Q4 Pin=U221_D2-15
Added Pin To Net: NetName=DTMF2_STD Pin=U221_D2-17
Added Pin To Net: NetName=NetR222_D2_2 Pin=U221_D2-18
Added Pin To Net: NetName=NetC223_D2_2 Pin=U221_D2-19
Added Pin To Net: NetName=VCC_A1 Pin=U221_D2-20
Added Pin To Net: NetName=AFSK2_RX Pin=U231-3
Added Pin To Net: NetName=NetU231_4 Pin=U231-4
Added Pin To Net: NetName=AFSK1_RX Pin=U231-5
Added Pin To Net: NetName=NetR231_1 Pin=U231-6
Added Pin To Net: NetName=NetR232_1 Pin=U231-6
Added Pin To Net: NetName=SWC1 Pin=U231-9
Added Pin To Net: NetName=SWC5 Pin=U231-11
Added Pin To Net: NetName=NetU231_4 Pin=U231-12
Added Pin To Net: NetName=REPEATER Pin=U231-13
Added Pin To Net: NetName=DTMF_RX Pin=U231-14
Added Pin To Net: NetName=NetU231_4 Pin=U231-15
Added Pin To Net: NetName=VCC_A1 Pin=X211_A1-1
Added Pin To Net: NetName=GND_D1 Pin=X211_A1-2
Added Pin To Net: NetName=NetU211_A1_2 Pin=X211_A1-3
Added Pin To Net: NetName=VCC_A1 Pin=X211_A1-4
Added Pin To Net: NetName=VCC_A1 Pin=X211_A2-1
Added Pin To Net: NetName=GND_D1 Pin=X211_A2-2
Added Pin To Net: NetName=NetU211_A2_2 Pin=X211_A2-3
Added Pin To Net: NetName=VCC_A1 Pin=X211_A2-4
Added Pin To Net: NetName=VCC_A1 Pin=X221_D1-1
Added Pin To Net: NetName=GND_D1 Pin=X221_D1-2
Added Pin To Net: NetName=NetU221_D1_8 Pin=X221_D1-3
Added Pin To Net: NetName=VCC_A1 Pin=X221_D1-4
Added Pin To Net: NetName=VCC_A1 Pin=X221_D2-1
Added Pin To Net: NetName=GND_D1 Pin=X221_D2-2
Added Pin To Net: NetName=NetU221_D2_8 Pin=X221_D2-3
Added Pin To Net: NetName=VCC_A1 Pin=X221_D2-4
Added Member To Class: ClassName=Beacon Member=Component C201 Cap 0402
Added Member To Class: ClassName=Beacon Member=Component U201 AT27LV256
Added Member To Class: ClassName=Beacon Member=Component U202 IttyBitty Timer
Added Member To Class: ClassName=Beacon Member=Component U203 CD4520BPW
Added Member To Class: ClassName=Beacon Member=Component U204 MIC1557YM5
Added Member To Class: ClassName=A1 Member=Component U211_A1 (U211) MX614DW
Added Member To Class: ClassName=A2 Member=Component U211_A2 (U211) MX614DW
Added Member To Class: ClassName=D1 Member=Component U221_D1 (U221) MT88L70AN
Added Member To Class: ClassName=D2 Member=Component U221_D2 (U221) MT88L70AN
Added Member To Class: ClassName=A1 Member=Component X211_A1 (X211) ECS-2025-035
Added Member To Class: ClassName=A2 Member=Component X211_A2 (X211) ECS-2025-035
Added Member To Class: ClassName=D1 Member=Component X221_D1 (X221) ECS-2025-035
Added Member To Class: ClassName=D2 Member=Component X221_D2 (X221) ECS-2025-035
