Added Component: Designator=U231(TSSOP16)
Added Component: Designator=U232(TSSOP16)
Added Component: Designator=U233(TSSOP16)
Added Pin To Net: NetName=GMSK2_RX Pin=U231-1
Added Pin To Net: NetName=GMSK1_RX Pin=U231-2
Added Pin To Net: NetName=AFSK2_RX Pin=U231-3
Added Pin To Net: NetName=NetU231_4 Pin=U231-4
Added Pin To Net: NetName=AFSK1_RX Pin=U231-5
Added Pin To Net: NetName=NetR231_1 Pin=U231-6
Added Pin To Net: NetName=GND Pin=U231-7
Added Pin To Net: NetName=GND Pin=U231-8
Added Pin To Net: NetName=SWC1 Pin=U231-9
Added Pin To Net: NetName=SWC0 Pin=U231-10
Added Pin To Net: NetName=SWC5 Pin=U231-11
Added Pin To Net: NetName=NetU231_4 Pin=U231-12
Added Pin To Net: NetName=REPEATER Pin=U231-13
Added Pin To Net: NetName=DTMF_RX Pin=U231-14
Added Pin To Net: NetName=NetU231_4 Pin=U231-15
Added Pin To Net: NetName=3V3 Pin=U231-16
Added Pin To Net: NetName=TX_DEVICE Pin=U232-1
Added Pin To Net: NetName=REPEATER Pin=U232-2
Added Pin To Net: NetName=TX2 Pin=U232-3
Added Pin To Net: NetName=NetU233_4 Pin=U232-4
Added Pin To Net: NetName=TX1 Pin=U232-5
Added Pin To Net: NetName=NetR232_1 Pin=U232-6
Added Pin To Net: NetName=GND Pin=U232-7
Added Pin To Net: NetName=GND Pin=U232-8
Added Pin To Net: NetName=SWC7 Pin=U232-9
Added Pin To Net: NetName=SWC5 Pin=U232-10
Added Pin To Net: NetName=SWC6 Pin=U232-11
Added Pin To Net: NetName=RX1 Pin=U232-12
Added Pin To Net: NetName=RX2 Pin=U232-13
Added Pin To Net: NetName=DTMF_RX Pin=U232-14
Added Pin To Net: NetName=NetU233_4 Pin=U232-15
Added Pin To Net: NetName=3V3 Pin=U232-16
Added Pin To Net: NetName=GMSK2_TX Pin=U233-1
Added Pin To Net: NetName=NetR234_2 Pin=U233-2
Added Pin To Net: NetName=TX_DEVICE Pin=U233-3
Added Pin To Net: NetName=NetR234_2 Pin=U233-4
Added Pin To Net: NetName=NetR234_2 Pin=U233-5
Added Pin To Net: NetName=NetR233_1 Pin=U233-6
Added Pin To Net: NetName=GND Pin=U233-7
Added Pin To Net: NetName=GND Pin=U233-8
Added Pin To Net: NetName=SWC2 Pin=U233-9
Added Pin To Net: NetName=SWC3 Pin=U233-10
Added Pin To Net: NetName=SWC4 Pin=U233-11
Added Pin To Net: NetName=GMSK1_TX Pin=U233-12
Added Pin To Net: NetName=BCN Pin=U233-13
Added Pin To Net: NetName=AFSK1_TX Pin=U233-14
Added Pin To Net: NetName=AFSK2_TX Pin=U233-15
Added Pin To Net: NetName=3V3 Pin=U233-16
Change Net Name : Old Net Name=NetU233_4 New Net Name=NetU232_4
Added Member To Class: ClassName=U_SwC_Main Member=Component U231 CD4053BCM
Added Member To Class: ClassName=U_SwC_Main Member=Component U232 CD4053BCM
Added Member To Class: ClassName=U_SwC_Main Member=Component U233 CD4051BCM
Added Room: Name=CRSC0001
Added Room: Name=CRSC0002
