Removed Pin From Net: NetName=GND Pin=P1_X+-2
Removed Pin From Net: NetName=NetP1_X+_8 Pin=P1_X+-8
Removed Pin From Net: NetName=GND Pin=P1_X--2
Removed Pin From Net: NetName=NetP1_X-_8 Pin=P1_X--8
Removed Pin From Net: NetName=GND Pin=P1_Y+-2
Removed Pin From Net: NetName=NetP1_Y+_8 Pin=P1_Y+-8
Removed Pin From Net: NetName=GND Pin=P1_Y--2
Removed Pin From Net: NetName=NetP1_Y-_8 Pin=P1_Y--8
Removed Pin From Net: NetName=GND Pin=P1_Z+-2
Removed Pin From Net: NetName=NetP1_Z+_8 Pin=P1_Z+-8
Removed Pin From Net: NetName=GND Pin=P1_Z--2
Removed Pin From Net: NetName=NetP1_Z-_8 Pin=P1_Z--8
Removed Pin From Net: NetName=NetP1_X+_8 Pin=SOLAR_X+-3
Removed Pin From Net: NetName=NetP1_X-_8 Pin=SOLAR_X--3
Removed Pin From Net: NetName=NetP1_Y+_8 Pin=SOLAR_Y+-3
Removed Pin From Net: NetName=NetP1_Y-_8 Pin=SOLAR_Y--3
Removed Pin From Net: NetName=NetP1_Z+_8 Pin=SOLAR_Z+-3
Removed Pin From Net: NetName=NetP1_Z-_8 Pin=SOLAR_Z--3
Added Pin To Net: NetName=NetP1_Z-_8 Pin=P1_X+-2
Added Pin To Net: NetName=GND Pin=P1_X+-8
Added Pin To Net: NetName=NetP1_Z+_8 Pin=P1_X--2
Added Pin To Net: NetName=GND Pin=P1_X--8
Added Pin To Net: NetName=NetP1_Y-_8 Pin=P1_Y+-2
Added Pin To Net: NetName=GND Pin=P1_Y+-8
Added Pin To Net: NetName=NetP1_Y+_8 Pin=P1_Y--2
Added Pin To Net: NetName=GND Pin=P1_Y--8
Added Pin To Net: NetName=NetP1_X-_8 Pin=P1_Z+-2
Added Pin To Net: NetName=GND Pin=P1_Z+-8
Added Pin To Net: NetName=NetP1_X+_8 Pin=P1_Z--2
Added Pin To Net: NetName=GND Pin=P1_Z--8
Added Pin To Net: NetName=NetP1_Z-_8 Pin=SOLAR_X+-3
Added Pin To Net: NetName=NetP1_Z+_8 Pin=SOLAR_X--3
Added Pin To Net: NetName=NetP1_Y-_8 Pin=SOLAR_Y+-3
Added Pin To Net: NetName=NetP1_Y+_8 Pin=SOLAR_Y--3
Added Pin To Net: NetName=NetP1_X-_8 Pin=SOLAR_Z+-3
Added Pin To Net: NetName=NetP1_X+_8 Pin=SOLAR_Z--3
Change Net Name : Old Net Name=NetP1_X+_8 New Net Name=NetP1_Z-_2
Change Net Name : Old Net Name=NetP1_X-_8 New Net Name=NetP1_Z+_2
Change Net Name : Old Net Name=NetP1_Y+_8 New Net Name=NetP1_Y-_2
Change Net Name : Old Net Name=NetP1_Y-_8 New Net Name=NetP1_Y+_2
Change Net Name : Old Net Name=NetP1_Z+_8 New Net Name=NetP1_X-_2
Change Net Name : Old Net Name=NetP1_Z-_8 New Net Name=NetP1_X+_2
