Removed Pin From Net: NetName=9V1_RX1 Pin=D1-1
Removed Pin From Net: NetName=9V1_RX2 Pin=D1-2
Added Pin To Net: NetName=9V1_RX2 Pin=D1-1
Added Pin To Net: NetName=9V1_RX1 Pin=D1-2
Added Pin To Net: NetName=GND Pin=U4-1
Added Pin To Net: NetName=GND Pin=U4-7
Added Member To Class: ClassName=Tray5 Member=Component C6 0805 Cap
Added Member To Class: ClassName=Tray5 Member=Component C7 0805 Cap
Added Member To Class: ClassName=Tray5 Member=Component C8 0805 Cap
Added Member To Class: ClassName=Tray5 Member=Component C9 0805 Cap
Added Member To Class: ClassName=Tray5 Member=Component D1 BAT54CW
Added Member To Class: ClassName=Tray5 Member=Component R13 0805 Resistor
Added Member To Class: ClassName=Tray5 Member=Component R14 0805 Resistor
Added Member To Class: ClassName=Tray5 Member=Component R15 0805 Resistor
Added Member To Class: ClassName=Tray5 Member=Component R16 0805 Resistor
Added Member To Class: ClassName=Tray5 Member=Component R17 0805 Resistor
Added Member To Class: ClassName=Tray5 Member=Component R18 0805 Resistor
Added Member To Class: ClassName=Tray5 Member=Component R19 0805 Resistor
Added Member To Class: ClassName=Tray5 Member=Component R20 0805 Resistor
Added Member To Class: ClassName=Tray5 Member=Component R21 0805 Resistor
Added Member To Class: ClassName=Tray5 Member=Component R23 0805 Resistor
Added Member To Class: ClassName=Tray5 Member=Component R26 0805 Resistor
Added Member To Class: ClassName=Tray5 Member=Component U5 LM6134AIM/NOPB
