Removed Pin From Net: NetName=VGND_OUT Pin=R?-1
Removed Pin From Net: NetName=VCC_OP Pin=R?-2
Removed Pin From Net: NetName=NetC7_1 Pin=U?-1
Removed Pin From Net: NetName=VGND Pin=U?-3
Removed Pin From Net: NetName=VCC_OP Pin=U?-4
Removed Pin From Net: NetName=VGND Pin=U?-5
Removed Pin From Net: NetName=NetC8_1 Pin=U?-7
Removed Pin From Net: NetName=VGND Pin=U?-8
Removed Pin From Net: NetName=VGND Pin=U?-9
Removed Pin From Net: NetName=NetC6_2 Pin=U?-10
Removed Pin From Net: NetName=GND Pin=U?-11
Removed Pin From Net: NetName=VGND_OUT Pin=U?-13
Removed Pin From Net: NetName=VGND_OUT Pin=U?-14
Removed Member From Class: ClassName=Tray5 Member=U?
Change Component Designator: OldDesignator=D? NewDesignator=D1
Change Component Designator: OldDesignator=R? NewDesignator=R13
Change Component Designator: OldDesignator=R? NewDesignator=R14
Change Component Designator: OldDesignator=R? NewDesignator=R15
Change Component Designator: OldDesignator=R? NewDesignator=R16
Change Component Designator: OldDesignator=R? NewDesignator=R17
Change Component Designator: OldDesignator=R? NewDesignator=R18
Change Component Designator: OldDesignator=R? NewDesignator=R19
Change Component Designator: OldDesignator=R? NewDesignator=R20
Change Component Designator: OldDesignator=R? NewDesignator=R21
Change Component Designator: OldDesignator=R? NewDesignator=R22
Change Component Designator: OldDesignator=R? NewDesignator=R23
Change Component Designator: OldDesignator=R? NewDesignator=R24
Change Component Designator: OldDesignator=R? NewDesignator=R25
Change Component Designator: OldDesignator=R? NewDesignator=R26
Change Component Designator: OldDesignator=U? NewDesignator=U5
Added Pin To Net: NetName=GND Pin=C6-1
Added Pin To Net: NetName=NetC7_1 Pin=R13-1
Added Pin To Net: NetName=NetC6_2 Pin=R14-1
Added Pin To Net: NetName=VCC_OP Pin=R14-2
Added Pin To Net: NetName=VCC_OP Pin=R15-2
Added Pin To Net: NetName=AF_RX1_IN Pin=R16-2
Added Pin To Net: NetName=GND Pin=R17-1
Added Pin To Net: NetName=NetC6_2 Pin=R17-2
Added Pin To Net: NetName=GND Pin=R18-1
Added Pin To Net: NetName=VGND_OUT Pin=R19-1
Added Pin To Net: NetName=AF_RX1 Pin=R19-2
Added Pin To Net: NetName=NetC8_1 Pin=R20-1
Added Pin To Net: NetName=COS_RX2 Pin=R21-1
Added Pin To Net: NetName=COS_RX2_IN Pin=R21-2
Added Pin To Net: NetName=COS_RX1 Pin=R22-1
Added Pin To Net: NetName=COS_RX1_IN Pin=R22-2
Added Pin To Net: NetName=AF_RX2_IN Pin=R23-2
Added Pin To Net: NetName=GND Pin=R24-1
Added Pin To Net: NetName=COS_RX2 Pin=R24-2
Added Pin To Net: NetName=GND Pin=R25-1
Added Pin To Net: NetName=COS_RX1 Pin=R25-2
Added Pin To Net: NetName=VGND_OUT Pin=R26-1
Added Pin To Net: NetName=AF_RX2 Pin=R26-2
Added Pin To Net: NetName=VGND Pin=U5-1
Added Pin To Net: NetName=VGND Pin=U5-2
Added Pin To Net: NetName=NetC6_2 Pin=U5-3
Added Pin To Net: NetName=VCC_OP Pin=U5-4
Added Pin To Net: NetName=VGND_OUT Pin=U5-6
Added Pin To Net: NetName=VGND_OUT Pin=U5-7
Added Pin To Net: NetName=NetC7_1 Pin=U5-8
Added Pin To Net: NetName=VGND Pin=U5-10
Added Pin To Net: NetName=GND Pin=U5-11
Added Pin To Net: NetName=VGND Pin=U5-12
Added Pin To Net: NetName=NetC8_1 Pin=U5-14
Added Pin To Net: NetName=NetR13_2 Pin=R13-2
Added Pin To Net: NetName=NetR13_2 Pin=R16-1
Added Pin To Net: NetName=NetR13_2 Pin=U5-9
Added Net: Name=NetR13_2
Added Pin To Net: NetName=NetR20_2 Pin=R20-2
Added Pin To Net: NetName=NetR20_2 Pin=R23-1
Added Pin To Net: NetName=NetR20_2 Pin=U5-13
Added Net: Name=NetR20_2
Added Member To Class: ClassName=Tray5 Member=Component R13 0805 Resistor
Added Member To Class: ClassName=Tray5 Member=Component R14 0805 Resistor
Added Member To Class: ClassName=Tray5 Member=Component R15 0805 Resistor
Added Member To Class: ClassName=Tray5 Member=Component R16 0805 Resistor
Added Member To Class: ClassName=Tray5 Member=Component R17 0805 Resistor
Added Member To Class: ClassName=Tray5 Member=Component R18 0805 Resistor
Added Member To Class: ClassName=Tray5 Member=Component R19 0805 Resistor
Added Member To Class: ClassName=Tray5 Member=Component R20 0805 Resistor
Added Member To Class: ClassName=Tray5 Member=Component R21 0805 Resistor
Added Member To Class: ClassName=Tray5 Member=Component R22 0805 Resistor
Added Member To Class: ClassName=Tray5 Member=Component R23 0805 Resistor
Added Member To Class: ClassName=Tray5 Member=Component R24 0805 Resistor
Added Member To Class: ClassName=Tray5 Member=Component R25 0805 Resistor
Added Member To Class: ClassName=Tray5 Member=Component U5 LM6134AIM/NOPB
Added Room: Name=Designator
