Removed Pin From Net: NetName=5V0_PWRGD1 Pin=U9-1
Removed Pin From Net: NetName=5V0_FAULT1 Pin=U9-2
Removed Pin From Net: NetName=5V0_FAULT2 Pin=U9-3
Removed Pin From Net: NetName=5V0_PWRGD2 Pin=U9-4
Removed Pin From Net: NetName=3V3_PWRGD1 Pin=U9-5
Removed Pin From Net: NetName=3V3_FAULT1 Pin=U9-6
Removed Pin From Net: NetName=3V3_FAULT2 Pin=U9-7
Removed Pin From Net: NetName=3V3_PWRGD2 Pin=U9-8
Removed Pin From Net: NetName=5V0_PAYLOAD_EN Pin=U9-21
Removed Pin From Net: NetName=3V0_PAYLOAD_EN Pin=U9-22
Removed Pin From Net: NetName=9V1_TX2_EN Pin=U9-24
Removed Pin From Net: NetName=9V1_EN2 Pin=U9-25
Removed Pin From Net: NetName=9V1_TX1_EN Pin=U9-26
Removed Pin From Net: NetName=9V1_RX2_EN Pin=U9-27
Removed Pin From Net: NetName=9V1_RX1_EN Pin=U9-28
Added Component: Designator=D3(R0805M)
Added Component: Designator=D4(R0805M)
Added Component: Designator=D5(R0805M)
Added Component: Designator=D6(R0805M)
Added Component: Designator=D7(R0805M)
Added Component: Designator=D8(R0805M)
Added Component: Designator=D9(R0805M)
Added Component: Designator=D10(R0805M)
Added Component: Designator=D11(R0805M)
Added Component: Designator=D12(R0805M)
Added Component: Designator=D13(R0805M)
Added Component: Designator=D14(R0805M)
Added Component: Designator=D15(R0805M)
Added Component: Designator=D16(R0805M)
Added Component: Designator=D17(R0805M)
Added Component: Designator=D18(R0805M)
Added Component: Designator=D19(R0805M)
Added Component: Designator=R46(R0402M)
Added Component: Designator=R47(R0402M)
Added Component: Designator=R48(R0402M)
Added Component: Designator=R49(R0402M)
Added Component: Designator=R50(R0402M)
Added Component: Designator=R51(R0402M)
Added Component: Designator=R52(R0402M)
Added Component: Designator=R53(R0402M)
Added Component: Designator=R54(R0402M)
Added Component: Designator=R55(R0402M)
Added Component: Designator=R56(R0402M)
Added Component: Designator=R57(R0402M)
Added Component: Designator=R58(R0402M)
Added Component: Designator=R59(R0402M)
Added Component: Designator=R60(R0402M)
Added Component: Designator=R61(R0402M)
Added Component: Designator=R62(R0402M)
Added Component: Designator=R63(R0402M)
Added Component: Designator=R64(R0402M)
Added Pin To Net: NetName=NetD1_1 Pin=D1-1
Added Pin To Net: NetName=GND Pin=D1-2
Added Pin To Net: NetName=NetD2_1 Pin=D2-1
Added Pin To Net: NetName=GND Pin=D2-2
Added Pin To Net: NetName=GND Pin=D3-2
Added Pin To Net: NetName=GND Pin=D4-2
Added Pin To Net: NetName=GND Pin=D5-2
Added Pin To Net: NetName=GND Pin=D6-2
Added Pin To Net: NetName=GND Pin=D7-2
Added Pin To Net: NetName=GND Pin=D8-2
Added Pin To Net: NetName=GND Pin=D9-2
Added Pin To Net: NetName=GND Pin=D10-2
Added Pin To Net: NetName=GND Pin=D11-2
Added Pin To Net: NetName=GND Pin=D14-2
Added Pin To Net: NetName=GND Pin=D15-2
Added Pin To Net: NetName=GND Pin=D16-2
Added Pin To Net: NetName=GND Pin=D17-2
Added Pin To Net: NetName=GND Pin=D18-2
Added Pin To Net: NetName=GND Pin=D19-2
Added Pin To Net: NetName=NetD1_1 Pin=R33-2
Added Pin To Net: NetName=NetD2_1 Pin=R34-2
Added Pin To Net: NetName=3V3_EXT Pin=R59-1
Added Pin To Net: NetName=3V3_PWR Pin=R61-1
Added Pin To Net: NetName=SDA Pin=R61-2
Added Pin To Net: NetName=3V3_PWR Pin=R62-1
Added Pin To Net: NetName=SCL Pin=R62-2
Added Pin To Net: NetName=3V3_FAULT1 Pin=U9-1
Added Pin To Net: NetName=3V3_FAULT2 Pin=U9-2
Added Pin To Net: NetName=3V3_PWRGD1 Pin=U9-3
Added Pin To Net: NetName=3V3_PWRGD2 Pin=U9-4
Added Pin To Net: NetName=5V0_FAULT1 Pin=U9-5
Added Pin To Net: NetName=5V0_FAULT2 Pin=U9-6
Added Pin To Net: NetName=5V0_PWRGD1 Pin=U9-7
Added Pin To Net: NetName=5V0_PWRGD2 Pin=U9-8
Added Pin To Net: NetName=9V1_RX1_EN Pin=U9-21
Added Pin To Net: NetName=9V1_RX2_EN Pin=U9-22
Added Pin To Net: NetName=9V1_EN2 Pin=U9-24
Added Pin To Net: NetName=9V1_TX1_EN Pin=U9-25
Added Pin To Net: NetName=9V1_TX2_EN Pin=U9-26
Added Pin To Net: NetName=5V0_PAYLOAD_EN Pin=U9-27
Added Pin To Net: NetName=3V0_PAYLOAD_EN Pin=U9-28
Added Pin To Net: NetName=3V3_BUS Pin=R58-1
Added Net: Name=3V3_BUS
Added Pin To Net: NetName=5V0_BUS Pin=R57-1
Added Net: Name=5V0_BUS
Added Pin To Net: NetName=NetD3_1 Pin=D3-1
Added Pin To Net: NetName=NetD3_1 Pin=R46-2
Added Net: Name=NetD3_1
Added Pin To Net: NetName=NetD4_1 Pin=D4-1
Added Pin To Net: NetName=NetD4_1 Pin=R47-2
Added Net: Name=NetD4_1
Added Pin To Net: NetName=NetD5_1 Pin=D5-1
Added Pin To Net: NetName=NetD5_1 Pin=R48-2
Added Net: Name=NetD5_1
Added Pin To Net: NetName=NetD6_1 Pin=D6-1
Added Pin To Net: NetName=NetD6_1 Pin=R49-2
Added Net: Name=NetD6_1
Added Pin To Net: NetName=NetD7_1 Pin=D7-1
Added Pin To Net: NetName=NetD7_1 Pin=R50-2
Added Net: Name=NetD7_1
Added Pin To Net: NetName=NetD8_1 Pin=D8-1
Added Pin To Net: NetName=NetD8_1 Pin=R51-2
Added Net: Name=NetD8_1
Added Pin To Net: NetName=NetD9_1 Pin=D9-1
Added Pin To Net: NetName=NetD9_1 Pin=R52-2
Added Net: Name=NetD9_1
Added Pin To Net: NetName=NetD10_1 Pin=D10-1
Added Pin To Net: NetName=NetD10_1 Pin=R53-2
Added Net: Name=NetD10_1
Added Pin To Net: NetName=NetD11_1 Pin=D11-1
Added Pin To Net: NetName=NetD11_1 Pin=R54-2
Added Net: Name=NetD11_1
Added Pin To Net: NetName=NetD12_2 Pin=D12-2
Added Pin To Net: NetName=NetD12_2 Pin=R63-2
Added Net: Name=NetD12_2
Added Pin To Net: NetName=NetD13_2 Pin=D13-2
Added Pin To Net: NetName=NetD13_2 Pin=R64-2
Added Net: Name=NetD13_2
Added Pin To Net: NetName=NetD14_1 Pin=D14-1
Added Pin To Net: NetName=NetD14_1 Pin=R55-2
Added Net: Name=NetD14_1
Added Pin To Net: NetName=NetD15_1 Pin=D15-1
Added Pin To Net: NetName=NetD15_1 Pin=R56-2
Added Net: Name=NetD15_1
Added Pin To Net: NetName=NetD16_1 Pin=D16-1
Added Pin To Net: NetName=NetD16_1 Pin=R57-2
Added Net: Name=NetD16_1
Added Pin To Net: NetName=NetD17_1 Pin=D17-1
Added Pin To Net: NetName=NetD17_1 Pin=R58-2
Added Net: Name=NetD17_1
Added Pin To Net: NetName=NetD18_1 Pin=D18-1
Added Pin To Net: NetName=NetD18_1 Pin=R59-2
Added Net: Name=NetD18_1
Added Pin To Net: NetName=NetD19_1 Pin=D19-1
Added Pin To Net: NetName=NetD19_1 Pin=R60-2
Added Net: Name=NetD19_1
Added Pin To Net: NetName=PWR_SCL Pin=R64-1
Added Net: Name=PWR_SCL
Added Pin To Net: NetName=PWR_SDA Pin=R63-1
Added Net: Name=PWR_SDA
Added Member To Class: ClassName=Regulation Member=Component D1 LED0
Added Member To Class: ClassName=Regulation Member=Component D2 LED0
Added Member To Class: ClassName=PowerBoard Member=Component D3 LED0
Added Member To Class: ClassName=PowerBoard Member=Component D4 LED0
Added Member To Class: ClassName=PowerBoard Member=Component D5 LED0
Added Member To Class: ClassName=PowerBoard Member=Component D6 LED0
Added Member To Class: ClassName=PowerBoard Member=Component D7 LED0
Added Member To Class: ClassName=PowerBoard Member=Component D8 LED0
Added Member To Class: ClassName=PowerBoard Member=Component D9 LED0
Added Member To Class: ClassName=PowerBoard Member=Component D10 LED0
Added Member To Class: ClassName=PowerBoard Member=Component D11 LED0
Added Member To Class: ClassName=PowerBoard Member=Component D12 LED0
Added Member To Class: ClassName=PowerBoard Member=Component D13 LED0
Added Member To Class: ClassName=PowerBoard Member=Component D14 LED0
Added Member To Class: ClassName=PowerBoard Member=Component D15 LED0
Added Member To Class: ClassName=PowerBoard Member=Component D16 LED0
Added Member To Class: ClassName=PowerBoard Member=Component D17 LED0
Added Member To Class: ClassName=PowerBoard Member=Component D18 LED0
Added Member To Class: ClassName=PowerBoard Member=Component D19 LED0
Added Member To Class: ClassName=Regulation Member=Component R33 
Added Member To Class: ClassName=Regulation Member=Component R34 
Added Member To Class: ClassName=PowerBoard Member=Component R46 
Added Member To Class: ClassName=PowerBoard Member=Component R47 
Added Member To Class: ClassName=PowerBoard Member=Component R48 
Added Member To Class: ClassName=PowerBoard Member=Component R49 
Added Member To Class: ClassName=PowerBoard Member=Component R50 
Added Member To Class: ClassName=PowerBoard Member=Component R51 
Added Member To Class: ClassName=PowerBoard Member=Component R52 
Added Member To Class: ClassName=PowerBoard Member=Component R53 
Added Member To Class: ClassName=PowerBoard Member=Component R54 
Added Member To Class: ClassName=PowerBoard Member=Component R55 
Added Member To Class: ClassName=PowerBoard Member=Component R56 
Added Member To Class: ClassName=PowerBoard Member=Component R57 
Added Member To Class: ClassName=PowerBoard Member=Component R58 
Added Member To Class: ClassName=PowerBoard Member=Component R59 
Added Member To Class: ClassName=PowerBoard Member=Component R60 
Added Member To Class: ClassName=PowerBoard Member=Component R61 
Added Member To Class: ClassName=PowerBoard Member=Component R62 
Added Member To Class: ClassName=PowerBoard Member=Component R63 
Added Member To Class: ClassName=PowerBoard Member=Component R64 
Added Room: Name=PowerBoard
Added Room: Name=Regulation
