Added Component: Designator=J1(BIDIRECTIONAL LED)
Added Component: Designator=J2(BIDIRECTIONAL LED)
Added Component: Designator=J3(BIDIRECTIONAL LED)
Added Component: Designator=J4(BIDIRECTIONAL LED)
Added Component: Designator=J5(BIDIRECTIONAL LED)
Added Component: Designator=J6(BIDIRECTIONAL LED)
Added Component: Designator=J7(BIDIRECTIONAL LED)
Added Pin To Net: NetName=3V3_PWR Pin=J1-1
Added Pin To Net: NetName=NetJ1_2 Pin=J1-2
Added Pin To Net: NetName=GND Pin=J1-3
Added Pin To Net: NetName=3V3_PWR Pin=J2-1
Added Pin To Net: NetName=NetJ2_2 Pin=J2-2
Added Pin To Net: NetName=GND Pin=J2-3
Added Pin To Net: NetName=3V3_PWR Pin=J3-1
Added Pin To Net: NetName=NetJ3_2 Pin=J3-2
Added Pin To Net: NetName=GND Pin=J3-3
Added Pin To Net: NetName=3V3_PWR Pin=J4-1
Added Pin To Net: NetName=NetJ4_2 Pin=J4-2
Added Pin To Net: NetName=GND Pin=J4-3
Added Pin To Net: NetName=3V3_PWR Pin=J5-1
Added Pin To Net: NetName=NetJ5_2 Pin=J5-2
Added Pin To Net: NetName=GND Pin=J5-3
Added Pin To Net: NetName=3V3_PWR Pin=J6-1
Added Pin To Net: NetName=NetJ6_2 Pin=J6-2
Added Pin To Net: NetName=GND Pin=J6-3
Added Pin To Net: NetName=3V3_PWR Pin=J7-1
Added Pin To Net: NetName=NetJ7_2 Pin=J7-2
Added Pin To Net: NetName=GND Pin=J7-3
Added Member To Class: ClassName=Regulation Member=Component J1 3-WAY JUMPER
Added Member To Class: ClassName=Regulation Member=Component J2 3-WAY JUMPER
Added Member To Class: ClassName=Regulation Member=Component J3 3-WAY JUMPER
Added Member To Class: ClassName=Regulation Member=Component J4 3-WAY JUMPER
Added Member To Class: ClassName=Regulation Member=Component J5 3-WAY JUMPER
Added Member To Class: ClassName=Regulation Member=Component J6 3-WAY JUMPER
Added Member To Class: ClassName=Regulation Member=Component J7 3-WAY JUMPER
