Removed Pin From Net: NetName=NetQ2A_S1 Pin=Q2A-S1
Removed Pin From Net: NetName=NetQ2A_S1 Pin=Q2A-S1
Removed Pin From Net: NetName=3V3 Pin=Q2A-S2
Removed Pin From Net: NetName=3V3 Pin=Q2A-S2
Removed Pin From Net: NetName=NetQ2B_S1 Pin=Q2B-S1
Removed Pin From Net: NetName=NetQ2B_S1 Pin=Q2B-S1
Removed Pin From Net: NetName=5V0 Pin=Q2B-S2
Removed Pin From Net: NetName=5V0 Pin=Q2B-S2
Removed Pin From Net: NetName=NetQ2C_S1 Pin=Q2C-S1
Removed Pin From Net: NetName=NetQ2C_S1 Pin=Q2C-S1
Removed Pin From Net: NetName=9V1 Pin=Q2C-S2
Removed Pin From Net: NetName=9V1 Pin=Q2C-S2
Removed Pin From Net: NetName=NetQ2D_S1 Pin=Q2D-S1
Removed Pin From Net: NetName=NetQ2D_S1 Pin=Q2D-S1
Removed Pin From Net: NetName=13V6 Pin=Q2D-S2
Removed Pin From Net: NetName=13V6 Pin=Q2D-S2
Removed Pin From Net: NetName=NetQ2E_S1 Pin=Q2E-S1
Removed Pin From Net: NetName=NetQ2E_S1 Pin=Q2E-S1
Removed Pin From Net: NetName=VOUTE Pin=Q2E-S2
Removed Pin From Net: NetName=VOUTE Pin=Q2E-S2
Removed Pin From Net: NetName=NetQ2A_G1 Pin=U2A-11
Removed Pin From Net: NetName=NetQ2A_G2 Pin=U2A-13
Removed Pin From Net: NetName=NetQ2B_G1 Pin=U2B-11
Removed Pin From Net: NetName=NetQ2B_G2 Pin=U2B-13
Removed Pin From Net: NetName=NetQ2C_G1 Pin=U2C-11
Removed Pin From Net: NetName=NetQ2C_G2 Pin=U2C-13
Removed Pin From Net: NetName=NetQ2D_G1 Pin=U2D-11
Removed Pin From Net: NetName=NetQ2D_G2 Pin=U2D-13
Removed Pin From Net: NetName=NetQ2E_G1 Pin=U2E-11
Removed Pin From Net: NetName=NetQ2E_G2 Pin=U2E-13
Added Pin To Net: NetName=3V3 Pin=Q2A-S1
Added Pin To Net: NetName=3V3 Pin=Q2A-S1
Added Pin To Net: NetName=NetQ2A_S1 Pin=Q2A-S2
Added Pin To Net: NetName=NetQ2A_S1 Pin=Q2A-S2
Added Pin To Net: NetName=5V0 Pin=Q2B-S1
Added Pin To Net: NetName=5V0 Pin=Q2B-S1
Added Pin To Net: NetName=NetQ2B_S1 Pin=Q2B-S2
Added Pin To Net: NetName=NetQ2B_S1 Pin=Q2B-S2
Added Pin To Net: NetName=9V1 Pin=Q2C-S1
Added Pin To Net: NetName=9V1 Pin=Q2C-S1
Added Pin To Net: NetName=NetQ2C_S1 Pin=Q2C-S2
Added Pin To Net: NetName=NetQ2C_S1 Pin=Q2C-S2
Added Pin To Net: NetName=13V6 Pin=Q2D-S1
Added Pin To Net: NetName=13V6 Pin=Q2D-S1
Added Pin To Net: NetName=NetQ2D_S1 Pin=Q2D-S2
Added Pin To Net: NetName=NetQ2D_S1 Pin=Q2D-S2
Added Pin To Net: NetName=VOUTE Pin=Q2E-S1
Added Pin To Net: NetName=VOUTE Pin=Q2E-S1
Added Pin To Net: NetName=NetQ2E_S1 Pin=Q2E-S2
Added Pin To Net: NetName=NetQ2E_S1 Pin=Q2E-S2
Added Pin To Net: NetName=NetQ2A_G2 Pin=U2A-11
Added Pin To Net: NetName=NetQ2A_G1 Pin=U2A-13
Added Pin To Net: NetName=NetQ2B_G2 Pin=U2B-11
Added Pin To Net: NetName=NetQ2B_G1 Pin=U2B-13
Added Pin To Net: NetName=NetQ2C_G2 Pin=U2C-11
Added Pin To Net: NetName=NetQ2C_G1 Pin=U2C-13
Added Pin To Net: NetName=NetQ2D_G2 Pin=U2D-11
Added Pin To Net: NetName=NetQ2D_G1 Pin=U2D-13
Added Pin To Net: NetName=NetQ2E_G2 Pin=U2E-11
Added Pin To Net: NetName=NetQ2E_G1 Pin=U2E-13
Change Net Name : Old Net Name=NetQ2A_S1 New Net Name=NetQ2A_S2
Change Net Name : Old Net Name=NetQ2B_S1 New Net Name=NetQ2B_S2
Change Net Name : Old Net Name=NetQ2C_S1 New Net Name=NetQ2C_S2
Change Net Name : Old Net Name=NetQ2D_S1 New Net Name=NetQ2D_S2
Change Net Name : Old Net Name=NetQ2E_S1 New Net Name=NetQ2E_S2
