Added Component: Designator=D1(DIODE, SCHOTTKY, DPAK)
Added Component: Designator=D2(DIODE, SCHOTTKY, DPAK)
Added Component: Designator=D3(DIODE, SCHOTTKY, DPAK)
Added Component: Designator=D4(DIODE, SCHOTTKY, DPAK)
Added Component: Designator=D5(DIODE, SCHOTTKY, DPAK)
Added Component: Designator=U1(SOLARCELLSTRIP)
Added Component: Designator=U2(SOLARCELLSTRIP)
Added Component: Designator=U3(SOLARCELLSTRIP)
Added Component: Designator=U4(SOLARCELLSTRIP)
Added Pin To Net: NetName=NetD1_1 Pin=D1-1
Added Pin To Net: NetName=V+ Pin=D1-4
Added Pin To Net: NetName=NetD1_1 Pin=D2-1
Added Pin To Net: NetName=NetD2_4 Pin=D2-4
Added Pin To Net: NetName=NetD2_4 Pin=D3-1
Added Pin To Net: NetName=UPPERCELL Pin=D3-4
Added Pin To Net: NetName=UPPERCELL Pin=D4-1
Added Pin To Net: NetName=NetD4_4 Pin=D4-4
Added Pin To Net: NetName=NetD4_4 Pin=D5-1
Added Pin To Net: NetName=V- Pin=D5-4
Added Pin To Net: NetName=NetD1_1 Pin=U1-1
Added Pin To Net: NetName=NetD2_4 Pin=U1-2
Added Pin To Net: NetName=NetD2_4 Pin=U2-1
Added Pin To Net: NetName=UPPERCELL Pin=U2-2
Added Pin To Net: NetName=UPPERCELL Pin=U3-1
Added Pin To Net: NetName=NetD4_4 Pin=U3-2
Added Pin To Net: NetName=NetD4_4 Pin=U4-1
Added Pin To Net: NetName=V- Pin=U4-2
Added Member To Class: ClassName=Solar Panel Member=Component D1 D Schottky
Added Member To Class: ClassName=Solar Panel Member=Component D2 D Schottky
Added Member To Class: ClassName=Solar Panel Member=Component D3 D Schottky
Added Member To Class: ClassName=Solar Panel Member=Component D4 D Schottky
Added Member To Class: ClassName=Solar Panel Member=Component D5 D Schottky
Added Member To Class: ClassName=Solar Panel Member=Component U1 Solar cell strip
Added Member To Class: ClassName=Solar Panel Member=Component U2 Solar cell strip
Added Member To Class: ClassName=Solar Panel Member=Component U3 Solar cell strip
Added Member To Class: ClassName=Solar Panel Member=Component U4 Solar cell strip
Added Room: Name=Solar Panel
