Added Component: Designator=U1(TSQFP50P3000X3000X160-208L)
Added Component: Designator=U2(TSSOP50P2000X120-48L)
Added Component: Designator=U3(TSOP80P1180X120-44L)
Added Pin To Net: NetName=3V3 Pin=U1-15
Added Pin To Net: NetName=3V3 Pin=U1-24
Added Pin To Net: NetName=3V3 Pin=U1-26
Added Pin To Net: NetName=3V3 Pin=U1-60
Added Pin To Net: NetName=3V3 Pin=U1-71
Added Pin To Net: NetName=3V3 Pin=U1-86
Added Pin To Net: NetName=3V3 Pin=U1-89
Added Pin To Net: NetName=3V3 Pin=U1-112
Added Pin To Net: NetName=3V3 Pin=U1-125
Added Pin To Net: NetName=3V3 Pin=U1-146
Added Pin To Net: NetName=3V3 Pin=U1-165
Added Pin To Net: NetName=3V3 Pin=U1-174
Added Pin To Net: NetName=3V3 Pin=U1-181
Added Pin To Net: NetName=3V3 Pin=U1-198
Added Pin To Net: NetName=3V3 Pin=U2-37
Added Pin To Net: NetName=3V3 Pin=U2-47
Added Pin To Net: NetName=3V3 Pin=U3-11
Added Pin To Net: NetName=3V3 Pin=U3-33
Added Net: Name=3V3
Added Pin To Net: NetName=A0 Pin=U1-79
Added Pin To Net: NetName=A0 Pin=U2-25
Added Pin To Net: NetName=A0 Pin=U3-5
Added Net: Name=A0
Added Pin To Net: NetName=A1 Pin=U1-83
Added Pin To Net: NetName=A1 Pin=U2-24
Added Pin To Net: NetName=A1 Pin=U3-4
Added Net: Name=A1
Added Pin To Net: NetName=A2 Pin=U1-97
Added Pin To Net: NetName=A2 Pin=U2-23
Added Pin To Net: NetName=A2 Pin=U3-3
Added Net: Name=A2
Added Pin To Net: NetName=A3 Pin=U1-103
Added Pin To Net: NetName=A3 Pin=U2-22
Added Pin To Net: NetName=A3 Pin=U3-2
Added Net: Name=A3
Added Pin To Net: NetName=A4 Pin=U1-107
Added Pin To Net: NetName=A4 Pin=U2-21
Added Pin To Net: NetName=A4 Pin=U3-1
Added Net: Name=A4
Added Pin To Net: NetName=A5 Pin=U1-113
Added Pin To Net: NetName=A5 Pin=U2-20
Added Pin To Net: NetName=A5 Pin=U3-44
Added Net: Name=A5
Added Pin To Net: NetName=A6 Pin=U1-121
Added Pin To Net: NetName=A6 Pin=U2-19
Added Pin To Net: NetName=A6 Pin=U3-43
Added Net: Name=A6
Added Pin To Net: NetName=A7 Pin=U1-127
Added Pin To Net: NetName=A7 Pin=U2-18
Added Pin To Net: NetName=A7 Pin=U3-42
Added Net: Name=A7
Added Pin To Net: NetName=A8 Pin=U1-131
Added Pin To Net: NetName=A8 Pin=U2-8
Added Pin To Net: NetName=A8 Pin=U3-27
Added Net: Name=A8
Added Pin To Net: NetName=A9 Pin=U1-135
Added Pin To Net: NetName=A9 Pin=U2-7
Added Pin To Net: NetName=A9 Pin=U3-26
Added Net: Name=A9
Added Pin To Net: NetName=A10 Pin=U1-145
Added Pin To Net: NetName=A10 Pin=U2-6
Added Pin To Net: NetName=A10 Pin=U3-25
Added Net: Name=A10
Added Pin To Net: NetName=A11 Pin=U1-149
Added Pin To Net: NetName=A11 Pin=U2-5
Added Pin To Net: NetName=A11 Pin=U3-24
Added Net: Name=A11
Added Pin To Net: NetName=A12 Pin=U1-155
Added Pin To Net: NetName=A12 Pin=U2-4
Added Pin To Net: NetName=A12 Pin=U3-23
Added Net: Name=A12
Added Pin To Net: NetName=A13 Pin=U1-159
Added Pin To Net: NetName=A13 Pin=U2-3
Added Pin To Net: NetName=A13 Pin=U3-22
Added Net: Name=A13
Added Pin To Net: NetName=A14 Pin=U1-173
Added Pin To Net: NetName=A14 Pin=U2-2
Added Pin To Net: NetName=A14 Pin=U3-21
Added Net: Name=A14
Added Pin To Net: NetName=A15 Pin=U1-101
Added Pin To Net: NetName=A15 Pin=U2-1
Added Pin To Net: NetName=A15 Pin=U3-20
Added Net: Name=A15
Added Pin To Net: NetName=A16 Pin=U1-104
Added Pin To Net: NetName=A16 Pin=U2-48
Added Pin To Net: NetName=A16 Pin=U3-19
Added Net: Name=A16
Added Pin To Net: NetName=A17 Pin=U1-105
Added Pin To Net: NetName=A17 Pin=U2-17
Added Pin To Net: NetName=A17 Pin=U3-18
Added Net: Name=A17
Added Pin To Net: NetName=A18 Pin=U1-111
Added Pin To Net: NetName=A18 Pin=U2-16
Added Net: Name=A18
Added Pin To Net: NetName=A19 Pin=U1-109
Added Pin To Net: NetName=A19 Pin=U2-9
Added Net: Name=A19
Added Pin To Net: NetName=BLS0 Pin=U1-119
Added Pin To Net: NetName=BLS0 Pin=U2-15
Added Pin To Net: NetName=BLS0 Pin=U3-39
Added Net: Name=BLS0
Added Pin To Net: NetName=BLS1 Pin=U1-139
Added Pin To Net: NetName=BLS1 Pin=U2-14
Added Pin To Net: NetName=BLS1 Pin=U3-40
Added Net: Name=BLS1
Added Pin To Net: NetName=CS0 Pin=U1-187
Added Pin To Net: NetName=CS0 Pin=U2-26
Added Net: Name=CS0
Added Pin To Net: NetName=CS1 Pin=U1-193
Added Pin To Net: NetName=CS1 Pin=U3-6
Added Net: Name=CS1
Added Pin To Net: NetName=D0 Pin=U1-197
Added Pin To Net: NetName=D0 Pin=U2-29
Added Pin To Net: NetName=D0 Pin=U3-7
Added Net: Name=D0
Added Pin To Net: NetName=D1 Pin=U1-201
Added Pin To Net: NetName=D1 Pin=U2-31
Added Pin To Net: NetName=D1 Pin=U3-8
Added Net: Name=D1
Added Pin To Net: NetName=D2 Pin=U1-207
Added Pin To Net: NetName=D2 Pin=U2-33
Added Pin To Net: NetName=D2 Pin=U3-9
Added Net: Name=D2
Added Pin To Net: NetName=D3 Pin=U1-3
Added Pin To Net: NetName=D3 Pin=U2-35
Added Pin To Net: NetName=D3 Pin=U3-10
Added Net: Name=D3
Added Pin To Net: NetName=D4 Pin=U1-13
Added Pin To Net: NetName=D4 Pin=U2-38
Added Pin To Net: NetName=D4 Pin=U3-13
Added Net: Name=D4
Added Pin To Net: NetName=D5 Pin=U1-17
Added Pin To Net: NetName=D5 Pin=U2-40
Added Pin To Net: NetName=D5 Pin=U3-14
Added Net: Name=D5
Added Pin To Net: NetName=D6 Pin=U1-23
Added Pin To Net: NetName=D6 Pin=U2-42
Added Pin To Net: NetName=D6 Pin=U3-15
Added Net: Name=D6
Added Pin To Net: NetName=D7 Pin=U1-27
Added Pin To Net: NetName=D7 Pin=U2-44
Added Pin To Net: NetName=D7 Pin=U3-16
Added Net: Name=D7
Added Pin To Net: NetName=D8 Pin=U1-191
Added Pin To Net: NetName=D8 Pin=U2-30
Added Pin To Net: NetName=D8 Pin=U3-29
Added Net: Name=D8
Added Pin To Net: NetName=D9 Pin=U1-199
Added Pin To Net: NetName=D9 Pin=U2-32
Added Pin To Net: NetName=D9 Pin=U3-30
Added Net: Name=D9
Added Pin To Net: NetName=D10 Pin=U1-205
Added Pin To Net: NetName=D10 Pin=U2-34
Added Pin To Net: NetName=D10 Pin=U3-31
Added Net: Name=D10
Added Pin To Net: NetName=D11 Pin=U1-208
Added Pin To Net: NetName=D11 Pin=U2-36
Added Pin To Net: NetName=D11 Pin=U3-32
Added Net: Name=D11
Added Pin To Net: NetName=D12 Pin=U1-1
Added Pin To Net: NetName=D12 Pin=U2-39
Added Pin To Net: NetName=D12 Pin=U3-35
Added Net: Name=D12
Added Pin To Net: NetName=D13 Pin=U1-7
Added Pin To Net: NetName=D13 Pin=U2-41
Added Pin To Net: NetName=D13 Pin=U3-36
Added Net: Name=D13
Added Pin To Net: NetName=D14 Pin=U1-21
Added Pin To Net: NetName=D14 Pin=U2-43
Added Pin To Net: NetName=D14 Pin=U3-37
Added Net: Name=D14
Added Pin To Net: NetName=D15 Pin=U1-28
Added Pin To Net: NetName=D15 Pin=U2-45
Added Pin To Net: NetName=D15 Pin=U3-38
Added Net: Name=D15
Added Pin To Net: NetName=EXT1-2 Pin=U1-50
Added Net: Name=EXT1-2
Added Pin To Net: NetName=EXT1-3 Pin=U1-48
Added Net: Name=EXT1-3
Added Pin To Net: NetName=EXT1-4 Pin=U1-74
Added Net: Name=EXT1-4
Added Pin To Net: NetName=EXT1-5 Pin=U1-76
Added Net: Name=EXT1-5
Added Pin To Net: NetName=EXT1-6 Pin=U1-78
Added Net: Name=EXT1-6
Added Pin To Net: NetName=EXT1-7 Pin=U1-80
Added Net: Name=EXT1-7
Added Pin To Net: NetName=EXT1-8 Pin=U1-82
Added Net: Name=EXT1-8
Added Pin To Net: NetName=EXT1-9 Pin=U1-88
Added Net: Name=EXT1-9
Added Pin To Net: NetName=EXT1-10 Pin=U1-142
Added Net: Name=EXT1-10
Added Pin To Net: NetName=EXT1-11 Pin=U1-90
Added Net: Name=EXT1-11
Added Pin To Net: NetName=EXT1-12 Pin=U1-92
Added Net: Name=EXT1-12
Added Pin To Net: NetName=EXT1-13 Pin=U1-42
Added Net: Name=EXT1-13
Added Pin To Net: NetName=EXT1-14 Pin=U1-40
Added Net: Name=EXT1-14
Added Pin To Net: NetName=EXT1-15 Pin=U1-140
Added Net: Name=EXT1-15
Added Pin To Net: NetName=EXT1-16 Pin=U1-94
Added Net: Name=EXT1-16
Added Pin To Net: NetName=EXT1-17 Pin=U1-96
Added Net: Name=EXT1-17
Added Pin To Net: NetName=EXT1-18 Pin=U1-100
Added Net: Name=EXT1-18
Added Pin To Net: NetName=EXT1-19 Pin=U1-41
Added Net: Name=EXT1-19
Added Pin To Net: NetName=EXT1-20 Pin=U1-45
Added Net: Name=EXT1-20
Added Pin To Net: NetName=EXT1-21 Pin=U1-69
Added Net: Name=EXT1-21
Added Pin To Net: NetName=EXT1-22 Pin=U1-128
Added Net: Name=EXT1-22
Added Pin To Net: NetName=EXT1-23 Pin=U1-130
Added Net: Name=EXT1-23
Added Pin To Net: NetName=EXT1-24 Pin=U1-126
Added Net: Name=EXT1-24
Added Pin To Net: NetName=EXT1-26 Pin=U1-124
Added Net: Name=EXT1-26
Added Pin To Net: NetName=EXT1-27 Pin=U1-122
Added Net: Name=EXT1-27
Added Pin To Net: NetName=EXT1-28 Pin=U1-110
Added Pin To Net: NetName=EXT1-28 Pin=U1-120
Added Net: Name=EXT1-28
Added Pin To Net: NetName=EXT1-29 Pin=U1-118
Added Net: Name=EXT1-29
Added Pin To Net: NetName=EXT1-30 Pin=U1-116
Added Net: Name=EXT1-30
Added Pin To Net: NetName=EXT1-31 Pin=U1-18
Added Net: Name=EXT1-31
Added Pin To Net: NetName=EXT1-32 Pin=U1-16
Added Net: Name=EXT1-32
Added Pin To Net: NetName=EXT1-33 Pin=U1-108
Added Net: Name=EXT1-33
Added Pin To Net: NetName=EXT1-34 Pin=U1-138
Added Net: Name=EXT1-34
Added Pin To Net: NetName=EXT1-35 Pin=U1-136
Added Net: Name=EXT1-35
Added Pin To Net: NetName=EXT1-36 Pin=U1-134
Added Net: Name=EXT1-36
Added Pin To Net: NetName=EXT1-37 Pin=U1-132
Added Net: Name=EXT1-37
Added Pin To Net: NetName=EXT1-38 Pin=U1-123
Added Net: Name=EXT1-38
Added Pin To Net: NetName=EXT1-39 Pin=U1-129
Added Net: Name=EXT1-39
Added Pin To Net: NetName=EXT2-2 Pin=U1-158
Added Net: Name=EXT2-2
Added Pin To Net: NetName=EXT2-3 Pin=U1-98
Added Net: Name=EXT2-3
Added Pin To Net: NetName=EXT2-4 Pin=U1-154
Added Net: Name=EXT2-4
Added Pin To Net: NetName=EXT2-5 Pin=U1-152
Added Net: Name=EXT2-5
Added Pin To Net: NetName=EXT2-6 Pin=U1-150
Added Net: Name=EXT2-6
Added Pin To Net: NetName=EXT2-7 Pin=U1-144
Added Net: Name=EXT2-7
Added Pin To Net: NetName=EXT2-8 Pin=U1-137
Added Net: Name=EXT2-8
Added Pin To Net: NetName=EXT2-9 Pin=U1-143
Added Net: Name=EXT2-9
Added Pin To Net: NetName=EXT2-10 Pin=U1-151
Added Net: Name=EXT2-10
Added Pin To Net: NetName=EXT2-11 Pin=U1-161
Added Net: Name=EXT2-11
Added Pin To Net: NetName=EXT2-12 Pin=U1-167
Added Net: Name=EXT2-12
Added Pin To Net: NetName=EXT2-13 Pin=U1-175
Added Net: Name=EXT2-13
Added Pin To Net: NetName=EXT2-14 Pin=U1-195
Added Net: Name=EXT2-14
Added Pin To Net: NetName=EXT2-15 Pin=U1-168
Added Net: Name=EXT2-15
Added Pin To Net: NetName=EXT2-16 Pin=U1-166
Added Net: Name=EXT2-16
Added Pin To Net: NetName=EXT2-17 Pin=U1-164
Added Net: Name=EXT2-17
Added Pin To Net: NetName=EXT2-18 Pin=U1-162
Added Net: Name=EXT2-18
Added Pin To Net: NetName=EXT2-19 Pin=U1-160
Added Net: Name=EXT2-19
Added Pin To Net: NetName=EXT2-20 Pin=U1-190
Added Net: Name=EXT2-20
Added Pin To Net: NetName=EXT2-21 Pin=U1-188
Added Net: Name=EXT2-21
Added Pin To Net: NetName=EXT2-22 Pin=U1-186
Added Net: Name=EXT2-22
Added Pin To Net: NetName=EXT2-23 Pin=U1-163
Added Net: Name=EXT2-23
Added Pin To Net: NetName=EXT2-24 Pin=U1-157
Added Net: Name=EXT2-24
Added Pin To Net: NetName=EXT2-25 Pin=U1-147
Added Net: Name=EXT2-25
Added Pin To Net: NetName=EXT2-26 Pin=U1-184
Added Net: Name=EXT2-26
Added Pin To Net: NetName=EXT2-27 Pin=U1-182
Added Net: Name=EXT2-27
Added Pin To Net: NetName=EXT2-28 Pin=U1-180
Added Net: Name=EXT2-28
Added Pin To Net: NetName=EXT2-29 Pin=U1-178
Added Net: Name=EXT2-29
Added Pin To Net: NetName=EXT2-30 Pin=U1-196
Added Net: Name=EXT2-30
Added Pin To Net: NetName=EXT2-31 Pin=U1-194
Added Net: Name=EXT2-31
Added Pin To Net: NetName=EXT2-32 Pin=U1-185
Added Net: Name=EXT2-32
Added Pin To Net: NetName=EXT2-33 Pin=U1-177
Added Net: Name=EXT2-33
Added Pin To Net: NetName=EXT2-34 Pin=U1-192
Added Net: Name=EXT2-34
Added Pin To Net: NetName=EXT2-35 Pin=U1-156
Added Net: Name=EXT2-35
Added Pin To Net: NetName=EXT2-36 Pin=U1-171
Added Net: Name=EXT2-36
Added Pin To Net: NetName=EXT2-37 Pin=U1-153
Added Net: Name=EXT2-37
Added Pin To Net: NetName=EXT2-38 Pin=U1-202
Added Net: Name=EXT2-38
Added Pin To Net: NetName=EXT2-39 Pin=U1-204
Added Net: Name=EXT2-39
Added Pin To Net: NetName=EXT3-2 Pin=U1-106
Added Net: Name=EXT3-2
Added Pin To Net: NetName=EXT3-3 Pin=U1-102
Added Net: Name=EXT3-3
Added Pin To Net: NetName=EXT3-4 Pin=U1-87
Added Net: Name=EXT3-4
Added Pin To Net: NetName=EXT3-5 Pin=U1-95
Added Net: Name=EXT3-5
Added Pin To Net: NetName=EXT3-6 Pin=U1-59
Added Net: Name=EXT3-6
Added Pin To Net: NetName=EXT3-7 Pin=U1-67
Added Net: Name=EXT3-7
Added Pin To Net: NetName=EXT3-8 Pin=U1-73
Added Net: Name=EXT3-8
Added Pin To Net: NetName=EXT3-9 Pin=U1-81
Added Net: Name=EXT3-9
Added Pin To Net: NetName=EXT3-10 Pin=U1-85
Added Net: Name=EXT3-10
Added Pin To Net: NetName=EXT3-11 Pin=U1-64
Added Net: Name=EXT3-11
Added Pin To Net: NetName=EXT3-12 Pin=U1-53
Added Net: Name=EXT3-12
Added Pin To Net: NetName=EXT3-13 Pin=U1-54
Added Net: Name=EXT3-13
Added Pin To Net: NetName=EXT3-14 Pin=U1-57
Added Net: Name=EXT3-14
Added Pin To Net: NetName=EXT3-15 Pin=U1-47
Added Net: Name=EXT3-15
Added Pin To Net: NetName=EXT3-16 Pin=U1-49
Added Net: Name=EXT3-16
Added Pin To Net: NetName=EXT3-17 Pin=U1-43
Added Net: Name=EXT3-17
Added Pin To Net: NetName=EXT3-18 Pin=U1-31
Added Net: Name=EXT3-18
Added Pin To Net: NetName=EXT3-19 Pin=U1-39
Added Net: Name=EXT3-19
Added Pin To Net: NetName=EXT3-20 Pin=U1-170
Added Net: Name=EXT3-20
Added Pin To Net: NetName=EXT3-21 Pin=U1-176
Added Net: Name=EXT3-21
Added Pin To Net: NetName=EXT3-22 Pin=U1-65
Added Net: Name=EXT3-22
Added Pin To Net: NetName=EXT3-23 Pin=U1-58
Added Net: Name=EXT3-23
Added Pin To Net: NetName=EXT3-24 Pin=U1-56
Added Net: Name=EXT3-24
Added Pin To Net: NetName=EXT3-25 Pin=U1-55
Added Net: Name=EXT3-25
Added Pin To Net: NetName=EXT3-26 Pin=U1-203
Added Net: Name=EXT3-26
Added Pin To Net: NetName=EXT3-27 Pin=U1-5
Added Net: Name=EXT3-27
Added Pin To Net: NetName=EXT3-28 Pin=U1-11
Added Net: Name=EXT3-28
Added Pin To Net: NetName=EXT3-29 Pin=U1-19
Added Net: Name=EXT3-29
Added Pin To Net: NetName=EXT3-30 Pin=U1-25
Added Net: Name=EXT3-30
Added Pin To Net: NetName=EXT3-31 Pin=U1-66
Added Net: Name=EXT3-31
Added Pin To Net: NetName=EXT3-32 Pin=U1-68
Added Net: Name=EXT3-32
Added Pin To Net: NetName=EXT3-33 Pin=U1-70
Added Net: Name=EXT3-33
Added Pin To Net: NetName=EXT3-34 Pin=U1-72
Added Net: Name=EXT3-34
Added Pin To Net: NetName=EXT3-35 Pin=U1-14
Added Net: Name=EXT3-35
Added Pin To Net: NetName=EXT3-36 Pin=U1-12
Added Net: Name=EXT3-36
Added Pin To Net: NetName=EXT3-37 Pin=U1-61
Added Net: Name=EXT3-37
Added Pin To Net: NetName=EXT3-38 Pin=U1-62
Added Net: Name=EXT3-38
Added Pin To Net: NetName=EXT3-39 Pin=U1-51
Added Net: Name=EXT3-39
Added Pin To Net: NetName=GND Pin=U1-9
Added Pin To Net: NetName=GND Pin=U1-22
Added Pin To Net: NetName=GND Pin=U1-32
Added Pin To Net: NetName=GND Pin=U1-33
Added Pin To Net: NetName=GND Pin=U1-63
Added Pin To Net: NetName=GND Pin=U1-77
Added Pin To Net: NetName=GND Pin=U1-84
Added Pin To Net: NetName=GND Pin=U1-93
Added Pin To Net: NetName=GND Pin=U1-114
Added Pin To Net: NetName=GND Pin=U1-133
Added Pin To Net: NetName=GND Pin=U1-148
Added Pin To Net: NetName=GND Pin=U1-169
Added Pin To Net: NetName=GND Pin=U1-172
Added Pin To Net: NetName=GND Pin=U1-189
Added Pin To Net: NetName=GND Pin=U1-200
Added Pin To Net: NetName=GND Pin=U2-27
Added Pin To Net: NetName=GND Pin=U2-46
Added Pin To Net: NetName=GND Pin=U3-12
Added Pin To Net: NetName=GND Pin=U3-34
Added Net: Name=GND
Added Pin To Net: NetName=NetC14_1 Pin=U1-20
Added Net: Name=NetC14_1
Added Pin To Net: NetName=NetC19_1 Pin=U1-44
Added Net: Name=NetC19_1
Added Pin To Net: NetName=NetC20_2 Pin=U1-46
Added Net: Name=NetC20_2
Added Pin To Net: NetName=NetC21_1 Pin=U1-34
Added Net: Name=NetC21_1
Added Pin To Net: NetName=NetC22_2 Pin=U1-36
Added Net: Name=NetC22_2
Added Pin To Net: NetName=NetR1_2 Pin=U1-29
Added Net: Name=NetR1_2
Added Pin To Net: NetName=NetR2_2 Pin=U1-35
Added Net: Name=NetR2_2
Added Pin To Net: NetName=OE Pin=U1-183
Added Pin To Net: NetName=OE Pin=U2-28
Added Pin To Net: NetName=OE Pin=U3-41
Added Net: Name=OE
Added Pin To Net: NetName=PS Pin=U1-115
Added Pin To Net: NetName=PS Pin=U2-12
Added Pin To Net: NetName=PS Pin=U3-28
Added Net: Name=PS
Added Net: Name=VCC
Added Pin To Net: NetName=WE Pin=U1-179
Added Pin To Net: NetName=WE Pin=U2-11
Added Pin To Net: NetName=WE Pin=U3-17
Added Net: Name=WE
Added Class: Name=CRSC0002
Added Class: Name=D[0..15]
Added Class: Name=EXT1-[2..39]
Added Class: Name=EXT2-[2..39]
Added Class: Name=EXT3-[2..39]
Added Room: Name=CRSC0002
