Added Component: Designator=U2(TSSOP50P2000X120-48L)
Added Component: Designator=U3(TSOP80P1180X120-44L)
Added Pin To Net: NetName=A15 Pin=U2-1
Added Pin To Net: NetName=A14 Pin=U2-2
Added Pin To Net: NetName=A13 Pin=U2-3
Added Pin To Net: NetName=A12 Pin=U2-4
Added Pin To Net: NetName=A11 Pin=U2-5
Added Pin To Net: NetName=A10 Pin=U2-6
Added Pin To Net: NetName=A9 Pin=U2-7
Added Pin To Net: NetName=A8 Pin=U2-8
Added Pin To Net: NetName=A19 Pin=U2-9
Added Pin To Net: NetName=WE Pin=U2-11
Added Pin To Net: NetName=PS Pin=U2-12
Added Pin To Net: NetName=BLS1 Pin=U2-14
Added Pin To Net: NetName=BLS0 Pin=U2-15
Added Pin To Net: NetName=A18 Pin=U2-16
Added Pin To Net: NetName=A17 Pin=U2-17
Added Pin To Net: NetName=A7 Pin=U2-18
Added Pin To Net: NetName=A6 Pin=U2-19
Added Pin To Net: NetName=A5 Pin=U2-20
Added Pin To Net: NetName=A4 Pin=U2-21
Added Pin To Net: NetName=A3 Pin=U2-22
Added Pin To Net: NetName=A2 Pin=U2-23
Added Pin To Net: NetName=A1 Pin=U2-24
Added Pin To Net: NetName=A0 Pin=U2-25
Added Pin To Net: NetName=CS0 Pin=U2-26
Added Pin To Net: NetName=GND Pin=U2-27
Added Pin To Net: NetName=OE Pin=U2-28
Added Pin To Net: NetName=D0 Pin=U2-29
Added Pin To Net: NetName=D8 Pin=U2-30
Added Pin To Net: NetName=D1 Pin=U2-31
Added Pin To Net: NetName=D9 Pin=U2-32
Added Pin To Net: NetName=D2 Pin=U2-33
Added Pin To Net: NetName=D10 Pin=U2-34
Added Pin To Net: NetName=D3 Pin=U2-35
Added Pin To Net: NetName=D11 Pin=U2-36
Added Pin To Net: NetName=3V3 Pin=U2-37
Added Pin To Net: NetName=D4 Pin=U2-38
Added Pin To Net: NetName=D12 Pin=U2-39
Added Pin To Net: NetName=D5 Pin=U2-40
Added Pin To Net: NetName=D13 Pin=U2-41
Added Pin To Net: NetName=D6 Pin=U2-42
Added Pin To Net: NetName=D14 Pin=U2-43
Added Pin To Net: NetName=D7 Pin=U2-44
Added Pin To Net: NetName=D15 Pin=U2-45
Added Pin To Net: NetName=GND Pin=U2-46
Added Pin To Net: NetName=3V3 Pin=U2-47
Added Pin To Net: NetName=A16 Pin=U2-48
Added Pin To Net: NetName=A4 Pin=U3-1
Added Pin To Net: NetName=A3 Pin=U3-2
Added Pin To Net: NetName=A2 Pin=U3-3
Added Pin To Net: NetName=A1 Pin=U3-4
Added Pin To Net: NetName=A0 Pin=U3-5
Added Pin To Net: NetName=CS1 Pin=U3-6
Added Pin To Net: NetName=D0 Pin=U3-7
Added Pin To Net: NetName=D1 Pin=U3-8
Added Pin To Net: NetName=D2 Pin=U3-9
Added Pin To Net: NetName=D3 Pin=U3-10
Added Pin To Net: NetName=3V3 Pin=U3-11
Added Pin To Net: NetName=GND Pin=U3-12
Added Pin To Net: NetName=D4 Pin=U3-13
Added Pin To Net: NetName=D5 Pin=U3-14
Added Pin To Net: NetName=D6 Pin=U3-15
Added Pin To Net: NetName=D7 Pin=U3-16
Added Pin To Net: NetName=WE Pin=U3-17
Added Pin To Net: NetName=A17 Pin=U3-18
Added Pin To Net: NetName=A16 Pin=U3-19
Added Pin To Net: NetName=A15 Pin=U3-20
Added Pin To Net: NetName=A14 Pin=U3-21
Added Pin To Net: NetName=A13 Pin=U3-22
Added Pin To Net: NetName=A12 Pin=U3-23
Added Pin To Net: NetName=A11 Pin=U3-24
Added Pin To Net: NetName=A10 Pin=U3-25
Added Pin To Net: NetName=A9 Pin=U3-26
Added Pin To Net: NetName=A8 Pin=U3-27
Added Pin To Net: NetName=PS Pin=U3-28
Added Pin To Net: NetName=D8 Pin=U3-29
Added Pin To Net: NetName=D9 Pin=U3-30
Added Pin To Net: NetName=D10 Pin=U3-31
Added Pin To Net: NetName=D11 Pin=U3-32
Added Pin To Net: NetName=3V3 Pin=U3-33
Added Pin To Net: NetName=GND Pin=U3-34
Added Pin To Net: NetName=D12 Pin=U3-35
Added Pin To Net: NetName=D13 Pin=U3-36
Added Pin To Net: NetName=D14 Pin=U3-37
Added Pin To Net: NetName=D15 Pin=U3-38
Added Pin To Net: NetName=BLS0 Pin=U3-39
Added Pin To Net: NetName=BLS1 Pin=U3-40
Added Pin To Net: NetName=OE Pin=U3-41
Added Pin To Net: NetName=A7 Pin=U3-42
Added Pin To Net: NetName=A6 Pin=U3-43
Added Pin To Net: NetName=A5 Pin=U3-44
Added Member To Class: ClassName=CRSC0002 Member=Component U2 CY62167DV30LL
Added Member To Class: ClassName=CRSC0002 Member=Component U3 FM22L16-55-TG
Added Room: Name=CRSC0002
