Added Component: Designator=C1(CAPC1005X06L)
Added Component: Designator=C2(CAPC1005X06L)
Added Component: Designator=C3(CAPC1005X06L)
Added Component: Designator=C4(CAPC1005X06L)
Added Component: Designator=C5(CAPC1005X06L)
Added Component: Designator=C6(CAPC1005X06L)
Added Component: Designator=C7(CAPC1005X06L)
Added Component: Designator=C8(CAPC1005X06L)
Added Component: Designator=C9(CAPC1005X06L)
Added Component: Designator=C10(CAPC1005X06L)
Added Component: Designator=C11(CAPC1005X06L)
Added Component: Designator=C12(CAPC1005X06L)
Added Component: Designator=C13(CAPC1005X06L)
Added Component: Designator=C15(CAPC1005X06L)
Added Component: Designator=C16(CAPC1005X06L)
Added Component: Designator=C17(CAPC1005X06L)
Added Component: Designator=C18(CAPC1005X06L)
Added Component: Designator=C19(CAPC1005X06L)
Added Component: Designator=C20(CAPC1005X06L)
Added Component: Designator=C21(CAPC1005X06L)
Added Component: Designator=C22(CAPC1005X06L)
Added Component: Designator=C23(CAPC1005X06L)
Added Component: Designator=FB1(INDC1005X06L)
Added Component: Designator=Q1(7M)
Added Component: Designator=Q2(9H T10)
Added Pin To Net: NetName=GND Pin=C1-1
Added Pin To Net: NetName=3V3 Pin=C1-2
Added Pin To Net: NetName=GND Pin=C2-1
Added Pin To Net: NetName=3V3 Pin=C2-2
Added Pin To Net: NetName=GND Pin=C3-1
Added Pin To Net: NetName=3V3 Pin=C3-2
Added Pin To Net: NetName=GND Pin=C4-1
Added Pin To Net: NetName=3V3 Pin=C4-2
Added Pin To Net: NetName=GND Pin=C5-1
Added Pin To Net: NetName=3V3 Pin=C5-2
Added Pin To Net: NetName=GND Pin=C6-1
Added Pin To Net: NetName=3V3 Pin=C6-2
Added Pin To Net: NetName=GND Pin=C7-1
Added Pin To Net: NetName=3V3 Pin=C7-2
Added Pin To Net: NetName=GND Pin=C8-1
Added Pin To Net: NetName=3V3 Pin=C8-2
Added Pin To Net: NetName=GND Pin=C9-1
Added Pin To Net: NetName=3V3 Pin=C9-2
Added Pin To Net: NetName=GND Pin=C10-1
Added Pin To Net: NetName=3V3 Pin=C10-2
Added Pin To Net: NetName=GND Pin=C11-1
Added Pin To Net: NetName=3V3 Pin=C11-2
Added Pin To Net: NetName=GND Pin=C12-1
Added Pin To Net: NetName=3V3 Pin=C12-2
Added Pin To Net: NetName=GND Pin=C13-1
Added Pin To Net: NetName=3V3 Pin=C13-2
Added Pin To Net: NetName=GND Pin=C15-1
Added Pin To Net: NetName=NetC14_1 Pin=C15-2
Added Pin To Net: NetName=GND Pin=C16-1
Added Pin To Net: NetName=3V3 Pin=C16-2
Added Pin To Net: NetName=GND Pin=C17-1
Added Pin To Net: NetName=3V3 Pin=C17-2
Added Pin To Net: NetName=GND Pin=C18-1
Added Pin To Net: NetName=3V3 Pin=C18-2
Added Pin To Net: NetName=GND Pin=C19-1
Added Pin To Net: NetName=3V3 Pin=C19-2
Added Pin To Net: NetName=NetC19_1 Pin=C20-1
Added Pin To Net: NetName=GND Pin=C20-2
Added Pin To Net: NetName=GND Pin=C21-1
Added Pin To Net: NetName=NetC20_2 Pin=C21-2
Added Pin To Net: NetName=NetC21_1 Pin=C22-1
Added Pin To Net: NetName=GND Pin=C22-2
Added Pin To Net: NetName=GND Pin=C23-1
Added Pin To Net: NetName=NetC22_2 Pin=C23-2
Added Pin To Net: NetName=3V3 Pin=FB1-1
Added Pin To Net: NetName=NetC14_1 Pin=FB1-2
Added Pin To Net: NetName=NetC19_1 Pin=Q1-1
Added Pin To Net: NetName=NetC20_2 Pin=Q1-2
Added Pin To Net: NetName=NetC22_2 Pin=Q2-1
Added Pin To Net: NetName=NetC21_1 Pin=Q2-2
Change Net Name : Old Net Name=NetC19_1 New Net Name=NetC20_1
Change Net Name : Old Net Name=NetC20_2 New Net Name=NetC21_2
Change Net Name : Old Net Name=NetC21_1 New Net Name=NetC22_1
Change Net Name : Old Net Name=NetC22_2 New Net Name=NetC23_2
Added Member To Class: ClassName=CRSC0002 Member=Component C1 Cap 0402
Added Member To Class: ClassName=CRSC0002 Member=Component C2 Cap 0402
Added Member To Class: ClassName=CRSC0002 Member=Component C3 Cap 0402
Added Member To Class: ClassName=CRSC0002 Member=Component C4 Cap 0402
Added Member To Class: ClassName=CRSC0002 Member=Component C5 Cap 0402
Added Member To Class: ClassName=CRSC0002 Member=Component C6 Cap 0402
Added Member To Class: ClassName=CRSC0002 Member=Component C7 Cap 0402
Added Member To Class: ClassName=CRSC0002 Member=Component C8 Cap 0402
Added Member To Class: ClassName=CRSC0002 Member=Component C9 Cap 0402
Added Member To Class: ClassName=CRSC0002 Member=Component C10 Cap 0402
Added Member To Class: ClassName=CRSC0002 Member=Component C11 Cap 0402
Added Member To Class: ClassName=CRSC0002 Member=Component C12 Cap 0402
Added Member To Class: ClassName=CRSC0002 Member=Component C13 Cap 0402
Added Member To Class: ClassName=CRSC0002 Member=Component C15 Cap 0402
Added Member To Class: ClassName=CRSC0002 Member=Component C16 Cap 0402
Added Member To Class: ClassName=CRSC0002 Member=Component C17 Cap 0402
Added Member To Class: ClassName=CRSC0002 Member=Component C18 Cap 0402
Added Member To Class: ClassName=CRSC0002 Member=Component C19 Cap 0402
Added Member To Class: ClassName=CRSC0002 Member=Component C20 Cap 0402
Added Member To Class: ClassName=CRSC0002 Member=Component C21 Cap 0402
Added Member To Class: ClassName=CRSC0002 Member=Component C22 Cap 0402
Added Member To Class: ClassName=CRSC0002 Member=Component C23 Cap 0402
Added Member To Class: ClassName=CRSC0002 Member=Component FB1 Ferite Bead 0402
Added Member To Class: ClassName=CRSC0002 Member=Component Q1 Crystal Oscilator
Added Member To Class: ClassName=CRSC0002 Member=Component Q2 Crystal Oscilator
Added Room: Name=CRSC0002
