Change Component Designator: Old Designator=C? New Designator=C20
Change Component Designator: Old Designator=C? New Designator=C21
Change Component Designator: Old Designator=C? New Designator=C22
Change Component Designator: Old Designator=D? New Designator=D1
Change Component Designator: Old Designator=D? New Designator=D2
Change Component Designator: Old Designator=J? New Designator=J1
Change Component Designator: Old Designator=J? New Designator=J2
Change Component Designator: Old Designator=J? New Designator=J3
Change Component Designator: Old Designator=J? New Designator=J4
Change Component Designator: Old Designator=J? New Designator=J5
Change Component Designator: Old Designator=J? New Designator=J6
Change Component Designator: Old Designator=J? New Designator=J7
Change Component Designator: Old Designator=R11 New Designator=R21
Change Component Designator: Old Designator=R11 New Designator=R22
Change Component Designator: Old Designator=R12 New Designator=R23
Change Component Designator: Old Designator=R12 New Designator=R24
Change Component Designator: Old Designator=R13 New Designator=R19
Change Component Designator: Old Designator=R13 New Designator=R20
Change Component Designator: Old Designator=R13 New Designator=R25
Change Component Designator: Old Designator=R13 New Designator=R26
Change Component Designator: Old Designator=R13 New Designator=R27
Change Component Designator: Old Designator=R13 New Designator=R28
Change Component Designator: Old Designator=R13 New Designator=R29
Change Component Designator: Old Designator=R13 New Designator=R30
Change Component Designator: Old Designator=R13 New Designator=R31
Change Component Designator: Old Designator=R13 New Designator=R32
Change Component Designator: Old Designator=R13 New Designator=R33
Change Component Designator: Old Designator=R13 New Designator=R34
Change Component Designator: Old Designator=R13 New Designator=R43
Change Component Designator: Old Designator=R? New Designator=R35
Change Component Designator: Old Designator=R? New Designator=R36
Change Component Designator: Old Designator=R? New Designator=R37
Change Component Designator: Old Designator=R? New Designator=R38
Change Component Designator: Old Designator=R? New Designator=R39
Change Component Designator: Old Designator=R? New Designator=R40
Change Component Designator: Old Designator=R? New Designator=R41
Change Component Designator: Old Designator=R? New Designator=R42
Change Component Designator: Old Designator=U* New Designator=U*1
Change Component Designator: Old Designator=U* New Designator=U*2
Change Component Designator: Old Designator=U* New Designator=U*3
Change Component Designator: Old Designator=U* New Designator=U*4
Change Component Designator: Old Designator=U* New Designator=U*5
Change Component Designator: Old Designator=U* New Designator=U*6
Change Component Designator: Old Designator=U* New Designator=U*7
Change Component Designator: Old Designator=U* New Designator=U*8
Change Component Designator: Old Designator=U* New Designator=U*9
