Added Pin To Net: NetName=VREG2A Pin=C12A-2
Added Pin To Net: NetName=VREG2B Pin=C12B-2
Added Pin To Net: NetName=VREG2C Pin=C12C-2
Added Pin To Net: NetName=VREG2D Pin=C12D-2
Added Pin To Net: NetName=VREG2E Pin=C12E-2
Added Pin To Net: NetName=VREG2A Pin=R11A-1
Added Pin To Net: NetName=VREG2B Pin=R11B-1
Added Pin To Net: NetName=VREG2C Pin=R11C-1
Added Pin To Net: NetName=VREG2D Pin=R11D-1
Added Pin To Net: NetName=VREG2E Pin=R11E-1
Added Pin To Net: NetName=VREG2A Pin=R12A-1
Added Pin To Net: NetName=VREG2B Pin=R12B-1
Added Pin To Net: NetName=VREG2C Pin=R12C-1
Added Pin To Net: NetName=VREG2D Pin=R12D-1
Added Pin To Net: NetName=VREG2E Pin=R12E-1
Added Pin To Net: NetName=VREG2A Pin=U2A-9
Added Pin To Net: NetName=VREG2B Pin=U2B-9
Added Pin To Net: NetName=VREG2C Pin=U2C-9
Added Pin To Net: NetName=VREG2D Pin=U2D-9
Added Pin To Net: NetName=VREG2E Pin=U2E-9
