Removed Pin From Net: NetName=9V1_PWRGD1 Pin=U8-1
Removed Pin From Net: NetName=9V1_PWRGD2 Pin=U8-2
Removed Pin From Net: NetName=9V1_EN1 Pin=U8-3
Removed Pin From Net: NetName=9V1_EN2 Pin=U8-4
Removed Pin From Net: NetName=5V0_FAULT1 Pin=U8-5
Removed Pin From Net: NetName=5V0_FAULT2 Pin=U8-6
Removed Pin From Net: NetName=5V0_PWRGD1 Pin=U8-7
Removed Pin From Net: NetName=5V0_PWRGD2 Pin=U8-8
Removed Pin From Net: NetName=9V1_FAULT1 Pin=U8-27
Removed Pin From Net: NetName=9V1_FAULT2 Pin=U8-28
Removed Pin From Net: NetName=VVAR_TX1_EN Pin=U9-1
Removed Pin From Net: NetName=VVAR_TX2_EN Pin=U9-2
Removed Pin From Net: NetName=13V6_TX1_EN Pin=U9-3
Removed Pin From Net: NetName=13V6_TX2_EN Pin=U9-4
Removed Pin From Net: NetName=9V1_TX1_EN Pin=U9-5
Removed Pin From Net: NetName=9V1_TX2_EN Pin=U9-6
Removed Pin From Net: NetName=9V1_RX1_EN Pin=U9-7
Removed Pin From Net: NetName=9V1_RX2_EN Pin=U9-8
Removed Pin From Net: NetName=3V3_FAULT1 Pin=U9-21
Removed Pin From Net: NetName=3V3_FAULT2 Pin=U9-22
Removed Pin From Net: NetName=3V3_PWRGD1 Pin=U9-23
Removed Pin From Net: NetName=3V3_PWRGD2 Pin=U9-24
Removed Pin From Net: NetName=5V0_PAYLOAD_EN Pin=U9-25
Removed Pin From Net: NetName=PAYLOAD_3V0_EN Pin=U9-26
Removed Pin From Net: NetName=DEBUG2 Pin=U9-27
Removed Pin From Net: NetName=DEBUG1 Pin=U9-28
Added Pin To Net: NetName=VVAR_TX1_EN Pin=U8-1
Added Pin To Net: NetName=VVAR_TX2_EN Pin=U8-2
Added Pin To Net: NetName=13V6_TX1_EN Pin=U8-3
Added Pin To Net: NetName=13V6_TX2_EN Pin=U8-4
Added Pin To Net: NetName=9V1_TX1_EN Pin=U8-5
Added Pin To Net: NetName=9V1_TX2_EN Pin=U8-6
Added Pin To Net: NetName=9V1_RX1_EN Pin=U8-7
Added Pin To Net: NetName=9V1_RX2_EN Pin=U8-8
Added Pin To Net: NetName=5V0_PAYLOAD_EN Pin=U8-27
Added Pin To Net: NetName=PAYLOAD_3V0_EN Pin=U8-28
Added Pin To Net: NetName=3V3_FAULT1 Pin=U9-1
Added Pin To Net: NetName=3V3_FAULT2 Pin=U9-2
Added Pin To Net: NetName=3V3_PWRGD1 Pin=U9-3
Added Pin To Net: NetName=3V3_PWRGD2 Pin=U9-4
Added Pin To Net: NetName=5V0_FAULT1 Pin=U9-5
Added Pin To Net: NetName=5V0_FAULT2 Pin=U9-6
Added Pin To Net: NetName=5V0_PWRGD1 Pin=U9-7
Added Pin To Net: NetName=5V0_PWRGD2 Pin=U9-8
Added Pin To Net: NetName=DEBUG2 Pin=U9-21
Added Pin To Net: NetName=DEBUG1 Pin=U9-22
Added Pin To Net: NetName=9V1_EN1 Pin=U9-23
Added Pin To Net: NetName=9V1_EN2 Pin=U9-24
Added Pin To Net: NetName=9V1_FAULT1 Pin=U9-25
Added Pin To Net: NetName=9V1_FAULT2 Pin=U9-26
Added Pin To Net: NetName=9V1_PWRGD1 Pin=U9-27
Added Pin To Net: NetName=9V1_PWRGD2 Pin=U9-28
