Added Component: Designator=C1(R1210M)
Added Component: Designator=C2(R0805M)
Added Component: Designator=C3(R0805M)
Added Component: Designator=C4(R0805M)
Added Component: Designator=C5(R0805M)
Added Component: Designator=C6(R0805M)
Added Component: Designator=C7(R0805M)
Added Component: Designator=C8(R0805M)
Added Component: Designator=C9(R1210M)
Added Component: Designator=C10(R0805M)
Added Component: Designator=C11(R1210M)
Added Component: Designator=C12(R0805M)
Added Component: Designator=C13(R1210M)
Added Component: Designator=C14(R0805M)
Added Component: Designator=C15(R0805M)
Added Component: Designator=C16(R0805M)
Added Component: Designator=C17(R1210M)
Added Component: Designator=C18(R0805M)
Added Component: Designator=C19(R1210M)
Added Component: Designator=FB1(R0805M)
Added Component: Designator=FB2(R0805M)
Added Component: Designator=Q1(TSSOP8)
Added Component: Designator=Q2(TSSOP8)
Added Component: Designator=R1(R0805M)
Added Component: Designator=R2(R0805M)
Added Component: Designator=R3(R0805M)
Added Component: Designator=R4(R0805M)
Added Component: Designator=R5(R0805M)
Added Component: Designator=R6(R0805M)
Added Component: Designator=R7(R0805M)
Added Component: Designator=R8(R0805M)
Added Component: Designator=R9(R0805M)
Added Component: Designator=R10(R0805M)
Added Component: Designator=R11(R0805M)
Added Component: Designator=R12(R0805M)
Added Component: Designator=R13(R0805M)
Added Component: Designator=R14(R0805M)
Added Component: Designator=R15(R0805M)
Added Component: Designator=R16(R0805M)
Added Component: Designator=R17(R0805M)
Added Component: Designator=R18(R0805M)
Added Component: Designator=U1(TO-PMOD-7)
Added Component: Designator=U2(SSOP24)
Added Component: Designator=U3(TO-PMOD-7)
Added Pin To Net: NetName=GND Pin=C1-1
Added Pin To Net: NetName=VOUT Pin=C1-2
Added Pin To Net: NetName=VREG1 Pin=C2-1
Added Pin To Net: NetName=GND Pin=C3-2
Added Pin To Net: NetName=GND Pin=C4-1
Added Pin To Net: NetName=REG1_FB Pin=C5-1
Added Pin To Net: NetName=VREG1 Pin=C5-2
Added Pin To Net: NetName=GND Pin=C6-1
Added Pin To Net: NetName=GND Pin=C7-1
Added Pin To Net: NetName=GND Pin=C8-1
Added Pin To Net: NetName=GND Pin=C9-2
Added Pin To Net: NetName=GND Pin=C10-2
Added Pin To Net: NetName=GND Pin=C11-1
Added Pin To Net: NetName=VREG1 Pin=C11-2
Added Pin To Net: NetName=NetC12_1 Pin=C12-1
Added Pin To Net: NetName=REG2 Pin=C12-2
Added Pin To Net: NetName=VIN Pin=C13-1
Added Pin To Net: NetName=GND Pin=C13-2
Added Pin To Net: NetName=REG2_FB Pin=C14-1
Added Pin To Net: NetName=VREG2 Pin=C14-2
Added Pin To Net: NetName=GND Pin=C15-1
Added Pin To Net: NetName=GND Pin=C16-1
Added Pin To Net: NetName=GND Pin=C17-2
Added Pin To Net: NetName=GND Pin=C18-2
Added Pin To Net: NetName=GND Pin=C19-1
Added Pin To Net: NetName=VREG2 Pin=C19-2
Added Pin To Net: NetName=VIN Pin=FB1-2
Added Pin To Net: NetName=VIN Pin=FB2-2
Added Pin To Net: NetName=NetQ1_D1 Pin=Q1-D1
Added Pin To Net: NetName=NetQ1_D1 Pin=Q1-D2
Added Pin To Net: NetName=NetQ1_G1 Pin=Q1-G1
Added Pin To Net: NetName=NetQ1_G2 Pin=Q1-G2
Added Pin To Net: NetName=NetQ1_S1 Pin=Q1-S1
Added Pin To Net: NetName=NetQ1_S1 Pin=Q1-S1
Added Pin To Net: NetName=VOUT Pin=Q1-S2
Added Pin To Net: NetName=VOUT Pin=Q1-S2
Added Pin To Net: NetName=NetQ2_D1 Pin=Q2-D1
Added Pin To Net: NetName=NetQ2_D1 Pin=Q2-D2
Added Pin To Net: NetName=NetQ2_G1 Pin=Q2-G1
Added Pin To Net: NetName=NetQ2_G2 Pin=Q2-G2
Added Pin To Net: NetName=NetQ2_S1 Pin=Q2-S1
Added Pin To Net: NetName=NetQ2_S1 Pin=Q2-S1
Added Pin To Net: NetName=VOUT Pin=Q2-S2
Added Pin To Net: NetName=VOUT Pin=Q2-S2
Added Pin To Net: NetName=VREG1 Pin=R1-1
Added Pin To Net: NetName=NetQ1_S1 Pin=R1-2
Added Pin To Net: NetName=VREG1 Pin=R2-1
Added Pin To Net: NetName=NetR2_2 Pin=R2-2
Added Pin To Net: NetName=GND Pin=R3-1
Added Pin To Net: NetName=NetR2_2 Pin=R3-2
Added Pin To Net: NetName=NetR4_1 Pin=R4-1
Added Pin To Net: NetName=REG1_FB Pin=R5-1
Added Pin To Net: NetName=VREG1 Pin=R5-2
Added Pin To Net: NetName=REG1_EN Pin=R6-2
Added Pin To Net: NetName=GND Pin=R7-1
Added Pin To Net: NetName=REG1_FB Pin=R7-2
Added Pin To Net: NetName=GND Pin=R8-1
Added Pin To Net: NetName=REG1_FB Pin=R8-2
Added Pin To Net: NetName=REG1_EN Pin=R9-1
Added Pin To Net: NetName=GND Pin=R9-2
Added Pin To Net: NetName=GND Pin=R10-1
Added Pin To Net: NetName=NetR10_2 Pin=R10-2
Added Pin To Net: NetName=REG2 Pin=R11-1
Added Pin To Net: NetName=NetR10_2 Pin=R11-2
Added Pin To Net: NetName=REG2 Pin=R12-1
Added Pin To Net: NetName=NetQ2_S1 Pin=R12-2
Added Pin To Net: NetName=NetR13_1 Pin=R13-1
Added Pin To Net: NetName=REG2_FB Pin=R14-1
Added Pin To Net: NetName=VREG2 Pin=R14-2
Added Pin To Net: NetName=REG2_EN Pin=R15-2
Added Pin To Net: NetName=GND Pin=R16-1
Added Pin To Net: NetName=REG2_FB Pin=R16-2
Added Pin To Net: NetName=GND Pin=R17-1
Added Pin To Net: NetName=REG2_FB Pin=R17-2
Added Pin To Net: NetName=REG2_EN Pin=R18-1
Added Pin To Net: NetName=GND Pin=R18-2
Added Pin To Net: NetName=NetR4_1 Pin=U1-2
Added Pin To Net: NetName=REG1_EN Pin=U1-3
Added Pin To Net: NetName=GND Pin=U1-4
Added Pin To Net: NetName=GND Pin=U1-4
Added Pin To Net: NetName=REG1_FB Pin=U1-6
Added Pin To Net: NetName=VREG1 Pin=U1-7
Added Pin To Net: NetName=NetQ1_G1 Pin=U2-2
Added Pin To Net: NetName=NetQ1_S1 Pin=U2-3
Added Pin To Net: NetName=VREG1 Pin=U2-4
Added Pin To Net: NetName=NetR2_2 Pin=U2-5
Added Pin To Net: NetName=GND Pin=U2-7
Added Pin To Net: NetName=NetR10_2 Pin=U2-8
Added Pin To Net: NetName=REG2 Pin=U2-9
Added Pin To Net: NetName=NetQ2_S1 Pin=U2-10
Added Pin To Net: NetName=NetQ2_G1 Pin=U2-11
Added Pin To Net: NetName=NetC12_1 Pin=U2-12
Added Pin To Net: NetName=NetQ2_G2 Pin=U2-13
Added Pin To Net: NetName=VOUT Pin=U2-14
Added Pin To Net: NetName=NetU2_15 Pin=U2-15
Added Pin To Net: NetName=NetU2_16 Pin=U2-16
Added Pin To Net: NetName=GND Pin=U2-17
Added Pin To Net: NetName=GND Pin=U2-20
Added Pin To Net: NetName=NetU2_21 Pin=U2-21
Added Pin To Net: NetName=NetU2_22 Pin=U2-22
Added Pin To Net: NetName=VOUT Pin=U2-23
Added Pin To Net: NetName=NetQ1_G2 Pin=U2-24
Added Pin To Net: NetName=NetR13_1 Pin=U3-2
Added Pin To Net: NetName=REG2_EN Pin=U3-3
Added Pin To Net: NetName=GND Pin=U3-4
Added Pin To Net: NetName=GND Pin=U3-4
Added Pin To Net: NetName=REG2_FB Pin=U3-6
Added Pin To Net: NetName=VREG2 Pin=U3-7
Added Pin To Net: NetName=NetC2_2 Pin=C2-2
Added Pin To Net: NetName=NetC2_2 Pin=U2-1
Added Net: Name=NetC2_2
Added Pin To Net: NetName=NetC3_1 Pin=C3-1
Added Pin To Net: NetName=NetC3_1 Pin=U2-6
Added Net: Name=NetC3_1
Added Pin To Net: NetName=NetC4_2 Pin=C4-2
Added Pin To Net: NetName=NetC4_2 Pin=U2-19
Added Net: Name=NetC4_2
Added Pin To Net: NetName=NetC6_2 Pin=C6-2
Added Pin To Net: NetName=NetC6_2 Pin=U2-18
Added Net: Name=NetC6_2
Added Pin To Net: NetName=NetC7_2 Pin=C7-2
Added Pin To Net: NetName=NetC7_2 Pin=C8-2
Added Pin To Net: NetName=NetC7_2 Pin=C9-1
Added Pin To Net: NetName=NetC7_2 Pin=FB1-1
Added Pin To Net: NetName=NetC7_2 Pin=R4-2
Added Pin To Net: NetName=NetC7_2 Pin=R6-1
Added Pin To Net: NetName=NetC7_2 Pin=U1-1
Added Net: Name=NetC7_2
Added Pin To Net: NetName=NetC10_1 Pin=C10-1
Added Pin To Net: NetName=NetC10_1 Pin=U1-5
Added Net: Name=NetC10_1
Added Pin To Net: NetName=NetC15_2 Pin=C15-2
Added Pin To Net: NetName=NetC15_2 Pin=C16-2
Added Pin To Net: NetName=NetC15_2 Pin=C17-1
Added Pin To Net: NetName=NetC15_2 Pin=FB2-1
Added Pin To Net: NetName=NetC15_2 Pin=R13-2
Added Pin To Net: NetName=NetC15_2 Pin=R15-1
Added Pin To Net: NetName=NetC15_2 Pin=U3-1
Added Net: Name=NetC15_2
Added Pin To Net: NetName=NetC18_1 Pin=C18-1
Added Pin To Net: NetName=NetC18_1 Pin=U3-5
Added Net: Name=NetC18_1
Added Member To Class: ClassName=RedundantReg Member=Component C1 COUT2
Added Member To Class: ClassName=RedundantReg Member=Component C2 
Added Member To Class: ClassName=RedundantReg Member=Component C3 
Added Member To Class: ClassName=RedundantReg Member=Component C4 
Added Member To Class: ClassName=RedundantReg Member=Component C5 CFF
Added Member To Class: ClassName=RedundantReg Member=Component C6 
Added Member To Class: ClassName=RedundantReg Member=Component C7 CIN
Added Member To Class: ClassName=RedundantReg Member=Component C8 CIN
Added Member To Class: ClassName=RedundantReg Member=Component C9 CIN
Added Member To Class: ClassName=RedundantReg Member=Component C10 CSS
Added Member To Class: ClassName=RedundantReg Member=Component C11 COUT
Added Member To Class: ClassName=RedundantReg Member=Component C12 
Added Member To Class: ClassName=RedundantReg Member=Component C13 
Added Member To Class: ClassName=RedundantReg Member=Component C14 CFF
Added Member To Class: ClassName=RedundantReg Member=Component C15 CIN
Added Member To Class: ClassName=RedundantReg Member=Component C16 CIN
Added Member To Class: ClassName=RedundantReg Member=Component C17 CIN
Added Member To Class: ClassName=RedundantReg Member=Component C18 CSS
Added Member To Class: ClassName=RedundantReg Member=Component C19 COUT
Added Member To Class: ClassName=RedundantReg Member=Component FB1 
Added Member To Class: ClassName=RedundantReg Member=Component FB2 
Added Member To Class: ClassName=RedundantReg Member=Component Q1 IRF8852
Added Member To Class: ClassName=RedundantReg Member=Component Q2 IRF8852
Added Member To Class: ClassName=RedundantReg Member=Component R1 ISENSE
Added Member To Class: ClassName=RedundantReg Member=Component R2 ON1
Added Member To Class: ClassName=RedundantReg Member=Component R3 ON2
Added Member To Class: ClassName=RedundantReg Member=Component R4 RON
Added Member To Class: ClassName=RedundantReg Member=Component R5 RFBT
Added Member To Class: ClassName=RedundantReg Member=Component R6 RENT
Added Member To Class: ClassName=RedundantReg Member=Component R7 RFBB
Added Member To Class: ClassName=RedundantReg Member=Component R8 RFBB
Added Member To Class: ClassName=RedundantReg Member=Component R9 RENB
Added Member To Class: ClassName=RedundantReg Member=Component R10 ON2
Added Member To Class: ClassName=RedundantReg Member=Component R11 ON1
Added Member To Class: ClassName=RedundantReg Member=Component R12 ISENSE
Added Member To Class: ClassName=RedundantReg Member=Component R13 RON
Added Member To Class: ClassName=RedundantReg Member=Component R14 RFBT
Added Member To Class: ClassName=RedundantReg Member=Component R15 RENT
Added Member To Class: ClassName=RedundantReg Member=Component R16 RFBB
Added Member To Class: ClassName=RedundantReg Member=Component R17 RFBB
Added Member To Class: ClassName=RedundantReg Member=Component R18 RENB
Added Member To Class: ClassName=RedundantReg Member=Component U1 LMZ14201H
Added Member To Class: ClassName=RedundantReg Member=Component U2 LTC4225
Added Member To Class: ClassName=RedundantReg Member=Component U3 LMZ14201H
Added Room: Name=RedundantReg
