Added Component: Designator=LOGO1(BLUESAT_LOGO)
Added Component: Designator=M1(Mounting_Hole)
Added Component: Designator=M2(Mounting_Hole)
Added Component: Designator=M3(Mounting_Hole)
Added Component: Designator=M4(Mounting_Hole)
Added Pin To Net: NetName=GND Pin=M1-1
Added Pin To Net: NetName=GND Pin=M1-1
Added Pin To Net: NetName=GND Pin=M1-1
Added Pin To Net: NetName=GND Pin=M1-1
Added Pin To Net: NetName=GND Pin=M1-1
Added Pin To Net: NetName=GND Pin=M1-1
Added Pin To Net: NetName=GND Pin=M1-1
Added Pin To Net: NetName=GND Pin=M1-1
Added Pin To Net: NetName=GND Pin=M1-1
Added Pin To Net: NetName=GND Pin=M1-1
Added Pin To Net: NetName=GND Pin=M1-1
Added Pin To Net: NetName=GND Pin=M1-1
Added Pin To Net: NetName=GND Pin=M1-1
Added Pin To Net: NetName=GND Pin=M2-1
Added Pin To Net: NetName=GND Pin=M2-1
Added Pin To Net: NetName=GND Pin=M2-1
Added Pin To Net: NetName=GND Pin=M2-1
Added Pin To Net: NetName=GND Pin=M2-1
Added Pin To Net: NetName=GND Pin=M2-1
Added Pin To Net: NetName=GND Pin=M2-1
Added Pin To Net: NetName=GND Pin=M2-1
Added Pin To Net: NetName=GND Pin=M2-1
Added Pin To Net: NetName=GND Pin=M2-1
Added Pin To Net: NetName=GND Pin=M2-1
Added Pin To Net: NetName=GND Pin=M2-1
Added Pin To Net: NetName=GND Pin=M2-1
Added Pin To Net: NetName=GND Pin=M3-1
Added Pin To Net: NetName=GND Pin=M3-1
Added Pin To Net: NetName=GND Pin=M3-1
Added Pin To Net: NetName=GND Pin=M3-1
Added Pin To Net: NetName=GND Pin=M3-1
Added Pin To Net: NetName=GND Pin=M3-1
Added Pin To Net: NetName=GND Pin=M3-1
Added Pin To Net: NetName=GND Pin=M3-1
Added Pin To Net: NetName=GND Pin=M3-1
Added Pin To Net: NetName=GND Pin=M3-1
Added Pin To Net: NetName=GND Pin=M3-1
Added Pin To Net: NetName=GND Pin=M3-1
Added Pin To Net: NetName=GND Pin=M3-1
Added Pin To Net: NetName=GND Pin=M4-1
Added Pin To Net: NetName=GND Pin=M4-1
Added Pin To Net: NetName=GND Pin=M4-1
Added Pin To Net: NetName=GND Pin=M4-1
Added Pin To Net: NetName=GND Pin=M4-1
Added Pin To Net: NetName=GND Pin=M4-1
Added Pin To Net: NetName=GND Pin=M4-1
Added Pin To Net: NetName=GND Pin=M4-1
Added Pin To Net: NetName=GND Pin=M4-1
Added Pin To Net: NetName=GND Pin=M4-1
Added Pin To Net: NetName=GND Pin=M4-1
Added Pin To Net: NetName=GND Pin=M4-1
Added Pin To Net: NetName=GND Pin=M4-1
Added Member To Class: ClassName=Switching_Regulator_LV_Board Member=Component LOGO1 Logo
Added Member To Class: ClassName=Switching_Regulator_LV_Board Member=Component M1 Mounting Hole
Added Member To Class: ClassName=Switching_Regulator_LV_Board Member=Component M2 Mounting Hole
Added Member To Class: ClassName=Switching_Regulator_LV_Board Member=Component M3 Mounting Hole
Added Member To Class: ClassName=Switching_Regulator_LV_Board Member=Component M4 Mounting Hole
