Added Component: Designator=C1(0805 Cap)
Added Component: Designator=C2(1206 Cap)
Added Component: Designator=C3(0805 Cap)
Added Component: Designator=C4(0805 Cap)
Added Component: Designator=C5(1206 Cap)
Added Component: Designator=C6(0805 Cap)
Added Component: Designator=C7(0805 Cap)
Added Component: Designator=C8(0805 Cap)
Added Component: Designator=C9(0805 Cap)
Added Component: Designator=J1(5.05mm Terminal Block - 2)
Added Component: Designator=J2(5.05mm Terminal Block - 2)
Added Component: Designator=JP1(Solder Jumper A)
Added Component: Designator=JP2(Solder Jumper A)
Added Component: Designator=JP3(Solder Jumper A)
Added Component: Designator=JP4(Solder Jumper A)
Added Component: Designator=JP5(Solder Jumper A)
Added Component: Designator=JP6(Solder Jumper A)
Added Component: Designator=L1(INDP4037X16N)
Added Component: Designator=L2(INDP4037X16N)
Added Component: Designator=LOGO1(BLUESAT_LOGO)
Added Component: Designator=M1(Mounting_Hole)
Added Component: Designator=M2(Mounting_Hole)
Added Component: Designator=M3(Mounting_Hole)
Added Component: Designator=M4(Mounting_Hole)
Added Component: Designator=P1(HDR1X8)
Added Component: Designator=P2(HDR1X10)
Added Component: Designator=R1(0805 Resistor)
Added Component: Designator=R2(0805 Resistor)
Added Component: Designator=R3(0805 Resistor)
Added Component: Designator=R4(0805 Resistor)
Added Component: Designator=R5(0805 Resistor)
Added Component: Designator=R6(0805 Resistor)
Added Component: Designator=U1(LT3690)
Added Pin To Net: NetName=GND Pin=C1-1
Added Pin To Net: NetName=VIN Pin=C1-2
Added Pin To Net: NetName=GND Pin=C2-1
Added Pin To Net: NetName=VIN Pin=C2-2
Added Pin To Net: NetName=SW Pin=C3-1
Added Pin To Net: NetName=BST Pin=C3-2
Added Pin To Net: NetName=GND Pin=C4-1
Added Pin To Net: NetName=VOUT Pin=C4-2
Added Pin To Net: NetName=GND Pin=C5-1
Added Pin To Net: NetName=VOUT Pin=C5-2
Added Pin To Net: NetName=GND Pin=C6-1
Added Pin To Net: NetName=NetC6_2 Pin=C6-2
Added Pin To Net: NetName=GND Pin=C7-1
Added Pin To Net: NetName=VCCINT Pin=C7-2
Added Pin To Net: NetName=GND Pin=C8-1
Added Pin To Net: NetName=SS Pin=C8-2
Added Pin To Net: NetName=GND Pin=C9-1
Added Pin To Net: NetName=NetC9_2 Pin=C9-2
Added Pin To Net: NetName=VIN Pin=J1-1
Added Pin To Net: NetName=GND Pin=J1-2
Added Pin To Net: NetName=GND Pin=J2-1
Added Pin To Net: NetName=NetC9_2 Pin=J2-2
Added Pin To Net: NetName=EN Pin=JP1-1
Added Pin To Net: NetName=GND Pin=JP1-2
Added Pin To Net: NetName=EN Pin=JP2-1
Added Pin To Net: NetName=VIN Pin=JP2-2
Added Pin To Net: NetName=SYNC Pin=JP3-1
Added Pin To Net: NetName=VOUT Pin=JP3-2
Added Pin To Net: NetName=SYNC Pin=JP4-1
Added Pin To Net: NetName=GND Pin=JP4-2
Added Pin To Net: NetName=VIN Pin=JP5-1
Added Pin To Net: NetName=ULVO Pin=JP5-2
Added Pin To Net: NetName=VOUT Pin=JP6-1
Added Pin To Net: NetName=NetC9_2 Pin=JP6-2
Added Pin To Net: NetName=SW Pin=L1-1
Added Pin To Net: NetName=VOUT Pin=L1-2
Added Pin To Net: NetName=VOUT Pin=L2-1
Added Pin To Net: NetName=NetC9_2 Pin=L2-2
Added Pin To Net: NetName=GND Pin=M1-1
Added Pin To Net: NetName=GND Pin=M1-1
Added Pin To Net: NetName=GND Pin=M1-1
Added Pin To Net: NetName=GND Pin=M1-1
Added Pin To Net: NetName=GND Pin=M1-1
Added Pin To Net: NetName=GND Pin=M1-1
Added Pin To Net: NetName=GND Pin=M1-1
Added Pin To Net: NetName=GND Pin=M1-1
Added Pin To Net: NetName=GND Pin=M1-1
Added Pin To Net: NetName=GND Pin=M1-1
Added Pin To Net: NetName=GND Pin=M1-1
Added Pin To Net: NetName=GND Pin=M1-1
Added Pin To Net: NetName=GND Pin=M1-1
Added Pin To Net: NetName=GND Pin=M2-1
Added Pin To Net: NetName=GND Pin=M2-1
Added Pin To Net: NetName=GND Pin=M2-1
Added Pin To Net: NetName=GND Pin=M2-1
Added Pin To Net: NetName=GND Pin=M2-1
Added Pin To Net: NetName=GND Pin=M2-1
Added Pin To Net: NetName=GND Pin=M2-1
Added Pin To Net: NetName=GND Pin=M2-1
Added Pin To Net: NetName=GND Pin=M2-1
Added Pin To Net: NetName=GND Pin=M2-1
Added Pin To Net: NetName=GND Pin=M2-1
Added Pin To Net: NetName=GND Pin=M2-1
Added Pin To Net: NetName=GND Pin=M2-1
Added Pin To Net: NetName=GND Pin=M3-1
Added Pin To Net: NetName=GND Pin=M3-1
Added Pin To Net: NetName=GND Pin=M3-1
Added Pin To Net: NetName=GND Pin=M3-1
Added Pin To Net: NetName=GND Pin=M3-1
Added Pin To Net: NetName=GND Pin=M3-1
Added Pin To Net: NetName=GND Pin=M3-1
Added Pin To Net: NetName=GND Pin=M3-1
Added Pin To Net: NetName=GND Pin=M3-1
Added Pin To Net: NetName=GND Pin=M3-1
Added Pin To Net: NetName=GND Pin=M3-1
Added Pin To Net: NetName=GND Pin=M3-1
Added Pin To Net: NetName=GND Pin=M3-1
Added Pin To Net: NetName=GND Pin=M4-1
Added Pin To Net: NetName=GND Pin=M4-1
Added Pin To Net: NetName=GND Pin=M4-1
Added Pin To Net: NetName=GND Pin=M4-1
Added Pin To Net: NetName=GND Pin=M4-1
Added Pin To Net: NetName=GND Pin=M4-1
Added Pin To Net: NetName=GND Pin=M4-1
Added Pin To Net: NetName=GND Pin=M4-1
Added Pin To Net: NetName=GND Pin=M4-1
Added Pin To Net: NetName=GND Pin=M4-1
Added Pin To Net: NetName=GND Pin=M4-1
Added Pin To Net: NetName=GND Pin=M4-1
Added Pin To Net: NetName=GND Pin=M4-1
Added Pin To Net: NetName=GND Pin=P1-1
Added Pin To Net: NetName=GND Pin=P1-2
Added Pin To Net: NetName=GND Pin=P1-3
Added Pin To Net: NetName=GND Pin=P1-4
Added Pin To Net: NetName=VIN Pin=P1-5
Added Pin To Net: NetName=VIN Pin=P1-6
Added Pin To Net: NetName=VIN Pin=P1-7
Added Pin To Net: NetName=VIN Pin=P1-8
Added Pin To Net: NetName=PG Pin=P2-1
Added Pin To Net: NetName=SYNC Pin=P2-2
Added Pin To Net: NetName=EN Pin=P2-3
Added Pin To Net: NetName=NetC9_2 Pin=P2-4
Added Pin To Net: NetName=NetC9_2 Pin=P2-5
Added Pin To Net: NetName=NetC9_2 Pin=P2-6
Added Pin To Net: NetName=NetC9_2 Pin=P2-7
Added Pin To Net: NetName=GND Pin=P2-8
Added Pin To Net: NetName=GND Pin=P2-9
Added Pin To Net: NetName=GND Pin=P2-10
Added Pin To Net: NetName=ULVO Pin=R1-1
Added Pin To Net: NetName=VIN Pin=R1-2
Added Pin To Net: NetName=GND Pin=R2-1
Added Pin To Net: NetName=ULVO Pin=R2-2
Added Pin To Net: NetName=NetC6_2 Pin=R3-1
Added Pin To Net: NetName=VC Pin=R3-2
Added Pin To Net: NetName=FB Pin=R4-1
Added Pin To Net: NetName=VOUT Pin=R4-2
Added Pin To Net: NetName=GND Pin=R5-1
Added Pin To Net: NetName=FB Pin=R5-2
Added Pin To Net: NetName=GND Pin=R6-1
Added Pin To Net: NetName=RT Pin=R6-2
Added Pin To Net: NetName=SW Pin=U1-1
Added Pin To Net: NetName=SW Pin=U1-2
Added Pin To Net: NetName=SW Pin=U1-3
Added Pin To Net: NetName=SW Pin=U1-4
Added Pin To Net: NetName=SYNC Pin=U1-5
Added Pin To Net: NetName=GND Pin=U1-6
Added Pin To Net: NetName=RT Pin=U1-7
Added Pin To Net: NetName=VC Pin=U1-8
Added Pin To Net: NetName=FB Pin=U1-9
Added Pin To Net: NetName=GND Pin=U1-10
Added Pin To Net: NetName=SS Pin=U1-11
Added Pin To Net: NetName=ULVO Pin=U1-12
Added Pin To Net: NetName=VIN Pin=U1-13
Added Pin To Net: NetName=VIN Pin=U1-14
Added Pin To Net: NetName=VIN Pin=U1-15
Added Pin To Net: NetName=GND Pin=U1-16
Added Pin To Net: NetName=EN Pin=U1-17
Added Pin To Net: NetName=PG Pin=U1-18
Added Pin To Net: NetName=VOUT Pin=U1-19
Added Pin To Net: NetName=VCCINT Pin=U1-20
Added Pin To Net: NetName=GND Pin=U1-21
Added Pin To Net: NetName=BST Pin=U1-22
Added Pin To Net: NetName=SW Pin=U1-23
Added Pin To Net: NetName=SW Pin=U1-24
Added Pin To Net: NetName=SW Pin=U1-25
Added Pin To Net: NetName=SW Pin=U1-26
Added Pin To Net: NetName=SW Pin=U1-27
Added Pin To Net: NetName=GND Pin=U1-28
Added Member To Class: ClassName=LV_Switcher Member=Component C1 0805 Cap
Added Member To Class: ClassName=LV_Switcher Member=Component C2 1206 Cap
Added Member To Class: ClassName=LV_Switcher Member=Component C3 0805 Cap
Added Member To Class: ClassName=LV_Switcher Member=Component C4 0805 Cap
Added Member To Class: ClassName=LV_Switcher Member=Component C5 1206 Cap
Added Member To Class: ClassName=LV_Switcher Member=Component C6 0805 Cap
Added Member To Class: ClassName=LV_Switcher Member=Component C7 0805 Cap
Added Member To Class: ClassName=LV_Switcher Member=Component C8 0805 Cap
Added Member To Class: ClassName=Switching_Regulator_LV_Board Member=Component C9 0805 Cap
Added Member To Class: ClassName=Switching_Regulator_LV_Board Member=Component J1 2 Pin terminal Block
Added Member To Class: ClassName=Switching_Regulator_LV_Board Member=Component J2 2 Pin terminal Block
Added Member To Class: ClassName=LV_Switcher Member=Component JP1 Jumper
Added Member To Class: ClassName=LV_Switcher Member=Component JP2 Jumper
Added Member To Class: ClassName=LV_Switcher Member=Component JP3 Jumper
Added Member To Class: ClassName=LV_Switcher Member=Component JP4 Jumper
Added Member To Class: ClassName=LV_Switcher Member=Component JP5 Jumper
Added Member To Class: ClassName=Switching_Regulator_LV_Board Member=Component JP6 Jumper
Added Member To Class: ClassName=LV_Switcher Member=Component L1 LQH44PN2R2MP0
Added Member To Class: ClassName=Switching_Regulator_LV_Board Member=Component L2 LQH44PN2R2MP0
Added Member To Class: ClassName=Switching_Regulator_LV_Board Member=Component LOGO1 Logo
Added Member To Class: ClassName=Switching_Regulator_LV_Board Member=Component M1 Mounting Hole
Added Member To Class: ClassName=Switching_Regulator_LV_Board Member=Component M2 Mounting Hole
Added Member To Class: ClassName=Switching_Regulator_LV_Board Member=Component M3 Mounting Hole
Added Member To Class: ClassName=Switching_Regulator_LV_Board Member=Component M4 Mounting Hole
Added Member To Class: ClassName=Switching_Regulator_LV_Board Member=Component P1 Header 8
Added Member To Class: ClassName=Switching_Regulator_LV_Board Member=Component P2 Header 10
Added Member To Class: ClassName=LV_Switcher Member=Component R1 0805 Resistor
Added Member To Class: ClassName=LV_Switcher Member=Component R2 0805 Resistor
Added Member To Class: ClassName=LV_Switcher Member=Component R3 0805 Resistor
Added Member To Class: ClassName=LV_Switcher Member=Component R4 0805 Resistor
Added Member To Class: ClassName=LV_Switcher Member=Component R5 0805 Resistor
Added Member To Class: ClassName=LV_Switcher Member=Component R6 0805 Resistor
Added Member To Class: ClassName=LV_Switcher Member=Component U1 LT3690
Added Room: Name=LV_Switcher
Added Room: Name=Switching_Regulator_LV_Board
