Added Component: Designator=C1(0805 Cap)
Added Component: Designator=C2(1206 Cap)
Added Component: Designator=C3(0805 Cap)
Added Component: Designator=C4(0805 Cap)
Added Component: Designator=C5(1206 Cap)
Added Component: Designator=C6(0805 Cap)
Added Component: Designator=C7(0805 Cap)
Added Component: Designator=C8(0805 Cap)
Added Component: Designator=C9(0805 Cap)
Added Component: Designator=J1(5.05mm Terminal Block - 2)
Added Component: Designator=J2(5.05mm Terminal Block - 2)
Added Component: Designator=JP1(Solder Jumper A)
Added Component: Designator=JP2(Solder Jumper A)
Added Component: Designator=JP3(Solder Jumper A)
Added Component: Designator=JP4(Solder Jumper A)
Added Component: Designator=JP5(Solder Jumper A)
Added Component: Designator=JP6(Solder Jumper A)
Added Component: Designator=L1(INDP4037X16N)
Added Component: Designator=L2(INDP4037X16N)
Added Component: Designator=P1(HDR1X8)
Added Component: Designator=P2(HDR1X10)
Added Component: Designator=R1(0805 Resistor)
Added Component: Designator=R2(0805 Resistor)
Added Component: Designator=R3(0805 Resistor)
Added Component: Designator=R4(0805 Resistor)
Added Component: Designator=R5(0805 Resistor)
Added Component: Designator=R6(0805 Resistor)
Added Pin To Net: NetName=BST Pin=C3-2
Added Net: Name=BST
Added Pin To Net: NetName=EN Pin=JP1-1
Added Pin To Net: NetName=EN Pin=JP2-1
Added Pin To Net: NetName=EN Pin=P2-3
Added Net: Name=EN
Added Pin To Net: NetName=FB Pin=R4-1
Added Pin To Net: NetName=FB Pin=R5-2
Added Net: Name=FB
Added Pin To Net: NetName=GND Pin=C1-1
Added Pin To Net: NetName=GND Pin=C2-1
Added Pin To Net: NetName=GND Pin=C4-1
Added Pin To Net: NetName=GND Pin=C5-1
Added Pin To Net: NetName=GND Pin=C6-1
Added Pin To Net: NetName=GND Pin=C7-1
Added Pin To Net: NetName=GND Pin=C8-1
Added Pin To Net: NetName=GND Pin=C9-1
Added Pin To Net: NetName=GND Pin=J1-2
Added Pin To Net: NetName=GND Pin=J2-1
Added Pin To Net: NetName=GND Pin=JP1-2
Added Pin To Net: NetName=GND Pin=JP4-2
Added Pin To Net: NetName=GND Pin=P1-1
Added Pin To Net: NetName=GND Pin=P1-2
Added Pin To Net: NetName=GND Pin=P1-3
Added Pin To Net: NetName=GND Pin=P1-4
Added Pin To Net: NetName=GND Pin=P2-8
Added Pin To Net: NetName=GND Pin=P2-9
Added Pin To Net: NetName=GND Pin=P2-10
Added Pin To Net: NetName=GND Pin=R2-1
Added Pin To Net: NetName=GND Pin=R5-1
Added Pin To Net: NetName=GND Pin=R6-1
Added Net: Name=GND
Added Pin To Net: NetName=NetC6_2 Pin=C6-2
Added Pin To Net: NetName=NetC6_2 Pin=R3-1
Added Net: Name=NetC6_2
Added Pin To Net: NetName=NetC9_2 Pin=C9-2
Added Pin To Net: NetName=NetC9_2 Pin=J2-2
Added Pin To Net: NetName=NetC9_2 Pin=JP6-2
Added Pin To Net: NetName=NetC9_2 Pin=L2-2
Added Pin To Net: NetName=NetC9_2 Pin=P2-4
Added Pin To Net: NetName=NetC9_2 Pin=P2-5
Added Pin To Net: NetName=NetC9_2 Pin=P2-6
Added Pin To Net: NetName=NetC9_2 Pin=P2-7
Added Net: Name=NetC9_2
Added Pin To Net: NetName=PG Pin=P2-1
Added Net: Name=PG
Added Pin To Net: NetName=RT Pin=R6-2
Added Net: Name=RT
Added Pin To Net: NetName=SS Pin=C8-2
Added Net: Name=SS
Added Pin To Net: NetName=SW Pin=C3-1
Added Pin To Net: NetName=SW Pin=L1-1
Added Net: Name=SW
Added Pin To Net: NetName=SYNC Pin=JP3-1
Added Pin To Net: NetName=SYNC Pin=JP4-1
Added Pin To Net: NetName=SYNC Pin=P2-2
Added Net: Name=SYNC
Added Pin To Net: NetName=ULVO Pin=JP5-2
Added Pin To Net: NetName=ULVO Pin=R1-1
Added Pin To Net: NetName=ULVO Pin=R2-2
Added Net: Name=ULVO
Added Pin To Net: NetName=VCCINT Pin=C7-2
Added Net: Name=VCCINT
Added Pin To Net: NetName=VC Pin=R3-2
Added Net: Name=VC
Added Pin To Net: NetName=VIN Pin=C1-2
Added Pin To Net: NetName=VIN Pin=C2-2
Added Pin To Net: NetName=VIN Pin=J1-1
Added Pin To Net: NetName=VIN Pin=JP2-2
Added Pin To Net: NetName=VIN Pin=JP5-1
Added Pin To Net: NetName=VIN Pin=P1-5
Added Pin To Net: NetName=VIN Pin=P1-6
Added Pin To Net: NetName=VIN Pin=P1-7
Added Pin To Net: NetName=VIN Pin=P1-8
Added Pin To Net: NetName=VIN Pin=R1-2
Added Net: Name=VIN
Added Pin To Net: NetName=VOUT Pin=C4-2
Added Pin To Net: NetName=VOUT Pin=C5-2
Added Pin To Net: NetName=VOUT Pin=JP3-2
Added Pin To Net: NetName=VOUT Pin=JP6-1
Added Pin To Net: NetName=VOUT Pin=L1-2
Added Pin To Net: NetName=VOUT Pin=L2-1
Added Pin To Net: NetName=VOUT Pin=R4-2
Added Net: Name=VOUT
Added Class: Name=LV_Switcher
Added Class: Name=Switching_Regulator_LV_Board
Added Room: Name=LV_Switcher
Added Room: Name=Switching_Regulator_LV_Board
