Replace Part C1 0805 MLCC - X7R, 10% in H:\192\Power\Switcher LV\Switching_Regulator_LV.SchDoc with 0805 MLCC - X7R, 10% from Schlib1.SchLib
Replace Part C2 1206 MLCC - X7R, 10% in H:\192\Power\Switcher LV\Switching_Regulator_LV.SchDoc with 1206 MLCC - X7R, 10% from Schlib1.SchLib
Replace Part C3 0805 MLCC - X7R, 10% in H:\192\Power\Switcher LV\Switching_Regulator_LV.SchDoc with 0805 MLCC - X7R, 10% from Schlib1.SchLib
Replace Part C4 0805 MLCC - X7R, 10% in H:\192\Power\Switcher LV\Switching_Regulator_LV.SchDoc with 0805 MLCC - X7R, 10% from Schlib1.SchLib
Replace Part C5 1206 MLCC - X7R, 10% in H:\192\Power\Switcher LV\Switching_Regulator_LV.SchDoc with 1206 MLCC - X7R, 10% from Schlib1.SchLib
Replace Part C6 0805 MLCC - NP0, 5% in H:\192\Power\Switcher LV\Switching_Regulator_LV.SchDoc with 0805 MLCC - NP0, 5% from Schlib1.SchLib
Replace Part C7 0805 MLCC - X7R, 10% in H:\192\Power\Switcher LV\Switching_Regulator_LV.SchDoc with 0805 MLCC - X7R, 10% from Schlib1.SchLib
Replace Part C8 0805 MLCC - NP0, 5% in H:\192\Power\Switcher LV\Switching_Regulator_LV.SchDoc with 0805 MLCC - NP0, 5% from Schlib1.SchLib
Replace Part JP1 Solder Bridge in H:\192\Power\Switcher LV\Switching_Regulator_LV.SchDoc with Solder Bridge from Schlib1.SchLib
Replace Part JP2 Solder Bridge in H:\192\Power\Switcher LV\Switching_Regulator_LV.SchDoc with Solder Bridge from Schlib1.SchLib
Replace Part JP3 Solder Bridge in H:\192\Power\Switcher LV\Switching_Regulator_LV.SchDoc with Solder Bridge from Schlib1.SchLib
Replace Part JP4 Solder Bridge in H:\192\Power\Switcher LV\Switching_Regulator_LV.SchDoc with Solder Bridge from Schlib1.SchLib
Replace Part JP5 Solder Bridge in H:\192\Power\Switcher LV\Switching_Regulator_LV.SchDoc with Solder Bridge from Schlib1.SchLib
Replace Part L1 LQH44PN2R2MP0 in H:\192\Power\Switcher LV\Switching_Regulator_LV.SchDoc with LQH44PN2R2MP0 from Schlib1.SchLib
Replace Part R1 0805 Thick Film Resistor 1% in H:\192\Power\Switcher LV\Switching_Regulator_LV.SchDoc with 0805 Thick Film Resistor 1% from Schlib1.SchLib
Replace Part R2 0805 Thick Film Resistor 1% in H:\192\Power\Switcher LV\Switching_Regulator_LV.SchDoc with 0805 Thick Film Resistor 1% from Schlib1.SchLib
Replace Part R3 0805 Thick Film Resistor 1% in H:\192\Power\Switcher LV\Switching_Regulator_LV.SchDoc with 0805 Thick Film Resistor 1% from Schlib1.SchLib
Replace Part R4 0805 Thick Film Resistor 1% in H:\192\Power\Switcher LV\Switching_Regulator_LV.SchDoc with 0805 Thick Film Resistor 1% from Schlib1.SchLib
Replace Part R5 0805 Thick Film Resistor 1% in H:\192\Power\Switcher LV\Switching_Regulator_LV.SchDoc with 0805 Thick Film Resistor 1% from Schlib1.SchLib
Replace Part R6 0805 Thick Film Resistor 1% in H:\192\Power\Switcher LV\Switching_Regulator_LV.SchDoc with 0805 Thick Film Resistor 1% from Schlib1.SchLib
Replace Part U1 LT3690 in H:\192\Power\Switcher LV\Switching_Regulator_LV.SchDoc with LT3690 from Schlib1.SchLib
