Replace Part C1 Cap 0402 in C:\Users\ashaw\Desktop\CSC\CRSC00002.SchDoc with Cap 0402 from CSC.schlib
Replace Part C2 Cap 0402 in C:\Users\ashaw\Desktop\CSC\CRSC00002.SchDoc with Cap 0402 from CSC.schlib
Replace Part C3 Cap 0402 in C:\Users\ashaw\Desktop\CSC\CRSC00002.SchDoc with Cap 0402 from CSC.schlib
Replace Part C4 Cap 0402 in C:\Users\ashaw\Desktop\CSC\CRSC00002.SchDoc with Cap 0402 from CSC.schlib
Replace Part C5 Cap 0402 in C:\Users\ashaw\Desktop\CSC\CRSC00002.SchDoc with Cap 0402 from CSC.schlib
Replace Part C6 Cap 0402 in C:\Users\ashaw\Desktop\CSC\CRSC00002.SchDoc with Cap 0402 from CSC.schlib
Replace Part C7 Cap 0402 in C:\Users\ashaw\Desktop\CSC\CRSC00002.SchDoc with Cap 0402 from CSC.schlib
Replace Part C8 Cap 0402 in C:\Users\ashaw\Desktop\CSC\CRSC00002.SchDoc with Cap 0402 from CSC.schlib
Replace Part C8 Cap 0402 in C:\Users\ashaw\Desktop\CSC\CRSC00002.SchDoc with Cap 0402 from CSC.schlib
Replace Part C9 Cap 0402 in C:\Users\ashaw\Desktop\CSC\CRSC00002.SchDoc with Cap 0402 from CSC.schlib
Replace Part C9 Cap 0402 in C:\Users\ashaw\Desktop\CSC\CRSC00002.SchDoc with Cap 0402 from CSC.schlib
Replace Part C10 Cap 0402 in C:\Users\ashaw\Desktop\CSC\CRSC00002.SchDoc with Cap 0402 from CSC.schlib
Replace Part C10 Cap 0402 in C:\Users\ashaw\Desktop\CSC\CRSC00002.SchDoc with Cap 0402 from CSC.schlib
Replace Part C11 Cap 0402 in C:\Users\ashaw\Desktop\CSC\CRSC00002.SchDoc with Cap 0402 from CSC.schlib
Replace Part C12 Cap 0402 in C:\Users\ashaw\Desktop\CSC\CRSC00002.SchDoc with Cap 0402 from CSC.schlib
Replace Part C13 Cap 0402 in C:\Users\ashaw\Desktop\CSC\CRSC00002.SchDoc with Cap 0402 from CSC.schlib
Replace Part C14 Cap 0402 in C:\Users\ashaw\Desktop\CSC\CRSC00002.SchDoc with Cap 0402 from CSC.schlib
Replace Part C15 Cap 0402 in C:\Users\ashaw\Desktop\CSC\CRSC00002.SchDoc with Cap 0402 from CSC.schlib
Replace Part C16 Cap 0402 in C:\Users\ashaw\Desktop\CSC\CRSC00002.SchDoc with Cap 0402 from CSC.schlib
Replace Part Q1 C.O. 2pins in C:\Users\ashaw\Desktop\CSC\CRSC00002.SchDoc with C.O. 2pins from CSC.schlib
Replace Part R1 Res3 in C:\Users\ashaw\Desktop\CSC\CRSC00002.SchDoc with Res3 from CSC.schlib
Replace Part U1 LPC2468FBD208 in C:\Users\ashaw\Desktop\CSC\CRSC00002.SchDoc with LPC2468FBD208 from CSC.schlib
Replace Part U1 LPC2468FBD208 in C:\Users\ashaw\Desktop\CSC\CRSC00002.SchDoc with LPC2468FBD208 from CSC.schlib
Replace Part U1 LPC2468FBD208 in C:\Users\ashaw\Desktop\CSC\CRSC00002.SchDoc with LPC2468FBD208 from CSC.schlib
Replace Part U1 LPC2468FBD208 in C:\Users\ashaw\Desktop\CSC\CRSC00002.SchDoc with LPC2468FBD208 from CSC.schlib
Replace Part U1 LPC2468FBD208 in C:\Users\ashaw\Desktop\CSC\CRSC00002.SchDoc with LPC2468FBD208 from CSC.schlib
Replace Part U1 LPC2468FBD208 in C:\Users\ashaw\Desktop\CSC\CRSC00002.SchDoc with LPC2468FBD208 from CSC.schlib
Replace Part U1 LPC2468FBD208 in C:\Users\ashaw\Desktop\CSC\CRSC00002.SchDoc with LPC2468FBD208 from CSC.schlib
Replace Part U1 LPC2468FBD208 in C:\Users\ashaw\Desktop\CSC\CRSC00002.SchDoc with LPC2468FBD208 from CSC.schlib
Replace Part U1 LPC2468FBD208 in C:\Users\ashaw\Desktop\CSC\CRSC00002.SchDoc with LPC2468FBD208 from CSC.schlib
Replace Part U? FM22L16-55-TG in C:\Users\ashaw\Desktop\CSC\CRSC00002.SchDoc with FM22L16-55-TG from CSC.schlib
Replace Part U? CY62167DV30LL in C:\Users\ashaw\Desktop\CSC\CRSC00002.SchDoc with CY62167DV30LL from CSC.schlib
