Added Component: Designator=C1(0805 Cap)
Added Component: Designator=C2(0805 Cap)
Added Component: Designator=C3(0805 Cap)
Added Component: Designator=C4(0805 Cap)
Added Component: Designator=C5(0805 Cap)
Added Component: Designator=C6(0805 Cap)
Added Component: Designator=C6(0805 Cap)
Added Component: Designator=C7(0805 Cap)
Added Component: Designator=C8(0805 Cap)
Added Component: Designator=D?(NXP-SOT323-3_L)
Added Component: Designator=JP1(SOLDER_JUMPER_3_A)
Added Component: Designator=JP2(SOLDER_JUMPER_3_A)
Added Component: Designator=P1(HDR1X2)
Added Component: Designator=Q1(DMP2004KDITR-ND)
Added Component: Designator=R1(0805 Resistor)
Added Component: Designator=R2(0805 Resistor)
Added Component: Designator=R4(0805 Resistor)
Added Component: Designator=R5(0805 Resistor)
Added Component: Designator=R6(0805 Resistor)
Added Component: Designator=R7(0805 Resistor)
Added Component: Designator=R8(0805 Resistor)
Added Component: Designator=R9(0805 Resistor)
Added Component: Designator=R10(0805 Resistor)
Added Component: Designator=R11(0805 Resistor)
Added Component: Designator=R12(0805 Resistor)
Added Component: Designator=R?(0805 Resistor)
Added Component: Designator=R?(0805 Resistor)
Added Component: Designator=R?(0805 Resistor)
Added Component: Designator=R?(0805 Resistor)
Added Component: Designator=R?(0805 Resistor)
Added Component: Designator=R?(0805 Resistor)
Added Component: Designator=R?(0805 Resistor)
Added Component: Designator=R?(0805 Resistor)
Added Component: Designator=R?(0805 Resistor)
Added Component: Designator=R?(0805 Resistor)
Added Component: Designator=R?(0805 Resistor)
Added Component: Designator=R?(0805 Resistor)
Added Component: Designator=R?(0805 Resistor)
Added Component: Designator=R?(0805 Resistor)
Added Component: Designator=U1(DS2482-100)
Added Component: Designator=U2(DS18S20)
Added Component: Designator=U3(SOIC8 - LT1120A)
Added Component: Designator=U4(SOIC8 - LT1120A)
Added Component: Designator=U?(M14A_L)
Added Component: Designator=U?(M14A_L)
Added Component: Designator=U?(M14A_L)
Added Component: Designator=U?(M14A_L)
Added Pin To Net: NetName=GND Pin=C1-1
Added Pin To Net: NetName=3V3_TELEM_RX Pin=C1-2
Added Pin To Net: NetName=GND Pin=C2-1
Added Pin To Net: NetName=8V0_RX2 Pin=C2-2
Added Pin To Net: NetName=NetC3_1 Pin=C3-1
Added Pin To Net: NetName=8V0_RX2 Pin=C3-2
Added Pin To Net: NetName=NetC4_1 Pin=C4-1
Added Pin To Net: NetName=8V0_RX1 Pin=C4-2
Added Pin To Net: NetName=GND Pin=C5-1
Added Pin To Net: NetName=8V0_RX1 Pin=C5-2
Added Pin To Net: NetName=GND Pin=C6-1
Added Pin To Net: NetName=GND Pin=C6-1
Added Pin To Net: NetName=AF_RX1 Pin=C7-2
Added Pin To Net: NetName=AF_RX2 Pin=C8-2
Added Pin To Net: NetName=9V1_RX1 Pin=D?-1
Added Pin To Net: NetName=9V1_RX2 Pin=D?-2
Added Pin To Net: NetName=ONEWIRE Pin=J1-2
Added Pin To Net: NetName=SDA_TELEM_RX Pin=J1-4
Added Pin To Net: NetName=3V3_TELEM_RX Pin=J1-5
Added Pin To Net: NetName=GND Pin=J1-8
Added Pin To Net: NetName=SCL_TELEM_RX Pin=J1-9
Added Pin To Net: NetName=13V6_RX1 Pin=J2-1
Added Pin To Net: NetName=9V1_RX1 Pin=J2-2
Added Pin To Net: NetName=GND Pin=J2-3
Added Pin To Net: NetName=COS_RX2 Pin=J2-4
Added Pin To Net: NetName=COS_RX1 Pin=J2-5
Added Pin To Net: NetName=13V6_RX2 Pin=J2-6
Added Pin To Net: NetName=9V1_RX2 Pin=J2-7
Added Pin To Net: NetName=AF_RX2 Pin=J2-8
Added Pin To Net: NetName=AF_RX1 Pin=J2-9
Added Pin To Net: NetName=3V3_TELEM_RX Pin=JP1-1
Added Pin To Net: NetName=NetJP1_2 Pin=JP1-2
Added Pin To Net: NetName=GND Pin=JP1-3
Added Pin To Net: NetName=3V3_TELEM_RX Pin=JP2-1
Added Pin To Net: NetName=NetJP2_2 Pin=JP2-2
Added Pin To Net: NetName=GND Pin=JP2-3
Added Pin To Net: NetName=GND Pin=P1-1
Added Pin To Net: NetName=ONEWIRE Pin=P1-2
Added Pin To Net: NetName=ONEWIRE Pin=Q1-1
Added Pin To Net: NetName=NetQ1_2 Pin=Q1-2
Added Pin To Net: NetName=NetQ1_3 Pin=Q1-3
Added Pin To Net: NetName=SDA_TELEM_RX Pin=R1-1
Added Pin To Net: NetName=3V3_TELEM_RX Pin=R1-2
Added Pin To Net: NetName=SCL_TELEM_RX Pin=R2-1
Added Pin To Net: NetName=3V3_TELEM_RX Pin=R2-2
Added Pin To Net: NetName=ONEWIRE Pin=R4-1
Added Pin To Net: NetName=3V3_TELEM_RX Pin=R4-2
Added Pin To Net: NetName=NetR5_1 Pin=R5-1
Added Pin To Net: NetName=GND Pin=R5-2
Added Pin To Net: NetName=NetC3_1 Pin=R6-1
Added Pin To Net: NetName=8V0_RX2 Pin=R6-2
Added Pin To Net: NetName=GND Pin=R7-1
Added Pin To Net: NetName=NetR7_2 Pin=R7-2
Added Pin To Net: NetName=GND Pin=R8-1
Added Pin To Net: NetName=NetC3_1 Pin=R8-2
Added Pin To Net: NetName=NetR9_1 Pin=R9-1
Added Pin To Net: NetName=GND Pin=R9-2
Added Pin To Net: NetName=NetC4_1 Pin=R10-1
Added Pin To Net: NetName=8V0_RX1 Pin=R10-2
Added Pin To Net: NetName=GND Pin=R11-1
Added Pin To Net: NetName=NetR11_2 Pin=R11-2
Added Pin To Net: NetName=GND Pin=R12-1
Added Pin To Net: NetName=NetC4_1 Pin=R12-2
Added Pin To Net: NetName=COS_RX1 Pin=R?-1
Added Pin To Net: NetName=COS_RX2 Pin=R?-1
Added Pin To Net: NetName=GND Pin=R?-1
Added Pin To Net: NetName=GND Pin=R?-1
Added Pin To Net: NetName=GND Pin=R?-1
Added Pin To Net: NetName=GND Pin=R?-1
Added Pin To Net: NetName=AF_RX1 Pin=R?-2
Added Pin To Net: NetName=AF_RX2 Pin=R?-2
Added Pin To Net: NetName=COS_RX1 Pin=R?-2
Added Pin To Net: NetName=COS_RX2 Pin=R?-2
Added Pin To Net: NetName=ONEWIRE Pin=RX1-1
Added Pin To Net: NetName=8V0_RX2 Pin=RX1-4
Added Pin To Net: NetName=13V6_RX2 Pin=RX1-5
Added Pin To Net: NetName=GND Pin=RX1-9
Added Pin To Net: NetName=ONEWIRE Pin=RX2-1
Added Pin To Net: NetName=8V0_RX1 Pin=RX2-4
Added Pin To Net: NetName=13V6_RX1 Pin=RX2-5
Added Pin To Net: NetName=GND Pin=RX2-9
Added Pin To Net: NetName=3V3_TELEM_RX Pin=U1-1
Added Pin To Net: NetName=ONEWIRE Pin=U1-2
Added Pin To Net: NetName=GND Pin=U1-3
Added Pin To Net: NetName=SCL_TELEM_RX Pin=U1-4
Added Pin To Net: NetName=SDA_TELEM_RX Pin=U1-5
Added Pin To Net: NetName=NetQ1_3 Pin=U1-6
Added Pin To Net: NetName=NetJP2_2 Pin=U1-7
Added Pin To Net: NetName=NetJP1_2 Pin=U1-8
Added Pin To Net: NetName=GND Pin=U2-3
Added Pin To Net: NetName=ONEWIRE Pin=U2-4
Added Pin To Net: NetName=GND Pin=U2-5
Added Pin To Net: NetName=GND Pin=U3-1
Added Pin To Net: NetName=NetC3_1 Pin=U3-2
Added Pin To Net: NetName=NetR5_1 Pin=U3-3
Added Pin To Net: NetName=8V0_RX2 Pin=U3-4
Added Pin To Net: NetName=9V1_RX2 Pin=U3-5
Added Pin To Net: NetName=GND Pin=U3-7
Added Pin To Net: NetName=NetR7_2 Pin=U3-8
Added Pin To Net: NetName=GND Pin=U4-1
Added Pin To Net: NetName=NetC4_1 Pin=U4-2
Added Pin To Net: NetName=NetR9_1 Pin=U4-3
Added Pin To Net: NetName=8V0_RX1 Pin=U4-4
Added Pin To Net: NetName=9V1_RX1 Pin=U4-5
Added Pin To Net: NetName=GND Pin=U4-7
Added Pin To Net: NetName=NetR11_2 Pin=U4-8
Added Pin To Net: NetName=GND Pin=U?-11
Added Pin To Net: NetName=GND Pin=U?-11
Added Pin To Net: NetName=GND Pin=U?-11
Added Pin To Net: NetName=GND Pin=U?-11
Added Pin To Net: NetName=AF_RX1_IN Pin=R?-2
Added Pin To Net: NetName=AF_RX1_IN Pin=RX2-3
Added Net: Name=AF_RX1_IN
Added Pin To Net: NetName=AF_RX2_IN Pin=R?-2
Added Pin To Net: NetName=AF_RX2_IN Pin=RX1-3
Added Net: Name=AF_RX2_IN
Added Pin To Net: NetName=COS_RX1_IN Pin=R?-2
Added Pin To Net: NetName=COS_RX1_IN Pin=RX2-8
Added Net: Name=COS_RX1_IN
Added Pin To Net: NetName=COS_RX2_IN Pin=R?-2
Added Pin To Net: NetName=COS_RX2_IN Pin=RX1-8
Added Net: Name=COS_RX2_IN
Added Pin To Net: NetName=NetC6_2 Pin=C6-2
Added Pin To Net: NetName=NetC6_2 Pin=R?-1
Added Pin To Net: NetName=NetC6_2 Pin=R?-2
Added Pin To Net: NetName=NetC6_2 Pin=U?-12
Added Net: Name=NetC6_2
Added Pin To Net: NetName=NetC7_1 Pin=C7-1
Added Pin To Net: NetName=NetC7_1 Pin=R?-1
Added Pin To Net: NetName=NetC7_1 Pin=U?-1
Added Net: Name=NetC7_1
Added Pin To Net: NetName=NetC8_1 Pin=C8-1
Added Pin To Net: NetName=NetC8_1 Pin=R?-1
Added Pin To Net: NetName=NetC8_1 Pin=U?-7
Added Net: Name=NetC8_1
Added Pin To Net: NetName=NetR?_1 Pin=R?-1
Added Pin To Net: NetName=NetR?_1 Pin=R?-2
Added Pin To Net: NetName=NetR?_1 Pin=U?-2
Added Net: Name=NetR?_1
Added Pin To Net: NetName=VCC_OP Pin=D?-3
Added Pin To Net: NetName=VCC_OP Pin=R?-2
Added Pin To Net: NetName=VCC_OP Pin=R?-2
Added Pin To Net: NetName=VCC_OP Pin=U?-4
Added Pin To Net: NetName=VCC_OP Pin=U?-4
Added Pin To Net: NetName=VCC_OP Pin=U?-4
Added Pin To Net: NetName=VCC_OP Pin=U?-4
Added Net: Name=VCC_OP
Added Pin To Net: NetName=VGND_OUT Pin=R?-1
Added Pin To Net: NetName=VGND_OUT Pin=R?-1
Added Pin To Net: NetName=VGND_OUT Pin=U?-13
Added Pin To Net: NetName=VGND_OUT Pin=U?-14
Added Net: Name=VGND_OUT
Added Pin To Net: NetName=VGND Pin=U?-3
Added Pin To Net: NetName=VGND Pin=U?-5
Added Pin To Net: NetName=VGND Pin=U?-8
Added Pin To Net: NetName=VGND Pin=U?-9
Added Net: Name=VGND
Added Member To Class: ClassName=Designator Member=Component C1 0805 Cap
Added Member To Class: ClassName=Tray5 Member=Component C2 0805 Cap
Added Member To Class: ClassName=Tray5 Member=Component C3 0805 Cap
Added Member To Class: ClassName=Tray5 Member=Component C4 0805 Cap
Added Member To Class: ClassName=Tray5 Member=Component C5 0805 Cap
Added Member To Class: ClassName=Tray5 Member=Component C6 0805 Cap
Added Member To Class: ClassName=Tray5 Member=Component C7 0805 Cap
Added Member To Class: ClassName=Tray5 Member=Component C8 0805 Cap
Added Member To Class: ClassName=Tray5 Member=Component D? BAT54CW
Added Member To Class: ClassName=Tray5 Member=Component J1 D Connector 9
Added Member To Class: ClassName=Tray5 Member=Component J2 D Connector 9
Added Member To Class: ClassName=Designator Member=Component JP1 Jumper Select
Added Member To Class: ClassName=Designator Member=Component JP2 Jumper Select
Added Member To Class: ClassName=Designator Member=Component P1 Header 2
Added Member To Class: ClassName=Designator Member=Component Q1 DMP2004K
Added Member To Class: ClassName=Designator Member=Component R1 0805 Resistor
Added Member To Class: ClassName=Designator Member=Component R2 0805 Resistor
Added Member To Class: ClassName=Designator Member=Component R4 0603 Resistor
Added Member To Class: ClassName=Tray5 Member=Component R5 0805 Resistor
Added Member To Class: ClassName=Tray5 Member=Component R6 0805 Resistor
Added Member To Class: ClassName=Tray5 Member=Component R7 0805 Resistor
Added Member To Class: ClassName=Tray5 Member=Component R8 0805 Resistor
Added Member To Class: ClassName=Tray5 Member=Component R9 0805 Resistor
Added Member To Class: ClassName=Tray5 Member=Component R10 0805 Resistor
Added Member To Class: ClassName=Tray5 Member=Component R11 0805 Resistor
Added Member To Class: ClassName=Tray5 Member=Component R12 0805 Resistor
Added Member To Class: ClassName=Tray5 Member=Component R? 0805 Resistor
Added Member To Class: ClassName=Tray5 Member=Component RX1 D Connector 9
Added Member To Class: ClassName=Tray5 Member=Component RX2 D Connector 9
Added Member To Class: ClassName=Designator Member=Component U1 DS24820Z+_ND
Added Member To Class: ClassName=Designator Member=Component U2 TO-92
Added Member To Class: ClassName=Tray5 Member=Component U3 LT1120A
Added Member To Class: ClassName=Tray5 Member=Component U4 LT1120A
Added Member To Class: ClassName=Tray5 Member=Component U? LM6134AIM/NOPB
Added Room: Name=Designator
Added Room: Name=Designator
Added Room: Name=TRAY5
