Added Component: Designator=C1A(0805 Cap)
Added Component: Designator=C1B(0805 Cap)
Added Component: Designator=C1C(0805 Cap)
Added Component: Designator=C1D(0805 Cap)
Added Component: Designator=C2A(1210 Cap)
Added Component: Designator=C2B(1210 Cap)
Added Component: Designator=C2C(1210 Cap)
Added Component: Designator=C2D(1210 Cap)
Added Component: Designator=C3A(0805 Cap)
Added Component: Designator=C3B(0805 Cap)
Added Component: Designator=C3C(0805 Cap)
Added Component: Designator=C3D(0805 Cap)
Added Component: Designator=P1(HDR1X2)
Added Component: Designator=P2(HDR1X4)
Added Component: Designator=P3(HDR1X4)
Added Component: Designator=P4(HDR1X4)
Added Component: Designator=P5(HDR1X4)
Added Component: Designator=R1A(0805 Resistor)
Added Component: Designator=R1B(0805 Resistor)
Added Component: Designator=R1C(0805 Resistor)
Added Component: Designator=R1D(0805 Resistor)
Added Component: Designator=U1A(SOP-20 TPS76700)
Added Component: Designator=U1B(SOP-20 TPS76700)
Added Component: Designator=U1C(SOP-20 TPS76700)
Added Component: Designator=U1D(SOP-20 TPS76700)
Added Pin To Net: NetName=E\N\_1 Pin=P2-3
Added Pin To Net: NetName=E\N\_1 Pin=U1D-5
Added Net: Name=E\N\_1
Added Pin To Net: NetName=E\N\_2 Pin=P3-3
Added Pin To Net: NetName=E\N\_2 Pin=U1C-5
Added Net: Name=E\N\_2
Added Pin To Net: NetName=E\N\_3 Pin=P4-3
Added Pin To Net: NetName=E\N\_3 Pin=U1A-5
Added Net: Name=E\N\_3
Added Pin To Net: NetName=E\N\_4 Pin=P5-3
Added Pin To Net: NetName=E\N\_4 Pin=U1B-5
Added Net: Name=E\N\_4
Added Pin To Net: NetName=GND Pin=C1A-1
Added Pin To Net: NetName=GND Pin=C1B-1
Added Pin To Net: NetName=GND Pin=C1C-1
Added Pin To Net: NetName=GND Pin=C1D-1
Added Pin To Net: NetName=GND Pin=C2A-1
Added Pin To Net: NetName=GND Pin=C2B-1
Added Pin To Net: NetName=GND Pin=C2C-1
Added Pin To Net: NetName=GND Pin=C2D-1
Added Pin To Net: NetName=GND Pin=C3A-1
Added Pin To Net: NetName=GND Pin=C3B-1
Added Pin To Net: NetName=GND Pin=C3C-1
Added Pin To Net: NetName=GND Pin=C3D-1
Added Pin To Net: NetName=GND Pin=P1-1
Added Pin To Net: NetName=GND Pin=P2-2
Added Pin To Net: NetName=GND Pin=P3-2
Added Pin To Net: NetName=GND Pin=P4-2
Added Pin To Net: NetName=GND Pin=P5-2
Added Pin To Net: NetName=GND Pin=U1A-1
Added Pin To Net: NetName=GND Pin=U1A-2
Added Pin To Net: NetName=GND Pin=U1A-3
Added Pin To Net: NetName=GND Pin=U1A-9
Added Pin To Net: NetName=GND Pin=U1A-10
Added Pin To Net: NetName=GND Pin=U1A-11
Added Pin To Net: NetName=GND Pin=U1A-12
Added Pin To Net: NetName=GND Pin=U1A-19
Added Pin To Net: NetName=GND Pin=U1A-20
Added Pin To Net: NetName=GND Pin=U1B-1
Added Pin To Net: NetName=GND Pin=U1B-2
Added Pin To Net: NetName=GND Pin=U1B-3
Added Pin To Net: NetName=GND Pin=U1B-9
Added Pin To Net: NetName=GND Pin=U1B-10
Added Pin To Net: NetName=GND Pin=U1B-11
Added Pin To Net: NetName=GND Pin=U1B-12
Added Pin To Net: NetName=GND Pin=U1B-19
Added Pin To Net: NetName=GND Pin=U1B-20
Added Pin To Net: NetName=GND Pin=U1C-1
Added Pin To Net: NetName=GND Pin=U1C-2
Added Pin To Net: NetName=GND Pin=U1C-3
Added Pin To Net: NetName=GND Pin=U1C-9
Added Pin To Net: NetName=GND Pin=U1C-10
Added Pin To Net: NetName=GND Pin=U1C-11
Added Pin To Net: NetName=GND Pin=U1C-12
Added Pin To Net: NetName=GND Pin=U1C-19
Added Pin To Net: NetName=GND Pin=U1C-20
Added Pin To Net: NetName=GND Pin=U1D-1
Added Pin To Net: NetName=GND Pin=U1D-2
Added Pin To Net: NetName=GND Pin=U1D-3
Added Pin To Net: NetName=GND Pin=U1D-9
Added Pin To Net: NetName=GND Pin=U1D-10
Added Pin To Net: NetName=GND Pin=U1D-11
Added Pin To Net: NetName=GND Pin=U1D-12
Added Pin To Net: NetName=GND Pin=U1D-19
Added Pin To Net: NetName=GND Pin=U1D-20
Added Net: Name=GND
Added Pin To Net: NetName=R\E\S\E\T\_1 Pin=P2-4
Added Pin To Net: NetName=R\E\S\E\T\_1 Pin=R1D-2
Added Pin To Net: NetName=R\E\S\E\T\_1 Pin=U1D-16
Added Net: Name=R\E\S\E\T\_1
Added Pin To Net: NetName=R\E\S\E\T\_2 Pin=P3-4
Added Pin To Net: NetName=R\E\S\E\T\_2 Pin=R1C-2
Added Pin To Net: NetName=R\E\S\E\T\_2 Pin=U1C-16
Added Net: Name=R\E\S\E\T\_2
Added Pin To Net: NetName=R\E\S\E\T\_3 Pin=P4-4
Added Pin To Net: NetName=R\E\S\E\T\_3 Pin=R1A-2
Added Pin To Net: NetName=R\E\S\E\T\_3 Pin=U1A-16
Added Net: Name=R\E\S\E\T\_3
Added Pin To Net: NetName=R\E\S\E\T\_4 Pin=P5-4
Added Pin To Net: NetName=R\E\S\E\T\_4 Pin=R1B-2
Added Pin To Net: NetName=R\E\S\E\T\_4 Pin=U1B-16
Added Net: Name=R\E\S\E\T\_4
Added Pin To Net: NetName=VIN Pin=C1A-2
Added Pin To Net: NetName=VIN Pin=C1B-2
Added Pin To Net: NetName=VIN Pin=C1C-2
Added Pin To Net: NetName=VIN Pin=C1D-2
Added Pin To Net: NetName=VIN Pin=P1-2
Added Pin To Net: NetName=VIN Pin=U1A-6
Added Pin To Net: NetName=VIN Pin=U1A-7
Added Pin To Net: NetName=VIN Pin=U1B-6
Added Pin To Net: NetName=VIN Pin=U1B-7
Added Pin To Net: NetName=VIN Pin=U1C-6
Added Pin To Net: NetName=VIN Pin=U1C-7
Added Pin To Net: NetName=VIN Pin=U1D-6
Added Pin To Net: NetName=VIN Pin=U1D-7
Added Net: Name=VIN
Added Pin To Net: NetName=VOUT_1 Pin=C2D-2
Added Pin To Net: NetName=VOUT_1 Pin=C3D-2
Added Pin To Net: NetName=VOUT_1 Pin=P2-1
Added Pin To Net: NetName=VOUT_1 Pin=R1D-1
Added Pin To Net: NetName=VOUT_1 Pin=U1D-13
Added Pin To Net: NetName=VOUT_1 Pin=U1D-14
Added Net: Name=VOUT_1
Added Pin To Net: NetName=VOUT_2 Pin=C2C-2
Added Pin To Net: NetName=VOUT_2 Pin=C3C-2
Added Pin To Net: NetName=VOUT_2 Pin=P3-1
Added Pin To Net: NetName=VOUT_2 Pin=R1C-1
Added Pin To Net: NetName=VOUT_2 Pin=U1C-13
Added Pin To Net: NetName=VOUT_2 Pin=U1C-14
Added Net: Name=VOUT_2
Added Pin To Net: NetName=VOUT_3 Pin=C2A-2
Added Pin To Net: NetName=VOUT_3 Pin=C3A-2
Added Pin To Net: NetName=VOUT_3 Pin=P4-1
Added Pin To Net: NetName=VOUT_3 Pin=R1A-1
Added Pin To Net: NetName=VOUT_3 Pin=U1A-13
Added Pin To Net: NetName=VOUT_3 Pin=U1A-14
Added Net: Name=VOUT_3
Added Pin To Net: NetName=VOUT_4 Pin=C2B-2
Added Pin To Net: NetName=VOUT_4 Pin=C3B-2
Added Pin To Net: NetName=VOUT_4 Pin=P5-1
Added Pin To Net: NetName=VOUT_4 Pin=R1B-1
Added Pin To Net: NetName=VOUT_4 Pin=U1B-13
Added Pin To Net: NetName=VOUT_4 Pin=U1B-14
Added Net: Name=VOUT_4
Added Class: Name=LDO11
Added Class: Name=LDO12
Added Class: Name=LDO13
Added Class: Name=LDO14
Added Class: Name=LDO-Board
Added Class: Name=LDO-BASE
Added Room: Name=LDO11
Added Room: Name=LDO12
Added Room: Name=LDO13
Added Room: Name=LDO14
Added Room: Name=LDO-Board
