Removed Parameter LatestRevisionDate:17-Jul-2002 from Part JP1
Removed Parameter LatestRevisionDate:17-Jul-2002 from Part JP2
Removed Parameter LatestRevisionDate:17-Jul-2002 from Part P1
Removed Parameter LatestRevisionNote:Re-released for DXP Platform. from Part JP1
Removed Parameter LatestRevisionNote:Re-released for DXP Platform. from Part JP2
Removed Parameter LatestRevisionNote:Re-released for DXP Platform. from Part P1
Removed Parameter Publisher:Altium Limited from Part JP1
Removed Parameter Publisher:Altium Limited from Part JP2
Removed Parameter Publisher:Altium Limited from Part P1
Change Value of Parameter Value in Part C1 Old=100nF New=Kit
Change Value of Parameter Value in Part R1 Old=220 New=10K
Change Component Parameter Comment in R4 Old= New=0805 Resistor
Change Component Parameter Description in R4 Old=0603 Thick Film Resistor 1% New=0805 Thick Film Resistor 1%
Added Parameter Manufacturer=Kit to Part C1
Added Parameter Manufacturer=Kit to Part R1
Added Parameter Manufacturer=Kit to Part R2
Added Parameter Manufacturer=Kit to Part R3
Added Parameter Manufacturer=Kit to Part R4
Added Parameter Manufacturer= to Part P1
Added Parameter Manufacturer= to Part Q1
Added Parameter Manufacturer= to Part U1
Added Parameter Manufacturer P/N=Kit to Part C1
Added Parameter Manufacturer P/N=Kit to Part R1
Added Parameter Manufacturer P/N=Kit to Part R2
Added Parameter Manufacturer P/N=Kit to Part R3
Added Parameter Manufacturer P/N=Kit to Part R4
Added Parameter Manufacturer P/N= to Part P1
Added Parameter Manufacturer P/N= to Part Q1
Added Parameter Manufacturer P/N= to Part U1
Added Parameter Supplier=Digikey to Part Q1
Added Parameter Supplier=Digikey to Part U1
Added Parameter Supplier=Kit to Part C1
Added Parameter Supplier=Kit to Part P1
Added Parameter Supplier=Kit to Part R1
Added Parameter Supplier=Kit to Part R2
Added Parameter Supplier=Kit to Part R3
Added Parameter Supplier=Kit to Part R4
Added Parameter Supplier P/N=DMP2004KDICT-ND to Part Q1
Added Parameter Supplier P/N=DS2482S-100+T&RCT-ND to Part U1
Added Parameter Supplier P/N=Kit to Part C1
Added Parameter Supplier P/N=Kit to Part P1
Added Parameter Supplier P/N=Kit to Part R1
Added Parameter Supplier P/N=Kit to Part R2
Added Parameter Supplier P/N=Kit to Part R3
Added Parameter Supplier P/N=Kit to Part R4
Replace Symbol from C1 0805 MLCC - X7R, 10% in C:\Users\avi\Desktop\SVN\B Bus\Tray Interconnects\Tray 3 V2.0 Final Working\Tray 3 V2.0\TELM0002ADC.SchDoc with 0805 MLCC - X7R, 10% from Tray 1 Expansion Board Prototype.IntLib
Replace Symbol from JP1 Header 3 in C:\Users\avi\Desktop\SVN\B Bus\Tray Interconnects\Tray 3 V2.0 Final Working\Tray 3 V2.0\TELM0002ADC.SchDoc with Header 3 from Tray 1 Expansion Board Prototype.IntLib
Replace Symbol from JP2 Header 3 in C:\Users\avi\Desktop\SVN\B Bus\Tray Interconnects\Tray 3 V2.0 Final Working\Tray 3 V2.0\TELM0002ADC.SchDoc with Header 3 from Tray 1 Expansion Board Prototype.IntLib
Replace Symbol from P1 Header 2 in C:\Users\avi\Desktop\SVN\B Bus\Tray Interconnects\Tray 3 V2.0 Final Working\Tray 3 V2.0\TELM0002ADC.SchDoc with Header 2 from Tray 1 Expansion Board Prototype.IntLib
Replace Symbol from Q1 DMP2004K in C:\Users\avi\Desktop\SVN\B Bus\Tray Interconnects\Tray 3 V2.0 Final Working\Tray 3 V2.0\TELM0002ADC.SchDoc with DMP2004K from Tray 1 Expansion Board Prototype.IntLib
Replace Symbol from R1 0805 Thick Film Resistor 1% in C:\Users\avi\Desktop\SVN\B Bus\Tray Interconnects\Tray 3 V2.0 Final Working\Tray 3 V2.0\TELM0002ADC.SchDoc with 0805 Thick Film Resistor 1% from Tray 1 Expansion Board Prototype.IntLib
Replace Symbol from R2 0805 Thick Film Resistor 1% in C:\Users\avi\Desktop\SVN\B Bus\Tray Interconnects\Tray 3 V2.0 Final Working\Tray 3 V2.0\TELM0002ADC.SchDoc with 0805 Thick Film Resistor 1% from Tray 1 Expansion Board Prototype.IntLib
Replace Symbol from R3 0805 Thick Film Resistor 1% in C:\Users\avi\Desktop\SVN\B Bus\Tray Interconnects\Tray 3 V2.0 Final Working\Tray 3 V2.0\TELM0002ADC.SchDoc with 0805 Thick Film Resistor 1% from Tray 1 Expansion Board Prototype.IntLib
Replace Symbol from R4 0603 Thick Film Resistor 1% in C:\Users\avi\Desktop\SVN\B Bus\Tray Interconnects\Tray 3 V2.0 Final Working\Tray 3 V2.0\TELM0002ADC.SchDoc with 0603 Thick Film Resistor 1% from Tray 1 Expansion Board Prototype.IntLib
Replace Symbol from U1 DS2482-100 in C:\Users\avi\Desktop\SVN\B Bus\Tray Interconnects\Tray 3 V2.0 Final Working\Tray 3 V2.0\TELM0002ADC.SchDoc with DS2482-100 from Tray 1 Expansion Board Prototype.IntLib
