Added Component: Designator=C1(R0805M)
Added Component: Designator=C2(R1210M)
Added Component: Designator=C3(TANTCASEC)
Added Component: Designator=C4(TANTCASEC)
Added Component: Designator=C5(R0805M)
Added Component: Designator=C6(R0805M)
Added Component: Designator=C7(R0805M)
Added Component: Designator=C8(R1210M)
Added Component: Designator=C9(R0805M)
Added Component: Designator=C10(R1210M)
Added Component: Designator=C11(R0805M)
Added Component: Designator=C12(R0805M)
Added Component: Designator=C13(R0805M)
Added Component: Designator=C14(R0805M)
Added Component: Designator=C15(R0805M)
Added Component: Designator=C16(R0805M)
Added Component: Designator=C17(TANTCASEC)
Added Component: Designator=C18(TANTCASEC)
Added Component: Designator=C19(R0805M)
Added Component: Designator=C20(R0805M)
Added Component: Designator=D1(DIODESMA)
Added Component: Designator=D2(DIODESMA)
Added Component: Designator=D3(SOT95P240-3N)
Added Component: Designator=D4(SOT95P240-3N)
Added Component: Designator=D5(SOT95P240-3N)
Added Component: Designator=D6(DSO-F2/D6.1)
Added Component: Designator=J1(HDR1X4)
Added Component: Designator=L1(SRR1260M)
Added Component: Designator=L2(SRR1260M)
Added Component: Designator=L3(SRR1260M)
Added Component: Designator=P1(HDR1X4)
Added Component: Designator=P2(HDR1X4)
Added Component: Designator=P3(HDR1X6)
Added Component: Designator=R1(R0805M)
Added Component: Designator=R2(R0805M)
Added Component: Designator=R3(R0805M)
Added Component: Designator=R4(R0805M)
Added Component: Designator=R5(R0805M)
Added Component: Designator=R6(R0805M)
Added Component: Designator=R7(R0805M)
Added Component: Designator=R8(R0805M)
Added Component: Designator=R9(R0805M)
Added Component: Designator=R10(R0805M)
Added Component: Designator=R11(R0805M)
Added Component: Designator=R12(R0805M)
Added Component: Designator=R13(R0805M)
Added Component: Designator=R14(R0805M)
Added Component: Designator=R15(R0805M)
Added Component: Designator=R16(R0805M)
Added Component: Designator=R17(R0805M)
Added Component: Designator=R18(R0805M)
Added Component: Designator=R19(R0805M)
Added Component: Designator=R20(R0805M)
Added Component: Designator=R21(R0805M)
Added Component: Designator=R22(R0805M)
Added Component: Designator=R23(R0805M)
Added Component: Designator=R24(R0805M)
Added Component: Designator=R25(R0805M)
Added Component: Designator=R26(R0805M)
Added Pin To Net: NetName=GND Pin=C1-1
Added Pin To Net: NetName=NetC1_2 Pin=C1-2
Added Pin To Net: NetName=GND Pin=C2-1
Added Pin To Net: NetName=V_IN Pin=C2-2
Added Pin To Net: NetName=GND Pin=C3-1
Added Pin To Net: NetName=TX_V_OUT Pin=C3-2
Added Pin To Net: NetName=GND Pin=C4-1
Added Pin To Net: NetName=TX_V_OUT Pin=C4-2
Added Pin To Net: NetName=GND Pin=C5-1
Added Pin To Net: NetName=NetC5_2 Pin=C5-2
Added Pin To Net: NetName=GND Pin=C6-1
Added Pin To Net: NetName=NetC6_2 Pin=C6-2
Added Pin To Net: NetName=GND Pin=C7-1
Added Pin To Net: NetName=NetC7_2 Pin=C7-2
Added Pin To Net: NetName=GND Pin=C8-1
Added Pin To Net: NetName=V_IN Pin=C8-2
Added Pin To Net: NetName=NetC9_1 Pin=C9-1
Added Pin To Net: NetName=NetC9_2 Pin=C9-2
Added Pin To Net: NetName=GND Pin=C10-1
Added Pin To Net: NetName=V_IN Pin=C10-2
Added Pin To Net: NetName=GND Pin=C11-1
Added Pin To Net: NetName=NetC11_2 Pin=C11-2
Added Pin To Net: NetName=GND Pin=C12-1
Added Pin To Net: NetName=NetC12_2 Pin=C12-2
Added Pin To Net: NetName=GND Pin=C13-1
Added Pin To Net: NetName=NetC13_2 Pin=C13-2
Added Pin To Net: NetName=NetC14_1 Pin=C14-1
Added Pin To Net: NetName=NetC14_2 Pin=C14-2
Added Pin To Net: NetName=GND Pin=C15-1
Added Pin To Net: NetName=RX_V_OUT Pin=C15-2
Added Pin To Net: NetName=GND Pin=C16-1
Added Pin To Net: NetName=RX_V_OUT Pin=C16-2
Added Pin To Net: NetName=GND Pin=C17-1
Added Pin To Net: NetName=TX_V_OUT Pin=C17-2
Added Pin To Net: NetName=GND Pin=C18-1
Added Pin To Net: NetName=TX_V_OUT Pin=C18-2
Added Pin To Net: NetName=GND Pin=C19-1
Added Pin To Net: NetName=TX_V_OUT Pin=C19-2
Added Pin To Net: NetName=GND Pin=C20-1
Added Pin To Net: NetName=TX_V_OUT Pin=C20-2
Added Pin To Net: NetName=GND Pin=D3-1
Added Pin To Net: NetName=TX_BOOST_EN Pin=D3-3
Added Pin To Net: NetName=GND Pin=D4-1
Added Pin To Net: NetName=TX_BUCK_EN Pin=D4-3
Added Pin To Net: NetName=GND Pin=D5-1
Added Pin To Net: NetName=RX_BUCK_EN Pin=D5-3
Added Pin To Net: NetName=NetD6_1 Pin=D6-1
Added Pin To Net: NetName=STATUS_LED Pin=D6-2
Added Pin To Net: NetName=GND Pin=J1-1
Added Pin To Net: NetName=SDA Pin=J1-2
Added Pin To Net: NetName=SCL Pin=J1-3
Added Pin To Net: NetName=VCC Pin=J1-4
Added Pin To Net: NetName=V_IN Pin=L1-1
Added Pin To Net: NetName=NetD1_1 Pin=L1-2
Added Pin To Net: NetName=NetC9_1 Pin=L2-1
Added Pin To Net: NetName=NetD2_1 Pin=L2-2
Added Pin To Net: NetName=NetC14_2 Pin=L3-1
Added Pin To Net: NetName=RX_V_OUT Pin=L3-2
Added Pin To Net: NetName=GND Pin=P1-1
Added Pin To Net: NetName=GND Pin=P1-2
Added Pin To Net: NetName=RX_V_OUT Pin=P1-3
Added Pin To Net: NetName=RX_V_OUT Pin=P1-4
Added Pin To Net: NetName=GND Pin=P2-1
Added Pin To Net: NetName=GND Pin=P2-2
Added Pin To Net: NetName=TX_V_OUT Pin=P2-3
Added Pin To Net: NetName=TX_V_OUT Pin=P2-4
Added Pin To Net: NetName=GND Pin=P3-1
Added Pin To Net: NetName=GND Pin=P3-2
Added Pin To Net: NetName=GND Pin=P3-3
Added Pin To Net: NetName=V_IN Pin=P3-4
Added Pin To Net: NetName=V_IN Pin=P3-5
Added Pin To Net: NetName=V_IN Pin=P3-6
Added Pin To Net: NetName=NetC1_2 Pin=R1-1
Added Pin To Net: NetName=NetR1_2 Pin=R1-2
Added Pin To Net: NetName=GND Pin=R2-1
Added Pin To Net: NetName=TX_BOOST_FB Pin=R2-2
Added Pin To Net: NetName=TX_BOOST_FB Pin=R3-1
Added Pin To Net: NetName=TX_V_OUT Pin=R3-2
Added Pin To Net: NetName=NetR4_1 Pin=R4-1
Added Pin To Net: NetName=NetC7_2 Pin=R4-2
Added Pin To Net: NetName=NetR5_1 Pin=R5-1
Added Pin To Net: NetName=TX_BUCK_FB Pin=R5-2
Added Pin To Net: NetName=TX_BUCK_FB Pin=R6-1
Added Pin To Net: NetName=GND Pin=R6-2
Added Pin To Net: NetName=NetD2_1 Pin=R7-1
Added Pin To Net: NetName=NetR5_1 Pin=R7-2
Added Pin To Net: NetName=TX_V_OUT Pin=R8-1
Added Pin To Net: NetName=NetR5_1 Pin=R8-2
Added Pin To Net: NetName=NetR9_1 Pin=R9-1
Added Pin To Net: NetName=NetC13_2 Pin=R9-2
Added Pin To Net: NetName=RX_BUCK_FB Pin=R10-1
Added Pin To Net: NetName=RX_V_OUT Pin=R10-2
Added Pin To Net: NetName=GND Pin=R11-1
Added Pin To Net: NetName=RX_BUCK_FB Pin=R11-2
Added Pin To Net: NetName=GND Pin=R12-1
Added Pin To Net: NetName=NetR12_2 Pin=R12-2
Added Pin To Net: NetName=NetR12_2 Pin=R13-1
Added Pin To Net: NetName=VCC Pin=R13-2
Added Pin To Net: NetName=SCL Pin=R14-1
Added Pin To Net: NetName=VCC Pin=R14-2
Added Pin To Net: NetName=SDA Pin=R15-1
Added Pin To Net: NetName=VCC Pin=R15-2
Added Pin To Net: NetName=TX_BOOST_EN Pin=R16-1
Added Pin To Net: NetName=V_IN Pin=R16-2
Added Pin To Net: NetName=TX_BUCK_EN Pin=R17-1
Added Pin To Net: NetName=V_IN Pin=R17-2
Added Pin To Net: NetName=RX_BUCK_EN Pin=R18-1
Added Pin To Net: NetName=V_IN Pin=R18-2
Added Pin To Net: NetName=TX_BOOST_EN Pin=R19-1
Added Pin To Net: NetName=VCC Pin=R19-2
Added Pin To Net: NetName=TX_BUCK_EN Pin=R20-1
Added Pin To Net: NetName=VCC Pin=R20-2
Added Pin To Net: NetName=RX_BUCK_EN Pin=R21-1
Added Pin To Net: NetName=VCC Pin=R21-2
Added Pin To Net: NetName=NetR22_1 Pin=R22-1
Added Pin To Net: NetName=TX_BOOST_FB Pin=R22-2
Added Pin To Net: NetName=NetR23_1 Pin=R23-1
Added Pin To Net: NetName=TX_BOOST_FB Pin=R23-2
Added Pin To Net: NetName=NetR24_1 Pin=R24-1
Added Pin To Net: NetName=TX_BUCK_FB Pin=R24-2
Added Pin To Net: NetName=NetR25_1 Pin=R25-1
Added Pin To Net: NetName=TX_BUCK_FB Pin=R25-2
Added Pin To Net: NetName=NetD6_1 Pin=R26-1
Added Pin To Net: NetName=VCC Pin=R26-2
Added Member To Class: ClassName=V2 Member=Component C1 Cap
Added Member To Class: ClassName=V2 Member=Component C2 C3225X7R1C226M
Added Member To Class: ClassName=V2 Member=Component C3 TAJC476K020RNJ
Added Member To Class: ClassName=V2 Member=Component C4 Cap
Added Member To Class: ClassName=V2 Member=Component C5 Cap
Added Member To Class: ClassName=V2 Member=Component C6 Cap
Added Member To Class: ClassName=V2 Member=Component C7 Cap
Added Member To Class: ClassName=V2 Member=Component C8 Cap
Added Member To Class: ClassName=V2 Member=Component C9 Cap
Added Member To Class: ClassName=V2 Member=Component C10 Cap
Added Member To Class: ClassName=V2 Member=Component C11 Cap
Added Member To Class: ClassName=V2 Member=Component C12 Cap
Added Member To Class: ClassName=V2 Member=Component C13 Cap
Added Member To Class: ClassName=V2 Member=Component C14 Cap
Added Member To Class: ClassName=V2 Member=Component C15 Cap
Added Member To Class: ClassName=V2 Member=Component C16 Cap
Added Member To Class: ClassName=V2 Member=Component C17 Cap
Added Member To Class: ClassName=V2 Member=Component C18 Cap
Added Member To Class: ClassName=V2 Member=Component C19 Cap
Added Member To Class: ClassName=V2 Member=Component C20 Cap
Added Member To Class: ClassName=V2 Member=Component D1 B220A-13-F
Added Member To Class: ClassName=V2 Member=Component D2 B220A-13-F
Added Member To Class: ClassName=V2 Member=Component D3 MMBZ5231BLT1G
Added Member To Class: ClassName=V2 Member=Component D4 MMBZ5231BLT1G
Added Member To Class: ClassName=V2 Member=Component D5 MMBZ5231BLT1G
Added Member To Class: ClassName=V2 Member=Component D6 LED2
Added Member To Class: ClassName=V2 Member=Component J1 Header 4
Added Member To Class: ClassName=V2 Member=Component L1 SRR1260-100M
Added Member To Class: ClassName=V2 Member=Component L2 SRR1260-150M
Added Member To Class: ClassName=V2 Member=Component L3 SRR1260-150M
Added Member To Class: ClassName=V2 Member=Component P1 Header 4
Added Member To Class: ClassName=V2 Member=Component P2 Header 4
Added Member To Class: ClassName=V2 Member=Component P3 Header 6
Added Member To Class: ClassName=V2 Member=Component R1 Res2
Added Member To Class: ClassName=V2 Member=Component R2 Res2
Added Member To Class: ClassName=V2 Member=Component R3 Res2
Added Member To Class: ClassName=V2 Member=Component R4 Res2
Added Member To Class: ClassName=V2 Member=Component R5 Res2
Added Member To Class: ClassName=V2 Member=Component R6 Res2
Added Member To Class: ClassName=V2 Member=Component R7 Res2
Added Member To Class: ClassName=V2 Member=Component R8 Res2
Added Member To Class: ClassName=V2 Member=Component R9 Res2
Added Member To Class: ClassName=V2 Member=Component R10 Res2
Added Member To Class: ClassName=V2 Member=Component R11 Res2
Added Member To Class: ClassName=V2 Member=Component R12 Res2
Added Member To Class: ClassName=V2 Member=Component R13 Res2
Added Member To Class: ClassName=V2 Member=Component R14 Res2
Added Member To Class: ClassName=V2 Member=Component R15 Res2
Added Member To Class: ClassName=V2 Member=Component R16 Res2
Added Member To Class: ClassName=V2 Member=Component R17 Res2
Added Member To Class: ClassName=V2 Member=Component R18 Res2
Added Member To Class: ClassName=V2 Member=Component R19 Res2
Added Member To Class: ClassName=V2 Member=Component R20 Res2
Added Member To Class: ClassName=V2 Member=Component R21 Res2
Added Member To Class: ClassName=V2 Member=Component R22 Res2
Added Member To Class: ClassName=V2 Member=Component R23 Res2
Added Member To Class: ClassName=V2 Member=Component R24 Res2
Added Member To Class: ClassName=V2 Member=Component R25 Res2
Added Member To Class: ClassName=V2 Member=Component R26 Res2
Added Room: Name=V2
