Added Component: Designator=D7(R0805M)
Added Component: Designator=D8(R0805M)
Added Component: Designator=D9(R0805M)
Added Component: Designator=R27(R0805M)
Added Component: Designator=R28(R0805M)
Added Component: Designator=R29(R0805M)
Added Pin To Net: NetName=GND Pin=D7-2
Added Pin To Net: NetName=GND Pin=D8-2
Added Pin To Net: NetName=GND Pin=D9-2
Added Pin To Net: NetName=V_IN Pin=R27-2
Added Pin To Net: NetName=TX_V_OUT Pin=R28-2
Added Pin To Net: NetName=RX_V_OUT Pin=R29-2
Added Pin To Net: NetName=NetD7_1 Pin=D7-1
Added Pin To Net: NetName=NetD7_1 Pin=R27-1
Added Net: Name=NetD7_1
Added Pin To Net: NetName=NetD8_1 Pin=D8-1
Added Pin To Net: NetName=NetD8_1 Pin=R28-1
Added Net: Name=NetD8_1
Added Pin To Net: NetName=NetD9_1 Pin=D9-1
Added Pin To Net: NetName=NetD9_1 Pin=R29-1
Added Net: Name=NetD9_1
Added Member To Class: ClassName=V2 Member=Component D7 LED2
Added Member To Class: ClassName=V2 Member=Component D8 LED2
Added Member To Class: ClassName=V2 Member=Component D9 LED2
Added Member To Class: ClassName=V2 Member=Component R27 Res2
Added Member To Class: ClassName=V2 Member=Component R28 Res2
Added Member To Class: ClassName=V2 Member=Component R29 Res2
