Removed Pin From Net: NetName=NetQ1_X+_1 Pin=Q1_X+-1
Removed Pin From Net: NetName=SHDNX+ Pin=Q1_X+-2
Removed Pin From Net: NetName=NetQ1_X-_1 Pin=Q1_X--1
Removed Pin From Net: NetName=SHDNX- Pin=Q1_X--2
Removed Pin From Net: NetName=NetQ1_Y+_1 Pin=Q1_Y+-1
Removed Pin From Net: NetName=SHDNY+ Pin=Q1_Y+-2
Removed Pin From Net: NetName=NetQ1_Y-_1 Pin=Q1_Y--1
Removed Pin From Net: NetName=SHDNY- Pin=Q1_Y--2
Removed Pin From Net: NetName=NetQ1_Z+_1 Pin=Q1_Z+-1
Removed Pin From Net: NetName=SHDNZ+ Pin=Q1_Z+-2
Removed Pin From Net: NetName=NetQ1_Z-_1 Pin=Q1_Z--1
Removed Pin From Net: NetName=SHDNZ- Pin=Q1_Z--2
Added Pin To Net: NetName=SHDNX+ Pin=Q1_X+-1
Added Pin To Net: NetName=NetQ1_X+_1 Pin=Q1_X+-2
Added Pin To Net: NetName=SHDNX- Pin=Q1_X--1
Added Pin To Net: NetName=NetQ1_X-_1 Pin=Q1_X--2
Added Pin To Net: NetName=SHDNY+ Pin=Q1_Y+-1
Added Pin To Net: NetName=NetQ1_Y+_1 Pin=Q1_Y+-2
Added Pin To Net: NetName=SHDNY- Pin=Q1_Y--1
Added Pin To Net: NetName=NetQ1_Y-_1 Pin=Q1_Y--2
Added Pin To Net: NetName=SHDNZ+ Pin=Q1_Z+-1
Added Pin To Net: NetName=NetQ1_Z+_1 Pin=Q1_Z+-2
Added Pin To Net: NetName=SHDNZ- Pin=Q1_Z--1
Added Pin To Net: NetName=NetQ1_Z-_1 Pin=Q1_Z--2
