Removed Pin From Net: NetName=F_SYNC Pin=U9-8
Removed Pin From Net: NetName=SHDNZ- Pin=U9-9
Removed Pin From Net: NetName=NetU1_Z-_6 Pin=U9-10
Removed Pin From Net: NetName=GND Pin=U9-11
Removed Pin From Net: NetName=GND Pin=U9-12
Added Component: Designator=C26(CAPC2012M)
Added Component: Designator=C33(CAPC2012M)
Added Pin To Net: NetName=GND Pin=C26-1
Added Pin To Net: NetName=3V3 Pin=C26-2
Added Pin To Net: NetName=GND Pin=C33-1
Added Pin To Net: NetName=3V3 Pin=C33-2
Added Pin To Net: NetName=GND Pin=U9-8
Added Pin To Net: NetName=GND Pin=U9-9
Added Pin To Net: NetName=F_SYNC Pin=U9-11
Added Pin To Net: NetName=SHDNZ- Pin=U9-12
Added Pin To Net: NetName=NetU1_Z-_6 Pin=U9-13
Added Member To Class: ClassName=U_POWR0008_BCR_System Member=Component C26 Cap
Added Member To Class: ClassName=U_POWR0008_BCR_System Member=Component C33 Cap
Added Room: Name=POWR0010_BCR_TESTBOARD
Added Room: Name=U_POWR0008_BCR_System
