Removed Pin From Net: NetName=SHDNX+ Pin=Q1_X+-1
Removed Pin From Net: NetName=GND Pin=Q1_X+-3
Removed Pin From Net: NetName=SHDNX- Pin=Q1_X--1
Removed Pin From Net: NetName=GND Pin=Q1_X--3
Removed Pin From Net: NetName=SHDNY+ Pin=Q1_Y+-1
Removed Pin From Net: NetName=GND Pin=Q1_Y+-3
Removed Pin From Net: NetName=SHDNY- Pin=Q1_Y--1
Removed Pin From Net: NetName=GND Pin=Q1_Y--3
Removed Pin From Net: NetName=SHDNZ+ Pin=Q1_Z+-1
Removed Pin From Net: NetName=GND Pin=Q1_Z+-3
Removed Pin From Net: NetName=SHDNZ- Pin=Q1_Z--1
Removed Pin From Net: NetName=GND Pin=Q1_Z--3
Added Pin To Net: NetName=GND Pin=Q1_X+-1
Added Pin To Net: NetName=SHDNX+ Pin=Q1_X+-3
Added Pin To Net: NetName=GND Pin=Q1_X--1
Added Pin To Net: NetName=SHDNX- Pin=Q1_X--3
Added Pin To Net: NetName=GND Pin=Q1_Y+-1
Added Pin To Net: NetName=SHDNY+ Pin=Q1_Y+-3
Added Pin To Net: NetName=GND Pin=Q1_Y--1
Added Pin To Net: NetName=SHDNY- Pin=Q1_Y--3
Added Pin To Net: NetName=GND Pin=Q1_Z+-1
Added Pin To Net: NetName=SHDNZ+ Pin=Q1_Z+-3
Added Pin To Net: NetName=GND Pin=Q1_Z--1
Added Pin To Net: NetName=SHDNZ- Pin=Q1_Z--3
