Removed Pin From Net: NetName=GND Pin=C21-1
Removed Pin From Net: NetName=VREF Pin=C21-2
Removed Pin From Net: NetName=5V0 Pin=U13-4
Removed Pin From Net: NetName=TSENSE_Z- Pin=U13-8
Removed Pin From Net: NetName=THERMO_Z- Pin=U13-9
Removed Pin From Net: NetName=GND Pin=U13-11
Removed Pin From Net: NetName=THERMO_BAT Pin=U13-13
Removed Pin From Net: NetName=TSENSE_BAT Pin=U13-14
Removed Member From Class: ClassName=U_POWR0008_BCR_System Member=C21
Added Pin To Net: NetName=5V0 Pin=U13-4
Added Pin To Net: NetName=TSENSE_Z+ Pin=U13-8
Added Pin To Net: NetName=TSENSE_Z- Pin=U13-8
Added Pin To Net: NetName=THERMO_Z+ Pin=U13-9
Added Pin To Net: NetName=THERMO_Z- Pin=U13-9
Added Pin To Net: NetName=5V0 Pin=U13-10
Added Pin To Net: NetName=GND Pin=U13-11
Added Pin To Net: NetName=5V0 Pin=U13-12
Added Pin To Net: NetName=NetR42_2 Pin=U13-13
Added Pin To Net: NetName=THERMO_BAT Pin=U13-13
Added Pin To Net: NetName=TSENSE_BAT Pin=U13-14
