Removed Pin From Net: NetName=NetQ1_X+_1 Pin=Q1_X+-2
Removed Pin From Net: NetName=GND Pin=Q1_X+-3
Removed Pin From Net: NetName=NetQ1_X-_1 Pin=Q1_X--2
Removed Pin From Net: NetName=GND Pin=Q1_X--3
Removed Pin From Net: NetName=NetQ1_Y+_1 Pin=Q1_Y+-2
Removed Pin From Net: NetName=GND Pin=Q1_Y+-3
Removed Pin From Net: NetName=NetQ1_Y-_1 Pin=Q1_Y--2
Removed Pin From Net: NetName=GND Pin=Q1_Y--3
Removed Pin From Net: NetName=NetQ1_Z+_1 Pin=Q1_Z+-2
Removed Pin From Net: NetName=GND Pin=Q1_Z+-3
Removed Pin From Net: NetName=NetQ1_Z-_1 Pin=Q1_Z--2
Removed Pin From Net: NetName=GND Pin=Q1_Z--3
Added Pin To Net: NetName=GND Pin=Q1_X+-2
Added Pin To Net: NetName=NetQ1_X+_1 Pin=Q1_X+-3
Added Pin To Net: NetName=GND Pin=Q1_X--2
Added Pin To Net: NetName=NetQ1_X-_1 Pin=Q1_X--3
Added Pin To Net: NetName=GND Pin=Q1_Y+-2
Added Pin To Net: NetName=NetQ1_Y+_1 Pin=Q1_Y+-3
Added Pin To Net: NetName=GND Pin=Q1_Y--2
Added Pin To Net: NetName=NetQ1_Y-_1 Pin=Q1_Y--3
Added Pin To Net: NetName=GND Pin=Q1_Z+-2
Added Pin To Net: NetName=NetQ1_Z+_1 Pin=Q1_Z+-3
Added Pin To Net: NetName=GND Pin=Q1_Z--2
Added Pin To Net: NetName=NetQ1_Z-_1 Pin=Q1_Z--3
