Added Component: Designator=C1(0805 Cap)
Added Component: Designator=JP1(Solder Jumper C)
Added Component: Designator=JP2(Solder Jumper C)
Added Component: Designator=JP3(Solder Jumper C)
Added Component: Designator=JP4(Solder Jumper C)
Added Component: Designator=Q1(DMP2004KDITR-ND)
Added Component: Designator=R1(0805 Resistor)
Added Component: Designator=R2(0805 Resistor)
Added Component: Designator=R3(0805 Resistor)
Added Component: Designator=R4(0805 Resistor)
Added Component: Designator=TX1(DSUB Upright)
Added Component: Designator=TX2(DSUB Upright)
Added Component: Designator=U1(DS2482-100)
Added Component: Designator=U2(DS18S20)
Added Pin To Net: NetName=3V3_TELEM_TX Pin=C1-2
Added Pin To Net: NetName=3V3_TELEM_TX Pin=J2-13
Added Pin To Net: NetName=3V3_TELEM_TX Pin=JP1-2
Added Pin To Net: NetName=3V3_TELEM_TX Pin=JP2-2
Added Pin To Net: NetName=3V3_TELEM_TX Pin=R1-2
Added Pin To Net: NetName=3V3_TELEM_TX Pin=R2-1
Added Pin To Net: NetName=3V3_TELEM_TX Pin=R2-2
Added Pin To Net: NetName=3V3_TELEM_TX Pin=R3-1
Added Pin To Net: NetName=3V3_TELEM_TX Pin=R3-2
Added Pin To Net: NetName=3V3_TELEM_TX Pin=R4-2
Added Pin To Net: NetName=3V3_TELEM_TX Pin=U1-1
Added Pin To Net: NetName=3V3_TELEM_TX Pin=U1-4
Added Pin To Net: NetName=3V3_TELEM_TX Pin=U1-5
Added Net: Name=3V3_TELEM_TX
Added Pin To Net: NetName=9V1_TX1 Pin=J2-3
Added Pin To Net: NetName=9V1_TX1 Pin=TX1-4
Added Net: Name=9V1_TX1
Added Pin To Net: NetName=9V1_TX2 Pin=J2-16
Added Pin To Net: NetName=9V1_TX2 Pin=TX2-4
Added Net: Name=9V1_TX2
Added Pin To Net: NetName=13V6_TX1 Pin=J2-2
Added Pin To Net: NetName=13V6_TX1 Pin=TX1-5
Added Net: Name=13V6_TX1
Added Pin To Net: NetName=13V6_TX2 Pin=J2-15
Added Pin To Net: NetName=13V6_TX2 Pin=TX2-5
Added Net: Name=13V6_TX2
Added Pin To Net: NetName=AF_TX1 Pin=J1-1
Added Pin To Net: NetName=AF_TX1 Pin=TX1-3
Added Net: Name=AF_TX1
Added Pin To Net: NetName=AF_TX2 Pin=J1-3
Added Pin To Net: NetName=AF_TX2 Pin=TX2-3
Added Net: Name=AF_TX2
Added Pin To Net: NetName=GND_TELEM_TX Pin=J2-25
Added Net: Name=GND_TELEM_TX
Added Pin To Net: NetName=GND_TX Pin=J2-4
Added Pin To Net: NetName=GND_TX Pin=TX1-9
Added Pin To Net: NetName=GND_TX Pin=TX2-9
Added Net: Name=GND_TX
Added Pin To Net: NetName=GND Pin=C1-1
Added Pin To Net: NetName=GND Pin=JP3-2
Added Pin To Net: NetName=GND Pin=JP4-2
Added Pin To Net: NetName=GND Pin=U1-3
Added Pin To Net: NetName=GND Pin=U2-3
Added Pin To Net: NetName=GND Pin=U2-5
Added Net: Name=GND
Added Pin To Net: NetName=NetJP1_1 Pin=JP1-1
Added Pin To Net: NetName=NetJP1_1 Pin=JP4-1
Added Pin To Net: NetName=NetJP1_1 Pin=U1-8
Added Net: Name=NetJP1_1
Added Pin To Net: NetName=NetJP2_1 Pin=JP2-1
Added Pin To Net: NetName=NetJP2_1 Pin=JP3-1
Added Pin To Net: NetName=NetJP2_1 Pin=U1-7
Added Net: Name=NetJP2_1
Added Pin To Net: NetName=NetQ1_2 Pin=Q1-2
Added Pin To Net: NetName=NetQ1_2 Pin=R1-1
Added Net: Name=NetQ1_2
Added Pin To Net: NetName=NetQ1_3 Pin=Q1-3
Added Pin To Net: NetName=NetQ1_3 Pin=U1-6
Added Net: Name=NetQ1_3
Added Pin To Net: NetName=ONEWIRE Pin=Q1-1
Added Pin To Net: NetName=ONEWIRE Pin=R4-1
Added Pin To Net: NetName=ONEWIRE Pin=U1-2
Added Pin To Net: NetName=ONEWIRE Pin=U2-4
Added Net: Name=ONEWIRE
Added Pin To Net: NetName=SCL_TELEM_TX Pin=J1-8
Added Net: Name=SCL_TELEM_TX
Added Pin To Net: NetName=SDA_TELEM_TX Pin=J1-15
Added Net: Name=SDA_TELEM_TX
Added Pin To Net: NetName=VVAR_TX1 Pin=J2-1
Added Pin To Net: NetName=VVAR_TX1 Pin=TX1-8
Added Net: Name=VVAR_TX1
Added Pin To Net: NetName=VVAR_TX2 Pin=J2-14
Added Pin To Net: NetName=VVAR_TX2 Pin=TX2-8
Added Net: Name=VVAR_TX2
Added Class: Name=Designator
Added Member To Class: ClassName=Tray 1 Expansion Board Prototype Member=Component J2 D Connector 25
Added Member To Class: ClassName=Tray 1 Expansion Board Prototype Member=Component TX1 D Connector 9
Added Member To Class: ClassName=Tray 1 Expansion Board Prototype Member=Component TX2 D Connector 9
Added Room: Name=Designator
Added Room: Name=Designator
Added Room: Name=Tray 1 Expansion Board Prototype
