Added Component: Designator=C1(0805 Cap)
Added Component: Designator=JP1(SOLDER_JUMPER_3_A)
Added Component: Designator=JP2(SOLDER_JUMPER_3_A)
Added Component: Designator=P1(HDR1X2)
Added Component: Designator=Q1(DMP2004KDITR-ND)
Added Component: Designator=R1(0805 Resistor)
Added Component: Designator=R2(0805 Resistor)
Added Component: Designator=R3(0805 Resistor)
Added Component: Designator=R4(0805 Resistor)
Added Component: Designator=U1(DS2482-100)
Added Component: Designator=U2(DS18S20)
Added Pin To Net: NetName=GND_TELEM_TX Pin=C1-1
Added Pin To Net: NetName=3V3_TELEM_TX Pin=C1-2
Added Pin To Net: NetName=3V3_TELEM_TX Pin=JP1-1
Added Pin To Net: NetName=NetJP1_1 Pin=JP1-2
Added Pin To Net: NetName=GND_TELEM_TX Pin=JP1-3
Added Pin To Net: NetName=3V3_TELEM_TX Pin=JP2-1
Added Pin To Net: NetName=NetJP2_1 Pin=JP2-2
Added Pin To Net: NetName=GND_TELEM_TX Pin=JP2-3
Added Pin To Net: NetName=GND_TELEM_TX Pin=P1-1
Added Pin To Net: NetName=ONEWIRE Pin=P1-2
Added Pin To Net: NetName=ONEWIRE Pin=Q1-1
Added Pin To Net: NetName=NetQ1_2 Pin=Q1-2
Added Pin To Net: NetName=NetQ1_3 Pin=Q1-3
Added Pin To Net: NetName=NetQ1_2 Pin=R1-1
Added Pin To Net: NetName=3V3_TELEM_TX Pin=R1-2
Added Pin To Net: NetName=SDA_TELEM_TX Pin=R2-1
Added Pin To Net: NetName=3V3_TELEM_TX Pin=R2-2
Added Pin To Net: NetName=SCL_TELEM_TX Pin=R3-1
Added Pin To Net: NetName=3V3_TELEM_TX Pin=R3-2
Added Pin To Net: NetName=ONEWIRE Pin=R4-1
Added Pin To Net: NetName=3V3_TELEM_TX Pin=R4-2
Added Pin To Net: NetName=3V3_TELEM_TX Pin=U1-1
Added Pin To Net: NetName=ONEWIRE Pin=U1-2
Added Pin To Net: NetName=GND_TELEM_TX Pin=U1-3
Added Pin To Net: NetName=SCL_TELEM_TX Pin=U1-4
Added Pin To Net: NetName=SDA_TELEM_TX Pin=U1-5
Added Pin To Net: NetName=NetQ1_3 Pin=U1-6
Added Pin To Net: NetName=NetJP2_1 Pin=U1-7
Added Pin To Net: NetName=NetJP1_1 Pin=U1-8
Added Pin To Net: NetName=GND_TELEM_TX Pin=U2-3
Added Pin To Net: NetName=ONEWIRE Pin=U2-4
Added Pin To Net: NetName=GND_TELEM_TX Pin=U2-5
Change Net Name : Old Net Name=NetJP1_1 New Net Name=NetJP1_2
Change Net Name : Old Net Name=NetJP2_1 New Net Name=NetJP2_2
Added Member To Class: ClassName=Designator Member=Component U2 TO-92
Added Room: Name=Designator
Added Room: Name=Designator
Added Room: Name=Tray 1 Expansion Board Prototype
