Removed Pin From Net: NetName=F_SYNC Pin=U5-2
Removed Pin From Net: NetName=SHDNZ+ Pin=U5-3
Removed Pin From Net: NetName=F_SYNC Pin=U9-2
Removed Pin From Net: NetName=SHDNZ- Pin=U9-3
Removed Pin From Net: NetName=TSENSE_Z+ Pin=U13-8
Removed Pin From Net: NetName=THERMO_Z+ Pin=U13-9
Removed Pin From Net: NetName=NetR42_2 Pin=U13-13
Added Pin To Net: NetName=SHDNZ+ Pin=U5-2
Added Pin To Net: NetName=F_SYNC Pin=U5-3
Added Pin To Net: NetName=SHDNZ- Pin=U9-2
Added Pin To Net: NetName=F_SYNC Pin=U9-3
Added Pin To Net: NetName=5V0 Pin=U13-4
Added Pin To Net: NetName=TSENSE_Z+ Pin=U13-8
Added Pin To Net: NetName=TSENSE_Z- Pin=U13-8
Added Pin To Net: NetName=THERMO_Z+ Pin=U13-9
Added Pin To Net: NetName=THERMO_Z- Pin=U13-9
Added Pin To Net: NetName=GND Pin=U13-11
Added Pin To Net: NetName=NetR42_2 Pin=U13-13
Added Pin To Net: NetName=THERMO_BAT Pin=U13-13
Added Pin To Net: NetName=TSENSE_BAT Pin=U13-14
