Removed Pin From Net: NetName=TSENSE_Z- Pin=U13-8
Removed Pin From Net: NetName=THERMO_Z- Pin=U13-9
Removed Pin From Net: NetName=THERMO_BAT Pin=U13-13
Removed Pin From Net: NetName=TSENSE_BAT Pin=U13-14
Added Component: Designator=U12(32A_N)
Added Pin To Net: NetName=SHDNY+ Pin=U12-1
Added Pin To Net: NetName=SHDNZ+ Pin=U12-2
Added Pin To Net: NetName=GND Pin=U12-3
Added Pin To Net: NetName=3V3 Pin=U12-4
Added Pin To Net: NetName=GND Pin=U12-5
Added Pin To Net: NetName=3V3 Pin=U12-6
Added Pin To Net: NetName=NetC22_2 Pin=U12-7
Added Pin To Net: NetName=NetC23_2 Pin=U12-8
Added Pin To Net: NetName=SHDNX- Pin=U12-9
Added Pin To Net: NetName=SHDNY- Pin=U12-10
Added Pin To Net: NetName=SHDNZ- Pin=U12-11
Added Pin To Net: NetName=DAC_S\S\ Pin=U12-12
Added Pin To Net: NetName=ADC_V_S\S\ Pin=U12-13
Added Pin To Net: NetName=ADC_I_S\S\ Pin=U12-14
Added Pin To Net: NetName=MOSI Pin=U12-15
Added Pin To Net: NetName=MISO Pin=U12-16
Added Pin To Net: NetName=SCK Pin=U12-17
Added Pin To Net: NetName=3V3 Pin=U12-18
Added Pin To Net: NetName=GND Pin=U12-21
Added Pin To Net: NetName=SYNC_EN Pin=U12-23
Added Pin To Net: NetName=I2C_SCL Pin=U12-27
Added Pin To Net: NetName=I2C_SDA Pin=U12-28
Added Pin To Net: NetName=UART_RXD Pin=U12-30
Added Pin To Net: NetName=UART_TXD Pin=U12-31
Added Pin To Net: NetName=SHDNX+ Pin=U12-32
Added Pin To Net: NetName=TSENSE_Z+ Pin=U13-8
Added Pin To Net: NetName=TSENSE_Z- Pin=U13-8
Added Pin To Net: NetName=THERMO_Z+ Pin=U13-9
Added Pin To Net: NetName=THERMO_Z- Pin=U13-9
Added Pin To Net: NetName=NetR42_2 Pin=U13-13
Added Pin To Net: NetName=THERMO_BAT Pin=U13-13
Added Pin To Net: NetName=TSENSE_BAT Pin=U13-14
Added Member To Class: ClassName=U_POWR0008_BCR_System Member=Component U12 ATmega328P-15AZ
