Removed Pin From Net: NetName=5V0 Pin=U13-4
Removed Pin From Net: NetName=TSENSE_Z- Pin=U13-8
Removed Pin From Net: NetName=THERMO_Z- Pin=U13-9
Removed Pin From Net: NetName=GND Pin=U13-11
Removed Pin From Net: NetName=THERMO_BAT Pin=U13-13
Removed Pin From Net: NetName=TSENSE_BAT Pin=U13-14
Added Component: Designator=C1_Y-(CAPC3225M)
Added Component: Designator=C2_Y-(CAPC3225M)
Added Component: Designator=C3_Y-(CAPC3225M)
Added Component: Designator=C4_Y-(CAPC2012M)
Added Component: Designator=C5_Y-(CAPC3216M)
Added Component: Designator=C6_Y-(CAPC4532M)
Added Component: Designator=C7_Y-(CAPC4532M)
Added Component: Designator=C8_Y-(CAPC3216M)
Added Component: Designator=D1_Y-(TO229P990X238-3N)
Added Component: Designator=D2_Y-(TO229P990X238-3N)
Added Component: Designator=L1_Y-(DRQ125)
Added Component: Designator=R1_Y-(RESC2012M)
Added Component: Designator=R2_Y-(RESC2012M)
Added Component: Designator=R3_Y-(RESC2012M)
Added Component: Designator=R5_Y-(RESC2012M)
Added Component: Designator=R6_Y-(RESC2012M)
Added Component: Designator=R7_Y-(RESC2012M)
Added Component: Designator=U1_Y-(TO127P1420-8N)
Added Component: Designator=U8_Y-(SOT26A-6N)
Added Pin To Net: NetName=NetC1_Y-_1 Pin=C1_Y--1
Added Pin To Net: NetName=GND Pin=C1_Y--2
Added Pin To Net: NetName=NetC1_Y-_1 Pin=C2_Y--1
Added Pin To Net: NetName=GND Pin=C2_Y--2
Added Pin To Net: NetName=NetC3_Y-_1 Pin=C3_Y--1
Added Pin To Net: NetName=NetC3_Y-_2 Pin=C3_Y--2
Added Pin To Net: NetName=3V3_Y- Pin=C4_Y--1
Added Pin To Net: NetName=GND Pin=C4_Y--2
Added Pin To Net: NetName=NetC5_Y-_1 Pin=C5_Y--1
Added Pin To Net: NetName=GND Pin=C5_Y--2
Added Pin To Net: NetName=NetC6_X+_1 Pin=C6_Y--1
Added Pin To Net: NetName=GND Pin=C6_Y--2
Added Pin To Net: NetName=NetC6_X+_1 Pin=C7_Y--1
Added Pin To Net: NetName=GND Pin=C7_Y--2
Added Pin To Net: NetName=GND Pin=C8_Y--1
Added Pin To Net: NetName=NetC8_Y-_2 Pin=C8_Y--2
Added Pin To Net: NetName=PANEL_Y- Pin=D1_Y--1
Added Pin To Net: NetName=PANEL_Y- Pin=D1_Y--1
Added Pin To Net: NetName=NetD1_Y-_2 Pin=D1_Y--2
Added Pin To Net: NetName=NetC3_Y-_1 Pin=D2_Y--1
Added Pin To Net: NetName=NetC3_Y-_1 Pin=D2_Y--1
Added Pin To Net: NetName=NetC6_X+_1 Pin=D2_Y--2
Added Pin To Net: NetName=NetL1_Y-_1 Pin=L1_Y--1
Added Pin To Net: NetName=NetC1_Y-_1 Pin=L1_Y--2
Added Pin To Net: NetName=NetC3_Y-_1 Pin=L1_Y--3
Added Pin To Net: NetName=NetC3_Y-_2 Pin=L1_Y--4
Added Pin To Net: NetName=NetC1_Y-_1 Pin=R1_Y--1
Added Pin To Net: NetName=NetD1_Y-_2 Pin=R1_Y--2
Added Pin To Net: NetName=VSENSE_Y- Pin=R2_Y--1
Added Pin To Net: NetName=PANEL_Y- Pin=R2_Y--2
Added Pin To Net: NetName=GND Pin=R3_Y--1
Added Pin To Net: NetName=VSENSE_Y- Pin=R3_Y--2
Added Pin To Net: NetName=NetL1_Y-_1 Pin=R5_Y--1
Added Pin To Net: NetName=NetC8_Y-_2 Pin=R5_Y--2
Added Pin To Net: NetName=GND Pin=R6_Y--1
Added Pin To Net: NetName=NetL1_Y-_1 Pin=R6_Y--2
Added Pin To Net: NetName=NetC8_Y-_2 Pin=R7_Y--1
Added Pin To Net: NetName=I_SET_Y- Pin=R7_Y--2
Added Pin To Net: NetName=NetC5_Y-_1 Pin=U1_Y--1
Added Pin To Net: NetName=V_FB Pin=U1_Y--2
Added Pin To Net: NetName=NetC8_Y-_2 Pin=U1_Y--3
Added Pin To Net: NetName=GND Pin=U1_Y--4
Added Pin To Net: NetName=NetC3_Y-_2 Pin=U1_Y--5
Added Pin To Net: NetName=NetU1_Y-_6 Pin=U1_Y--6
Added Pin To Net: NetName=NetC1_Y-_1 Pin=U1_Y--7
Added Pin To Net: NetName=GND Pin=U1_Y--8
Added Pin To Net: NetName=GND Pin=U8_Y--1
Added Pin To Net: NetName=GND Pin=U8_Y--2
Added Pin To Net: NetName=3V3_Y- Pin=U8_Y--3
Added Pin To Net: NetName=NetD1_Y-_2 Pin=U8_Y--4
Added Pin To Net: NetName=NetC1_Y-_1 Pin=U8_Y--5
Added Pin To Net: NetName=ISENSE_Y- Pin=U8_Y--6
Added Pin To Net: NetName=5V0 Pin=U13-4
Added Pin To Net: NetName=TSENSE_Z+ Pin=U13-8
Added Pin To Net: NetName=TSENSE_Z- Pin=U13-8
Added Pin To Net: NetName=THERMO_Z+ Pin=U13-9
Added Pin To Net: NetName=THERMO_Z- Pin=U13-9
Added Pin To Net: NetName=5V0 Pin=U13-10
Added Pin To Net: NetName=GND Pin=U13-11
Added Pin To Net: NetName=5V0 Pin=U13-12
Added Pin To Net: NetName=NetR42_2 Pin=U13-13
Added Pin To Net: NetName=THERMO_BAT Pin=U13-13
Added Pin To Net: NetName=TSENSE_BAT Pin=U13-14
Added Member To Class: ClassName=Y- Member=Component C1_Y- (C1) Cap
Added Member To Class: ClassName=Y- Member=Component C2_Y- (C2) Cap
Added Member To Class: ClassName=Y- Member=Component C3_Y- (C3) Cap
Added Member To Class: ClassName=Y- Member=Component C4_Y- (C4) Cap
Added Member To Class: ClassName=Y- Member=Component C5_Y- (C5) Cap
Added Member To Class: ClassName=Y- Member=Component C6_Y- (C6) Cap
Added Member To Class: ClassName=Y- Member=Component C7_Y- (C7) Cap
Added Member To Class: ClassName=Y- Member=Component C8_Y- (C8) Cap
Added Member To Class: ClassName=Y- Member=Component D1_Y- (D1) MBRD340G
Added Member To Class: ClassName=Y- Member=Component D2_Y- (D2) MBRD340G
Added Member To Class: ClassName=Y- Member=Component L1_Y- (L1A) DRQ125 Dual Inductor
Added Member To Class: ClassName=Y- Member=Component R1_Y- (R1) Res1
Added Member To Class: ClassName=Y- Member=Component R2_Y- (R2) Res1
Added Member To Class: ClassName=Y- Member=Component R3_Y- (R3) Res1
Added Member To Class: ClassName=Y- Member=Component R5_Y- (R5) Res1
Added Member To Class: ClassName=Y- Member=Component R6_Y- (R6) Res1
Added Member To Class: ClassName=Y- Member=Component R7_Y- (R7) Res1
Added Member To Class: ClassName=Y- Member=Component U1_Y- (U1) LT1513-2
Added Member To Class: ClassName=Y- Member=Component U8_Y- (U8) ADM4073
Added Room: Name=POWR0010_BCR_TESTBOARD
Added Room: Name=U_POWR0008_BCR_System
Added Room: Name=Y-
