Added Component: Designator=3V3_EXT(SCREW2)
Added Component: Designator=5V0_EXT(SCREW2)
Added Component: Designator=BATTERY(SCREW2)
Added Component: Designator=C1_X+(CAPC3225M)
Added Component: Designator=C1_X-(CAPC3225M)
Added Component: Designator=C1_Y+(CAPC3225M)
Added Component: Designator=C1_Y-(CAPC3225M)
Added Component: Designator=C1_Z+(CAPC3225M)
Added Component: Designator=C1_Z-(CAPC3225M)
Added Component: Designator=C2_X+(CAPC3225M)
Added Component: Designator=C2_X-(CAPC3225M)
Added Component: Designator=C2_Y+(CAPC3225M)
Added Component: Designator=C2_Y-(CAPC3225M)
Added Component: Designator=C2_Z+(CAPC3225M)
Added Component: Designator=C2_Z-(CAPC3225M)
Added Component: Designator=C3_X+(CAPC3225M)
Added Component: Designator=C3_X-(CAPC3225M)
Added Component: Designator=C3_Y+(CAPC3225M)
Added Component: Designator=C3_Y-(CAPC3225M)
Added Component: Designator=C3_Z+(CAPC3225M)
Added Component: Designator=C3_Z-(CAPC3225M)
Added Component: Designator=C4_X+(CAPC2012M)
Added Component: Designator=C4_X-(CAPC2012M)
Added Component: Designator=C4_Y+(CAPC2012M)
Added Component: Designator=C4_Y-(CAPC2012M)
Added Component: Designator=C4_Z+(CAPC2012M)
Added Component: Designator=C4_Z-(CAPC2012M)
Added Component: Designator=C5_X+(CAPC3216M)
Added Component: Designator=C5_X-(CAPC3216M)
Added Component: Designator=C5_Y+(CAPC3216M)
Added Component: Designator=C5_Y-(CAPC3216M)
Added Component: Designator=C5_Z+(CAPC3216M)
Added Component: Designator=C5_Z-(CAPC3216M)
Added Component: Designator=C6_X+(CAPC4532M)
Added Component: Designator=C6_X-(CAPC4532M)
Added Component: Designator=C6_Y+(CAPC4532M)
Added Component: Designator=C6_Y-(CAPC4532M)
Added Component: Designator=C6_Z+(CAPC4532M)
Added Component: Designator=C6_Z-(CAPC4532M)
Added Component: Designator=C7_X+(CAPC4532M)
Added Component: Designator=C7_X-(CAPC4532M)
Added Component: Designator=C7_Y+(CAPC4532M)
Added Component: Designator=C7_Y-(CAPC4532M)
Added Component: Designator=C7_Z+(CAPC4532M)
Added Component: Designator=C7_Z-(CAPC4532M)
Added Component: Designator=C8_X+(CAPC3216M)
Added Component: Designator=C8_X-(CAPC3216M)
Added Component: Designator=C8_Y+(CAPC3216M)
Added Component: Designator=C8_Y-(CAPC3216M)
Added Component: Designator=C8_Z+(CAPC3216M)
Added Component: Designator=C8_Z-(CAPC3216M)
Added Component: Designator=C9(CAPC2012M)
Added Component: Designator=C10(CAPC2012M)
Added Component: Designator=C11(CAPC2012M)
Added Component: Designator=C12(CAPC2012M)
Added Component: Designator=C13(CAPC2012M)
Added Component: Designator=C14(CAPC2012M)
Added Component: Designator=C15(CAPC2012M)
Added Component: Designator=C16(CAPC2012M)
Added Component: Designator=C17(CAPC2012M)
Added Component: Designator=C18(CAPC2012M)
Added Component: Designator=C19(CAPC2012M)
Added Component: Designator=C20(CAPC2012M)
Added Component: Designator=C21(CAPC2012M)
Added Component: Designator=C22(CAPC2012M)
Added Component: Designator=C23(CAPC2012M)
Added Component: Designator=C24(CAPC2012M)
Added Component: Designator=C25(CAPC2012M)
Added Component: Designator=C27(CAPC2012M)
Added Component: Designator=C28(CAPC2012M)
Added Component: Designator=C29(CAPC4532M)
Added Component: Designator=C30(CAPC4532M)
Added Component: Designator=C31(CAPC2012M)
Added Component: Designator=C32(CAPC2012M)
Added Component: Designator=D1_X+(TO229P990X238-3N)
Added Component: Designator=D1_X-(TO229P990X238-3N)
Added Component: Designator=D1_Y+(TO229P990X238-3N)
Added Component: Designator=D1_Y-(TO229P990X238-3N)
Added Component: Designator=D1_Z+(TO229P990X238-3N)
Added Component: Designator=D1_Z-(TO229P990X238-3N)
Added Component: Designator=D2_X+(TO229P990X238-3N)
Added Component: Designator=D2_X-(TO229P990X238-3N)
Added Component: Designator=D2_Y+(TO229P990X238-3N)
Added Component: Designator=D2_Y-(TO229P990X238-3N)
Added Component: Designator=D2_Z+(TO229P990X238-3N)
Added Component: Designator=D2_Z-(TO229P990X238-3N)
Added Component: Designator=FLATSAT(HDR2X8)
Added Component: Designator=FTDI(HDR1X6H)
Added Component: Designator=ICSP(HDR2X3)
Added Component: Designator=L1_X+(DRQ125)
Added Component: Designator=L1_X-(DRQ125)
Added Component: Designator=L1_Y+(DRQ125)
Added Component: Designator=L1_Y-(DRQ125)
Added Component: Designator=L1_Z+(DRQ125)
Added Component: Designator=L1_Z-(DRQ125)
Added Component: Designator=LED1(6-0805_M)
Added Component: Designator=LED2(6-0805_M)
Added Component: Designator=LED3(6-0805_M)
Added Component: Designator=LED4(6-0805_M)
Added Component: Designator=LED5(6-0805_M)
Added Component: Designator=LED6(6-0805_M)
Added Component: Designator=LED7(6-0805_M)
Added Component: Designator=LED8(6-0805_M)
Added Component: Designator=LED9(6-0805_M)
Added Component: Designator=LED10(6-0805_M)
Added Component: Designator=LOAD(SCREW2)
Added Component: Designator=PANEL_X+(SCREW3)
Added Component: Designator=PANEL_X-(SCREW3)
Added Component: Designator=PANEL_Y+(SCREW3)
Added Component: Designator=PANEL_Y-(SCREW3)
Added Component: Designator=PANEL_Z+(SCREW3)
Added Component: Designator=PANEL_Z-(SCREW3)
Added Component: Designator=R1_X+(RESC2012M)
Added Component: Designator=R1_X-(RESC2012M)
Added Component: Designator=R1_Y+(RESC2012M)
Added Component: Designator=R1_Y-(RESC2012M)
Added Component: Designator=R1_Z+(RESC2012M)
Added Component: Designator=R1_Z-(RESC2012M)
Added Component: Designator=R2_X+(RESC2012M)
Added Component: Designator=R2_X-(RESC2012M)
Added Component: Designator=R2_Y+(RESC2012M)
Added Component: Designator=R2_Y-(RESC2012M)
Added Component: Designator=R2_Z+(RESC2012M)
Added Component: Designator=R2_Z-(RESC2012M)
Added Component: Designator=R3_X+(RESC2012M)
Added Component: Designator=R3_X-(RESC2012M)
Added Component: Designator=R3_Y+(RESC2012M)
Added Component: Designator=R3_Y-(RESC2012M)
Added Component: Designator=R3_Z+(RESC2012M)
Added Component: Designator=R3_Z-(RESC2012M)
Added Component: Designator=R4(RESC2012M)
Added Component: Designator=R5_X+(RESC2012M)
Added Component: Designator=R5_X-(RESC2012M)
Added Component: Designator=R5_Y+(RESC2012M)
Added Component: Designator=R5_Y-(RESC2012M)
Added Component: Designator=R5_Z+(RESC2012M)
Added Component: Designator=R5_Z-(RESC2012M)
Added Component: Designator=R6_X+(RESC2012M)
Added Component: Designator=R6_X-(RESC2012M)
Added Component: Designator=R6_Y+(RESC2012M)
Added Component: Designator=R6_Y-(RESC2012M)
Added Component: Designator=R6_Z+(RESC2012M)
Added Component: Designator=R6_Z-(RESC2012M)
Added Component: Designator=R7_X+(RESC2012M)
Added Component: Designator=R7_X-(RESC2012M)
Added Component: Designator=R7_Y+(RESC2012M)
Added Component: Designator=R7_Y-(RESC2012M)
Added Component: Designator=R7_Z+(RESC2012M)
Added Component: Designator=R7_Z-(RESC2012M)
Added Component: Designator=R8(RESC2012M)
Added Component: Designator=R9(RESC2012M)
Added Component: Designator=R10(RESC2012M)
Added Component: Designator=R11(RESC2012M)
Added Component: Designator=R12(RESC2012M)
Added Component: Designator=R13(RESC2012M)
Added Component: Designator=R14(RESC2012M)
Added Component: Designator=R15(RESC2012M)
Added Component: Designator=R16(RESC2012M)
Added Component: Designator=R17(RESC2012M)
Added Component: Designator=R18(RESC2012M)
Added Component: Designator=R19(RESC2012M)
Added Component: Designator=R20(RESC2012M)
Added Component: Designator=R21(RESC2012M)
Added Component: Designator=R22(RESC2012M)
Added Component: Designator=R23(RESC2012M)
Added Component: Designator=R24(RESC2012M)
Added Component: Designator=R25(RESC2012M)
Added Component: Designator=R26(RESC2012M)
Added Component: Designator=R27(RESC2012M)
Added Component: Designator=R28(RESC2012M)
Added Component: Designator=R29(RESC2012M)
Added Component: Designator=R30(RESC2012M)
Added Component: Designator=R31(RESC2012M)
Added Component: Designator=R32(RESC2012M)
Added Component: Designator=R33(RESC2012M)
Added Component: Designator=R34(RESC2012M)
Added Component: Designator=R35(RESC2012M)
Added Component: Designator=R36(RESC2012M)
Added Component: Designator=R37(RESC2012M)
Added Component: Designator=R38(RESC2012M)
Added Component: Designator=R?(RESC2012M)
Added Component: Designator=R?(RESC2012M)
Added Component: Designator=R?(RESC2012M)
Added Component: Designator=R?(RESC2012M)
Added Component: Designator=S1(RESET SWITCH)
Added Component: Designator=TELM(HDR1X4)
Added Component: Designator=THERMO_BAT(SCREW2)
Added Component: Designator=U1_X+(TO127P1420-8N)
Added Component: Designator=U1_X-(TO127P1420-8N)
Added Component: Designator=U1_Y+(TO127P1420-8N)
Added Component: Designator=U1_Y-(TO127P1420-8N)
Added Component: Designator=U1_Z+(TO127P1420-8N)
Added Component: Designator=U1_Z-(TO127P1420-8N)
Added Component: Designator=U2(SSOP28 - MAX127)
Added Component: Designator=U3(SOP65P780-24N)
Added Component: Designator=U5(TSOP65P640-14AN)
Added Component: Designator=U6(SOP65P780-24N)
Added Component: Designator=U7(SOP635P600-16N)
Added Component: Designator=U8_X+(SOT26A-6N)
Added Component: Designator=U8_X-(SOT26A-6N)
Added Component: Designator=U8_Y+(SOT26A-6N)
Added Component: Designator=U8_Y-(SOT26A-6N)
Added Component: Designator=U8_Z+(SOT26A-6N)
Added Component: Designator=U8_Z-(SOT26A-6N)
Added Component: Designator=U8(SOT26A-6N)
Added Component: Designator=U9(TSOP65P640-14AN)
Added Component: Designator=U10(MF05A_N)
Added Component: Designator=U11(SOT26A-6N)
Added Component: Designator=U13(TSOP65P640-14AN)
Added Component: Designator=U13(TSOP65P640-14AN)
Added Component: Designator=U14(TSOP65P640-14AN)
Added Component: Designator=X1(HC49 - No border)
Added Pin To Net: NetName=3V3 Pin=3V3_EXT-1
Added Pin To Net: NetName=GND Pin=3V3_EXT-2
Added Pin To Net: NetName=5V0 Pin=5V0_EXT-1
Added Pin To Net: NetName=GND Pin=5V0_EXT-2
Added Pin To Net: NetName=BAT Pin=BATTERY-1
Added Pin To Net: NetName=GND Pin=BATTERY-2
Added Pin To Net: NetName=NetC1_X+_1 Pin=C1_X+-1
Added Pin To Net: NetName=NetC1_X-_1 Pin=C1_X--1
Added Pin To Net: NetName=NetC1_Y+_1 Pin=C1_Y+-1
Added Pin To Net: NetName=NetC1_Y-_1 Pin=C1_Y--1
Added Pin To Net: NetName=NetC1_Z+_1 Pin=C1_Z+-1
Added Pin To Net: NetName=NetC1_Z-_1 Pin=C1_Z--1
Added Pin To Net: NetName=NetC1_X+_1 Pin=C2_X+-1
Added Pin To Net: NetName=NetC1_X-_1 Pin=C2_X--1
Added Pin To Net: NetName=NetC1_Y+_1 Pin=C2_Y+-1
Added Pin To Net: NetName=NetC1_Y-_1 Pin=C2_Y--1
Added Pin To Net: NetName=NetC1_Z+_1 Pin=C2_Z+-1
Added Pin To Net: NetName=NetC1_Z-_1 Pin=C2_Z--1
Added Pin To Net: NetName=NetC3_X+_1 Pin=C3_X+-1
Added Pin To Net: NetName=NetC3_X+_2 Pin=C3_X+-2
Added Pin To Net: NetName=NetC3_X-_1 Pin=C3_X--1
Added Pin To Net: NetName=NetC3_X-_2 Pin=C3_X--2
Added Pin To Net: NetName=NetC3_Y+_1 Pin=C3_Y+-1
Added Pin To Net: NetName=NetC3_Y+_2 Pin=C3_Y+-2
Added Pin To Net: NetName=NetC3_Y-_1 Pin=C3_Y--1
Added Pin To Net: NetName=NetC3_Y-_2 Pin=C3_Y--2
Added Pin To Net: NetName=NetC3_Z+_1 Pin=C3_Z+-1
Added Pin To Net: NetName=NetC3_Z+_2 Pin=C3_Z+-2
Added Pin To Net: NetName=NetC3_Z-_1 Pin=C3_Z--1
Added Pin To Net: NetName=NetC3_Z-_2 Pin=C3_Z--2
Added Pin To Net: NetName=NetC5_X+_1 Pin=C5_X+-1
Added Pin To Net: NetName=NetC5_X-_1 Pin=C5_X--1
Added Pin To Net: NetName=NetC5_Y+_1 Pin=C5_Y+-1
Added Pin To Net: NetName=NetC5_Y-_1 Pin=C5_Y--1
Added Pin To Net: NetName=NetC5_Z+_1 Pin=C5_Z+-1
Added Pin To Net: NetName=NetC5_Z-_1 Pin=C5_Z--1
Added Pin To Net: NetName=NetC6_X+_1 Pin=C6_X+-1
Added Pin To Net: NetName=NetC6_X+_1 Pin=C6_X--1
Added Pin To Net: NetName=NetC6_X+_1 Pin=C6_Y+-1
Added Pin To Net: NetName=NetC6_X+_1 Pin=C6_Y--1
Added Pin To Net: NetName=NetC6_X+_1 Pin=C6_Z+-1
Added Pin To Net: NetName=NetC6_X+_1 Pin=C6_Z--1
Added Pin To Net: NetName=NetC6_X+_1 Pin=C7_X+-1
Added Pin To Net: NetName=NetC6_X+_1 Pin=C7_X--1
Added Pin To Net: NetName=NetC6_X+_1 Pin=C7_Y+-1
Added Pin To Net: NetName=NetC6_X+_1 Pin=C7_Y--1
Added Pin To Net: NetName=NetC6_X+_1 Pin=C7_Z+-1
Added Pin To Net: NetName=NetC6_X+_1 Pin=C7_Z--1
Added Pin To Net: NetName=NetC8_X+_2 Pin=C8_X+-2
Added Pin To Net: NetName=NetC8_X-_2 Pin=C8_X--2
Added Pin To Net: NetName=NetC8_Y+_2 Pin=C8_Y+-2
Added Pin To Net: NetName=NetC8_Y-_2 Pin=C8_Y--2
Added Pin To Net: NetName=NetC8_Z+_2 Pin=C8_Z+-2
Added Pin To Net: NetName=NetC8_Z-_2 Pin=C8_Z--2
Added Pin To Net: NetName=GND Pin=C9-1
Added Pin To Net: NetName=VREF Pin=C9-2
Added Pin To Net: NetName=3V3 Pin=C10-1
Added Pin To Net: NetName=GND Pin=C10-2
Added Pin To Net: NetName=GND Pin=C11-1
Added Pin To Net: NetName=3V3 Pin=C11-2
Added Pin To Net: NetName=GND Pin=C12-1
Added Pin To Net: NetName=3V3 Pin=C12-2
Added Pin To Net: NetName=GND Pin=C15-1
Added Pin To Net: NetName=VREF Pin=C15-2
Added Pin To Net: NetName=GND Pin=C16-1
Added Pin To Net: NetName=3V3 Pin=C16-2
Added Pin To Net: NetName=GND Pin=C17-1
Added Pin To Net: NetName=3V3 Pin=C17-2
Added Pin To Net: NetName=GND Pin=C18-1
Added Pin To Net: NetName=3V3 Pin=C18-2
Added Pin To Net: NetName=3V3 Pin=C19-1
Added Pin To Net: NetName=GND Pin=C19-2
Added Pin To Net: NetName=3V3 Pin=C20-1
Added Pin To Net: NetName=GND Pin=C20-2
Added Pin To Net: NetName=GND Pin=C21-1
Added Pin To Net: NetName=VREF Pin=C21-2
Added Pin To Net: NetName=GND Pin=C22-1
Added Pin To Net: NetName=NetC22_2 Pin=C22-2
Added Pin To Net: NetName=GND Pin=C23-1
Added Pin To Net: NetName=NetC23_2 Pin=C23-2
Added Pin To Net: NetName=DTR Pin=C24-1
Added Pin To Net: NetName=GND Pin=C25-1
Added Pin To Net: NetName=3V3 Pin=C25-2
Added Pin To Net: NetName=LOAD Pin=C29-1
Added Pin To Net: NetName=GND Pin=C29-2
Added Pin To Net: NetName=BAT Pin=C30-1
Added Pin To Net: NetName=GND Pin=C30-2
Added Pin To Net: NetName=GND Pin=C31-1
Added Pin To Net: NetName=GND Pin=C32-1
Added Pin To Net: NetName=NetD1_X+_2 Pin=D1_X+-2
Added Pin To Net: NetName=NetD1_X-_2 Pin=D1_X--2
Added Pin To Net: NetName=NetD1_Y+_2 Pin=D1_Y+-2
Added Pin To Net: NetName=NetD1_Y-_2 Pin=D1_Y--2
Added Pin To Net: NetName=NetD1_Z+_2 Pin=D1_Z+-2
Added Pin To Net: NetName=NetD1_Z-_2 Pin=D1_Z--2
Added Pin To Net: NetName=NetC3_X+_1 Pin=D2_X+-1
Added Pin To Net: NetName=NetC3_X+_1 Pin=D2_X+-1
Added Pin To Net: NetName=NetC6_X+_1 Pin=D2_X+-2
Added Pin To Net: NetName=NetC3_X-_1 Pin=D2_X--1
Added Pin To Net: NetName=NetC3_X-_1 Pin=D2_X--1
Added Pin To Net: NetName=NetC6_X+_1 Pin=D2_X--2
Added Pin To Net: NetName=NetC3_Y+_1 Pin=D2_Y+-1
Added Pin To Net: NetName=NetC3_Y+_1 Pin=D2_Y+-1
Added Pin To Net: NetName=NetC6_X+_1 Pin=D2_Y+-2
Added Pin To Net: NetName=NetC3_Y-_1 Pin=D2_Y--1
Added Pin To Net: NetName=NetC3_Y-_1 Pin=D2_Y--1
Added Pin To Net: NetName=NetC6_X+_1 Pin=D2_Y--2
Added Pin To Net: NetName=NetC3_Z+_1 Pin=D2_Z+-1
Added Pin To Net: NetName=NetC3_Z+_1 Pin=D2_Z+-1
Added Pin To Net: NetName=NetC6_X+_1 Pin=D2_Z+-2
Added Pin To Net: NetName=NetC3_Z-_1 Pin=D2_Z--1
Added Pin To Net: NetName=NetC3_Z-_1 Pin=D2_Z--1
Added Pin To Net: NetName=NetC6_X+_1 Pin=D2_Z--2
Added Pin To Net: NetName=3V3 Pin=FLATSAT-1
Added Pin To Net: NetName=5V0 Pin=FLATSAT-2
Added Pin To Net: NetName=3V3 Pin=FLATSAT-3
Added Pin To Net: NetName=5V0 Pin=FLATSAT-4
Added Pin To Net: NetName=3V3 Pin=FLATSAT-5
Added Pin To Net: NetName=MOSI Pin=FLATSAT-6
Added Pin To Net: NetName=BCR_SCL Pin=FLATSAT-7
Added Pin To Net: NetName=MISO Pin=FLATSAT-8
Added Pin To Net: NetName=BCR_SDA Pin=FLATSAT-9
Added Pin To Net: NetName=SCK Pin=FLATSAT-10
Added Pin To Net: NetName=GND Pin=FLATSAT-12
Added Pin To Net: NetName=GND Pin=FLATSAT-14
Added Pin To Net: NetName=GND Pin=FLATSAT-16
Added Pin To Net: NetName=DTR Pin=FTDI-1
Added Pin To Net: NetName=3V3 Pin=FTDI-4
Added Pin To Net: NetName=GND Pin=FTDI-5
Added Pin To Net: NetName=GND Pin=FTDI-6
Added Pin To Net: NetName=MISO Pin=ICSP-1
Added Pin To Net: NetName=3V3 Pin=ICSP-2
Added Pin To Net: NetName=SCK Pin=ICSP-3
Added Pin To Net: NetName=MOSI Pin=ICSP-4
Added Pin To Net: NetName=R\E\S\E\T\ Pin=ICSP-5
Added Pin To Net: NetName=GND Pin=ICSP-6
Added Pin To Net: NetName=NetL1_X+_1 Pin=L1_X+-1
Added Pin To Net: NetName=NetC1_X+_1 Pin=L1_X+-2
Added Pin To Net: NetName=NetC3_X+_1 Pin=L1_X+-3
Added Pin To Net: NetName=NetC3_X+_2 Pin=L1_X+-4
Added Pin To Net: NetName=NetL1_X-_1 Pin=L1_X--1
Added Pin To Net: NetName=NetC1_X-_1 Pin=L1_X--2
Added Pin To Net: NetName=NetC3_X-_1 Pin=L1_X--3
Added Pin To Net: NetName=NetC3_X-_2 Pin=L1_X--4
Added Pin To Net: NetName=NetL1_Y+_1 Pin=L1_Y+-1
Added Pin To Net: NetName=NetC1_Y+_1 Pin=L1_Y+-2
Added Pin To Net: NetName=NetC3_Y+_1 Pin=L1_Y+-3
Added Pin To Net: NetName=NetC3_Y+_2 Pin=L1_Y+-4
Added Pin To Net: NetName=NetL1_Y-_1 Pin=L1_Y--1
Added Pin To Net: NetName=NetC1_Y-_1 Pin=L1_Y--2
Added Pin To Net: NetName=NetC3_Y-_1 Pin=L1_Y--3
Added Pin To Net: NetName=NetC3_Y-_2 Pin=L1_Y--4
Added Pin To Net: NetName=NetL1_Z+_1 Pin=L1_Z+-1
Added Pin To Net: NetName=NetC1_Z+_1 Pin=L1_Z+-2
Added Pin To Net: NetName=NetC3_Z+_1 Pin=L1_Z+-3
Added Pin To Net: NetName=NetC3_Z+_2 Pin=L1_Z+-4
Added Pin To Net: NetName=NetL1_Z-_1 Pin=L1_Z--1
Added Pin To Net: NetName=NetC1_Z-_1 Pin=L1_Z--2
Added Pin To Net: NetName=NetC3_Z-_1 Pin=L1_Z--3
Added Pin To Net: NetName=NetC3_Z-_2 Pin=L1_Z--4
Added Pin To Net: NetName=GND Pin=LED1-2
Added Pin To Net: NetName=GND Pin=LED2-2
Added Pin To Net: NetName=GND Pin=LED3-2
Added Pin To Net: NetName=GND Pin=LED4-2
Added Pin To Net: NetName=GND Pin=LED5-2
Added Pin To Net: NetName=GND Pin=LED6-2
Added Pin To Net: NetName=GND Pin=LED7-2
Added Pin To Net: NetName=GND Pin=LED8-2
Added Pin To Net: NetName=GND Pin=LED9-2
Added Pin To Net: NetName=GND Pin=LED10-2
Added Pin To Net: NetName=LOAD Pin=LOAD-1
Added Pin To Net: NetName=GND Pin=LOAD-2
Added Pin To Net: NetName=GND Pin=PANEL_X+-2
Added Pin To Net: NetName=THERMO_X+ Pin=PANEL_X+-3
Added Pin To Net: NetName=GND Pin=PANEL_X--2
Added Pin To Net: NetName=THERMO_X- Pin=PANEL_X--3
Added Pin To Net: NetName=GND Pin=PANEL_Y+-2
Added Pin To Net: NetName=THERMO_Y+ Pin=PANEL_Y+-3
Added Pin To Net: NetName=GND Pin=PANEL_Y--2
Added Pin To Net: NetName=THERMO_Y- Pin=PANEL_Y--3
Added Pin To Net: NetName=GND Pin=PANEL_Z+-2
Added Pin To Net: NetName=THERMO_Z+ Pin=PANEL_Z+-3
Added Pin To Net: NetName=GND Pin=PANEL_Z--2
Added Pin To Net: NetName=THERMO_Z- Pin=PANEL_Z--3
Added Pin To Net: NetName=NetC1_X+_1 Pin=R1_X+-1
Added Pin To Net: NetName=NetD1_X+_2 Pin=R1_X+-2
Added Pin To Net: NetName=NetC1_X-_1 Pin=R1_X--1
Added Pin To Net: NetName=NetD1_X-_2 Pin=R1_X--2
Added Pin To Net: NetName=NetC1_Y+_1 Pin=R1_Y+-1
Added Pin To Net: NetName=NetD1_Y+_2 Pin=R1_Y+-2
Added Pin To Net: NetName=NetC1_Y-_1 Pin=R1_Y--1
Added Pin To Net: NetName=NetD1_Y-_2 Pin=R1_Y--2
Added Pin To Net: NetName=NetC1_Z+_1 Pin=R1_Z+-1
Added Pin To Net: NetName=NetD1_Z+_2 Pin=R1_Z+-2
Added Pin To Net: NetName=NetC1_Z-_1 Pin=R1_Z--1
Added Pin To Net: NetName=NetD1_Z-_2 Pin=R1_Z--2
Added Pin To Net: NetName=VSENSE_X+ Pin=R2_X+-1
Added Pin To Net: NetName=VSENSE_X- Pin=R2_X--1
Added Pin To Net: NetName=VSENSE_Y+ Pin=R2_Y+-1
Added Pin To Net: NetName=VSENSE_Y- Pin=R2_Y--1
Added Pin To Net: NetName=VSENSE_Z+ Pin=R2_Z+-1
Added Pin To Net: NetName=VSENSE_Z- Pin=R2_Z--1
Added Pin To Net: NetName=VSENSE_X+ Pin=R3_X+-2
Added Pin To Net: NetName=VSENSE_X- Pin=R3_X--2
Added Pin To Net: NetName=VSENSE_Y+ Pin=R3_Y+-2
Added Pin To Net: NetName=VSENSE_Y- Pin=R3_Y--2
Added Pin To Net: NetName=VSENSE_Z+ Pin=R3_Z+-2
Added Pin To Net: NetName=VSENSE_Z- Pin=R3_Z--2
Added Pin To Net: NetName=SHDNZ- Pin=R4-2
Added Pin To Net: NetName=NetL1_X+_1 Pin=R5_X+-1
Added Pin To Net: NetName=NetC8_X+_2 Pin=R5_X+-2
Added Pin To Net: NetName=NetL1_X-_1 Pin=R5_X--1
Added Pin To Net: NetName=NetC8_X-_2 Pin=R5_X--2
Added Pin To Net: NetName=NetL1_Y+_1 Pin=R5_Y+-1
Added Pin To Net: NetName=NetC8_Y+_2 Pin=R5_Y+-2
Added Pin To Net: NetName=NetL1_Y-_1 Pin=R5_Y--1
Added Pin To Net: NetName=NetC8_Y-_2 Pin=R5_Y--2
Added Pin To Net: NetName=NetL1_Z+_1 Pin=R5_Z+-1
Added Pin To Net: NetName=NetC8_Z+_2 Pin=R5_Z+-2
Added Pin To Net: NetName=NetL1_Z-_1 Pin=R5_Z--1
Added Pin To Net: NetName=NetC8_Z-_2 Pin=R5_Z--2
Added Pin To Net: NetName=NetL1_X+_1 Pin=R6_X+-2
Added Pin To Net: NetName=NetL1_X-_1 Pin=R6_X--2
Added Pin To Net: NetName=NetL1_Y+_1 Pin=R6_Y+-2
Added Pin To Net: NetName=NetL1_Y-_1 Pin=R6_Y--2
Added Pin To Net: NetName=NetL1_Z+_1 Pin=R6_Z+-2
Added Pin To Net: NetName=NetL1_Z-_1 Pin=R6_Z--2
Added Pin To Net: NetName=NetC8_X+_2 Pin=R7_X+-1
Added Pin To Net: NetName=I_SET_X+ Pin=R7_X+-2
Added Pin To Net: NetName=NetC8_X-_2 Pin=R7_X--1
Added Pin To Net: NetName=I_SET_X- Pin=R7_X--2
Added Pin To Net: NetName=NetC8_Y+_2 Pin=R7_Y+-1
Added Pin To Net: NetName=I_SET_Y+ Pin=R7_Y+-2
Added Pin To Net: NetName=NetC8_Y-_2 Pin=R7_Y--1
Added Pin To Net: NetName=I_SET_Y- Pin=R7_Y--2
Added Pin To Net: NetName=NetC8_Z+_2 Pin=R7_Z+-1
Added Pin To Net: NetName=I_SET_Z+ Pin=R7_Z+-2
Added Pin To Net: NetName=NetC8_Z-_2 Pin=R7_Z--1
Added Pin To Net: NetName=I_SET_Z- Pin=R7_Z--2
Added Pin To Net: NetName=3V3 Pin=R8-1
Added Pin To Net: NetName=TSENSE_BAT_BCR Pin=R9-1
Added Pin To Net: NetName=TSENSE_BAT_BCR Pin=R10-1
Added Pin To Net: NetName=GND Pin=R10-2
Added Pin To Net: NetName=NetC6_X+_1 Pin=R11-1
Added Pin To Net: NetName=BAT Pin=R11-2
Added Pin To Net: NetName=BAT Pin=R12-1
Added Pin To Net: NetName=VSENSE_BAT Pin=R12-2
Added Pin To Net: NetName=VSENSE_BAT Pin=R13-1
Added Pin To Net: NetName=GND Pin=R13-2
Added Pin To Net: NetName=GND Pin=R14-1
Added Pin To Net: NetName=SHDNY- Pin=R15-2
Added Pin To Net: NetName=V_FB Pin=R16-1
Added Pin To Net: NetName=NetC6_X+_1 Pin=R16-2
Added Pin To Net: NetName=GND Pin=R17-1
Added Pin To Net: NetName=V_FB Pin=R17-2
Added Pin To Net: NetName=LOAD Pin=R18-1
Added Pin To Net: NetName=BAT Pin=R18-2
Added Pin To Net: NetName=3V3 Pin=R19-1
Added Pin To Net: NetName=3V3 Pin=R20-1
Added Pin To Net: NetName=3V3 Pin=R21-1
Added Pin To Net: NetName=SHDNX- Pin=R22-2
Added Pin To Net: NetName=THERMO_X+ Pin=R23-2
Added Pin To Net: NetName=THERMO_Y+ Pin=R24-2
Added Pin To Net: NetName=THERMO_Z+ Pin=R25-2
Added Pin To Net: NetName=THERMO_BAT Pin=R26-2
Added Pin To Net: NetName=SHDNZ+ Pin=R27-2
Added Pin To Net: NetName=SHDNY+ Pin=R28-2
Added Pin To Net: NetName=SHDNX+ Pin=R29-2
Added Pin To Net: NetName=3V3 Pin=R30-2
Added Pin To Net: NetName=DAC_S\S\ Pin=R33-1
Added Pin To Net: NetName=3V3 Pin=R33-2
Added Pin To Net: NetName=3V3 Pin=R34-2
Added Pin To Net: NetName=3V3 Pin=R35-2
Added Pin To Net: NetName=5V0 Pin=R36-2
Added Pin To Net: NetName=LOAD Pin=R37-2
Added Pin To Net: NetName=BAT Pin=R38-2
Added Pin To Net: NetName=THERMO_X- Pin=R?-2
Added Pin To Net: NetName=THERMO_Y- Pin=R?-2
Added Pin To Net: NetName=THERMO_Z- Pin=R?-2
Added Pin To Net: NetName=GND Pin=S1-1
Added Pin To Net: NetName=GND Pin=S1-1
Added Pin To Net: NetName=5V0 Pin=TELM-1
Added Pin To Net: NetName=GND Pin=TELM-4
Added Pin To Net: NetName=THERMO_BAT Pin=THERMO_BAT-1
Added Pin To Net: NetName=GND Pin=THERMO_BAT-2
Added Pin To Net: NetName=NetC5_X+_1 Pin=U1_X+-1
Added Pin To Net: NetName=V_FB Pin=U1_X+-2
Added Pin To Net: NetName=NetC8_X+_2 Pin=U1_X+-3
Added Pin To Net: NetName=NetC3_X+_2 Pin=U1_X+-5
Added Pin To Net: NetName=NetC1_X+_1 Pin=U1_X+-7
Added Pin To Net: NetName=NetC5_X-_1 Pin=U1_X--1
Added Pin To Net: NetName=V_FB Pin=U1_X--2
Added Pin To Net: NetName=NetC8_X-_2 Pin=U1_X--3
Added Pin To Net: NetName=NetC3_X-_2 Pin=U1_X--5
Added Pin To Net: NetName=NetC1_X-_1 Pin=U1_X--7
Added Pin To Net: NetName=NetC5_Y+_1 Pin=U1_Y+-1
Added Pin To Net: NetName=V_FB Pin=U1_Y+-2
Added Pin To Net: NetName=NetC8_Y+_2 Pin=U1_Y+-3
Added Pin To Net: NetName=NetC3_Y+_2 Pin=U1_Y+-5
Added Pin To Net: NetName=NetC1_Y+_1 Pin=U1_Y+-7
Added Pin To Net: NetName=NetC5_Y-_1 Pin=U1_Y--1
Added Pin To Net: NetName=V_FB Pin=U1_Y--2
Added Pin To Net: NetName=NetC8_Y-_2 Pin=U1_Y--3
Added Pin To Net: NetName=NetC3_Y-_2 Pin=U1_Y--5
Added Pin To Net: NetName=NetC1_Y-_1 Pin=U1_Y--7
Added Pin To Net: NetName=NetC5_Z+_1 Pin=U1_Z+-1
Added Pin To Net: NetName=V_FB Pin=U1_Z+-2
Added Pin To Net: NetName=NetC8_Z+_2 Pin=U1_Z+-3
Added Pin To Net: NetName=NetC3_Z+_2 Pin=U1_Z+-5
Added Pin To Net: NetName=NetC1_Z+_1 Pin=U1_Z+-7
Added Pin To Net: NetName=NetC5_Z-_1 Pin=U1_Z--1
Added Pin To Net: NetName=V_FB Pin=U1_Z--2
Added Pin To Net: NetName=NetC8_Z-_2 Pin=U1_Z--3
Added Pin To Net: NetName=NetC3_Z-_2 Pin=U1_Z--5
Added Pin To Net: NetName=NetC1_Z-_1 Pin=U1_Z--7
Added Pin To Net: NetName=TSENSE_X+ Pin=U2-15
Added Pin To Net: NetName=TSENSE_Y+ Pin=U2-16
Added Pin To Net: NetName=TSENSE_Z+ Pin=U2-17
Added Pin To Net: NetName=TSENSE_X- Pin=U2-18
Added Pin To Net: NetName=TSENSE_Y- Pin=U2-19
Added Pin To Net: NetName=TSENSE_Z- Pin=U2-20
Added Pin To Net: NetName=VSENSE_Z- Pin=U3-1
Added Pin To Net: NetName=VSENSE_BAT Pin=U3-2
Added Pin To Net: NetName=TSENSE_BAT_BCR Pin=U3-3
Added Pin To Net: NetName=GND Pin=U3-4
Added Pin To Net: NetName=SCK Pin=U3-5
Added Pin To Net: NetName=MOSI Pin=U3-7
Added Pin To Net: NetName=GND Pin=U3-8
Added Pin To Net: NetName=GND Pin=U3-9
Added Pin To Net: NetName=MISO Pin=U3-11
Added Pin To Net: NetName=SCK Pin=U3-14
Added Pin To Net: NetName=3V3 Pin=U3-15
Added Pin To Net: NetName=VREF Pin=U3-16
Added Pin To Net: NetName=3V3 Pin=U3-19
Added Pin To Net: NetName=VSENSE_X+ Pin=U3-20
Added Pin To Net: NetName=VSENSE_Y+ Pin=U3-21
Added Pin To Net: NetName=VSENSE_Z+ Pin=U3-22
Added Pin To Net: NetName=VSENSE_X- Pin=U3-23
Added Pin To Net: NetName=VSENSE_Y- Pin=U3-24
Added Pin To Net: NetName=SHDNX+ Pin=U5-3
Added Pin To Net: NetName=SHDNY+ Pin=U5-6
Added Pin To Net: NetName=GND Pin=U5-7
Added Pin To Net: NetName=SHDNZ+ Pin=U5-9
Added Pin To Net: NetName=GND Pin=U5-11
Added Pin To Net: NetName=GND Pin=U5-12
Added Pin To Net: NetName=3V3 Pin=U5-14
Added Pin To Net: NetName=ISENSE_Z- Pin=U6-1
Added Pin To Net: NetName=ISENSE_BCR Pin=U6-2
Added Pin To Net: NetName=ISENSE_LOAD Pin=U6-3
Added Pin To Net: NetName=GND Pin=U6-4
Added Pin To Net: NetName=SCK Pin=U6-5
Added Pin To Net: NetName=MOSI Pin=U6-7
Added Pin To Net: NetName=GND Pin=U6-8
Added Pin To Net: NetName=GND Pin=U6-9
Added Pin To Net: NetName=MISO Pin=U6-11
Added Pin To Net: NetName=SCK Pin=U6-14
Added Pin To Net: NetName=3V3 Pin=U6-15
Added Pin To Net: NetName=VREF Pin=U6-16
Added Pin To Net: NetName=3V3 Pin=U6-19
Added Pin To Net: NetName=ISENSE_X+ Pin=U6-20
Added Pin To Net: NetName=ISENSE_Y+ Pin=U6-21
Added Pin To Net: NetName=ISENSE_Z+ Pin=U6-22
Added Pin To Net: NetName=ISENSE_X- Pin=U6-23
Added Pin To Net: NetName=ISENSE_Y- Pin=U6-24
Added Pin To Net: NetName=GND Pin=U7-1
Added Pin To Net: NetName=I_SET_X+ Pin=U7-2
Added Pin To Net: NetName=I_SET_Y+ Pin=U7-3
Added Pin To Net: NetName=I_SET_Z+ Pin=U7-4
Added Pin To Net: NetName=I_SET_X- Pin=U7-5
Added Pin To Net: NetName=3V3 Pin=U7-6
Added Pin To Net: NetName=DAC_S\S\ Pin=U7-7
Added Pin To Net: NetName=SCK Pin=U7-8
Added Pin To Net: NetName=MOSI Pin=U7-9
Added Pin To Net: NetName=MISO Pin=U7-10
Added Pin To Net: NetName=3V3 Pin=U7-11
Added Pin To Net: NetName=I_SET_Y- Pin=U7-12
Added Pin To Net: NetName=I_SET_Z- Pin=U7-13
Added Pin To Net: NetName=3V3 Pin=U7-16
Added Pin To Net: NetName=GND Pin=U8-1
Added Pin To Net: NetName=GND Pin=U8-2
Added Pin To Net: NetName=3V3 Pin=U8-3
Added Pin To Net: NetName=NetC6_X+_1 Pin=U8-4
Added Pin To Net: NetName=BAT Pin=U8-5
Added Pin To Net: NetName=ISENSE_BCR Pin=U8-6
Added Pin To Net: NetName=NetD1_X+_2 Pin=U8_X+-4
Added Pin To Net: NetName=NetC1_X+_1 Pin=U8_X+-5
Added Pin To Net: NetName=ISENSE_X+ Pin=U8_X+-6
Added Pin To Net: NetName=NetD1_X-_2 Pin=U8_X--4
Added Pin To Net: NetName=NetC1_X-_1 Pin=U8_X--5
Added Pin To Net: NetName=ISENSE_X- Pin=U8_X--6
Added Pin To Net: NetName=NetD1_Y+_2 Pin=U8_Y+-4
Added Pin To Net: NetName=NetC1_Y+_1 Pin=U8_Y+-5
Added Pin To Net: NetName=ISENSE_Y+ Pin=U8_Y+-6
Added Pin To Net: NetName=NetD1_Y-_2 Pin=U8_Y--4
Added Pin To Net: NetName=NetC1_Y-_1 Pin=U8_Y--5
Added Pin To Net: NetName=ISENSE_Y- Pin=U8_Y--6
Added Pin To Net: NetName=NetD1_Z+_2 Pin=U8_Z+-4
Added Pin To Net: NetName=NetC1_Z+_1 Pin=U8_Z+-5
Added Pin To Net: NetName=ISENSE_Z+ Pin=U8_Z+-6
Added Pin To Net: NetName=NetD1_Z-_2 Pin=U8_Z--4
Added Pin To Net: NetName=NetC1_Z-_1 Pin=U8_Z--5
Added Pin To Net: NetName=ISENSE_Z- Pin=U8_Z--6
Added Pin To Net: NetName=SHDNX- Pin=U9-3
Added Pin To Net: NetName=SHDNY- Pin=U9-6
Added Pin To Net: NetName=GND Pin=U9-7
Added Pin To Net: NetName=SHDNZ- Pin=U9-9
Added Pin To Net: NetName=GND Pin=U9-11
Added Pin To Net: NetName=GND Pin=U9-12
Added Pin To Net: NetName=3V3 Pin=U9-14
Added Pin To Net: NetName=GND Pin=U10-2
Added Pin To Net: NetName=3V3 Pin=U10-3
Added Pin To Net: NetName=3V3 Pin=U10-4
Added Pin To Net: NetName=VREF Pin=U10-5
Added Pin To Net: NetName=GND Pin=U11-1
Added Pin To Net: NetName=GND Pin=U11-2
Added Pin To Net: NetName=3V3 Pin=U11-3
Added Pin To Net: NetName=BAT Pin=U11-4
Added Pin To Net: NetName=LOAD Pin=U11-5
Added Pin To Net: NetName=ISENSE_LOAD Pin=U11-6
Added Pin To Net: NetName=TSENSE_X+ Pin=U13-1
Added Pin To Net: NetName=THERMO_X+ Pin=U13-2
Added Pin To Net: NetName=THERMO_Y+ Pin=U13-6
Added Pin To Net: NetName=TSENSE_Y+ Pin=U13-7
Added Pin To Net: NetName=TSENSE_Z+ Pin=U13-8
Added Pin To Net: NetName=TSENSE_Z- Pin=U13-8
Added Pin To Net: NetName=THERMO_Z+ Pin=U13-9
Added Pin To Net: NetName=THERMO_Z- Pin=U13-9
Added Pin To Net: NetName=THERMO_BAT Pin=U13-13
Added Pin To Net: NetName=TSENSE_X- Pin=U14-1
Added Pin To Net: NetName=THERMO_X- Pin=U14-2
Added Pin To Net: NetName=THERMO_Y- Pin=U14-6
Added Pin To Net: NetName=TSENSE_Y- Pin=U14-7
Added Pin To Net: NetName=NetC22_2 Pin=X1-1
Added Pin To Net: NetName=NetC23_2 Pin=X1-2
Added Pin To Net: NetName=3V3_X+ Pin=C4_X+-1
Added Pin To Net: NetName=3V3_X+ Pin=U8_X+-3
Added Net: Name=3V3_X+
Added Pin To Net: NetName=3V3_X- Pin=C4_X--1
Added Pin To Net: NetName=3V3_X- Pin=U8_X--3
Added Net: Name=3V3_X-
Added Pin To Net: NetName=3V3_Y+ Pin=C4_Y+-1
Added Pin To Net: NetName=3V3_Y+ Pin=U8_Y+-3
Added Net: Name=3V3_Y+
Added Pin To Net: NetName=3V3_Y- Pin=C4_Y--1
Added Pin To Net: NetName=3V3_Y- Pin=U8_Y--3
Added Net: Name=3V3_Y-
Added Pin To Net: NetName=3V3_Z+ Pin=C4_Z+-1
Added Pin To Net: NetName=3V3_Z+ Pin=U8_Z+-3
Added Net: Name=3V3_Z+
Added Pin To Net: NetName=3V3_Z- Pin=C4_Z--1
Added Pin To Net: NetName=3V3_Z- Pin=U8_Z--3
Added Net: Name=3V3_Z-
Added Pin To Net: NetName=ADC_I_S\S\ Pin=R35-1
Added Pin To Net: NetName=ADC_I_S\S\ Pin=U6-6
Added Pin To Net: NetName=ADC_I_S\S\ Pin=U6-10
Added Net: Name=ADC_I_S\S\
Added Pin To Net: NetName=ADC_V_S\S\ Pin=R34-1
Added Pin To Net: NetName=ADC_V_S\S\ Pin=U3-6
Added Pin To Net: NetName=ADC_V_S\S\ Pin=U3-10
Added Net: Name=ADC_V_S\S\
Added Pin To Net: NetName=F_SYNC Pin=U5-2
Added Pin To Net: NetName=F_SYNC Pin=U5-5
Added Pin To Net: NetName=F_SYNC Pin=U5-8
Added Pin To Net: NetName=F_SYNC Pin=U9-2
Added Pin To Net: NetName=F_SYNC Pin=U9-5
Added Pin To Net: NetName=F_SYNC Pin=U9-8
Added Net: Name=F_SYNC
Added Pin To Net: NetName=GND_X+ Pin=C1_X+-2
Added Pin To Net: NetName=GND_X+ Pin=C2_X+-2
Added Pin To Net: NetName=GND_X+ Pin=C4_X+-2
Added Pin To Net: NetName=GND_X+ Pin=C5_X+-2
Added Pin To Net: NetName=GND_X+ Pin=C6_X+-2
Added Pin To Net: NetName=GND_X+ Pin=C7_X+-2
Added Pin To Net: NetName=GND_X+ Pin=C8_X+-1
Added Pin To Net: NetName=GND_X+ Pin=R3_X+-1
Added Pin To Net: NetName=GND_X+ Pin=R6_X+-1
Added Pin To Net: NetName=GND_X+ Pin=U1_X+-4
Added Pin To Net: NetName=GND_X+ Pin=U8_X+-1
Added Pin To Net: NetName=GND_X+ Pin=U8_X+-2
Added Net: Name=GND_X+
Added Pin To Net: NetName=GND_X- Pin=C1_X--2
Added Pin To Net: NetName=GND_X- Pin=C2_X--2
Added Pin To Net: NetName=GND_X- Pin=C4_X--2
Added Pin To Net: NetName=GND_X- Pin=C5_X--2
Added Pin To Net: NetName=GND_X- Pin=C6_X--2
Added Pin To Net: NetName=GND_X- Pin=C7_X--2
Added Pin To Net: NetName=GND_X- Pin=C8_X--1
Added Pin To Net: NetName=GND_X- Pin=R3_X--1
Added Pin To Net: NetName=GND_X- Pin=R6_X--1
Added Pin To Net: NetName=GND_X- Pin=U1_X--4
Added Pin To Net: NetName=GND_X- Pin=U8_X--1
Added Pin To Net: NetName=GND_X- Pin=U8_X--2
Added Net: Name=GND_X-
Added Pin To Net: NetName=GND_Y+ Pin=C1_Y+-2
Added Pin To Net: NetName=GND_Y+ Pin=C2_Y+-2
Added Pin To Net: NetName=GND_Y+ Pin=C4_Y+-2
Added Pin To Net: NetName=GND_Y+ Pin=C5_Y+-2
Added Pin To Net: NetName=GND_Y+ Pin=C6_Y+-2
Added Pin To Net: NetName=GND_Y+ Pin=C7_Y+-2
Added Pin To Net: NetName=GND_Y+ Pin=C8_Y+-1
Added Pin To Net: NetName=GND_Y+ Pin=R3_Y+-1
Added Pin To Net: NetName=GND_Y+ Pin=R6_Y+-1
Added Pin To Net: NetName=GND_Y+ Pin=U1_Y+-4
Added Pin To Net: NetName=GND_Y+ Pin=U8_Y+-1
Added Pin To Net: NetName=GND_Y+ Pin=U8_Y+-2
Added Net: Name=GND_Y+
Added Pin To Net: NetName=GND_Y- Pin=C1_Y--2
Added Pin To Net: NetName=GND_Y- Pin=C2_Y--2
Added Pin To Net: NetName=GND_Y- Pin=C4_Y--2
Added Pin To Net: NetName=GND_Y- Pin=C5_Y--2
Added Pin To Net: NetName=GND_Y- Pin=C6_Y--2
Added Pin To Net: NetName=GND_Y- Pin=C7_Y--2
Added Pin To Net: NetName=GND_Y- Pin=C8_Y--1
Added Pin To Net: NetName=GND_Y- Pin=R3_Y--1
Added Pin To Net: NetName=GND_Y- Pin=R6_Y--1
Added Pin To Net: NetName=GND_Y- Pin=U1_Y--4
Added Pin To Net: NetName=GND_Y- Pin=U8_Y--1
Added Pin To Net: NetName=GND_Y- Pin=U8_Y--2
Added Net: Name=GND_Y-
Added Pin To Net: NetName=GND_Z+ Pin=C1_Z+-2
Added Pin To Net: NetName=GND_Z+ Pin=C2_Z+-2
Added Pin To Net: NetName=GND_Z+ Pin=C4_Z+-2
Added Pin To Net: NetName=GND_Z+ Pin=C5_Z+-2
Added Pin To Net: NetName=GND_Z+ Pin=C6_Z+-2
Added Pin To Net: NetName=GND_Z+ Pin=C7_Z+-2
Added Pin To Net: NetName=GND_Z+ Pin=C8_Z+-1
Added Pin To Net: NetName=GND_Z+ Pin=R3_Z+-1
Added Pin To Net: NetName=GND_Z+ Pin=R6_Z+-1
Added Pin To Net: NetName=GND_Z+ Pin=U1_Z+-4
Added Pin To Net: NetName=GND_Z+ Pin=U8_Z+-1
Added Pin To Net: NetName=GND_Z+ Pin=U8_Z+-2
Added Net: Name=GND_Z+
Added Pin To Net: NetName=GND_Z- Pin=C1_Z--2
Added Pin To Net: NetName=GND_Z- Pin=C2_Z--2
Added Pin To Net: NetName=GND_Z- Pin=C4_Z--2
Added Pin To Net: NetName=GND_Z- Pin=C5_Z--2
Added Pin To Net: NetName=GND_Z- Pin=C6_Z--2
Added Pin To Net: NetName=GND_Z- Pin=C7_Z--2
Added Pin To Net: NetName=GND_Z- Pin=C8_Z--1
Added Pin To Net: NetName=GND_Z- Pin=R3_Z--1
Added Pin To Net: NetName=GND_Z- Pin=R6_Z--1
Added Pin To Net: NetName=GND_Z- Pin=U1_Z--4
Added Pin To Net: NetName=GND_Z- Pin=U8_Z--1
Added Pin To Net: NetName=GND_Z- Pin=U8_Z--2
Added Net: Name=GND_Z-
Added Pin To Net: NetName=I2C_SCL Pin=R19-2
Added Net: Name=I2C_SCL
Added Pin To Net: NetName=I2C_SDA Pin=R20-2
Added Net: Name=I2C_SDA
Added Pin To Net: NetName=NetC14_1 Pin=C14-1
Added Pin To Net: NetName=NetC14_1 Pin=U2-27
Added Net: Name=NetC14_1
Added Pin To Net: NetName=NetC28_1 Pin=C28-1
Added Pin To Net: NetName=NetC28_1 Pin=U2-26
Added Net: Name=NetC28_1
Added Pin To Net: NetName=NetC31_2 Pin=C31-2
Added Pin To Net: NetName=NetC31_2 Pin=R31-2
Added Pin To Net: NetName=NetC31_2 Pin=U3-17
Added Net: Name=NetC31_2
Added Pin To Net: NetName=NetC32_2 Pin=C32-2
Added Pin To Net: NetName=NetC32_2 Pin=R32-2
Added Pin To Net: NetName=NetC32_2 Pin=U6-17
Added Net: Name=NetC32_2
Added Pin To Net: NetName=NetLED1_1 Pin=LED1-1
Added Pin To Net: NetName=NetLED1_1 Pin=R4-1
Added Net: Name=NetLED1_1
Added Pin To Net: NetName=NetLED2_1 Pin=LED2-1
Added Pin To Net: NetName=NetLED2_1 Pin=R15-1
Added Net: Name=NetLED2_1
Added Pin To Net: NetName=NetLED3_1 Pin=LED3-1
Added Pin To Net: NetName=NetLED3_1 Pin=R22-1
Added Net: Name=NetLED3_1
Added Pin To Net: NetName=NetLED4_1 Pin=LED4-1
Added Pin To Net: NetName=NetLED4_1 Pin=R27-1
Added Net: Name=NetLED4_1
Added Pin To Net: NetName=NetLED5_1 Pin=LED5-1
Added Pin To Net: NetName=NetLED5_1 Pin=R28-1
Added Net: Name=NetLED5_1
Added Pin To Net: NetName=NetLED6_1 Pin=LED6-1
Added Pin To Net: NetName=NetLED6_1 Pin=R29-1
Added Net: Name=NetLED6_1
Added Pin To Net: NetName=NetLED7_1 Pin=LED7-1
Added Pin To Net: NetName=NetLED7_1 Pin=R30-1
Added Net: Name=NetLED7_1
Added Pin To Net: NetName=NetLED8_1 Pin=LED8-1
Added Pin To Net: NetName=NetLED8_1 Pin=R36-1
Added Net: Name=NetLED8_1
Added Pin To Net: NetName=NetLED9_1 Pin=LED9-1
Added Pin To Net: NetName=NetLED9_1 Pin=R37-1
Added Net: Name=NetLED9_1
Added Pin To Net: NetName=NetLED10_1 Pin=LED10-1
Added Pin To Net: NetName=NetLED10_1 Pin=R38-1
Added Net: Name=NetLED10_1
Added Pin To Net: NetName=NetR8_2 Pin=R8-2
Added Pin To Net: NetName=NetR8_2 Pin=R14-2
Added Net: Name=NetR8_2
Added Pin To Net: NetName=NetR31_1 Pin=R31-1
Added Pin To Net: NetName=NetR31_1 Pin=U3-18
Added Net: Name=NetR31_1
Added Pin To Net: NetName=NetR32_1 Pin=R32-1
Added Pin To Net: NetName=NetR32_1 Pin=U6-18
Added Net: Name=NetR32_1
Added Pin To Net: NetName=NetR?_2 Pin=R?-2
Added Pin To Net: NetName=NetR?_2 Pin=U13-13
Added Net: Name=NetR?_2
Added Pin To Net: NetName=NetU1_X+_6 Pin=U1_X+-6
Added Pin To Net: NetName=NetU1_X+_6 Pin=U5-1
Added Net: Name=NetU1_X+_6
Added Pin To Net: NetName=NetU1_X-_6 Pin=U1_X--6
Added Pin To Net: NetName=NetU1_X-_6 Pin=U9-1
Added Net: Name=NetU1_X-_6
Added Pin To Net: NetName=NetU1_Y+_6 Pin=U1_Y+-6
Added Pin To Net: NetName=NetU1_Y+_6 Pin=U5-4
Added Net: Name=NetU1_Y+_6
Added Pin To Net: NetName=NetU1_Y-_6 Pin=U1_Y--6
Added Pin To Net: NetName=NetU1_Y-_6 Pin=U9-4
Added Net: Name=NetU1_Y-_6
Added Pin To Net: NetName=NetU1_Z+_6 Pin=U1_Z+-6
Added Pin To Net: NetName=NetU1_Z+_6 Pin=U5-10
Added Net: Name=NetU1_Z+_6
Added Pin To Net: NetName=NetU1_Z-_6 Pin=U1_Z--6
Added Pin To Net: NetName=NetU1_Z-_6 Pin=U9-10
Added Net: Name=NetU1_Z-_6
Added Pin To Net: NetName=PANEL_X+ Pin=D1_X+-1
Added Pin To Net: NetName=PANEL_X+ Pin=D1_X+-1
Added Pin To Net: NetName=PANEL_X+ Pin=PANEL_X+-1
Added Pin To Net: NetName=PANEL_X+ Pin=R2_X+-2
Added Net: Name=PANEL_X+
Added Pin To Net: NetName=PANEL_X- Pin=D1_X--1
Added Pin To Net: NetName=PANEL_X- Pin=D1_X--1
Added Pin To Net: NetName=PANEL_X- Pin=PANEL_X--1
Added Pin To Net: NetName=PANEL_X- Pin=R2_X--2
Added Net: Name=PANEL_X-
Added Pin To Net: NetName=PANEL_Y+ Pin=D1_Y+-1
Added Pin To Net: NetName=PANEL_Y+ Pin=D1_Y+-1
Added Pin To Net: NetName=PANEL_Y+ Pin=PANEL_Y+-1
Added Pin To Net: NetName=PANEL_Y+ Pin=R2_Y+-2
Added Net: Name=PANEL_Y+
Added Pin To Net: NetName=PANEL_Y- Pin=D1_Y--1
Added Pin To Net: NetName=PANEL_Y- Pin=D1_Y--1
Added Pin To Net: NetName=PANEL_Y- Pin=PANEL_Y--1
Added Pin To Net: NetName=PANEL_Y- Pin=R2_Y--2
Added Net: Name=PANEL_Y-
Added Pin To Net: NetName=PANEL_Z+ Pin=D1_Z+-1
Added Pin To Net: NetName=PANEL_Z+ Pin=D1_Z+-1
Added Pin To Net: NetName=PANEL_Z+ Pin=PANEL_Z+-1
Added Pin To Net: NetName=PANEL_Z+ Pin=R2_Z+-2
Added Net: Name=PANEL_Z+
Added Pin To Net: NetName=PANEL_Z- Pin=D1_Z--1
Added Pin To Net: NetName=PANEL_Z- Pin=D1_Z--1
Added Pin To Net: NetName=PANEL_Z- Pin=PANEL_Z--1
Added Pin To Net: NetName=PANEL_Z- Pin=R2_Z--2
Added Net: Name=PANEL_Z-
Added Net: Name=SYNC_EN
Added Pin To Net: NetName=TELM_SCL_5V Pin=TELM-2
Added Pin To Net: NetName=TELM_SCL_5V Pin=U2-5
Added Net: Name=TELM_SCL_5V
Added Pin To Net: NetName=TELM_SDA_5V Pin=TELM-3
Added Pin To Net: NetName=TELM_SDA_5V Pin=U2-9
Added Net: Name=TELM_SDA_5V
Added Pin To Net: NetName=TSENSE_BAT_TELM Pin=U2-21
Added Pin To Net: NetName=TSENSE_BAT_TELM Pin=U2-23
Added Net: Name=TSENSE_BAT_TELM
Added Pin To Net: NetName=TSENSE_BAT Pin=R9-2
Added Pin To Net: NetName=TSENSE_BAT Pin=U13-14
Added Net: Name=TSENSE_BAT
Added Pin To Net: NetName=UART_RXD Pin=FLATSAT-11
Added Pin To Net: NetName=UART_RXD Pin=FTDI-3
Added Net: Name=UART_RXD
Added Pin To Net: NetName=UART_TXD Pin=FLATSAT-13
Added Pin To Net: NetName=UART_TXD Pin=FTDI-2
Added Net: Name=UART_TXD
Added Class: Name=POWR0010_BCR_TESTBOARD
Added Class: Name=U_POWR0008_BCR_System
Added Class: Name=U_TELM0011_BCR_Telemetry
Added Member To Class: ClassName=X+ Member=Component C1_X+ (C1) Cap
Added Member To Class: ClassName=X- Member=Component C1_X- (C1) Cap
Added Member To Class: ClassName=Y+ Member=Component C1_Y+ (C1) Cap
Added Member To Class: ClassName=Y- Member=Component C1_Y- (C1) Cap
Added Member To Class: ClassName=Z+ Member=Component C1_Z+ (C1) Cap
Added Member To Class: ClassName=Z- Member=Component C1_Z- (C1) Cap
Added Member To Class: ClassName=X+ Member=Component C2_X+ (C2) Cap
Added Member To Class: ClassName=X- Member=Component C2_X- (C2) Cap
Added Member To Class: ClassName=Y+ Member=Component C2_Y+ (C2) Cap
Added Member To Class: ClassName=Y- Member=Component C2_Y- (C2) Cap
Added Member To Class: ClassName=Z+ Member=Component C2_Z+ (C2) Cap
Added Member To Class: ClassName=Z- Member=Component C2_Z- (C2) Cap
Added Member To Class: ClassName=X+ Member=Component C3_X+ (C3) Cap
Added Member To Class: ClassName=X- Member=Component C3_X- (C3) Cap
Added Member To Class: ClassName=Y+ Member=Component C3_Y+ (C3) Cap
Added Member To Class: ClassName=Y- Member=Component C3_Y- (C3) Cap
Added Member To Class: ClassName=Z+ Member=Component C3_Z+ (C3) Cap
Added Member To Class: ClassName=Z- Member=Component C3_Z- (C3) Cap
Added Member To Class: ClassName=X+ Member=Component C4_X+ (C4) Cap
Added Member To Class: ClassName=X- Member=Component C4_X- (C4) Cap
Added Member To Class: ClassName=Y+ Member=Component C4_Y+ (C4) Cap
Added Member To Class: ClassName=Y- Member=Component C4_Y- (C4) Cap
Added Member To Class: ClassName=Z+ Member=Component C4_Z+ (C4) Cap
Added Member To Class: ClassName=Z- Member=Component C4_Z- (C4) Cap
Added Member To Class: ClassName=X+ Member=Component C5_X+ (C5) Cap
Added Member To Class: ClassName=X- Member=Component C5_X- (C5) Cap
Added Member To Class: ClassName=Y+ Member=Component C5_Y+ (C5) Cap
Added Member To Class: ClassName=Y- Member=Component C5_Y- (C5) Cap
Added Member To Class: ClassName=Z+ Member=Component C5_Z+ (C5) Cap
Added Member To Class: ClassName=Z- Member=Component C5_Z- (C5) Cap
Added Member To Class: ClassName=X+ Member=Component C6_X+ (C6) Cap
Added Member To Class: ClassName=X- Member=Component C6_X- (C6) Cap
Added Member To Class: ClassName=Y+ Member=Component C6_Y+ (C6) Cap
Added Member To Class: ClassName=Y- Member=Component C6_Y- (C6) Cap
Added Member To Class: ClassName=Z+ Member=Component C6_Z+ (C6) Cap
Added Member To Class: ClassName=Z- Member=Component C6_Z- (C6) Cap
Added Member To Class: ClassName=X+ Member=Component C7_X+ (C7) Cap
Added Member To Class: ClassName=X- Member=Component C7_X- (C7) Cap
Added Member To Class: ClassName=Y+ Member=Component C7_Y+ (C7) Cap
Added Member To Class: ClassName=Y- Member=Component C7_Y- (C7) Cap
Added Member To Class: ClassName=Z+ Member=Component C7_Z+ (C7) Cap
Added Member To Class: ClassName=Z- Member=Component C7_Z- (C7) Cap
Added Member To Class: ClassName=X+ Member=Component C8_X+ (C8) Cap
Added Member To Class: ClassName=X- Member=Component C8_X- (C8) Cap
Added Member To Class: ClassName=Y+ Member=Component C8_Y+ (C8) Cap
Added Member To Class: ClassName=Y- Member=Component C8_Y- (C8) Cap
Added Member To Class: ClassName=Z+ Member=Component C8_Z+ (C8) Cap
Added Member To Class: ClassName=Z- Member=Component C8_Z- (C8) Cap
Added Member To Class: ClassName=X+ Member=Component D1_X+ (D1) MBRD340G
Added Member To Class: ClassName=X- Member=Component D1_X- (D1) MBRD340G
Added Member To Class: ClassName=Y+ Member=Component D1_Y+ (D1) MBRD340G
Added Member To Class: ClassName=Y- Member=Component D1_Y- (D1) MBRD340G
Added Member To Class: ClassName=Z+ Member=Component D1_Z+ (D1) MBRD340G
Added Member To Class: ClassName=Z- Member=Component D1_Z- (D1) MBRD340G
Added Member To Class: ClassName=X+ Member=Component D2_X+ (D2) MBRD340G
Added Member To Class: ClassName=X- Member=Component D2_X- (D2) MBRD340G
Added Member To Class: ClassName=Y+ Member=Component D2_Y+ (D2) MBRD340G
Added Member To Class: ClassName=Y- Member=Component D2_Y- (D2) MBRD340G
Added Member To Class: ClassName=Z+ Member=Component D2_Z+ (D2) MBRD340G
Added Member To Class: ClassName=Z- Member=Component D2_Z- (D2) MBRD340G
Added Member To Class: ClassName=X+ Member=Component L1_X+ (L1A) DRQ125 Dual Inductor
Added Member To Class: ClassName=X- Member=Component L1_X- (L1A) DRQ125 Dual Inductor
Added Member To Class: ClassName=Y+ Member=Component L1_Y+ (L1A) DRQ125 Dual Inductor
Added Member To Class: ClassName=Y- Member=Component L1_Y- (L1A) DRQ125 Dual Inductor
Added Member To Class: ClassName=Z+ Member=Component L1_Z+ (L1A) DRQ125 Dual Inductor
Added Member To Class: ClassName=Z- Member=Component L1_Z- (L1A) DRQ125 Dual Inductor
Added Member To Class: ClassName=X+ Member=Component R1_X+ (R1) Res1
Added Member To Class: ClassName=X- Member=Component R1_X- (R1) Res1
Added Member To Class: ClassName=Y+ Member=Component R1_Y+ (R1) Res1
Added Member To Class: ClassName=Y- Member=Component R1_Y- (R1) Res1
Added Member To Class: ClassName=Z+ Member=Component R1_Z+ (R1) Res1
Added Member To Class: ClassName=Z- Member=Component R1_Z- (R1) Res1
Added Member To Class: ClassName=X+ Member=Component R2_X+ (R2) Res1
Added Member To Class: ClassName=X- Member=Component R2_X- (R2) Res1
Added Member To Class: ClassName=Y+ Member=Component R2_Y+ (R2) Res1
Added Member To Class: ClassName=Y- Member=Component R2_Y- (R2) Res1
Added Member To Class: ClassName=Z+ Member=Component R2_Z+ (R2) Res1
Added Member To Class: ClassName=Z- Member=Component R2_Z- (R2) Res1
Added Member To Class: ClassName=X+ Member=Component R3_X+ (R3) Res1
Added Member To Class: ClassName=X- Member=Component R3_X- (R3) Res1
Added Member To Class: ClassName=Y+ Member=Component R3_Y+ (R3) Res1
Added Member To Class: ClassName=Y- Member=Component R3_Y- (R3) Res1
Added Member To Class: ClassName=Z+ Member=Component R3_Z+ (R3) Res1
Added Member To Class: ClassName=Z- Member=Component R3_Z- (R3) Res1
Added Member To Class: ClassName=X+ Member=Component R5_X+ (R5) Res1
Added Member To Class: ClassName=X- Member=Component R5_X- (R5) Res1
Added Member To Class: ClassName=Y+ Member=Component R5_Y+ (R5) Res1
Added Member To Class: ClassName=Y- Member=Component R5_Y- (R5) Res1
Added Member To Class: ClassName=Z+ Member=Component R5_Z+ (R5) Res1
Added Member To Class: ClassName=Z- Member=Component R5_Z- (R5) Res1
Added Member To Class: ClassName=X+ Member=Component R6_X+ (R6) Res1
Added Member To Class: ClassName=X- Member=Component R6_X- (R6) Res1
Added Member To Class: ClassName=Y+ Member=Component R6_Y+ (R6) Res1
Added Member To Class: ClassName=Y- Member=Component R6_Y- (R6) Res1
Added Member To Class: ClassName=Z+ Member=Component R6_Z+ (R6) Res1
Added Member To Class: ClassName=Z- Member=Component R6_Z- (R6) Res1
Added Member To Class: ClassName=X+ Member=Component R7_X+ (R7) Res1
Added Member To Class: ClassName=X- Member=Component R7_X- (R7) Res1
Added Member To Class: ClassName=Y+ Member=Component R7_Y+ (R7) Res1
Added Member To Class: ClassName=Y- Member=Component R7_Y- (R7) Res1
Added Member To Class: ClassName=Z+ Member=Component R7_Z+ (R7) Res1
Added Member To Class: ClassName=Z- Member=Component R7_Z- (R7) Res1
Added Member To Class: ClassName=X+ Member=Component U1_X+ (U1) LT1513-2
Added Member To Class: ClassName=X- Member=Component U1_X- (U1) LT1513-2
Added Member To Class: ClassName=Y+ Member=Component U1_Y+ (U1) LT1513-2
Added Member To Class: ClassName=Y- Member=Component U1_Y- (U1) LT1513-2
Added Member To Class: ClassName=Z+ Member=Component U1_Z+ (U1) LT1513-2
Added Member To Class: ClassName=Z- Member=Component U1_Z- (U1) LT1513-2
Added Member To Class: ClassName=X+ Member=Component U8_X+ (U8) ADM4073
Added Member To Class: ClassName=X- Member=Component U8_X- (U8) ADM4073
Added Member To Class: ClassName=Y+ Member=Component U8_Y+ (U8) ADM4073
Added Member To Class: ClassName=Y- Member=Component U8_Y- (U8) ADM4073
Added Member To Class: ClassName=Z+ Member=Component U8_Z+ (U8) ADM4073
Added Member To Class: ClassName=Z- Member=Component U8_Z- (U8) ADM4073
Added Room: Name=POWR0010_BCR_TESTBOARD
Added Room: Name=U_POWR0008_BCR_System
Added Room: Name=U_TELM0011_BCR_Telemetry
Added Room: Name=X+
Added Room: Name=X-
Added Room: Name=Y+
Added Room: Name=Y-
Added Room: Name=Z+
Added Room: Name=Z-
