Removed Pin From Net: NetName=TSENSE_Z- Pin=U13-8
Removed Pin From Net: NetName=THERMO_Z- Pin=U13-9
Removed Pin From Net: NetName=THERMO_BAT Pin=U13-13
Removed Pin From Net: NetName=TSENSE_BAT Pin=U13-14
Added Component: Designator=U13(TSOP65P640-14AN)
Added Pin To Net: NetName=GND Pin=C1_X+-2
Added Pin To Net: NetName=GND Pin=C1_X--2
Added Pin To Net: NetName=GND Pin=C1_Y+-2
Added Pin To Net: NetName=GND Pin=C1_Y--2
Added Pin To Net: NetName=GND Pin=C1_Z+-2
Added Pin To Net: NetName=GND Pin=C1_Z--2
Added Pin To Net: NetName=GND Pin=C2_X+-2
Added Pin To Net: NetName=GND Pin=C2_X--2
Added Pin To Net: NetName=GND Pin=C2_Y+-2
Added Pin To Net: NetName=GND Pin=C2_Y--2
Added Pin To Net: NetName=GND Pin=C2_Z+-2
Added Pin To Net: NetName=GND Pin=C2_Z--2
Added Pin To Net: NetName=GND Pin=C4_X+-2
Added Pin To Net: NetName=GND Pin=C4_X--2
Added Pin To Net: NetName=GND Pin=C4_Y+-2
Added Pin To Net: NetName=GND Pin=C4_Y--2
Added Pin To Net: NetName=GND Pin=C4_Z+-2
Added Pin To Net: NetName=GND Pin=C4_Z--2
Added Pin To Net: NetName=GND Pin=C5_X+-2
Added Pin To Net: NetName=GND Pin=C5_X--2
Added Pin To Net: NetName=GND Pin=C5_Y+-2
Added Pin To Net: NetName=GND Pin=C5_Y--2
Added Pin To Net: NetName=GND Pin=C5_Z+-2
Added Pin To Net: NetName=GND Pin=C5_Z--2
Added Pin To Net: NetName=GND Pin=C6_X+-2
Added Pin To Net: NetName=GND Pin=C6_X--2
Added Pin To Net: NetName=GND Pin=C6_Y+-2
Added Pin To Net: NetName=GND Pin=C6_Y--2
Added Pin To Net: NetName=GND Pin=C6_Z+-2
Added Pin To Net: NetName=GND Pin=C6_Z--2
Added Pin To Net: NetName=GND Pin=C7_X+-2
Added Pin To Net: NetName=GND Pin=C7_X--2
Added Pin To Net: NetName=GND Pin=C7_Y+-2
Added Pin To Net: NetName=GND Pin=C7_Y--2
Added Pin To Net: NetName=GND Pin=C7_Z+-2
Added Pin To Net: NetName=GND Pin=C7_Z--2
Added Pin To Net: NetName=GND Pin=C8_X+-1
Added Pin To Net: NetName=GND Pin=C8_X--1
Added Pin To Net: NetName=GND Pin=C8_Y+-1
Added Pin To Net: NetName=GND Pin=C8_Y--1
Added Pin To Net: NetName=GND Pin=C8_Z+-1
Added Pin To Net: NetName=GND Pin=C8_Z--1
Added Pin To Net: NetName=GND Pin=C13-1
Added Pin To Net: NetName=5V0 Pin=C13-2
Added Pin To Net: NetName=GND Pin=C14-2
Added Pin To Net: NetName=GND Pin=C27-1
Added Pin To Net: NetName=5V0 Pin=C27-2
Added Pin To Net: NetName=GND Pin=C28-2
Added Pin To Net: NetName=GND Pin=R3_X+-1
Added Pin To Net: NetName=GND Pin=R3_X--1
Added Pin To Net: NetName=GND Pin=R3_Y+-1
Added Pin To Net: NetName=GND Pin=R3_Y--1
Added Pin To Net: NetName=GND Pin=R3_Z+-1
Added Pin To Net: NetName=GND Pin=R3_Z--1
Added Pin To Net: NetName=GND Pin=R6_X+-1
Added Pin To Net: NetName=GND Pin=R6_X--1
Added Pin To Net: NetName=GND Pin=R6_Y+-1
Added Pin To Net: NetName=GND Pin=R6_Y--1
Added Pin To Net: NetName=GND Pin=R6_Z+-1
Added Pin To Net: NetName=GND Pin=R6_Z--1
Added Pin To Net: NetName=5V0 Pin=R23-1
Added Pin To Net: NetName=5V0 Pin=R24-1
Added Pin To Net: NetName=5V0 Pin=R25-1
Added Pin To Net: NetName=5V0 Pin=R26-1
Added Pin To Net: NetName=5V0 Pin=R39-1
Added Pin To Net: NetName=5V0 Pin=R40-1
Added Pin To Net: NetName=5V0 Pin=R41-1
Added Pin To Net: NetName=5V0 Pin=R42-1
Added Pin To Net: NetName=GND Pin=U1_X+-4
Added Pin To Net: NetName=GND Pin=U1_X--4
Added Pin To Net: NetName=GND Pin=U1_Y+-4
Added Pin To Net: NetName=GND Pin=U1_Y--4
Added Pin To Net: NetName=GND Pin=U1_Z+-4
Added Pin To Net: NetName=GND Pin=U1_Z--4
Added Pin To Net: NetName=5V0 Pin=U2-1
Added Pin To Net: NetName=5V0 Pin=U2-2
Added Pin To Net: NetName=GND Pin=U2-3
Added Pin To Net: NetName=GND Pin=U2-6
Added Pin To Net: NetName=GND Pin=U2-10
Added Pin To Net: NetName=GND Pin=U2-12
Added Pin To Net: NetName=5V0 Pin=U2-13
Added Pin To Net: NetName=GND Pin=U2-14
Added Pin To Net: NetName=GND Pin=U8_X+-1
Added Pin To Net: NetName=GND Pin=U8_X+-2
Added Pin To Net: NetName=GND Pin=U8_X--1
Added Pin To Net: NetName=GND Pin=U8_X--2
Added Pin To Net: NetName=GND Pin=U8_Y+-1
Added Pin To Net: NetName=GND Pin=U8_Y+-2
Added Pin To Net: NetName=GND Pin=U8_Y--1
Added Pin To Net: NetName=GND Pin=U8_Y--2
Added Pin To Net: NetName=GND Pin=U8_Z+-1
Added Pin To Net: NetName=GND Pin=U8_Z+-2
Added Pin To Net: NetName=GND Pin=U8_Z--1
Added Pin To Net: NetName=GND Pin=U8_Z--2
Added Pin To Net: NetName=5V0 Pin=U13-3
Added Pin To Net: NetName=5V0 Pin=U13-4
Added Pin To Net: NetName=5V0 Pin=U13-5
Added Pin To Net: NetName=TSENSE_Z+ Pin=U13-8
Added Pin To Net: NetName=TSENSE_Z- Pin=U13-8
Added Pin To Net: NetName=THERMO_Z+ Pin=U13-9
Added Pin To Net: NetName=THERMO_Z- Pin=U13-9
Added Pin To Net: NetName=5V0 Pin=U13-10
Added Pin To Net: NetName=5V0 Pin=U13-10
Added Pin To Net: NetName=GND Pin=U13-11
Added Pin To Net: NetName=5V0 Pin=U13-12
Added Pin To Net: NetName=5V0 Pin=U13-12
Added Pin To Net: NetName=NetR42_2 Pin=U13-13
Added Pin To Net: NetName=THERMO_BAT Pin=U13-13
Added Pin To Net: NetName=TSENSE_BAT Pin=U13-14
Added Pin To Net: NetName=5V0 Pin=U14-3
Added Pin To Net: NetName=5V0 Pin=U14-5
