Added Component: Designator=3V3_EXT(SCREW2)
Added Component: Designator=5V0_EXT(SCREW2)
Added Component: Designator=BATTERY(SCREW2)
Added Component: Designator=C10(CAPC2012M)
Added Component: Designator=C12(CAPC2012M)
Added Component: Designator=C13(CAPC2012M)
Added Component: Designator=C14(CAPC2012M)
Added Component: Designator=C17(CAPC2012M)
Added Component: Designator=C18(CAPC2012M)
Added Component: Designator=C19(CAPC2012M)
Added Component: Designator=C20(CAPC2012M)
Added Component: Designator=C21(CAPC2012M)
Added Component: Designator=C22(CAPC2012M)
Added Component: Designator=C23(CAPC2012M)
Added Component: Designator=C24(CAPC2012M)
Added Component: Designator=C26(CAPC2012M)
Added Component: Designator=C27(CAPC2012M)
Added Component: Designator=C28(CAPC2012M)
Added Component: Designator=C36(CAPC2012M)
Added Component: Designator=C37(CAPC2012M)
Added Component: Designator=C38(CAPC2012M)
Added Component: Designator=C39(CAPC2012M)
Added Component: Designator=C40(CAPC2012M)
Added Component: Designator=C41(CAPC2012M)
Added Component: Designator=C42(CAPC2012M)
Added Component: Designator=C43(CAPC2012M)
Added Component: Designator=FB1(RESC2012M)
Added Component: Designator=FLATSAT(HDR2X8)
Added Component: Designator=FTDI(HDR1X6)
Added Component: Designator=ICSP(HDR2X3)
Added Component: Designator=LED1(6-0805_M)
Added Component: Designator=LED2(6-0805_M)
Added Component: Designator=LED3(6-0805_M)
Added Component: Designator=LED4(6-0805_M)
Added Component: Designator=LED5(6-0805_M)
Added Component: Designator=LED6(6-0805_M)
Added Component: Designator=LED7(6-0805_M)
Added Component: Designator=LED8(6-0805_M)
Added Component: Designator=LED9(6-0805_M)
Added Component: Designator=LED10(6-0805_M)
Added Component: Designator=LOAD(SCREW2)
Added Component: Designator=PANEL_X+(SCREW3)
Added Component: Designator=PANEL_X-(SCREW3)
Added Component: Designator=PANEL_Y+(SCREW3)
Added Component: Designator=PANEL_Y-(SCREW3)
Added Component: Designator=PANEL_Z+(SCREW3)
Added Component: Designator=PANEL_Z-(SCREW3)
Added Component: Designator=R4(RESC2012M)
Added Component: Designator=R8(RESC2012M)
Added Component: Designator=R11(RESC2012M)
Added Component: Designator=R12(RESC2012M)
Added Component: Designator=R13(RESC2012M)
Added Component: Designator=R14(RESC2012M)
Added Component: Designator=R15(RESC2012M)
Added Component: Designator=R16(RESC2012M)
Added Component: Designator=R17(RESC2012M)
Added Component: Designator=R18(RESC2012M)
Added Component: Designator=R19(RESC2012M)
Added Component: Designator=R20(RESC2012M)
Added Component: Designator=R22(RESC2012M)
Added Component: Designator=R23(RESC2012M)
Added Component: Designator=R24(RESC2012M)
Added Component: Designator=R25(RESC2012M)
Added Component: Designator=R26(RESC2012M)
Added Component: Designator=R27(RESC2012M)
Added Component: Designator=R28(RESC2012M)
Added Component: Designator=R29(RESC2012M)
Added Component: Designator=R30(RESC2012M)
Added Component: Designator=R36(RESC2012M)
Added Component: Designator=R37(RESC2012M)
Added Component: Designator=R38(RESC2012M)
Added Component: Designator=R39(RESC2012M)
Added Component: Designator=R40(RESC2012M)
Added Component: Designator=R41(RESC2012M)
Added Component: Designator=R42(RESC2012M)
Added Component: Designator=TELM(HDR1X4)
Added Component: Designator=THERMO_BAT(SCREW2)
Added Component: Designator=U2(SSOP28 - MAX127)
Added Component: Designator=U4(SOT26A-6L)
Added Component: Designator=U5(TSOP65P640-14AN)
Added Component: Designator=U6(64A_N)
Added Component: Designator=U7(SOP635P600-16N)
Added Component: Designator=U8(SOT26A-6N)
Added Component: Designator=U9(TSOP65P640-14AN)
Added Component: Designator=U10(MF05A_N)
Added Component: Designator=U11(SOT26A-6N)
Added Component: Designator=U13(TSOP65P640-14AN)
Added Component: Designator=U13(TSOP65P640-14AN)
Added Component: Designator=U14(TSOP65P640-14AN)
Added Component: Designator=X1(Crystal Oscillator 5x7mm)
Added Pin To Net: NetName=3V3 Pin=3V3_EXT-1
Added Pin To Net: NetName=GND Pin=3V3_EXT-2
Added Pin To Net: NetName=5V0 Pin=5V0_EXT-1
Added Pin To Net: NetName=GND Pin=5V0_EXT-2
Added Pin To Net: NetName=BAT Pin=BATTERY-1
Added Pin To Net: NetName=GND Pin=BATTERY-2
Added Pin To Net: NetName=3V3 Pin=C10-1
Added Pin To Net: NetName=GND Pin=C10-2
Added Pin To Net: NetName=GND Pin=C12-1
Added Pin To Net: NetName=3V3 Pin=C12-2
Added Pin To Net: NetName=GND Pin=C13-1
Added Pin To Net: NetName=5V0 Pin=C13-2
Added Pin To Net: NetName=NetC14_1 Pin=C14-1
Added Pin To Net: NetName=GND Pin=C14-2
Added Pin To Net: NetName=GND Pin=C17-1
Added Pin To Net: NetName=3V3 Pin=C17-2
Added Pin To Net: NetName=GND Pin=C18-1
Added Pin To Net: NetName=3V3 Pin=C18-2
Added Pin To Net: NetName=3V3 Pin=C19-1
Added Pin To Net: NetName=GND Pin=C19-2
Added Pin To Net: NetName=3V3 Pin=C20-1
Added Pin To Net: NetName=GND Pin=C20-2
Added Pin To Net: NetName=GND Pin=C21-1
Added Pin To Net: NetName=VREF Pin=C21-2
Added Pin To Net: NetName=GND Pin=C22-1
Added Pin To Net: NetName=NetC22_2 Pin=C22-2
Added Pin To Net: NetName=GND Pin=C23-2
Added Pin To Net: NetName=DTR Pin=C24-1
Added Pin To Net: NetName=R\E\S\E\T\ Pin=C24-2
Added Pin To Net: NetName=GND Pin=C26-1
Added Pin To Net: NetName=VREF Pin=C26-2
Added Pin To Net: NetName=GND Pin=C27-1
Added Pin To Net: NetName=5V0 Pin=C27-2
Added Pin To Net: NetName=NetC28_1 Pin=C28-1
Added Pin To Net: NetName=GND Pin=C28-2
Added Pin To Net: NetName=GND Pin=C36-1
Added Pin To Net: NetName=3V3 Pin=C36-2
Added Pin To Net: NetName=GND Pin=C37-1
Added Pin To Net: NetName=3V3 Pin=C37-2
Added Pin To Net: NetName=GND Pin=C38-1
Added Pin To Net: NetName=3V3 Pin=C38-2
Added Pin To Net: NetName=GND Pin=C39-1
Added Pin To Net: NetName=3V3 Pin=C39-2
Added Pin To Net: NetName=GND Pin=C40-1
Added Pin To Net: NetName=3V3 Pin=C40-2
Added Pin To Net: NetName=GND Pin=C41-1
Added Pin To Net: NetName=3V3 Pin=C41-2
Added Pin To Net: NetName=GND Pin=C42-1
Added Pin To Net: NetName=3V3 Pin=C42-2
Added Pin To Net: NetName=GND Pin=C43-1
Added Pin To Net: NetName=3V3 Pin=C43-2
Added Pin To Net: NetName=NetC6_X+_1 Pin=FB1-1
Added Pin To Net: NetName=3V3 Pin=FLATSAT-1
Added Pin To Net: NetName=5V0 Pin=FLATSAT-2
Added Pin To Net: NetName=3V3 Pin=FLATSAT-3
Added Pin To Net: NetName=5V0 Pin=FLATSAT-4
Added Pin To Net: NetName=3V3 Pin=FLATSAT-5
Added Pin To Net: NetName=GND Pin=FLATSAT-6
Added Pin To Net: NetName=BCR_SCL Pin=FLATSAT-7
Added Pin To Net: NetName=GND Pin=FLATSAT-8
Added Pin To Net: NetName=BCR_SDA Pin=FLATSAT-9
Added Pin To Net: NetName=GND Pin=FLATSAT-10
Added Pin To Net: NetName=UART_RXD Pin=FLATSAT-11
Added Pin To Net: NetName=GND Pin=FLATSAT-12
Added Pin To Net: NetName=UART_TXD Pin=FLATSAT-13
Added Pin To Net: NetName=GND Pin=FLATSAT-14
Added Pin To Net: NetName=R\E\S\E\T\ Pin=FLATSAT-15
Added Pin To Net: NetName=GND Pin=FLATSAT-16
Added Pin To Net: NetName=DTR Pin=FTDI-1
Added Pin To Net: NetName=UART_TXD Pin=FTDI-2
Added Pin To Net: NetName=UART_RXD Pin=FTDI-3
Added Pin To Net: NetName=3V3 Pin=FTDI-4
Added Pin To Net: NetName=GND Pin=FTDI-5
Added Pin To Net: NetName=GND Pin=FTDI-6
Added Pin To Net: NetName=3V3 Pin=ICSP-2
Added Pin To Net: NetName=R\E\S\E\T\ Pin=ICSP-5
Added Pin To Net: NetName=GND Pin=ICSP-6
Added Pin To Net: NetName=NetLED1_1 Pin=LED1-1
Added Pin To Net: NetName=GND Pin=LED1-2
Added Pin To Net: NetName=NetLED2_1 Pin=LED2-1
Added Pin To Net: NetName=GND Pin=LED2-2
Added Pin To Net: NetName=NetLED3_1 Pin=LED3-1
Added Pin To Net: NetName=GND Pin=LED3-2
Added Pin To Net: NetName=NetLED4_1 Pin=LED4-1
Added Pin To Net: NetName=GND Pin=LED4-2
Added Pin To Net: NetName=NetLED5_1 Pin=LED5-1
Added Pin To Net: NetName=GND Pin=LED5-2
Added Pin To Net: NetName=NetLED6_1 Pin=LED6-1
Added Pin To Net: NetName=GND Pin=LED6-2
Added Pin To Net: NetName=NetLED7_1 Pin=LED7-1
Added Pin To Net: NetName=GND Pin=LED7-2
Added Pin To Net: NetName=NetLED8_1 Pin=LED8-1
Added Pin To Net: NetName=GND Pin=LED8-2
Added Pin To Net: NetName=NetLED9_1 Pin=LED9-1
Added Pin To Net: NetName=GND Pin=LED9-2
Added Pin To Net: NetName=NetLED10_1 Pin=LED10-1
Added Pin To Net: NetName=GND Pin=LED10-2
Added Pin To Net: NetName=LOAD Pin=LOAD-1
Added Pin To Net: NetName=GND Pin=LOAD-2
Added Pin To Net: NetName=PANEL_X+ Pin=PANEL_X+-1
Added Pin To Net: NetName=GND Pin=PANEL_X+-2
Added Pin To Net: NetName=THERMO_X+ Pin=PANEL_X+-3
Added Pin To Net: NetName=PANEL_X- Pin=PANEL_X--1
Added Pin To Net: NetName=GND Pin=PANEL_X--2
Added Pin To Net: NetName=THERMO_X- Pin=PANEL_X--3
Added Pin To Net: NetName=PANEL_Y+ Pin=PANEL_Y+-1
Added Pin To Net: NetName=GND Pin=PANEL_Y+-2
Added Pin To Net: NetName=THERMO_Y+ Pin=PANEL_Y+-3
Added Pin To Net: NetName=PANEL_Y- Pin=PANEL_Y--1
Added Pin To Net: NetName=GND Pin=PANEL_Y--2
Added Pin To Net: NetName=THERMO_Y- Pin=PANEL_Y--3
Added Pin To Net: NetName=PANEL_Z+ Pin=PANEL_Z+-1
Added Pin To Net: NetName=GND Pin=PANEL_Z+-2
Added Pin To Net: NetName=THERMO_Z+ Pin=PANEL_Z+-3
Added Pin To Net: NetName=PANEL_Z- Pin=PANEL_Z--1
Added Pin To Net: NetName=GND Pin=PANEL_Z--2
Added Pin To Net: NetName=THERMO_Z- Pin=PANEL_Z--3
Added Pin To Net: NetName=NetLED1_1 Pin=R4-1
Added Pin To Net: NetName=SHDNZ- Pin=R4-2
Added Pin To Net: NetName=3V3 Pin=R8-1
Added Pin To Net: NetName=NetR8_2 Pin=R8-2
Added Pin To Net: NetName=BAT Pin=R11-2
Added Pin To Net: NetName=BAT Pin=R12-1
Added Pin To Net: NetName=VSENSE_BAT Pin=R12-2
Added Pin To Net: NetName=VSENSE_BAT Pin=R13-1
Added Pin To Net: NetName=GND Pin=R13-2
Added Pin To Net: NetName=GND Pin=R14-1
Added Pin To Net: NetName=NetR8_2 Pin=R14-2
Added Pin To Net: NetName=NetLED2_1 Pin=R15-1
Added Pin To Net: NetName=SHDNY- Pin=R15-2
Added Pin To Net: NetName=V_FB Pin=R16-1
Added Pin To Net: NetName=NetC6_X+_1 Pin=R16-2
Added Pin To Net: NetName=GND Pin=R17-1
Added Pin To Net: NetName=V_FB Pin=R17-2
Added Pin To Net: NetName=LOAD Pin=R18-1
Added Pin To Net: NetName=BAT Pin=R18-2
Added Pin To Net: NetName=3V3 Pin=R19-1
Added Pin To Net: NetName=I2C_SDA Pin=R19-2
Added Pin To Net: NetName=3V3 Pin=R20-1
Added Pin To Net: NetName=I2C_SCL Pin=R20-2
Added Pin To Net: NetName=NetLED3_1 Pin=R22-1
Added Pin To Net: NetName=SHDNX- Pin=R22-2
Added Pin To Net: NetName=5V0 Pin=R23-1
Added Pin To Net: NetName=THERMO_X+ Pin=R23-2
Added Pin To Net: NetName=5V0 Pin=R24-1
Added Pin To Net: NetName=THERMO_Y+ Pin=R24-2
Added Pin To Net: NetName=5V0 Pin=R25-1
Added Pin To Net: NetName=THERMO_Z+ Pin=R25-2
Added Pin To Net: NetName=5V0 Pin=R26-1
Added Pin To Net: NetName=THERMO_BAT Pin=R26-2
Added Pin To Net: NetName=NetLED4_1 Pin=R27-1
Added Pin To Net: NetName=SHDNZ+ Pin=R27-2
Added Pin To Net: NetName=NetLED5_1 Pin=R28-1
Added Pin To Net: NetName=SHDNY+ Pin=R28-2
Added Pin To Net: NetName=NetLED6_1 Pin=R29-1
Added Pin To Net: NetName=SHDNX+ Pin=R29-2
Added Pin To Net: NetName=NetLED7_1 Pin=R30-1
Added Pin To Net: NetName=3V3 Pin=R30-2
Added Pin To Net: NetName=NetLED8_1 Pin=R36-1
Added Pin To Net: NetName=5V0 Pin=R36-2
Added Pin To Net: NetName=NetLED9_1 Pin=R37-1
Added Pin To Net: NetName=LOAD Pin=R37-2
Added Pin To Net: NetName=NetLED10_1 Pin=R38-1
Added Pin To Net: NetName=BAT Pin=R38-2
Added Pin To Net: NetName=5V0 Pin=R39-1
Added Pin To Net: NetName=THERMO_X- Pin=R39-2
Added Pin To Net: NetName=5V0 Pin=R40-1
Added Pin To Net: NetName=THERMO_Y- Pin=R40-2
Added Pin To Net: NetName=5V0 Pin=R41-1
Added Pin To Net: NetName=THERMO_Z- Pin=R41-2
Added Pin To Net: NetName=5V0 Pin=R42-1
Added Pin To Net: NetName=NetR42_2 Pin=R42-2
Added Pin To Net: NetName=5V0 Pin=TELM-1
Added Pin To Net: NetName=TELM_SCL_5V Pin=TELM-2
Added Pin To Net: NetName=TELM_SDA_5V Pin=TELM-3
Added Pin To Net: NetName=GND Pin=TELM-4
Added Pin To Net: NetName=THERMO_BAT Pin=THERMO_BAT-1
Added Pin To Net: NetName=GND Pin=THERMO_BAT-2
Added Pin To Net: NetName=5V0 Pin=U2-1
Added Pin To Net: NetName=5V0 Pin=U2-2
Added Pin To Net: NetName=GND Pin=U2-3
Added Pin To Net: NetName=TELM_SCL_5V Pin=U2-5
Added Pin To Net: NetName=GND Pin=U2-6
Added Pin To Net: NetName=TELM_SDA_5V Pin=U2-9
Added Pin To Net: NetName=GND Pin=U2-10
Added Pin To Net: NetName=GND Pin=U2-12
Added Pin To Net: NetName=5V0 Pin=U2-13
Added Pin To Net: NetName=GND Pin=U2-14
Added Pin To Net: NetName=TSENSE_X+ Pin=U2-15
Added Pin To Net: NetName=TSENSE_Y+ Pin=U2-16
Added Pin To Net: NetName=TSENSE_Z+ Pin=U2-17
Added Pin To Net: NetName=TSENSE_X- Pin=U2-18
Added Pin To Net: NetName=TSENSE_Y- Pin=U2-19
Added Pin To Net: NetName=TSENSE_Z- Pin=U2-20
Added Pin To Net: NetName=TSENSE_BAT_TELM Pin=U2-21
Added Pin To Net: NetName=TSENSE_BAT_TELM Pin=U2-23
Added Pin To Net: NetName=NetC28_1 Pin=U2-26
Added Pin To Net: NetName=NetC14_1 Pin=U2-27
Added Pin To Net: NetName=SYNC_EN Pin=U4-1
Added Pin To Net: NetName=GND Pin=U4-2
Added Pin To Net: NetName=NetR8_2 Pin=U4-3
Added Pin To Net: NetName=GND Pin=U4-4
Added Pin To Net: NetName=3V3 Pin=U4-5
Added Pin To Net: NetName=F_SYNC Pin=U4-6
Added Pin To Net: NetName=NetU1_X+_6 Pin=U5-1
Added Pin To Net: NetName=F_SYNC Pin=U5-2
Added Pin To Net: NetName=SHDNX+ Pin=U5-3
Added Pin To Net: NetName=NetU1_Y+_6 Pin=U5-4
Added Pin To Net: NetName=F_SYNC Pin=U5-5
Added Pin To Net: NetName=SHDNY+ Pin=U5-6
Added Pin To Net: NetName=GND Pin=U5-7
Added Pin To Net: NetName=F_SYNC Pin=U5-8
Added Pin To Net: NetName=SHDNZ+ Pin=U5-9
Added Pin To Net: NetName=NetU1_Z+_6 Pin=U5-10
Added Pin To Net: NetName=GND Pin=U5-11
Added Pin To Net: NetName=GND Pin=U5-12
Added Pin To Net: NetName=3V3 Pin=U5-14
Added Pin To Net: NetName=ISENSE_Y+ Pin=U6-1
Added Pin To Net: NetName=ISENSE_Z+ Pin=U6-2
Added Pin To Net: NetName=ISENSE_X- Pin=U6-3
Added Pin To Net: NetName=ISENSE_Y- Pin=U6-4
Added Pin To Net: NetName=ISENSE_Z- Pin=U6-5
Added Pin To Net: NetName=ISENSE_BCR Pin=U6-6
Added Pin To Net: NetName=VSENSE_BAT Pin=U6-7
Added Pin To Net: NetName=VSENSE_X+ Pin=U6-8
Added Pin To Net: NetName=VSENSE_Y+ Pin=U6-9
Added Pin To Net: NetName=VSENSE_Z+ Pin=U6-10
Added Pin To Net: NetName=VSENSE_X- Pin=U6-11
Added Pin To Net: NetName=VSENSE_Y- Pin=U6-12
Added Pin To Net: NetName=VSENSE_Z- Pin=U6-13
Added Pin To Net: NetName=GND Pin=U6-14
Added Pin To Net: NetName=3V3 Pin=U6-15
Added Pin To Net: NetName=I2C_SDA Pin=U6-16
Added Pin To Net: NetName=I2C_SCL Pin=U6-17
Added Pin To Net: NetName=DAC_S\S\ Pin=U6-20
Added Pin To Net: NetName=GND Pin=U6-24
Added Pin To Net: NetName=3V3 Pin=U6-25
Added Pin To Net: NetName=SHDNX+ Pin=U6-26
Added Pin To Net: NetName=SHDNY+ Pin=U6-27
Added Pin To Net: NetName=SHDNZ+ Pin=U6-28
Added Pin To Net: NetName=SHDNX- Pin=U6-29
Added Pin To Net: NetName=SHDNY- Pin=U6-30
Added Pin To Net: NetName=SHDNZ- Pin=U6-31
Added Pin To Net: NetName=SYNC_EN Pin=U6-32
Added Pin To Net: NetName=GND Pin=U6-34
Added Pin To Net: NetName=3V3 Pin=U6-35
Added Pin To Net: NetName=UART_RXD Pin=U6-38
Added Pin To Net: NetName=UART_TXD Pin=U6-39
Added Pin To Net: NetName=GND Pin=U6-44
Added Pin To Net: NetName=3V3 Pin=U6-45
Added Pin To Net: NetName=GND Pin=U6-52
Added Pin To Net: NetName=3V3 Pin=U6-53
Added Pin To Net: NetName=R\E\S\E\T\ Pin=U6-57
Added Pin To Net: NetName=NetC22_2 Pin=U6-59
Added Pin To Net: NetName=GND Pin=U6-60
Added Pin To Net: NetName=3V3 Pin=U6-61
Added Pin To Net: NetName=VREF Pin=U6-62
Added Pin To Net: NetName=ISENSE_LOAD Pin=U6-63
Added Pin To Net: NetName=ISENSE_X+ Pin=U6-64
Added Pin To Net: NetName=GND Pin=U7-1
Added Pin To Net: NetName=I_SET_X+ Pin=U7-2
Added Pin To Net: NetName=I_SET_Y+ Pin=U7-3
Added Pin To Net: NetName=I_SET_Z+ Pin=U7-4
Added Pin To Net: NetName=I_SET_X- Pin=U7-5
Added Pin To Net: NetName=3V3 Pin=U7-6
Added Pin To Net: NetName=DAC_S\S\ Pin=U7-7
Added Pin To Net: NetName=3V3 Pin=U7-11
Added Pin To Net: NetName=I_SET_Y- Pin=U7-12
Added Pin To Net: NetName=I_SET_Z- Pin=U7-13
Added Pin To Net: NetName=3V3 Pin=U7-16
Added Pin To Net: NetName=GND Pin=U8-1
Added Pin To Net: NetName=GND Pin=U8-2
Added Pin To Net: NetName=3V3 Pin=U8-3
Added Pin To Net: NetName=BAT Pin=U8-5
Added Pin To Net: NetName=ISENSE_BCR Pin=U8-6
Added Pin To Net: NetName=NetU1_X-_6 Pin=U9-1
Added Pin To Net: NetName=F_SYNC Pin=U9-2
Added Pin To Net: NetName=SHDNX- Pin=U9-3
Added Pin To Net: NetName=NetU1_Y-_6 Pin=U9-4
Added Pin To Net: NetName=F_SYNC Pin=U9-5
Added Pin To Net: NetName=SHDNY- Pin=U9-6
Added Pin To Net: NetName=GND Pin=U9-7
Added Pin To Net: NetName=GND Pin=U9-8
Added Pin To Net: NetName=GND Pin=U9-9
Added Pin To Net: NetName=F_SYNC Pin=U9-11
Added Pin To Net: NetName=SHDNZ- Pin=U9-12
Added Pin To Net: NetName=NetU1_Z-_6 Pin=U9-13
Added Pin To Net: NetName=3V3 Pin=U9-14
Added Pin To Net: NetName=GND Pin=U10-2
Added Pin To Net: NetName=3V3 Pin=U10-3
Added Pin To Net: NetName=3V3 Pin=U10-4
Added Pin To Net: NetName=VREF Pin=U10-5
Added Pin To Net: NetName=GND Pin=U11-1
Added Pin To Net: NetName=GND Pin=U11-2
Added Pin To Net: NetName=3V3 Pin=U11-3
Added Pin To Net: NetName=BAT Pin=U11-4
Added Pin To Net: NetName=LOAD Pin=U11-5
Added Pin To Net: NetName=ISENSE_LOAD Pin=U11-6
Added Pin To Net: NetName=TSENSE_X+ Pin=U13-1
Added Pin To Net: NetName=THERMO_X+ Pin=U13-2
Added Pin To Net: NetName=5V0 Pin=U13-3
Added Pin To Net: NetName=5V0 Pin=U13-4
Added Pin To Net: NetName=5V0 Pin=U13-5
Added Pin To Net: NetName=THERMO_Y+ Pin=U13-6
Added Pin To Net: NetName=TSENSE_Y+ Pin=U13-7
Added Pin To Net: NetName=TSENSE_Z+ Pin=U13-8
Added Pin To Net: NetName=TSENSE_Z- Pin=U13-8
Added Pin To Net: NetName=THERMO_Z+ Pin=U13-9
Added Pin To Net: NetName=THERMO_Z- Pin=U13-9
Added Pin To Net: NetName=5V0 Pin=U13-10
Added Pin To Net: NetName=5V0 Pin=U13-10
Added Pin To Net: NetName=GND Pin=U13-11
Added Pin To Net: NetName=5V0 Pin=U13-12
Added Pin To Net: NetName=5V0 Pin=U13-12
Added Pin To Net: NetName=NetR42_2 Pin=U13-13
Added Pin To Net: NetName=THERMO_BAT Pin=U13-13
Added Pin To Net: NetName=TSENSE_BAT Pin=U13-14
Added Pin To Net: NetName=TSENSE_X- Pin=U14-1
Added Pin To Net: NetName=THERMO_X- Pin=U14-2
Added Pin To Net: NetName=5V0 Pin=U14-3
Added Pin To Net: NetName=5V0 Pin=U14-5
Added Pin To Net: NetName=THERMO_Y- Pin=U14-6
Added Pin To Net: NetName=TSENSE_Y- Pin=U14-7
Added Pin To Net: NetName=NetC22_2 Pin=X1-1
Added Pin To Net: NetName=GND Pin=X1-2
Added Pin To Net: NetName=GND Pin=X1-4
Added Pin To Net: NetName=DAC_MISO Pin=U6-22
Added Pin To Net: NetName=DAC_MISO Pin=U7-10
Added Net: Name=DAC_MISO
Added Pin To Net: NetName=DAC_MOSI Pin=U6-21
Added Pin To Net: NetName=DAC_MOSI Pin=U7-9
Added Net: Name=DAC_MOSI
Added Pin To Net: NetName=DAC_SCK Pin=U6-23
Added Pin To Net: NetName=DAC_SCK Pin=U7-8
Added Net: Name=DAC_SCK
Added Pin To Net: NetName=ISP_MISO Pin=ICSP-1
Added Pin To Net: NetName=ISP_MISO Pin=U6-42
Added Net: Name=ISP_MISO
Added Pin To Net: NetName=ISP_MOSI Pin=ICSP-4
Added Pin To Net: NetName=ISP_MOSI Pin=U6-41
Added Net: Name=ISP_MOSI
Added Pin To Net: NetName=ISP_SCK Pin=ICSP-3
Added Pin To Net: NetName=ISP_SCK Pin=U6-43
Added Net: Name=ISP_SCK
Added Pin To Net: NetName=NetC23_1 Pin=C23-1
Added Pin To Net: NetName=NetC23_1 Pin=U6-58
Added Pin To Net: NetName=NetC23_1 Pin=X1-3
Added Net: Name=NetC23_1
Added Pin To Net: NetName=NetFB1_2 Pin=FB1-2
Added Pin To Net: NetName=NetFB1_2 Pin=R11-1
Added Pin To Net: NetName=NetFB1_2 Pin=U8-4
Added Net: Name=NetFB1_2
Added Pin To Net: NetName=NetU6_46 Pin=U6-46
Added Pin To Net: NetName=NetU6_46 Pin=U6-55
Added Net: Name=NetU6_46
Added Pin To Net: NetName=NetU6_47 Pin=U6-47
Added Net: Name=NetU6_47
Added Pin To Net: NetName=NetU6_48 Pin=U6-48
Added Net: Name=NetU6_48
Added Pin To Net: NetName=NetU6_49 Pin=U6-49
Added Net: Name=NetU6_49
Added Pin To Net: NetName=NetU6_50 Pin=U6-50
Added Net: Name=NetU6_50
Added Pin To Net: NetName=NetU6_51 Pin=U6-51
Added Net: Name=NetU6_51
Added Pin To Net: NetName=NetU6_54 Pin=U6-54
Added Net: Name=NetU6_54
Added Class: Name=POWR0010_BCR_TESTBOARD
Added Class: Name=U_POWR0008_BCR_System
Added Class: Name=U_TELM0011_BCR_Telemetry
Added Room: Name=POWR0010_BCR_TESTBOARD
Added Room: Name=U_POWR0008_BCR_System
Added Room: Name=U_TELM0011_BCR_Telemetry
