Removed Pin From Net: NetName=NetLED1_1 Pin=LED1-1
Removed Pin From Net: NetName=GND Pin=LED1-2
Removed Pin From Net: NetName=NetLED2_1 Pin=LED2-1
Removed Pin From Net: NetName=GND Pin=LED2-2
Removed Pin From Net: NetName=NetLED3_1 Pin=LED3-1
Removed Pin From Net: NetName=GND Pin=LED3-2
Removed Pin From Net: NetName=NetLED4_1 Pin=LED4-1
Removed Pin From Net: NetName=GND Pin=LED4-2
Removed Pin From Net: NetName=NetLED5_1 Pin=LED5-1
Removed Pin From Net: NetName=GND Pin=LED5-2
Removed Pin From Net: NetName=NetLED6_1 Pin=LED6-1
Removed Pin From Net: NetName=GND Pin=LED6-2
Removed Member From Class: ClassName=POWR0010_BCR_TESTBOARD Member=LED1
Removed Member From Class: ClassName=POWR0010_BCR_TESTBOARD Member=LED2
Removed Member From Class: ClassName=POWR0010_BCR_TESTBOARD Member=LED3
Removed Member From Class: ClassName=POWR0010_BCR_TESTBOARD Member=LED4
Removed Member From Class: ClassName=POWR0010_BCR_TESTBOARD Member=LED5
Removed Member From Class: ClassName=POWR0010_BCR_TESTBOARD Member=LED6
Added Component: Designator=SHUTDOWN_X+(6-0805_M)
Added Component: Designator=SHUTDOWN_X-(6-0805_M)
Added Component: Designator=SHUTDOWN_Y+(6-0805_M)
Added Component: Designator=SHUTDOWN_Y-(6-0805_M)
Added Component: Designator=SHUTDOWN_Z+(6-0805_M)
Added Component: Designator=SHUTDOWN_Z-(6-0805_M)
Added Pin To Net: NetName=NetLED6_1 Pin=SHUTDOWN_X+-1
Added Pin To Net: NetName=GND Pin=SHUTDOWN_X+-2
Added Pin To Net: NetName=NetLED3_1 Pin=SHUTDOWN_X--1
Added Pin To Net: NetName=GND Pin=SHUTDOWN_X--2
Added Pin To Net: NetName=NetLED5_1 Pin=SHUTDOWN_Y+-1
Added Pin To Net: NetName=GND Pin=SHUTDOWN_Y+-2
Added Pin To Net: NetName=NetLED2_1 Pin=SHUTDOWN_Y--1
Added Pin To Net: NetName=GND Pin=SHUTDOWN_Y--2
Added Pin To Net: NetName=NetLED4_1 Pin=SHUTDOWN_Z+-1
Added Pin To Net: NetName=GND Pin=SHUTDOWN_Z+-2
Added Pin To Net: NetName=NetLED1_1 Pin=SHUTDOWN_Z--1
Added Pin To Net: NetName=GND Pin=SHUTDOWN_Z--2
Change Net Name : Old Net Name=NetLED1_1 New Net Name=NetR4_1
Change Net Name : Old Net Name=NetLED2_1 New Net Name=NetR15_1
Change Net Name : Old Net Name=NetLED3_1 New Net Name=NetR22_1
Change Net Name : Old Net Name=NetLED4_1 New Net Name=NetR27_1
Change Net Name : Old Net Name=NetLED5_1 New Net Name=NetR28_1
Change Net Name : Old Net Name=NetLED6_1 New Net Name=NetR29_1
Added Member To Class: ClassName=POWR0010_BCR_TESTBOARD Member=Component SHUTDOWN_X+ 8V0_RX2
Added Member To Class: ClassName=POWR0010_BCR_TESTBOARD Member=Component SHUTDOWN_X- VVAR_TX1
Added Member To Class: ClassName=POWR0010_BCR_TESTBOARD Member=Component SHUTDOWN_Y+ VVAR_TX1
Added Member To Class: ClassName=POWR0010_BCR_TESTBOARD Member=Component SHUTDOWN_Y- 8V0_RX2
Added Member To Class: ClassName=POWR0010_BCR_TESTBOARD Member=Component SHUTDOWN_Z+ 8V0_RX2
Added Member To Class: ClassName=POWR0010_BCR_TESTBOARD Member=Component SHUTDOWN_Z- VVAR_TX1
