Removed Pin From Net: NetName=5V0 Pin=5V0_EXT-1
Removed Pin From Net: NetName=GND Pin=5V0_EXT-2
Removed Pin From Net: NetName=GND Pin=C13-1
Removed Pin From Net: NetName=5V0 Pin=C13-2
Removed Pin From Net: NetName=GND Pin=C14-2
Removed Pin From Net: NetName=GND Pin=C27-1
Removed Pin From Net: NetName=5V0 Pin=C27-2
Removed Pin From Net: NetName=GND Pin=C28-2
Removed Pin From Net: NetName=GND Pin=LED7-2
Removed Pin From Net: NetName=GND Pin=LED8-2
Removed Pin From Net: NetName=GND Pin=LED9-2
Removed Pin From Net: NetName=GND Pin=LED10-2
Removed Pin From Net: NetName=5V0 Pin=R23-1
Removed Pin From Net: NetName=THERMO_X+ Pin=R23-2
Removed Pin From Net: NetName=5V0 Pin=R24-1
Removed Pin From Net: NetName=THERMO_Y+ Pin=R24-2
Removed Pin From Net: NetName=5V0 Pin=R25-1
Removed Pin From Net: NetName=THERMO_Z+ Pin=R25-2
Removed Pin From Net: NetName=5V0 Pin=R26-1
Removed Pin From Net: NetName=3V3 Pin=R30-2
Removed Pin From Net: NetName=5V0 Pin=R36-2
Removed Pin From Net: NetName=LOAD Pin=R37-2
Removed Pin From Net: NetName=BAT Pin=R38-2
Removed Pin From Net: NetName=5V0 Pin=R39-1
Removed Pin From Net: NetName=THERMO_X- Pin=R39-2
Removed Pin From Net: NetName=5V0 Pin=R40-1
Removed Pin From Net: NetName=THERMO_Y- Pin=R40-2
Removed Pin From Net: NetName=5V0 Pin=R41-1
Removed Pin From Net: NetName=THERMO_Z- Pin=R41-2
Removed Pin From Net: NetName=5V0 Pin=R42-1
Removed Pin From Net: NetName=GND Pin=THERMO_BAT-2
Removed Pin From Net: NetName=5V0 Pin=U2-1
Removed Pin From Net: NetName=5V0 Pin=U2-2
Removed Pin From Net: NetName=GND Pin=U2-3
Removed Pin From Net: NetName=TELM_SCL_5V Pin=U2-5
Removed Pin From Net: NetName=GND Pin=U2-6
Removed Pin From Net: NetName=TELM_SDA_5V Pin=U2-9
Removed Pin From Net: NetName=GND Pin=U2-10
Removed Pin From Net: NetName=GND Pin=U2-12
Removed Pin From Net: NetName=5V0 Pin=U2-13
Removed Pin From Net: NetName=GND Pin=U2-14
Removed Pin From Net: NetName=THERMO_Z+ Pin=U13-9
Removed Pin From Net: NetName=5V0 Pin=U13-10
Removed Pin From Net: NetName=5V0 Pin=U13-12
Removed Pin From Net: NetName=THERMO_X- Pin=U14-2
Removed Pin From Net: NetName=5V0 Pin=U14-3
Removed Pin From Net: NetName=5V0 Pin=U14-5
Removed Pin From Net: NetName=THERMO_Y- Pin=U14-6
Removed Member From Class: ClassName=POWR0010_BCR_TESTBOARD Member=5V0_EXT
Removed Member From Class: ClassName=POWR0010_BCR_TESTBOARD Member=LED7
Removed Member From Class: ClassName=POWR0010_BCR_TESTBOARD Member=LED8
Removed Member From Class: ClassName=POWR0010_BCR_TESTBOARD Member=LED9
Removed Member From Class: ClassName=POWR0010_BCR_TESTBOARD Member=LED10
Removed Member From Class: ClassName=POWR0010_BCR_TESTBOARD Member=R30
Removed Member From Class: ClassName=POWR0010_BCR_TESTBOARD Member=R36
Removed Member From Class: ClassName=POWR0010_BCR_TESTBOARD Member=R37
Removed Member From Class: ClassName=POWR0010_BCR_TESTBOARD Member=R38
Removed Member From Class: ClassName=POWR0010_BCR_TESTBOARD Member=THERMO_BAT
