Removed Pin From Net: NetName=ISENSE_Z+ Pin=U6-2
Removed Pin From Net: NetName=ISENSE_X- Pin=U6-3
Removed Pin From Net: NetName=ISENSE_Y- Pin=U6-4
Removed Pin From Net: NetName=ISENSE_Z- Pin=U6-5
Removed Pin From Net: NetName=ISENSE_BCR Pin=U6-6
Removed Pin From Net: NetName=VSENSE_BAT Pin=U6-7
Removed Pin From Net: NetName=VSENSE_X+ Pin=U6-8
Removed Pin From Net: NetName=VSENSE_Y+ Pin=U6-9
Removed Pin From Net: NetName=VSENSE_Z+ Pin=U6-10
Removed Pin From Net: NetName=VSENSE_X- Pin=U6-11
Removed Pin From Net: NetName=VSENSE_Y- Pin=U6-12
Removed Pin From Net: NetName=VSENSE_Z- Pin=U6-13
Removed Pin From Net: NetName=ISENSE_LOAD Pin=U6-63
Removed Pin From Net: NetName=ISENSE_X+ Pin=U6-64
Removed Pin From Net: NetName=5V0 Pin=U13-4
Removed Pin From Net: NetName=TSENSE_Z- Pin=U13-8
Removed Pin From Net: NetName=THERMO_Z- Pin=U13-9
Removed Pin From Net: NetName=GND Pin=U13-11
Removed Pin From Net: NetName=THERMO_BAT Pin=U13-13
Removed Pin From Net: NetName=TSENSE_BAT Pin=U13-14
Added Pin To Net: NetName=VSENSE_Y+ Pin=U6-2
Added Pin To Net: NetName=ISENSE_Z+ Pin=U6-3
Added Pin To Net: NetName=VSENSE_Z+ Pin=U6-4
Added Pin To Net: NetName=ISENSE_X- Pin=U6-5
Added Pin To Net: NetName=VSENSE_X- Pin=U6-6
Added Pin To Net: NetName=ISENSE_Y- Pin=U6-7
Added Pin To Net: NetName=VSENSE_Y- Pin=U6-8
Added Pin To Net: NetName=ISENSE_Z- Pin=U6-9
Added Pin To Net: NetName=VSENSE_Z- Pin=U6-10
Added Pin To Net: NetName=ISENSE_BCR Pin=U6-11
Added Pin To Net: NetName=VSENSE_BAT Pin=U6-12
Added Pin To Net: NetName=ISENSE_LOAD Pin=U6-13
Added Pin To Net: NetName=ISENSE_X+ Pin=U6-63
Added Pin To Net: NetName=VSENSE_X+ Pin=U6-64
Added Pin To Net: NetName=5V0 Pin=U13-4
Added Pin To Net: NetName=TSENSE_Z+ Pin=U13-8
Added Pin To Net: NetName=TSENSE_Z- Pin=U13-8
Added Pin To Net: NetName=THERMO_Z+ Pin=U13-9
Added Pin To Net: NetName=THERMO_Z- Pin=U13-9
Added Pin To Net: NetName=5V0 Pin=U13-10
Added Pin To Net: NetName=GND Pin=U13-11
Added Pin To Net: NetName=5V0 Pin=U13-12
Added Pin To Net: NetName=NetR42_2 Pin=U13-13
Added Pin To Net: NetName=THERMO_BAT Pin=U13-13
Added Pin To Net: NetName=TSENSE_BAT Pin=U13-14
