Removed Pin From Net: NetName=5V0 Pin=U13-4
Removed Pin From Net: NetName=TSENSE_Z- Pin=U13-8
Removed Pin From Net: NetName=THERMO_Z- Pin=U13-9
Removed Pin From Net: NetName=GND Pin=U13-11
Removed Pin From Net: NetName=THERMO_BAT Pin=U13-13
Removed Pin From Net: NetName=TSENSE_BAT Pin=U13-14
Added Component: Designator=U13(TSOP65P640-14AN)
Added Pin To Net: NetName=TSENSE_X+ Pin=U13-1
Added Pin To Net: NetName=THERMO_X+ Pin=U13-2
Added Pin To Net: NetName=5V0 Pin=U13-4
Added Pin To Net: NetName=THERMO_Y+ Pin=U13-6
Added Pin To Net: NetName=TSENSE_Y+ Pin=U13-7
Added Pin To Net: NetName=TSENSE_Z+ Pin=U13-8
Added Pin To Net: NetName=TSENSE_Z- Pin=U13-8
Added Pin To Net: NetName=THERMO_Z+ Pin=U13-9
Added Pin To Net: NetName=THERMO_Z- Pin=U13-9
Added Pin To Net: NetName=5V0 Pin=U13-10
Added Pin To Net: NetName=GND Pin=U13-11
Added Pin To Net: NetName=5V0 Pin=U13-12
Added Pin To Net: NetName=NetR42_2 Pin=U13-13
Added Pin To Net: NetName=THERMO_BAT Pin=U13-13
Added Pin To Net: NetName=TSENSE_BAT Pin=U13-14
Added Member To Class: ClassName=U_TELM0011_BCR_Telemetry Member=Component U13 MAX4378HAUD
