Removed Pin From Net: NetName=NetC6_X+_1 Pin=C8_X+-1
Removed Pin From Net: NetName=GND Pin=C8_X+-2
Removed Pin From Net: NetName=NetC6_X+_1 Pin=C8_X--1
Removed Pin From Net: NetName=GND Pin=C8_X--2
Removed Pin From Net: NetName=NetC6_X+_1 Pin=C8_Y+-1
Removed Pin From Net: NetName=GND Pin=C8_Y+-2
Removed Pin From Net: NetName=NetC6_X+_1 Pin=C8_Y--1
Removed Pin From Net: NetName=GND Pin=C8_Y--2
Removed Pin From Net: NetName=NetC6_X+_1 Pin=C8_Z+-1
Removed Pin From Net: NetName=GND Pin=C8_Z+-2
Removed Pin From Net: NetName=NetC6_X+_1 Pin=C8_Z--1
Removed Pin From Net: NetName=GND Pin=C8_Z--2
Change Component Footprint: Designator=C8_X+ Old Footprint=CAPC4532M New Footprint=CAPC3216M
Change Component Footprint: Designator=C8_X- Old Footprint=CAPC4532M New Footprint=CAPC3216M
Change Component Footprint: Designator=C8_Y+ Old Footprint=CAPC4532M New Footprint=CAPC3216M
Change Component Footprint: Designator=C8_Y- Old Footprint=CAPC4532M New Footprint=CAPC3216M
Change Component Footprint: Designator=C8_Z+ Old Footprint=CAPC4532M New Footprint=CAPC3216M
Change Component Footprint: Designator=C8_Z- Old Footprint=CAPC4532M New Footprint=CAPC3216M
Added Pin To Net: NetName=GND Pin=C8_X+-1
Added Pin To Net: NetName=NetC8_X+_2 Pin=C8_X+-2
Added Pin To Net: NetName=GND Pin=C8_X--1
Added Pin To Net: NetName=NetC8_X-_2 Pin=C8_X--2
Added Pin To Net: NetName=GND Pin=C8_Y+-1
Added Pin To Net: NetName=NetC8_Y+_2 Pin=C8_Y+-2
Added Pin To Net: NetName=GND Pin=C8_Y--1
Added Pin To Net: NetName=NetC8_Y-_2 Pin=C8_Y--2
Added Pin To Net: NetName=GND Pin=C8_Z+-1
Added Pin To Net: NetName=NetC8_Z+_2 Pin=C8_Z+-2
Added Pin To Net: NetName=GND Pin=C8_Z--1
Added Pin To Net: NetName=NetC8_Z-_2 Pin=C8_Z--2
