Removed Pin From Net: NetName=NetU1_X+_6 Pin=U5-1
Removed Pin From Net: NetName=SHDNX+ Pin=U5-3
Removed Pin From Net: NetName=NetU1_Z+_6 Pin=U5-4
Removed Pin From Net: NetName=SHDNZ+ Pin=U5-6
Removed Pin From Net: NetName=SHDNY+ Pin=U5-12
Removed Pin From Net: NetName=NetU1_Y+_6 Pin=U5-13
Removed Pin From Net: NetName=5V0 Pin=U13-4
Removed Pin From Net: NetName=TSENSE_Z- Pin=U13-8
Removed Pin From Net: NetName=THERMO_Z- Pin=U13-9
Removed Pin From Net: NetName=GND Pin=U13-11
Removed Pin From Net: NetName=THERMO_BAT Pin=U13-13
Removed Pin From Net: NetName=TSENSE_BAT Pin=U13-14
Added Pin To Net: NetName=NetU1_Z+_6 Pin=U5-1
Added Pin To Net: NetName=SHDNZ+ Pin=U5-3
Added Pin To Net: NetName=NetU1_Y+_6 Pin=U5-4
Added Pin To Net: NetName=SHDNY+ Pin=U5-6
Added Pin To Net: NetName=SHDNX+ Pin=U5-12
Added Pin To Net: NetName=NetU1_X+_6 Pin=U5-13
Added Pin To Net: NetName=TSENSE_Z+ Pin=U13-8
Added Pin To Net: NetName=THERMO_Z+ Pin=U13-9
Added Pin To Net: NetName=NetR42_2 Pin=U13-13
