Removed Pin From Net: NetName=THERMO_X+ Pin=P1_X+-1
Removed Pin From Net: NetName=NetD1_X+_1 Pin=P1_X+-2
Removed Pin From Net: NetName=GND Pin=P1_X+-3
Removed Pin From Net: NetName=NetD1_X+_1 Pin=P1_X+-4
Removed Pin From Net: NetName=GND Pin=P1_X+-5
Removed Pin From Net: NetName=NetD1_X+_1 Pin=P1_X+-6
Removed Pin From Net: NetName=GND Pin=P1_X+-7
Removed Pin From Net: NetName=NetD1_X+_1 Pin=P1_X+-8
Removed Pin From Net: NetName=THERMO_X- Pin=P1_X--1
Removed Pin From Net: NetName=NetD1_X-_1 Pin=P1_X--2
Removed Pin From Net: NetName=GND Pin=P1_X--3
Removed Pin From Net: NetName=NetD1_X-_1 Pin=P1_X--4
Removed Pin From Net: NetName=GND Pin=P1_X--5
Removed Pin From Net: NetName=NetD1_X-_1 Pin=P1_X--6
Removed Pin From Net: NetName=GND Pin=P1_X--7
Removed Pin From Net: NetName=NetD1_X-_1 Pin=P1_X--8
Removed Pin From Net: NetName=THERMO_Y+ Pin=P1_Y+-1
Removed Pin From Net: NetName=NetD1_Y+_1 Pin=P1_Y+-2
Removed Pin From Net: NetName=GND Pin=P1_Y+-3
Removed Pin From Net: NetName=NetD1_Y+_1 Pin=P1_Y+-4
Removed Pin From Net: NetName=GND Pin=P1_Y+-5
Removed Pin From Net: NetName=NetD1_Y+_1 Pin=P1_Y+-6
Removed Pin From Net: NetName=GND Pin=P1_Y+-7
Removed Pin From Net: NetName=NetD1_Y+_1 Pin=P1_Y+-8
Removed Pin From Net: NetName=THERMO_Y- Pin=P1_Y--1
Removed Pin From Net: NetName=NetD1_Y-_1 Pin=P1_Y--2
Removed Pin From Net: NetName=GND Pin=P1_Y--3
Removed Pin From Net: NetName=NetD1_Y-_1 Pin=P1_Y--4
Removed Pin From Net: NetName=GND Pin=P1_Y--5
Removed Pin From Net: NetName=NetD1_Y-_1 Pin=P1_Y--6
Removed Pin From Net: NetName=GND Pin=P1_Y--7
Removed Pin From Net: NetName=NetD1_Y-_1 Pin=P1_Y--8
Removed Pin From Net: NetName=THERMO_Z+ Pin=P1_Z+-1
Removed Pin From Net: NetName=NetD1_Z+_1 Pin=P1_Z+-2
Removed Pin From Net: NetName=GND Pin=P1_Z+-3
Removed Pin From Net: NetName=NetD1_Z+_1 Pin=P1_Z+-4
Removed Pin From Net: NetName=GND Pin=P1_Z+-5
Removed Pin From Net: NetName=NetD1_Z+_1 Pin=P1_Z+-6
Removed Pin From Net: NetName=GND Pin=P1_Z+-7
Removed Pin From Net: NetName=NetD1_Z+_1 Pin=P1_Z+-8
Removed Pin From Net: NetName=THERMO_Z- Pin=P1_Z--1
Removed Pin From Net: NetName=NetD1_Z-_1 Pin=P1_Z--2
Removed Pin From Net: NetName=GND Pin=P1_Z--3
Removed Pin From Net: NetName=NetD1_Z-_1 Pin=P1_Z--4
Removed Pin From Net: NetName=GND Pin=P1_Z--5
Removed Pin From Net: NetName=NetD1_Z-_1 Pin=P1_Z--6
Removed Pin From Net: NetName=GND Pin=P1_Z--7
Removed Pin From Net: NetName=NetD1_Z-_1 Pin=P1_Z--8
Removed Pin From Net: NetName=THERMO_X+ Pin=SOLAR_X+-3
Removed Pin From Net: NetName=THERMO_X- Pin=SOLAR_X--3
Removed Pin From Net: NetName=THERMO_Y+ Pin=SOLAR_Y+-3
Removed Pin From Net: NetName=THERMO_Y- Pin=SOLAR_Y--3
Removed Pin From Net: NetName=THERMO_Z+ Pin=SOLAR_Z+-3
Removed Pin From Net: NetName=THERMO_Z- Pin=SOLAR_Z--3
Added Pin To Net: NetName=NetD1_X+_1 Pin=P1_X+-1
Added Pin To Net: NetName=GND Pin=P1_X+-2
Added Pin To Net: NetName=NetD1_X+_1 Pin=P1_X+-3
Added Pin To Net: NetName=GND Pin=P1_X+-4
Added Pin To Net: NetName=NetD1_X+_1 Pin=P1_X+-5
Added Pin To Net: NetName=GND Pin=P1_X+-6
Added Pin To Net: NetName=NetD1_X+_1 Pin=P1_X+-7
Added Pin To Net: NetName=NetD1_X-_1 Pin=P1_X--1
Added Pin To Net: NetName=GND Pin=P1_X--2
Added Pin To Net: NetName=NetD1_X-_1 Pin=P1_X--3
Added Pin To Net: NetName=GND Pin=P1_X--4
Added Pin To Net: NetName=NetD1_X-_1 Pin=P1_X--5
Added Pin To Net: NetName=GND Pin=P1_X--6
Added Pin To Net: NetName=NetD1_X-_1 Pin=P1_X--7
Added Pin To Net: NetName=NetD1_Y+_1 Pin=P1_Y+-1
Added Pin To Net: NetName=GND Pin=P1_Y+-2
Added Pin To Net: NetName=NetD1_Y+_1 Pin=P1_Y+-3
Added Pin To Net: NetName=GND Pin=P1_Y+-4
Added Pin To Net: NetName=NetD1_Y+_1 Pin=P1_Y+-5
Added Pin To Net: NetName=GND Pin=P1_Y+-6
Added Pin To Net: NetName=NetD1_Y+_1 Pin=P1_Y+-7
Added Pin To Net: NetName=NetD1_Y-_1 Pin=P1_Y--1
Added Pin To Net: NetName=GND Pin=P1_Y--2
Added Pin To Net: NetName=NetD1_Y-_1 Pin=P1_Y--3
Added Pin To Net: NetName=GND Pin=P1_Y--4
Added Pin To Net: NetName=NetD1_Y-_1 Pin=P1_Y--5
Added Pin To Net: NetName=GND Pin=P1_Y--6
Added Pin To Net: NetName=NetD1_Y-_1 Pin=P1_Y--7
Added Pin To Net: NetName=NetD1_Z+_1 Pin=P1_Z+-1
Added Pin To Net: NetName=GND Pin=P1_Z+-2
Added Pin To Net: NetName=NetD1_Z+_1 Pin=P1_Z+-3
Added Pin To Net: NetName=GND Pin=P1_Z+-4
Added Pin To Net: NetName=NetD1_Z+_1 Pin=P1_Z+-5
Added Pin To Net: NetName=GND Pin=P1_Z+-6
Added Pin To Net: NetName=NetD1_Z+_1 Pin=P1_Z+-7
Added Pin To Net: NetName=NetD1_Z-_1 Pin=P1_Z--1
Added Pin To Net: NetName=GND Pin=P1_Z--2
Added Pin To Net: NetName=NetD1_Z-_1 Pin=P1_Z--3
Added Pin To Net: NetName=GND Pin=P1_Z--4
Added Pin To Net: NetName=NetD1_Z-_1 Pin=P1_Z--5
Added Pin To Net: NetName=GND Pin=P1_Z--6
Added Pin To Net: NetName=NetD1_Z-_1 Pin=P1_Z--7
Added Pin To Net: NetName=NetP1_X+_8 Pin=P1_X+-8
Added Pin To Net: NetName=NetP1_X+_8 Pin=SOLAR_X+-3
Added Net: Name=NetP1_X+_8
Added Pin To Net: NetName=NetP1_X-_8 Pin=P1_X--8
Added Pin To Net: NetName=NetP1_X-_8 Pin=SOLAR_X--3
Added Net: Name=NetP1_X-_8
Added Pin To Net: NetName=NetP1_Y+_8 Pin=P1_Y+-8
Added Pin To Net: NetName=NetP1_Y+_8 Pin=SOLAR_Y+-3
Added Net: Name=NetP1_Y+_8
Added Pin To Net: NetName=NetP1_Y-_8 Pin=P1_Y--8
Added Pin To Net: NetName=NetP1_Y-_8 Pin=SOLAR_Y--3
Added Net: Name=NetP1_Y-_8
Added Pin To Net: NetName=NetP1_Z+_8 Pin=P1_Z+-8
Added Pin To Net: NetName=NetP1_Z+_8 Pin=SOLAR_Z+-3
Added Net: Name=NetP1_Z+_8
Added Pin To Net: NetName=NetP1_Z-_8 Pin=P1_Z--8
Added Pin To Net: NetName=NetP1_Z-_8 Pin=SOLAR_Z--3
Added Net: Name=NetP1_Z-_8
