Added Component: Designator=U13_A(TSOP65P640-14AN)
Added Component: Designator=U13_B(TSOP65P640-14AN)
Added Pin To Net: NetName=TSENSE_X+ Pin=U13_A-1
Added Pin To Net: NetName=THERMO_X+ Pin=U13_A-2
Added Pin To Net: NetName=5V0 Pin=U13_A-3
Added Pin To Net: NetName=5V0 Pin=U13_A-4
Added Pin To Net: NetName=5V0 Pin=U13_A-5
Added Pin To Net: NetName=THERMO_Y+ Pin=U13_A-6
Added Pin To Net: NetName=TSENSE_Y+ Pin=U13_A-7
Added Pin To Net: NetName=TSENSE_Z+ Pin=U13_A-8
Added Pin To Net: NetName=THERMO_Z+ Pin=U13_A-9
Added Pin To Net: NetName=5V0 Pin=U13_A-10
Added Pin To Net: NetName=GND Pin=U13_A-11
Added Pin To Net: NetName=5V0 Pin=U13_A-12
Added Pin To Net: NetName=THERMO_X- Pin=U13_A-13
Added Pin To Net: NetName=TSENSE_X- Pin=U13_A-14
Added Pin To Net: NetName=TSENSE_Y- Pin=U13_B-1
Added Pin To Net: NetName=THERMO_Y- Pin=U13_B-2
Added Pin To Net: NetName=5V0 Pin=U13_B-3
Added Pin To Net: NetName=5V0 Pin=U13_B-4
Added Pin To Net: NetName=5V0 Pin=U13_B-5
Added Pin To Net: NetName=THERMO_Z- Pin=U13_B-6
Added Pin To Net: NetName=TSENSE_Z- Pin=U13_B-7
Added Pin To Net: NetName=TSENSE_AMB Pin=U13_B-8
Added Pin To Net: NetName=THERMO_AMB Pin=U13_B-9
Added Pin To Net: NetName=5V0 Pin=U13_B-10
Added Pin To Net: NetName=GND Pin=U13_B-11
Added Pin To Net: NetName=5V0 Pin=U13_B-12
Added Pin To Net: NetName=THERMO_BAT Pin=U13_B-13
Added Pin To Net: NetName=TSENSE_BAT_TLM Pin=U13_B-14
Added Member To Class: ClassName=A Member=Component U13_A (U13A) MAX4378HAUD
Added Member To Class: ClassName=B Member=Component U13_B (U13A) MAX4378HAUD
