Change Component Designator: Old Designator=C1 New Designator=C450
Change Component Designator: Old Designator=C2 New Designator=C451
Change Component Designator: Old Designator=C3 New Designator=C452
Change Component Designator: Old Designator=C4 New Designator=C453
Change Component Designator: Old Designator=C5 New Designator=C454
Change Component Designator: Old Designator=C6 New Designator=C455
Change Component Designator: Old Designator=C7 New Designator=C456
Change Component Designator: Old Designator=C8 New Designator=C457
Change Component Designator: Old Designator=C9 New Designator=C458
Change Component Designator: Old Designator=C10 New Designator=C459
Change Component Designator: Old Designator=C11 New Designator=C460
Change Component Designator: Old Designator=C12 New Designator=C461
Change Component Designator: Old Designator=C13 New Designator=C462
Change Component Designator: Old Designator=C14 New Designator=C463
Change Component Designator: Old Designator=C15 New Designator=C464
Change Component Designator: Old Designator=C16 New Designator=C465
Change Component Designator: Old Designator=C17 New Designator=C466
Change Component Designator: Old Designator=C18 New Designator=C467
Change Component Designator: Old Designator=C19 New Designator=C468
Change Component Designator: Old Designator=FB1 New Designator=FB450
Change Component Designator: Old Designator=FB2 New Designator=FB451
Change Component Designator: Old Designator=Q1 New Designator=Q450
Change Component Designator: Old Designator=Q1 New Designator=Q450
Change Component Designator: Old Designator=Q2 New Designator=Q451
Change Component Part ID : Designator=Q451 Old Part ID =1 New Part ID =2
Change Component Designator: Old Designator=Q2 New Designator=Q451
Change Component Part ID : Designator=Q451 Old Part ID =2 New Part ID =1
Change Component Designator: Old Designator=R1 New Designator=R450
Change Component Designator: Old Designator=R2 New Designator=R451
Change Component Designator: Old Designator=R3 New Designator=R452
Change Component Designator: Old Designator=R4 New Designator=R454
Change Component Designator: Old Designator=R5 New Designator=R455
Change Component Designator: Old Designator=R6 New Designator=R456
Change Component Designator: Old Designator=R7 New Designator=R457
Change Component Designator: Old Designator=R8 New Designator=R459
Change Component Designator: Old Designator=R9 New Designator=R460
Change Component Designator: Old Designator=R10 New Designator=R461
Change Component Designator: Old Designator=R11 New Designator=R462
Change Component Designator: Old Designator=R12 New Designator=R463
Change Component Designator: Old Designator=R13 New Designator=R464
Change Component Designator: Old Designator=R14 New Designator=R465
Change Component Designator: Old Designator=R15 New Designator=R466
Change Component Designator: Old Designator=R16 New Designator=R467
Change Component Designator: Old Designator=R17 New Designator=R468
Change Component Designator: Old Designator=R18 New Designator=R469
Change Component Designator: Old Designator=R44 New Designator=R453
Change Component Designator: Old Designator=R45 New Designator=R458
Change Component Designator: Old Designator=U1 New Designator=U450
Change Component Designator: Old Designator=U2 New Designator=U451
Change Component Designator: Old Designator=U3 New Designator=U452
