Change Component Designator: Old Designator=C20 New Designator=C401
Change Component Designator: Old Designator=C21 New Designator=C402
Change Component Designator: Old Designator=C22 New Designator=C403
Change Component Designator: Old Designator=D1 New Designator=D401
Change Component Designator: Old Designator=D2 New Designator=D402
Change Component Designator: Old Designator=J1 New Designator=J401
Change Component Designator: Old Designator=J2 New Designator=J402
Change Component Designator: Old Designator=J3 New Designator=J403
Change Component Designator: Old Designator=J4 New Designator=J404
Change Component Designator: Old Designator=J5 New Designator=J405
Change Component Designator: Old Designator=J6 New Designator=J406
Change Component Designator: Old Designator=J7 New Designator=J407
Change Component Designator: Old Designator=J8 New Designator=J408
Change Component Designator: Old Designator=J9 New Designator=J409
Change Component Designator: Old Designator=R19 New Designator=R401
Change Component Designator: Old Designator=R20 New Designator=R402
Change Component Designator: Old Designator=R21 New Designator=R403
Change Component Designator: Old Designator=R22 New Designator=R404
Change Component Designator: Old Designator=R23 New Designator=R405
Change Component Designator: Old Designator=R24 New Designator=R406
Change Component Designator: Old Designator=R25 New Designator=R407
Change Component Designator: Old Designator=R26 New Designator=R408
Change Component Designator: Old Designator=R27 New Designator=R409
Change Component Designator: Old Designator=R28 New Designator=R410
Change Component Designator: Old Designator=R29 New Designator=R411
Change Component Designator: Old Designator=R30 New Designator=R412
Change Component Designator: Old Designator=R31 New Designator=R413
Change Component Designator: Old Designator=R32 New Designator=R414
Change Component Designator: Old Designator=R33 New Designator=R415
Change Component Designator: Old Designator=R34 New Designator=R416
Change Component Designator: Old Designator=R35 New Designator=R417
Change Component Designator: Old Designator=R36 New Designator=R418
Change Component Designator: Old Designator=R37 New Designator=R419
Change Component Designator: Old Designator=R38 New Designator=R420
Change Component Designator: Old Designator=R39 New Designator=R422
Change Component Designator: Old Designator=R40 New Designator=R423
Change Component Designator: Old Designator=R41 New Designator=R424
Change Component Designator: Old Designator=R42 New Designator=R425
Change Component Designator: Old Designator=R43 New Designator=R421
Change Component Designator: Old Designator=U4 New Designator=U401
Change Component Designator: Old Designator=U5 New Designator=U402
Change Component Designator: Old Designator=U6 New Designator=U403
Change Component Designator: Old Designator=U7 New Designator=U404
Change Component Designator: Old Designator=U8 New Designator=U405
Change Component Designator: Old Designator=U9 New Designator=U406
Change Component Designator: Old Designator=U10 New Designator=U407
Change Component Designator: Old Designator=U11 New Designator=U408
Change Component Designator: Old Designator=U12 New Designator=U409
