Removed Pin From Net: NetName=GPIO0 Pin=P1-10
Removed Pin From Net: NetName=GPIO2 Pin=P1-12
Removed Pin From Net: NetName=CSN Pin=P1-14
Removed Pin From Net: NetName=SCLK Pin=P1-16
Removed Pin From Net: NetName=MOSI Pin=P1-18
Removed Pin From Net: NetName=GND Pin=P1-19
Removed Pin From Net: NetName=MISO Pin=P1-20
Removed Pin From Net: NetName=GPIO3 Pin=P2-18
Removed Pin From Net: NetName=RESET_N Pin=P2-19
Change Component DesignItemId : Designator=P1 Old DesignItemId=Header 10X2 New DesignItemId=Header 8X2A
Change Component Footprint: Designator=P1 Old Footprint=HDR2X10 New Footprint=HDR2X8_CEN
Change Component Comment : Designator=P1 Old Comment=Header 10X2 New Comment=Header 8X2A
Added Pin To Net: NetName=GND Pin=P1-2
Added Pin To Net: NetName=GND Pin=P1-3
Added Pin To Net: NetName=GND Pin=P1-4
Added Pin To Net: NetName=GND Pin=P1-5
Added Pin To Net: NetName=GND Pin=P1-6
Added Pin To Net: NetName=GND Pin=P1-7
Added Pin To Net: NetName=GND Pin=P1-8
Added Pin To Net: NetName=RESET_N Pin=P1-9
Added Pin To Net: NetName=GPIO3 Pin=P1-10
Added Pin To Net: NetName=GPIO2 Pin=P1-11
Added Pin To Net: NetName=MOSI Pin=P1-12
Added Pin To Net: NetName=SCLK Pin=P1-13
Added Pin To Net: NetName=MISO Pin=P1-14
Added Pin To Net: NetName=GPIO0 Pin=P1-15
Added Pin To Net: NetName=CSN Pin=P1-16
