Removed Pin From Net: NetName=VDD_REG Pin=U1-1
Removed Pin From Net: NetName=RESET_N Pin=U1-2
Removed Pin From Net: NetName=GPIO3 Pin=U1-3
Removed Pin From Net: NetName=GPIO2 Pin=U1-4
Removed Pin From Net: NetName=VDD_REG Pin=U1-5
Removed Pin From Net: NetName=NetC61_1 Pin=U1-6
Removed Pin From Net: NetName=MOSI Pin=U1-7
Removed Pin From Net: NetName=SCLK Pin=U1-8
Removed Pin From Net: NetName=MISO Pin=U1-9
Removed Pin From Net: NetName=GPIO0 Pin=U1-10
Removed Pin From Net: NetName=CSN Pin=U1-11
Removed Pin From Net: NetName=VDD_REG Pin=U1-12
Removed Pin From Net: NetName=VDD_REG Pin=U1-13
Removed Pin From Net: NetName=NetR141_1 Pin=U1-14
Removed Pin From Net: NetName=VDD_REG Pin=U1-15
Removed Pin From Net: NetName=NetC174_2 Pin=U1-17
Removed Pin From Net: NetName=NetC181_2 Pin=U1-18
Removed Pin From Net: NetName=NetC191_1 Pin=U1-19
Removed Pin From Net: NetName=NetC201_1 Pin=U1-20
Removed Pin From Net: NetName=NetC211_1 Pin=U1-21
Removed Pin From Net: NetName=VDD_REG Pin=U1-22
Removed Pin From Net: NetName=NetC231_2 Pin=U1-23
Removed Pin From Net: NetName=NetC231_1 Pin=U1-24
Removed Pin From Net: NetName=VDD_REG Pin=U1-25
Removed Pin From Net: NetName=NetC261_1 Pin=U1-26
Removed Pin From Net: NetName=VDD_REG Pin=U1-27
Removed Pin From Net: NetName=VDD_REG Pin=U1-28
Removed Pin From Net: NetName=NetC291_1 Pin=U1-29
Removed Pin From Net: NetName=NetC301_1 Pin=U1-30
Removed Pin From Net: NetName=NetC311_1 Pin=U1-31
Removed Pin From Net: NetName=NetR12_2 Pin=U1-32
Removed Member From Class: ClassName=Comms Member=U1
Added Component: Designator=U(TI-RHB)
Added Pin To Net: NetName=GND Pin=U-0
Added Pin To Net: NetName=VDD_REG Pin=U-1
Added Pin To Net: NetName=RESET_N Pin=U-2
Added Pin To Net: NetName=GPIO3 Pin=U-3
Added Pin To Net: NetName=GPIO2 Pin=U-4
Added Pin To Net: NetName=VDD_REG Pin=U-5
Added Pin To Net: NetName=NetC61_1 Pin=U-6
Added Pin To Net: NetName=MOSI Pin=U-7
Added Pin To Net: NetName=SCLK Pin=U-8
Added Pin To Net: NetName=MISO Pin=U-9
Added Pin To Net: NetName=GPIO0 Pin=U-10
Added Pin To Net: NetName=CSN Pin=U-11
Added Pin To Net: NetName=VDD_REG Pin=U-12
Added Pin To Net: NetName=VDD_REG Pin=U-13
Added Pin To Net: NetName=NetR141_1 Pin=U-14
Added Pin To Net: NetName=VDD_REG Pin=U-15
Added Pin To Net: NetName=NetC174_2 Pin=U-17
Added Pin To Net: NetName=NetC181_2 Pin=U-18
Added Pin To Net: NetName=NetC191_1 Pin=U-19
Added Pin To Net: NetName=NetC201_1 Pin=U-20
Added Pin To Net: NetName=NetC211_1 Pin=U-21
Added Pin To Net: NetName=VDD_REG Pin=U-22
Added Pin To Net: NetName=NetC231_2 Pin=U-23
Added Pin To Net: NetName=NetC231_1 Pin=U-24
Added Pin To Net: NetName=VDD_REG Pin=U-25
Added Pin To Net: NetName=NetC261_1 Pin=U-26
Added Pin To Net: NetName=VDD_REG Pin=U-27
Added Pin To Net: NetName=VDD_REG Pin=U-28
Added Pin To Net: NetName=NetC291_1 Pin=U-29
Added Pin To Net: NetName=NetC301_1 Pin=U-30
Added Pin To Net: NetName=NetC311_1 Pin=U-31
Added Pin To Net: NetName=NetR12_2 Pin=U-32
Added Member To Class: ClassName=Comms Member=Component U CC1120
